Loading amber/23
  Loading requirement: libpciaccess/0.17-gcc-11.4.0-d25ynee
    libiconv/1.17-gcc-11.4.0-kndsspe xz/5.4.1-gcc-11.4.0-ydely3f
    zlib-ng/2.1.5-gcc-11.4.0-ygpj7xh libxml2/2.10.3-gcc-11.4.0-qpcecce
    ncurses/6.4-gcc-11.4.0-eoz2ber hwloc/2.9.1-gcc-11.4.0-cidggzw
    numactl/2.0.14-gcc-11.4.0-g5nw3gb bzip2/1.0.8-gcc-11.4.0-4zbr2dx
    pigz/2.7-gcc-11.4.0-2jyjpau zstd/1.5.5-gcc-11.4.0-n2bu2am
    tar/1.34-gcc-11.4.0-taog4hv gettext/0.22.4-gcc-11.4.0-tfuvua3
    openssl/3.1.3-gcc-11.4.0-hbzr2sx krb5/1.20.1-gcc-11.4.0-tfae6vi
    libedit/3.1-20210216-gcc-11.4.0-x6wqwnl libxcrypt/4.4.35-gcc-11.4.0-dk5okbl
    openssh/9.5p1-gcc-11.4.0-enxcwyk libevent/2.1.12-gcc-11.4.0-xutu4rr
    pmix/5.0.1-gcc-11.4.0-iegf55g openmpi/4.1.6-gcc-11.4.0-imxwvju

Loading xtb/6.6.1
  Loading requirement: netlib-lapack/3.11.0-gcc-11.4.0-lerm4f4

Loading geometric/1.0.1
  Loading requirement: libmd/1.0.4-gcc-11.4.0-rpl2ymm
    libbsd/0.11.7-gcc-11.4.0-t6i4dhs expat/2.5.0-gcc-11.4.0-mzppyhi
    readline/8.2-gcc-11.4.0-6nzwpfb gdbm/1.23-gcc-11.4.0-a3fbtkn
    libffi/3.4.4-gcc-11.4.0-7w4xx3r sqlite/3.43.2-gcc-11.4.0-ooxxfsp
    util-linux-uuid/2.38.1-gcc-11.4.0-qksevwz python/3.11.6-gcc-11.4.0-eue2axe
python is installed.
Unloading quick/23.08
  Unloading useless requirement: openmpi/4.1.6-gcc-11.4.0-imxwvju
    pmix/5.0.1-gcc-11.4.0-iegf55g libevent/2.1.12-gcc-11.4.0-xutu4rr
    openssh/9.5p1-gcc-11.4.0-enxcwyk libedit/3.1-20210216-gcc-11.4.0-x6wqwnl
    krb5/1.20.1-gcc-11.4.0-tfae6vi numactl/2.0.14-gcc-11.4.0-g5nw3gb
    hwloc/2.9.1-gcc-11.4.0-cidggzw libpciaccess/0.17-gcc-11.4.0-d25ynee

Unloading xtb/6.6.1
  Unloading useless requirement: netlib-lapack/3.11.0-gcc-11.4.0-lerm4f4

Unloading geometric/1.0.1
  Unloading useless requirement: python/3.11.6-gcc-11.4.0-eue2axe
    util-linux-uuid/2.38.1-gcc-11.4.0-qksevwz sqlite/3.43.2-gcc-11.4.0-ooxxfsp
    libffi/3.4.4-gcc-11.4.0-7w4xx3r gdbm/1.23-gcc-11.4.0-a3fbtkn
    readline/8.2-gcc-11.4.0-6nzwpfb expat/2.5.0-gcc-11.4.0-mzppyhi
    libbsd/0.11.7-gcc-11.4.0-t6i4dhs libmd/1.0.4-gcc-11.4.0-rpl2ymm
    libxcrypt/4.4.35-gcc-11.4.0-dk5okbl openssl/3.1.3-gcc-11.4.0-hbzr2sx
    gettext/0.22.4-gcc-11.4.0-tfuvua3 tar/1.34-gcc-11.4.0-taog4hv
    zstd/1.5.5-gcc-11.4.0-n2bu2am pigz/2.7-gcc-11.4.0-2jyjpau
    bzip2/1.0.8-gcc-11.4.0-4zbr2dx ncurses/6.4-gcc-11.4.0-eoz2ber
    libxml2/2.10.3-gcc-11.4.0-qpcecce zlib-ng/2.1.5-gcc-11.4.0-ygpj7xh
    xz/5.4.1-gcc-11.4.0-ydely3f libiconv/1.17-gcc-11.4.0-kndsspe
