geometric-optimize called with the following command line:
/opt/software/geometric/bin/geometric-optimize --ase-class=ase.calculators.amber.Amber --ase-kwargs={"amber_exe":"sander -O ", "infile":"mdin", "outfile":"dh_6-7-9-11_020.out", "topologyfile":"prmtop", "incoordfile":"dh_6-7-9-11_020.rst7"} --engine ase dh_6-7-9-11_020.xyz constraints.txt

                                        [91m())))))))))))))))/[0m                     
                                    [91m())))))))))))))))))))))))),[0m                
                                [91m*)))))))))))))))))))))))))))))))))[0m             
                        [94m#,[0m    [91m()))))))))/[0m                [91m.)))))))))),[0m          
                      [94m#%%%%,[0m  [91m())))))[0m                        [91m.))))))))*[0m        
                      [94m*%%%%%%,[0m  [91m))[0m              [93m..[0m              [91m,))))))).[0m      
                        [94m*%%%%%%,[0m         [93m***************/.[0m        [91m.)))))))[0m     
                [94m#%%/[0m      [94m(%%%%%%,[0m    [93m/*********************.[0m       [91m)))))))[0m    
              [94m.%%%%%%#[0m      [94m*%%%%%%,[0m  [93m*******/,[0m     [93m**********,[0m      [91m.))))))[0m   
                [94m.%%%%%%/[0m      [94m*%%%%%%,[0m  [93m**[0m              [93m********[0m      [91m.))))))[0m  
          [94m##[0m      [94m.%%%%%%/[0m      [94m(%%%%%%,[0m                  [93m,******[0m      [91m/)))))[0m  
        [94m%%%%%%[0m      [94m.%%%%%%#[0m      [94m*%%%%%%,[0m    [92m,/////.[0m       [93m******[0m      [91m))))))[0m 
      [94m#%[0m      [94m%%[0m      [94m.%%%%%%/[0m      [94m*%%%%%%,[0m  [92m////////,[0m      [93m*****/[0m     [91m,)))))[0m 
    [94m#%%[0m  [94m%%%[0m  [94m%%%#[0m      [94m.%%%%%%/[0m      [94m(%%%%%%,[0m  [92m///////.[0m     [93m/*****[0m      [91m))))).[0m
  [94m#%%%%.[0m      [94m%%%%%#[0m      [94m/%%%%%%*[0m      [94m#%%%%%%[0m   [92m/////)[0m     [93m******[0m      [91m))))),[0m
    [94m#%%%%##%[0m  [94m%%%#[0m      [94m.%%%%%%/[0m      [94m(%%%%%%,[0m  [92m///////.[0m     [93m/*****[0m      [91m))))).[0m
      [94m##[0m     [94m%%%[0m      [94m.%%%%%%/[0m      [94m*%%%%%%,[0m  [92m////////.[0m      [93m*****/[0m     [91m,)))))[0m 
        [94m#%%%%#[0m      [94m/%%%%%%/[0m      [94m(%%%%%%[0m      [92m/)/)//[0m       [93m******[0m      [91m))))))[0m 
          [94m##[0m      [94m.%%%%%%/[0m      [94m(%%%%%%,[0m                  [93m*******[0m      [91m))))))[0m  
                [94m.%%%%%%/[0m      [94m*%%%%%%,[0m  [93m**.[0m             [93m/*******[0m      [91m.))))))[0m  
              [94m*%%%%%%/[0m      [94m(%%%%%%[0m   [93m********/*..,*/*********[0m       [91m*))))))[0m   
                [94m#%%/[0m      [94m(%%%%%%,[0m    [93m*********************/[0m        [91m)))))))[0m    
                        [94m*%%%%%%,[0m         [93m,**************/[0m         [91m,))))))/[0m     
                      [94m(%%%%%%[0m   [91m()[0m                              [91m))))))))[0m       
                      [94m#%%%%,[0m  [91m())))))[0m                        [91m,)))))))),[0m        
                        [94m#,[0m    [91m())))))))))[0m                [91m,)))))))))).[0m          
                                 [91m()))))))))))))))))))))))))))))))/[0m             
                                    [91m())))))))))))))))))))))))).[0m                
                                         [91m())))))))))))))),[0m                     

-=# [1;94m geomeTRIC started. Version: 1.0+41.ga67ca54 [0m #=-
Current date and time: 2024-02-21 09:23:07
ASE-Calculator engine selected. 
   ASE  calculator:ase.calculators.amber.Amber
   ASE calc kwargs:{"amber_exe":"sander -O ", "infile":"mdin", "outfile":"dh_6-7-9-11_020.out", "topologyfile":"prmtop", "incoordfile":"dh_6-7-9-11_020.rst7"}
$freeze
dihedral 7 8 10 12
Bonds will be generated from interatomic distances less than 1.20 times sum of covalent radii
84 internal coordinates being used (instead of 84 Cartesians)
Internal coordinate system (atoms numbered from 1):
Dihedral 7-8-10-12
Distance 1-2
Distance 1-6
Distance 1-25
Distance 2-3
Distance 2-16
Distance 3-4
Distance 3-17
Distance 4-5
Distance 5-6
Distance 5-7
Distance 6-18
Distance 7-8
Distance 7-19
Distance 8-9
Distance 8-10
Distance 10-11
Distance 10-12
Distance 10-14
Distance 11-12
Distance 11-20
Distance 11-21
Distance 12-13
Distance 12-15
Distance 13-22
Distance 13-23
Distance 13-24
Distance 25-26
Distance 25-27
Distance 25-28
Angle 2-1-25
Angle 6-1-25
Angle 1-2-16
Angle 3-2-16
Angle 2-3-17
Angle 4-3-17
Angle 3-4-5
Angle 4-5-7
Angle 6-5-7
Angle 1-6-18
Angle 5-6-18
Angle 5-7-19
Angle 8-7-19
Angle 7-8-10
Angle 9-8-10
Angle 8-10-11
Angle 8-10-12
Angle 11-10-12
Angle 11-10-14
Angle 12-10-14
Angle 10-11-12
Angle 10-11-20
Angle 10-11-21
Angle 12-11-20
Angle 20-11-21
Angle 10-12-11
Angle 10-12-13
Angle 10-12-15
Angle 11-12-13
Angle 11-12-15
Angle 13-12-15
Angle 12-13-22
Angle 12-13-23
Angle 12-13-24
Angle 22-13-23
Angle 22-13-24
Angle 23-13-24
Angle 1-25-26
Angle 1-25-27
Angle 1-25-28
Angle 26-25-27
Angle 26-25-28
Angle 27-25-28
Out-of-Plane 1-2-6-25
Out-of-Plane 2-1-3-16
Out-of-Plane 3-2-4-17
Out-of-Plane 5-4-6-7
Out-of-Plane 6-1-5-18
Out-of-Plane 7-5-8-19
Out-of-Plane 8-7-9-10
Out-of-Plane 10-8-14-12
Out-of-Plane 11-12-21-20
Dihedral 6-1-2-3
Dihedral 6-1-2-16
Dihedral 25-1-2-3
Dihedral 25-1-2-16
Dihedral 2-1-6-5
Dihedral 2-1-6-18
Dihedral 25-1-6-5
Dihedral 25-1-6-18
Dihedral 2-1-25-26
Dihedral 2-1-25-27
Dihedral 2-1-25-28
Dihedral 6-1-25-26
Dihedral 6-1-25-27
Dihedral 6-1-25-28
Dihedral 1-2-3-4
Dihedral 1-2-3-17
Dihedral 16-2-3-4
Dihedral 16-2-3-17
Dihedral 2-3-4-5
Dihedral 17-3-4-5
Dihedral 3-4-5-6
Dihedral 3-4-5-7
Dihedral 4-5-6-1
Dihedral 4-5-6-18
Dihedral 7-5-6-1
Dihedral 7-5-6-18
Dihedral 4-5-7-8
Dihedral 4-5-7-19
Dihedral 6-5-7-8
Dihedral 6-5-7-19
Dihedral 5-7-8-9
Dihedral 5-7-8-10
Dihedral 19-7-8-9
Dihedral 19-7-8-10
Dihedral 7-8-10-11
Dihedral 7-8-10-14
Dihedral 9-8-10-11
Dihedral 9-8-10-12
Dihedral 9-8-10-14
Dihedral 8-10-11-12
Dihedral 8-10-11-20
Dihedral 8-10-11-21
Dihedral 12-10-11-20
Dihedral 12-10-11-21
Dihedral 14-10-11-12
Dihedral 14-10-11-20
Dihedral 14-10-11-21
Dihedral 8-10-12-11
Dihedral 8-10-12-13
Dihedral 8-10-12-15
Dihedral 11-10-12-13
Dihedral 11-10-12-15
Dihedral 14-10-12-11
Dihedral 14-10-12-13
Dihedral 14-10-12-15
Dihedral 10-11-12-13
Dihedral 10-11-12-15
Dihedral 20-11-12-10
Dihedral 20-11-12-13
Dihedral 20-11-12-15
Dihedral 21-11-12-10
Dihedral 21-11-12-13
Dihedral 21-11-12-15
Dihedral 10-12-13-22
Dihedral 10-12-13-23
Dihedral 10-12-13-24
Dihedral 11-12-13-22
Dihedral 11-12-13-23
Dihedral 11-12-13-24
Dihedral 15-12-13-22
Dihedral 15-12-13-23
Dihedral 15-12-13-24
Translation-X 1-28
Translation-Y 1-28
Translation-Z 1-28
Rotation-A 1-28
Rotation-B 1-28
Rotation-C 1-28
<class 'geometric.internal.Dihedral'> : 73
<class 'geometric.internal.Distance'> : 29
<class 'geometric.internal.Angle'> : 43
<class 'geometric.internal.OutOfPlane'> : 9
<class 'geometric.internal.TranslationX'> : 1
<class 'geometric.internal.TranslationY'> : 1
<class 'geometric.internal.TranslationZ'> : 1
<class 'geometric.internal.RotationA'> : 1
<class 'geometric.internal.RotationB'> : 1
<class 'geometric.internal.RotationC'> : 1
Constraint                         Current      Target       Diff.
Dihedral 7-8-10-12                22.63168    22.63168     0.00000
> ===== Optimization Info: ====
> Job type: Energy minimization
> Maximum number of optimization cycles: 300
> Initial / maximum trust radius (Angstrom): 0.100 / 0.300
> Convergence Criteria:
> Will converge when all 5 criteria are reached:
>  |Delta-E| < 1.00e-06
>  RMS-Ortho-Grad < 3.00e-04
>  Max-Ortho-Grad < 4.50e-04
>  RMS-Disp  < 1.20e-03
>  Max-Disp  < 1.80e-03
> 
> Constraints are requested. The following criterion is added:
>  Max Constraint Violation (in Angstroms/degrees) < 1.00e-02 
> === End Optimization Info ===
Step    0 : Gradient = 1.000e-02/2.034e-02 (rms/max) Energy = -0.1693137480
Hessian Eigenvalues: 2.30000e-02 2.30000e-02 2.30000e-02 ... 5.72490e-01 5.82004e-01 9.47722e-01
Step    1 : Displace = [0m1.001e-01[0m/[0m1.947e-01[0m (rms/max) Trust = 1.000e-01 (=) Grad_T = [0m8.213e-03[0m/[0m1.895e-02[0m (rms/max) E (change) = -0.1718802209 ([0m-2.566e-03[0m) Quality = [0m0.334[0m
Hessian Eigenvalues: 2.29944e-02 2.30000e-02 2.30000e-02 ... 5.80600e-01 9.35047e-01 2.67118e+00
Step    2 : Displace = [0m9.615e-02[0m/[0m2.232e-01[0m (rms/max) Trust = 1.000e-01 (=) Grad_T = [0m6.621e-03[0m/[0m1.369e-02[0m (rms/max) E (change) = -0.1734501580 ([0m-1.570e-03[0m) Quality = [0m0.342[0m
Constraint                         Current      Target       Diff.
Dihedral 7-8-10-12                22.73735    22.63168     0.10568
Hessian Eigenvalues: 2.16857e-02 2.30000e-02 2.30000e-02 ... 5.79577e-01 9.32391e-01 2.55076e+00
Step    3 : Displace = [0m9.828e-02[0m/[0m2.394e-01[0m (rms/max) Trust = 1.000e-01 (=) Grad_T = [0m4.625e-03[0m/[0m1.342e-02[0m (rms/max) E (change) = -0.1743978771 ([0m-9.477e-04[0m) Quality = [0m0.293[0m
Constraint                         Current      Target       Diff.
Dihedral 7-8-10-12                22.62226    22.63168    -0.00942
Hessian Eigenvalues: 2.20298e-02 2.26579e-02 2.30000e-02 ... 6.88662e-01 9.32171e-01 2.57263e+00
Step    4 : Displace = [0m4.767e-02[0m/[0m8.194e-02[0m (rms/max) Trust = 1.000e-01 (=) Grad_T = [0m5.847e-03[0m/[0m1.965e-02[0m (rms/max) E (change) = -0.1745355593 ([0m-1.377e-04[0m) Quality = [0m0.073[0m
Constraint                         Current      Target       Diff.
Dihedral 7-8-10-12                22.66600    22.63168     0.03433
Hessian Eigenvalues: 2.20230e-02 2.27420e-02 2.29974e-02 ... 7.31479e-01 9.32145e-01 2.57052e+00
Step    5 : Displace = [0m2.383e-02[0m/[0m4.540e-02[0m (rms/max) Trust = 2.384e-02 ([91m-[0m) Grad_T = [0m1.505e-03[0m/[0m3.808e-03[0m (rms/max) E (change) = -0.1756767226 ([0m-1.141e-03[0m) Quality = [0m0.881[0m
Constraint                         Current      Target       Diff.
Dihedral 7-8-10-12                22.63917    22.63168     0.00749
Hessian Eigenvalues: 2.20318e-02 2.27663e-02 2.29936e-02 ... 7.43254e-01 9.32394e-01 2.56746e+00
Step    6 : Displace = [0m1.257e-02[0m/[0m2.386e-02[0m (rms/max) Trust = 3.371e-02 ([92m+[0m) Grad_T = [0m1.460e-03[0m/[0m4.349e-03[0m (rms/max) E (change) = -0.1756799524 ([0m-3.230e-06[0m) Quality = [0m0.018[0m
Constraint                         Current      Target       Diff.
Dihedral 7-8-10-12                22.65054    22.63168     0.01887
Hessian Eigenvalues: 2.17384e-02 2.27195e-02 2.29739e-02 ... 7.26271e-01 9.32094e-01 2.56897e+00
Step    7 : Displace = [0m6.315e-03[0m/[0m1.130e-02[0m (rms/max) Trust = 6.287e-03 ([91m-[0m) Grad_T = [0m4.792e-04[0m/[0m1.086e-03[0m (rms/max) E (change) = -0.1757697043 ([0m-8.975e-05[0m) Quality = [0m0.944[0m
Constraint                         Current      Target       Diff.
Dihedral 7-8-10-12                22.64234    22.63168     0.01066
Hessian Eigenvalues: 2.17144e-02 2.27078e-02 2.29728e-02 ... 7.33053e-01 9.32095e-01 2.56394e+00
Step    8 : Displace = [0m4.225e-03[0m/[0m7.773e-03[0m (rms/max) Trust = 8.891e-03 ([92m+[0m) Grad_T = [0m3.428e-04[0m/[0m1.040e-03[0m (rms/max) E (change) = -0.1757806790 ([0m-1.097e-05[0m) Quality = [0m0.624[0m
Constraint                         Current      Target       Diff.
Dihedral 7-8-10-12                22.63437    22.63168     0.00270
Hessian Eigenvalues: 2.00277e-02 2.24085e-02 2.28914e-02 ... 7.32415e-01 9.32101e-01 2.57142e+00
Step    9 : Displace = [0m4.117e-03[0m/[0m8.545e-03[0m (rms/max) Trust = 8.891e-03 (=) Grad_T = [92m2.289e-04[0m/[0m5.288e-04[0m (rms/max) E (change) = -0.1757855169 ([0m-4.838e-06[0m) Quality = [0m0.714[0m
Constraint                         Current      Target       Diff.
Dihedral 7-8-10-12                22.63304    22.63168     0.00136
Hessian Eigenvalues: 1.59897e-02 2.20895e-02 2.28993e-02 ... 7.32469e-01 9.32261e-01 2.56983e+00
Step   10 : Displace = [0m2.644e-03[0m/[0m4.516e-03[0m (rms/max) Trust = 8.891e-03 (=) Grad_T = [92m2.663e-04[0m/[0m8.480e-04[0m (rms/max) E (change) = -0.1757865854 ([0m-1.069e-06[0m) Quality = [0m0.266[0m
Constraint                         Current      Target       Diff.
Dihedral 7-8-10-12                22.63367    22.63168     0.00200
Hessian Eigenvalues: 1.34225e-02 2.19306e-02 2.28566e-02 ... 7.39691e-01 9.32215e-01 2.57437e+00
Step   11 : Displace = [0m2.079e-03[0m/[0m4.581e-03[0m (rms/max) Trust = 8.891e-03 (=) Grad_T = [92m6.957e-05[0m/[92m1.591e-04[0m (rms/max) E (change) = -0.1757896084 ([0m-3.023e-06[0m) Quality = [0m1.050[0m
Constraint                         Current      Target       Diff.
Dihedral 7-8-10-12                22.63353    22.63168     0.00185
Hessian Eigenvalues: 1.14433e-02 2.18248e-02 2.27343e-02 ... 7.34756e-01 9.32030e-01 2.57533e+00
Step   12 : Displace = [0m2.403e-03[0m/[0m4.823e-03[0m (rms/max) Trust = 1.257e-02 ([92m+[0m) Grad_T = [92m4.890e-05[0m/[92m1.020e-04[0m (rms/max) E (change) = -0.1757905934 ([92m-9.850e-07[0m) Quality = [0m1.374[0m
Hessian Eigenvalues: 4.45447e-03 2.11988e-02 2.26552e-02 ... 7.40284e-01 9.32048e-01 2.58168e+00
Step   13 : Displace = [0m5.740e-03[0m/[0m1.186e-02[0m (rms/max) Trust = 1.778e-02 ([92m+[0m) Grad_T = [92m7.375e-05[0m/[92m1.548e-04[0m (rms/max) E (change) = -0.1757920742 ([0m-1.481e-06[0m) Quality = [0m1.664[0m
Hessian Eigenvalues: 1.23404e-03 2.14824e-02 2.27987e-02 ... 7.48550e-01 9.32250e-01 2.58287e+00
Step   14 : Displace = [0m2.017e-02[0m/[0m4.115e-02[0m (rms/max) Trust = 2.515e-02 ([92m+[0m) Grad_T = [92m1.355e-04[0m/[92m3.043e-04[0m (rms/max) E (change) = -0.1757961975 ([0m-4.123e-06[0m) Quality = [0m1.573[0m
Hessian Eigenvalues: 4.18753e-04 2.13905e-02 2.28078e-02 ... 7.47468e-01 9.32595e-01 2.63919e+00
Step   15 : Displace = [0m3.582e-02[0m/[0m7.164e-02[0m (rms/max) Trust = 3.556e-02 ([92m+[0m) Grad_T = [92m2.107e-04[0m/[0m4.742e-04[0m (rms/max) E (change) = -0.1758039810 ([0m-7.783e-06[0m) Quality = [0m1.449[0m
Constraint                         Current      Target       Diff.
Dihedral 7-8-10-12                22.63330    22.63168     0.00162
Hessian Eigenvalues: 1.05536e-04 2.10273e-02 2.28225e-02 ... 7.45385e-01 9.32658e-01 3.25603e+00
Step   16 : Displace = [0m5.109e-02[0m/[0m1.005e-01[0m (rms/max) Trust = 5.029e-02 ([92m+[0m) Grad_T = [92m2.969e-04[0m/[0m6.628e-04[0m (rms/max) E (change) = -0.1758176246 ([0m-1.364e-05[0m) Quality = [0m1.087[0m
Constraint                         Current      Target       Diff.
Dihedral 7-8-10-12                22.63471    22.63168     0.00303
Hessian Eigenvalues: 2.20099e-04 1.62594e-02 2.28349e-02 ... 7.37380e-01 9.32132e-01 3.84945e+00
Step   17 : Displace = [0m7.211e-02[0m/[0m1.383e-01[0m (rms/max) Trust = 7.112e-02 ([92m+[0m) Grad_T = [0m4.159e-04[0m/[0m1.140e-03[0m (rms/max) E (change) = -0.1758415621 ([0m-2.394e-05[0m) Quality = [0m0.952[0m
Constraint                         Current      Target       Diff.
Dihedral 7-8-10-12                22.63717    22.63168     0.00550
Hessian Eigenvalues: 7.87072e-04 7.26284e-03 2.22089e-02 ... 7.33077e-01 9.31873e-01 3.60836e+00
Step   18 : Displace = [0m1.855e-02[0m/[0m3.589e-02[0m (rms/max) Trust = 1.006e-01 ([92m+[0m) Grad_T = [0m5.068e-04[0m/[0m1.050e-03[0m (rms/max) E (change) = -0.1758737380 ([0m-3.218e-05[0m) Quality = [0m1.038[0m
Constraint                         Current      Target       Diff.
Dihedral 7-8-10-12                22.63757    22.63168     0.00590
Hessian Eigenvalues: 7.31675e-04 7.65579e-03 2.19263e-02 ... 7.35328e-01 9.32003e-01 2.80443e+00
Step   19 : Displace = [0m4.623e-02[0m/[0m9.019e-02[0m (rms/max) Trust = 1.422e-01 ([92m+[0m) Grad_T = [0m4.152e-04[0m/[0m1.073e-03[0m (rms/max) E (change) = -0.1759081829 ([0m-3.444e-05[0m) Quality = [0m1.608[0m
Constraint                         Current      Target       Diff.
Dihedral 7-8-10-12                22.63565    22.63168     0.00397
Hessian Eigenvalues: 1.14494e-03 5.25707e-03 1.59962e-02 ... 7.35308e-01 9.31971e-01 2.52847e+00
Step   20 : Displace = [0m6.764e-02[0m/[0m1.336e-01[0m (rms/max) Trust = 2.012e-01 ([92m+[0m) Grad_T = [0m5.019e-04[0m/[0m1.073e-03[0m (rms/max) E (change) = -0.1759847722 ([0m-7.659e-05[0m) Quality = [0m1.072[0m
Constraint                         Current      Target       Diff.
Dihedral 7-8-10-12                22.62897    22.63168    -0.00270
Hessian Eigenvalues: 1.21994e-03 4.11131e-03 1.32931e-02 ... 7.40661e-01 9.31987e-01 2.50705e+00
Step   21 : Displace = [0m9.645e-03[0m/[0m2.427e-02[0m (rms/max) Trust = 2.845e-01 ([92m+[0m) Grad_T = [0m3.242e-04[0m/[0m6.999e-04[0m (rms/max) E (change) = -0.1760188953 ([0m-3.412e-05[0m) Quality = [0m1.608[0m
Constraint                         Current      Target       Diff.
Dihedral 7-8-10-12                22.62871    22.63168    -0.00297
Hessian Eigenvalues: 1.21846e-03 2.42837e-03 1.17119e-02 ... 7.34391e-01 9.31827e-01 2.63760e+00
Step   22 : Displace = [0m2.555e-02[0m/[0m4.714e-02[0m (rms/max) Trust = 3.000e-01 ([92m+[0m) Grad_T = [92m1.513e-04[0m/[92m3.647e-04[0m (rms/max) E (change) = -0.1760489906 ([0m-3.010e-05[0m) Quality = [0m1.064[0m
Constraint                         Current      Target       Diff.
Dihedral 7-8-10-12                22.62859    22.63168    -0.00309
Hessian Eigenvalues: 1.18501e-03 2.13940e-03 1.20685e-02 ... 7.37148e-01 9.31805e-01 2.62255e+00
Step   23 : Displace = [0m3.361e-02[0m/[0m7.212e-02[0m (rms/max) Trust = 3.000e-01 (=) Grad_T = [92m2.060e-04[0m/[0m5.265e-04[0m (rms/max) E (change) = -0.1760477354 ([91m+1.255e-06[0m) Quality = [91m-0.136[0m
Constraint                         Current      Target       Diff.
Dihedral 7-8-10-12                22.62784    22.63168    -0.00384
Hessian Eigenvalues: 1.88198e-03 2.80507e-03 1.20472e-02 ... 7.37128e-01 9.31822e-01 2.88268e+00
Step   24 : Displace = [0m1.833e-02[0m/[0m3.496e-02[0m (rms/max) Trust = 1.681e-02 ([91m-[0m) Grad_T = [92m9.190e-05[0m/[92m1.892e-04[0m (rms/max) E (change) = -0.1760578643 ([0m-1.013e-05[0m) Quality = [0m1.206[0m
Constraint                         Current      Target       Diff.
Dihedral 7-8-10-12                22.62944    22.63168    -0.00223
Hessian Eigenvalues: 1.93107e-03 2.86647e-03 1.19759e-02 ... 7.36654e-01 9.31795e-01 2.58541e+00
Step   25 : Displace = [0m3.369e-03[0m/[0m6.461e-03[0m (rms/max) Trust = 2.377e-02 ([92m+[0m) Grad_T = [92m4.515e-05[0m/[92m1.248e-04[0m (rms/max) E (change) = -0.1760597596 ([0m-1.895e-06[0m) Quality = [0m1.350[0m
Constraint                         Current      Target       Diff.
Dihedral 7-8-10-12                22.63001    22.63168    -0.00167
Hessian Eigenvalues: 1.86554e-03 3.20498e-03 1.12059e-02 ... 7.36580e-01 9.31554e-01 2.65943e+00
Step   26 : Displace = [0m1.952e-03[0m/[0m4.221e-03[0m (rms/max) Trust = 3.361e-02 ([92m+[0m) Grad_T = [92m2.453e-05[0m/[92m7.504e-05[0m (rms/max) E (change) = -0.1760605494 ([92m-7.898e-07[0m) Quality = [0m1.193[0m
Constraint                         Current      Target       Diff.
Dihedral 7-8-10-12                22.63025    22.63168    -0.00143
Hessian Eigenvalues: 1.82938e-03 3.13808e-03 9.51780e-03 ... 7.37366e-01 9.31429e-01 2.76890e+00
Step   27 : Displace = [92m1.042e-03[0m/[0m2.158e-03[0m (rms/max) Trust = 4.753e-02 ([92m+[0m) Grad_T = [92m1.504e-05[0m/[92m3.926e-05[0m (rms/max) E (change) = -0.1760607262 ([92m-1.769e-07[0m) Quality = [0m1.236[0m
Constraint                         Current      Target       Diff.
Dihedral 7-8-10-12                22.63061    22.63168    -0.00107
Hessian Eigenvalues: 1.86385e-03 3.21781e-03 7.72218e-03 ... 7.37962e-01 9.31710e-01 2.61562e+00
Step   28 : Displace = [92m5.149e-04[0m/[92m1.048e-03[0m (rms/max) Trust = 6.722e-02 ([92m+[0m) Grad_T = [92m5.524e-06[0m/[92m1.158e-05[0m (rms/max) E (change) = -0.1760608074 ([92m-8.111e-08[0m) Quality = [0m1.151[0m
Hessian Eigenvalues: 1.86385e-03 3.21781e-03 7.72218e-03 ... 7.37962e-01 9.31710e-01 2.61562e+00
Converged! =D

    #==========================================================================#
    #| If this code has benefited your research, please support us by citing: |#
    #|                                                                        |#
    #| Wang, L.-P.; Song, C.C. (2016) "Geometry optimization made simple with |#
    #| translation and rotation coordinates", J. Chem, Phys. 144, 214108.     |#
    #| http://dx.doi.org/10.1063/1.4952956                                    |#
    #==========================================================================#
    Time elapsed since start of run_optimizer: 5.817 seconds
