geometric-optimize called with the following command line:
/opt/software/geometric/bin/geometric-optimize --ase-class=ase.calculators.amber.Amber --ase-kwargs={"amber_exe":"sander -O ", "infile":"mdin", "outfile":"dh_6-7-9-11_006.out", "topologyfile":"prmtop", "incoordfile":"dh_6-7-9-11_006.rst7"} --engine ase dh_6-7-9-11_006.xyz constraints.txt

                                        [91m())))))))))))))))/[0m                     
                                    [91m())))))))))))))))))))))))),[0m                
                                [91m*)))))))))))))))))))))))))))))))))[0m             
                        [94m#,[0m    [91m()))))))))/[0m                [91m.)))))))))),[0m          
                      [94m#%%%%,[0m  [91m())))))[0m                        [91m.))))))))*[0m        
                      [94m*%%%%%%,[0m  [91m))[0m              [93m..[0m              [91m,))))))).[0m      
                        [94m*%%%%%%,[0m         [93m***************/.[0m        [91m.)))))))[0m     
                [94m#%%/[0m      [94m(%%%%%%,[0m    [93m/*********************.[0m       [91m)))))))[0m    
              [94m.%%%%%%#[0m      [94m*%%%%%%,[0m  [93m*******/,[0m     [93m**********,[0m      [91m.))))))[0m   
                [94m.%%%%%%/[0m      [94m*%%%%%%,[0m  [93m**[0m              [93m********[0m      [91m.))))))[0m  
          [94m##[0m      [94m.%%%%%%/[0m      [94m(%%%%%%,[0m                  [93m,******[0m      [91m/)))))[0m  
        [94m%%%%%%[0m      [94m.%%%%%%#[0m      [94m*%%%%%%,[0m    [92m,/////.[0m       [93m******[0m      [91m))))))[0m 
      [94m#%[0m      [94m%%[0m      [94m.%%%%%%/[0m      [94m*%%%%%%,[0m  [92m////////,[0m      [93m*****/[0m     [91m,)))))[0m 
    [94m#%%[0m  [94m%%%[0m  [94m%%%#[0m      [94m.%%%%%%/[0m      [94m(%%%%%%,[0m  [92m///////.[0m     [93m/*****[0m      [91m))))).[0m
  [94m#%%%%.[0m      [94m%%%%%#[0m      [94m/%%%%%%*[0m      [94m#%%%%%%[0m   [92m/////)[0m     [93m******[0m      [91m))))),[0m
    [94m#%%%%##%[0m  [94m%%%#[0m      [94m.%%%%%%/[0m      [94m(%%%%%%,[0m  [92m///////.[0m     [93m/*****[0m      [91m))))).[0m
      [94m##[0m     [94m%%%[0m      [94m.%%%%%%/[0m      [94m*%%%%%%,[0m  [92m////////.[0m      [93m*****/[0m     [91m,)))))[0m 
        [94m#%%%%#[0m      [94m/%%%%%%/[0m      [94m(%%%%%%[0m      [92m/)/)//[0m       [93m******[0m      [91m))))))[0m 
          [94m##[0m      [94m.%%%%%%/[0m      [94m(%%%%%%,[0m                  [93m*******[0m      [91m))))))[0m  
                [94m.%%%%%%/[0m      [94m*%%%%%%,[0m  [93m**.[0m             [93m/*******[0m      [91m.))))))[0m  
              [94m*%%%%%%/[0m      [94m(%%%%%%[0m   [93m********/*..,*/*********[0m       [91m*))))))[0m   
                [94m#%%/[0m      [94m(%%%%%%,[0m    [93m*********************/[0m        [91m)))))))[0m    
                        [94m*%%%%%%,[0m         [93m,**************/[0m         [91m,))))))/[0m     
                      [94m(%%%%%%[0m   [91m()[0m                              [91m))))))))[0m       
                      [94m#%%%%,[0m  [91m())))))[0m                        [91m,)))))))),[0m        
                        [94m#,[0m    [91m())))))))))[0m                [91m,)))))))))).[0m          
                                 [91m()))))))))))))))))))))))))))))))/[0m             
                                    [91m())))))))))))))))))))))))).[0m                
                                         [91m())))))))))))))),[0m                     

-=# [1;94m geomeTRIC started. Version: 1.0+41.ga67ca54 [0m #=-
Current date and time: 2024-02-21 09:21:27
ASE-Calculator engine selected. 
   ASE  calculator:ase.calculators.amber.Amber
   ASE calc kwargs:{"amber_exe":"sander -O ", "infile":"mdin", "outfile":"dh_6-7-9-11_006.out", "topologyfile":"prmtop", "incoordfile":"dh_6-7-9-11_006.rst7"}
$freeze
dihedral 7 8 10 12
Bonds will be generated from interatomic distances less than 1.20 times sum of covalent radii
84 internal coordinates being used (instead of 84 Cartesians)
Internal coordinate system (atoms numbered from 1):
Dihedral 7-8-10-12
Distance 1-2
Distance 1-6
Distance 1-25
Distance 2-3
Distance 2-16
Distance 3-4
Distance 3-17
Distance 4-5
Distance 5-6
Distance 5-7
Distance 6-18
Distance 7-8
Distance 7-19
Distance 8-9
Distance 8-10
Distance 10-11
Distance 10-12
Distance 10-14
Distance 11-12
Distance 11-20
Distance 11-21
Distance 12-13
Distance 12-15
Distance 13-22
Distance 13-23
Distance 13-24
Distance 25-26
Distance 25-27
Distance 25-28
Angle 2-1-25
Angle 6-1-25
Angle 1-2-16
Angle 3-2-16
Angle 2-3-17
Angle 4-3-17
Angle 3-4-5
Angle 4-5-7
Angle 6-5-7
Angle 1-6-18
Angle 5-6-18
Angle 5-7-19
Angle 8-7-19
Angle 7-8-10
Angle 9-8-10
Angle 8-10-11
Angle 8-10-14
Angle 11-10-12
Angle 11-10-14
Angle 12-10-14
Angle 10-11-12
Angle 10-11-20
Angle 10-11-21
Angle 12-11-20
Angle 20-11-21
Angle 10-12-11
Angle 10-12-13
Angle 10-12-15
Angle 11-12-13
Angle 11-12-15
Angle 13-12-15
Angle 12-13-22
Angle 12-13-23
Angle 12-13-24
Angle 22-13-23
Angle 22-13-24
Angle 23-13-24
Angle 1-25-26
Angle 1-25-27
Angle 1-25-28
Angle 26-25-27
Angle 26-25-28
Angle 27-25-28
Out-of-Plane 1-2-6-25
Out-of-Plane 2-1-3-16
Out-of-Plane 3-2-4-17
Out-of-Plane 5-4-6-7
Out-of-Plane 6-1-5-18
Out-of-Plane 7-5-8-19
Out-of-Plane 8-7-9-10
Out-of-Plane 10-8-12-14
Out-of-Plane 11-12-21-20
Dihedral 6-1-2-3
Dihedral 6-1-2-16
Dihedral 25-1-2-3
Dihedral 25-1-2-16
Dihedral 2-1-6-5
Dihedral 2-1-6-18
Dihedral 25-1-6-5
Dihedral 25-1-6-18
Dihedral 2-1-25-26
Dihedral 2-1-25-27
Dihedral 2-1-25-28
Dihedral 6-1-25-26
Dihedral 6-1-25-27
Dihedral 6-1-25-28
Dihedral 1-2-3-4
Dihedral 1-2-3-17
Dihedral 16-2-3-4
Dihedral 16-2-3-17
Dihedral 2-3-4-5
Dihedral 17-3-4-5
Dihedral 3-4-5-6
Dihedral 3-4-5-7
Dihedral 4-5-6-1
Dihedral 4-5-6-18
Dihedral 7-5-6-1
Dihedral 7-5-6-18
Dihedral 4-5-7-8
Dihedral 4-5-7-19
Dihedral 6-5-7-8
Dihedral 6-5-7-19
Dihedral 5-7-8-9
Dihedral 5-7-8-10
Dihedral 19-7-8-9
Dihedral 19-7-8-10
Dihedral 7-8-10-11
Dihedral 7-8-10-14
Dihedral 9-8-10-11
Dihedral 9-8-10-12
Dihedral 9-8-10-14
Dihedral 8-10-11-12
Dihedral 8-10-11-20
Dihedral 8-10-11-21
Dihedral 12-10-11-20
Dihedral 12-10-11-21
Dihedral 14-10-11-12
Dihedral 14-10-11-20
Dihedral 14-10-11-21
Dihedral 8-10-12-11
Dihedral 8-10-12-13
Dihedral 8-10-12-15
Dihedral 11-10-12-13
Dihedral 11-10-12-15
Dihedral 14-10-12-11
Dihedral 14-10-12-13
Dihedral 14-10-12-15
Dihedral 10-11-12-13
Dihedral 10-11-12-15
Dihedral 20-11-12-10
Dihedral 20-11-12-13
Dihedral 20-11-12-15
Dihedral 21-11-12-10
Dihedral 21-11-12-13
Dihedral 21-11-12-15
Dihedral 10-12-13-22
Dihedral 10-12-13-23
Dihedral 10-12-13-24
Dihedral 11-12-13-22
Dihedral 11-12-13-23
Dihedral 11-12-13-24
Dihedral 15-12-13-22
Dihedral 15-12-13-23
Dihedral 15-12-13-24
Translation-X 1-28
Translation-Y 1-28
Translation-Z 1-28
Rotation-A 1-28
Rotation-B 1-28
Rotation-C 1-28
<class 'geometric.internal.Dihedral'> : 73
<class 'geometric.internal.Distance'> : 29
<class 'geometric.internal.Angle'> : 43
<class 'geometric.internal.OutOfPlane'> : 9
<class 'geometric.internal.TranslationX'> : 1
<class 'geometric.internal.TranslationY'> : 1
<class 'geometric.internal.TranslationZ'> : 1
<class 'geometric.internal.RotationA'> : 1
<class 'geometric.internal.RotationB'> : 1
<class 'geometric.internal.RotationC'> : 1
Constraint                         Current      Target       Diff.
Dihedral 7-8-10-12               166.63184   166.63184     0.00000
> ===== Optimization Info: ====
> Job type: Energy minimization
> Maximum number of optimization cycles: 300
> Initial / maximum trust radius (Angstrom): 0.100 / 0.300
> Convergence Criteria:
> Will converge when all 5 criteria are reached:
>  |Delta-E| < 1.00e-06
>  RMS-Ortho-Grad < 3.00e-04
>  Max-Ortho-Grad < 4.50e-04
>  RMS-Disp  < 1.20e-03
>  Max-Disp  < 1.80e-03
> 
> Constraints are requested. The following criterion is added:
>  Max Constraint Violation (in Angstroms/degrees) < 1.00e-02 
> === End Optimization Info ===
Step    0 : Gradient = 8.885e-03/1.779e-02 (rms/max) Energy = -0.1728959833
Hessian Eigenvalues: 2.30000e-02 2.30000e-02 2.30000e-02 ... 5.73157e-01 5.82547e-01 9.51900e-01
Step    1 : Displace = [0m1.001e-01[0m/[0m1.600e-01[0m (rms/max) Trust = 1.000e-01 (=) Grad_T = [0m6.976e-03[0m/[0m1.529e-02[0m (rms/max) E (change) = -0.1749976054 ([0m-2.102e-03[0m) Quality = [0m0.332[0m
Hessian Eigenvalues: 2.29946e-02 2.30000e-02 2.30000e-02 ... 5.81053e-01 9.39619e-01 2.69814e+00
Step    2 : Displace = [0m9.596e-02[0m/[0m2.623e-01[0m (rms/max) Trust = 1.000e-01 (=) Grad_T = [0m6.084e-03[0m/[0m1.493e-02[0m (rms/max) E (change) = -0.1741742107 ([91m+8.234e-04[0m) Quality = [91m-0.235[0m
Constraint                         Current      Target       Diff.
Dihedral 7-8-10-12               166.62770   166.63184    -0.00414
Hessian Eigenvalues: 2.22865e-02 2.29985e-02 2.30000e-02 ... 5.80071e-01 9.37751e-01 2.61416e+00
Step    3 : Displace = [0m5.045e-02[0m/[0m1.117e-01[0m (rms/max) Trust = 4.798e-02 ([91m-[0m) Grad_T = [0m2.348e-03[0m/[0m6.652e-03[0m (rms/max) E (change) = -0.1766772599 ([0m-2.503e-03[0m) Quality = [0m1.006[0m
Constraint                         Current      Target       Diff.
Dihedral 7-8-10-12               166.59641   166.63184    -0.03543
Hessian Eigenvalues: 2.23018e-02 2.29872e-02 2.30000e-02 ... 5.79748e-01 9.37775e-01 2.61260e+00
Step    4 : Displace = [0m7.387e-02[0m/[0m1.699e-01[0m (rms/max) Trust = 6.785e-02 ([92m+[0m) Grad_T = [0m2.109e-03[0m/[0m5.301e-03[0m (rms/max) E (change) = -0.1773345464 ([0m-6.573e-04[0m) Quality = [0m0.464[0m
Constraint                         Current      Target       Diff.
Dihedral 7-8-10-12               166.62921   166.63184    -0.00264
Hessian Eigenvalues: 2.22608e-02 2.29446e-02 2.30000e-02 ... 5.80329e-01 9.37789e-01 2.61200e+00
Step    5 : Displace = [0m1.909e-02[0m/[0m4.071e-02[0m (rms/max) Trust = 6.785e-02 (=) Grad_T = [0m1.013e-03[0m/[0m3.168e-03[0m (rms/max) E (change) = -0.1775881139 ([0m-2.536e-04[0m) Quality = [0m0.959[0m
Hessian Eigenvalues: 1.92818e-02 2.28662e-02 2.29991e-02 ... 6.34315e-01 9.38181e-01 2.61202e+00
Step    6 : Displace = [0m1.443e-02[0m/[0m2.995e-02[0m (rms/max) Trust = 9.596e-02 ([92m+[0m) Grad_T = [0m1.709e-03[0m/[0m4.420e-03[0m (rms/max) E (change) = -0.1775645367 ([91m+2.358e-05[0m) Quality = [91m-0.214[0m
Constraint                         Current      Target       Diff.
Dihedral 7-8-10-12               166.62855   166.63184    -0.00330
Hessian Eigenvalues: 1.56026e-02 2.28490e-02 2.29951e-02 ... 6.57116e-01 9.37898e-01 2.61061e+00
Step    7 : Displace = [0m7.907e-03[0m/[0m1.783e-02[0m (rms/max) Trust = 7.214e-03 ([91m-[0m) Grad_T = [0m3.911e-04[0m/[0m9.562e-04[0m (rms/max) E (change) = -0.1776840158 ([0m-1.195e-04[0m) Quality = [0m1.092[0m
Hessian Eigenvalues: 1.43431e-02 2.28443e-02 2.29644e-02 ... 6.84977e-01 9.37777e-01 2.61038e+00
Step    8 : Displace = [0m1.066e-02[0m/[0m2.834e-02[0m (rms/max) Trust = 1.020e-02 ([92m+[0m) Grad_T = [0m3.384e-04[0m/[0m7.766e-04[0m (rms/max) E (change) = -0.1777022960 ([0m-1.828e-05[0m) Quality = [0m0.958[0m
Constraint                         Current      Target       Diff.
Dihedral 7-8-10-12               166.63310   166.63184     0.00125
Hessian Eigenvalues: 6.89067e-03 2.27278e-02 2.29111e-02 ... 7.00180e-01 9.37550e-01 2.61928e+00
Step    9 : Displace = [0m1.257e-02[0m/[0m3.264e-02[0m (rms/max) Trust = 1.443e-02 ([92m+[0m) Grad_T = [0m3.038e-04[0m/[0m8.357e-04[0m (rms/max) E (change) = -0.1777213925 ([0m-1.910e-05[0m) Quality = [0m1.304[0m
Constraint                         Current      Target       Diff.
Dihedral 7-8-10-12               166.62939   166.63184    -0.00245
Hessian Eigenvalues: 2.89408e-03 2.25607e-02 2.29273e-02 ... 6.98147e-01 9.37574e-01 2.61862e+00
Step   10 : Displace = [0m2.040e-02[0m/[0m4.954e-02[0m (rms/max) Trust = 2.041e-02 ([92m+[0m) Grad_T = [0m5.265e-04[0m/[0m1.168e-03[0m (rms/max) E (change) = -0.1777369597 ([0m-1.557e-05[0m) Quality = [0m0.729[0m
Constraint                         Current      Target       Diff.
Dihedral 7-8-10-12               166.63014   166.63184    -0.00171
Hessian Eigenvalues: 2.28566e-03 2.13811e-02 2.29035e-02 ... 6.93972e-01 9.37936e-01 2.63069e+00
Step   11 : Displace = [0m1.142e-02[0m/[0m2.302e-02[0m (rms/max) Trust = 2.041e-02 (=) Grad_T = [0m3.235e-04[0m/[0m7.722e-04[0m (rms/max) E (change) = -0.1777578911 ([0m-2.093e-05[0m) Quality = [0m1.557[0m
Constraint                         Current      Target       Diff.
Dihedral 7-8-10-12               166.63005   166.63184    -0.00179
Hessian Eigenvalues: 1.45112e-03 1.32144e-02 2.28690e-02 ... 8.80089e-01 9.37752e-01 2.62291e+00
Step   12 : Displace = [0m3.166e-02[0m/[0m5.724e-02[0m (rms/max) Trust = 2.886e-02 ([92m+[0m) Grad_T = [0m4.149e-04[0m/[0m1.130e-03[0m (rms/max) E (change) = -0.1777939543 ([0m-3.606e-05[0m) Quality = [0m1.482[0m
Constraint                         Current      Target       Diff.
Dihedral 7-8-10-12               166.63350   166.63184     0.00165
Hessian Eigenvalues: 8.07857e-04 9.13175e-03 2.28512e-02 ... 9.37138e-01 9.76398e-01 2.66321e+00
Step   13 : Displace = [0m4.127e-02[0m/[0m7.764e-02[0m (rms/max) Trust = 4.081e-02 ([92m+[0m) Grad_T = [0m5.560e-04[0m/[0m1.408e-03[0m (rms/max) E (change) = -0.1778331159 ([0m-3.916e-05[0m) Quality = [0m1.390[0m
Constraint                         Current      Target       Diff.
Dihedral 7-8-10-12               166.63744   166.63184     0.00559
Hessian Eigenvalues: 5.37711e-04 6.36651e-03 2.13831e-02 ... 8.88860e-01 9.37430e-01 2.76151e+00
Step   14 : Displace = [0m5.922e-02[0m/[0m1.150e-01[0m (rms/max) Trust = 5.771e-02 ([92m+[0m) Grad_T = [0m6.987e-04[0m/[0m1.443e-03[0m (rms/max) E (change) = -0.1778902016 ([0m-5.709e-05[0m) Quality = [0m1.193[0m
Constraint                         Current      Target       Diff.
Dihedral 7-8-10-12               166.64000   166.63184     0.00815
Hessian Eigenvalues: 8.11642e-04 4.25678e-03 1.88093e-02 ... 8.20933e-01 9.37557e-01 2.66396e+00
Step   15 : Displace = [0m7.293e-02[0m/[0m1.464e-01[0m (rms/max) Trust = 8.162e-02 ([92m+[0m) Grad_T = [0m8.470e-04[0m/[0m2.167e-03[0m (rms/max) E (change) = -0.1779594872 ([0m-6.929e-05[0m) Quality = [0m1.190[0m
Constraint                         Current      Target       Diff.
Dihedral 7-8-10-12               166.63875   166.63184     0.00691
Hessian Eigenvalues: 1.35474e-03 3.37223e-03 1.65266e-02 ... 8.42445e-01 9.37798e-01 2.29226e+00
Step   16 : Displace = [0m2.132e-02[0m/[0m5.730e-02[0m (rms/max) Trust = 1.154e-01 ([92m+[0m) Grad_T = [0m8.662e-04[0m/[0m2.223e-03[0m (rms/max) E (change) = -0.1780426216 ([0m-8.313e-05[0m) Quality = [0m1.255[0m
Constraint                         Current      Target       Diff.
Dihedral 7-8-10-12               166.63661   166.63184     0.00477
Hessian Eigenvalues: 1.42741e-03 3.37808e-03 1.27329e-02 ... 8.95634e-01 9.37522e-01 2.50285e+00
Step   17 : Displace = [0m9.725e-02[0m/[0m1.908e-01[0m (rms/max) Trust = 1.632e-01 ([92m+[0m) Grad_T = [0m6.890e-04[0m/[0m1.426e-03[0m (rms/max) E (change) = -0.1781326685 ([0m-9.005e-05[0m) Quality = [0m0.957[0m
Constraint                         Current      Target       Diff.
Dihedral 7-8-10-12               166.63638   166.63184     0.00454
Hessian Eigenvalues: 2.64620e-03 3.04821e-03 8.82917e-03 ... 8.43800e-01 9.36890e-01 2.52442e+00
Step   18 : Displace = [0m2.310e-02[0m/[0m4.263e-02[0m (rms/max) Trust = 2.309e-01 ([92m+[0m) Grad_T = [0m3.889e-04[0m/[0m8.107e-04[0m (rms/max) E (change) = -0.1781819178 ([0m-4.925e-05[0m) Quality = [0m1.016[0m
Hessian Eigenvalues: 2.51868e-03 3.24067e-03 9.24539e-03 ... 8.10790e-01 9.37003e-01 2.71284e+00
Step   19 : Displace = [0m1.477e-02[0m/[0m2.972e-02[0m (rms/max) Trust = 3.000e-01 ([92m+[0m) Grad_T = [92m1.687e-04[0m/[92m4.343e-04[0m (rms/max) E (change) = -0.1782048787 ([0m-2.296e-05[0m) Quality = [0m1.386[0m
Constraint                         Current      Target       Diff.
Dihedral 7-8-10-12               166.63079   166.63184    -0.00106
Hessian Eigenvalues: 2.14661e-03 3.25472e-03 9.38879e-03 ... 8.35834e-01 9.36862e-01 2.55715e+00
Step   20 : Displace = [0m8.881e-03[0m/[0m1.814e-02[0m (rms/max) Trust = 3.000e-01 (=) Grad_T = [92m9.882e-05[0m/[92m2.476e-04[0m (rms/max) E (change) = -0.1782119599 ([0m-7.081e-06[0m) Quality = [0m1.114[0m
Hessian Eigenvalues: 2.14508e-03 3.27113e-03 9.35487e-03 ... 8.35660e-01 9.36667e-01 2.55817e+00
Step   21 : Displace = [92m9.258e-04[0m/[0m1.853e-03[0m (rms/max) Trust = 3.000e-01 (=) Grad_T = [92m4.784e-05[0m/[92m1.422e-04[0m (rms/max) E (change) = -0.1782127620 ([92m-8.021e-07[0m) Quality = [0m1.354[0m
Hessian Eigenvalues: 2.18236e-03 3.27112e-03 8.75161e-03 ... 8.08842e-01 9.36463e-01 2.57823e+00
Step   22 : Displace = [92m7.712e-04[0m/[92m1.765e-03[0m (rms/max) Trust = 3.000e-01 (=) Grad_T = [92m2.035e-05[0m/[92m3.976e-05[0m (rms/max) E (change) = -0.1782131637 ([92m-4.017e-07[0m) Quality = [0m1.295[0m
Hessian Eigenvalues: 2.18236e-03 3.27112e-03 8.75161e-03 ... 8.08842e-01 9.36463e-01 2.57823e+00
Converged! =D

    #==========================================================================#
    #| If this code has benefited your research, please support us by citing: |#
    #|                                                                        |#
    #| Wang, L.-P.; Song, C.C. (2016) "Geometry optimization made simple with |#
    #| translation and rotation coordinates", J. Chem, Phys. 144, 214108.     |#
    #| http://dx.doi.org/10.1063/1.4952956                                    |#
    #==========================================================================#
    Time elapsed since start of run_optimizer: 5.208 seconds
