geometric-optimize called with the following command line:
/opt/software/geometric/bin/geometric-optimize --ase-class=ase.calculators.amber.Amber --ase-kwargs={"amber_exe":"sander -O ", "infile":"mdin", "outfile":"dh_6-7-9-11_027.out", "topologyfile":"prmtop", "incoordfile":"dh_6-7-9-11_027.rst7"} --engine ase dh_6-7-9-11_027.xyz constraints.txt

                                        [91m())))))))))))))))/[0m                     
                                    [91m())))))))))))))))))))))))),[0m                
                                [91m*)))))))))))))))))))))))))))))))))[0m             
                        [94m#,[0m    [91m()))))))))/[0m                [91m.)))))))))),[0m          
                      [94m#%%%%,[0m  [91m())))))[0m                        [91m.))))))))*[0m        
                      [94m*%%%%%%,[0m  [91m))[0m              [93m..[0m              [91m,))))))).[0m      
                        [94m*%%%%%%,[0m         [93m***************/.[0m        [91m.)))))))[0m     
                [94m#%%/[0m      [94m(%%%%%%,[0m    [93m/*********************.[0m       [91m)))))))[0m    
              [94m.%%%%%%#[0m      [94m*%%%%%%,[0m  [93m*******/,[0m     [93m**********,[0m      [91m.))))))[0m   
                [94m.%%%%%%/[0m      [94m*%%%%%%,[0m  [93m**[0m              [93m********[0m      [91m.))))))[0m  
          [94m##[0m      [94m.%%%%%%/[0m      [94m(%%%%%%,[0m                  [93m,******[0m      [91m/)))))[0m  
        [94m%%%%%%[0m      [94m.%%%%%%#[0m      [94m*%%%%%%,[0m    [92m,/////.[0m       [93m******[0m      [91m))))))[0m 
      [94m#%[0m      [94m%%[0m      [94m.%%%%%%/[0m      [94m*%%%%%%,[0m  [92m////////,[0m      [93m*****/[0m     [91m,)))))[0m 
    [94m#%%[0m  [94m%%%[0m  [94m%%%#[0m      [94m.%%%%%%/[0m      [94m(%%%%%%,[0m  [92m///////.[0m     [93m/*****[0m      [91m))))).[0m
  [94m#%%%%.[0m      [94m%%%%%#[0m      [94m/%%%%%%*[0m      [94m#%%%%%%[0m   [92m/////)[0m     [93m******[0m      [91m))))),[0m
    [94m#%%%%##%[0m  [94m%%%#[0m      [94m.%%%%%%/[0m      [94m(%%%%%%,[0m  [92m///////.[0m     [93m/*****[0m      [91m))))).[0m
      [94m##[0m     [94m%%%[0m      [94m.%%%%%%/[0m      [94m*%%%%%%,[0m  [92m////////.[0m      [93m*****/[0m     [91m,)))))[0m 
        [94m#%%%%#[0m      [94m/%%%%%%/[0m      [94m(%%%%%%[0m      [92m/)/)//[0m       [93m******[0m      [91m))))))[0m 
          [94m##[0m      [94m.%%%%%%/[0m      [94m(%%%%%%,[0m                  [93m*******[0m      [91m))))))[0m  
                [94m.%%%%%%/[0m      [94m*%%%%%%,[0m  [93m**.[0m             [93m/*******[0m      [91m.))))))[0m  
              [94m*%%%%%%/[0m      [94m(%%%%%%[0m   [93m********/*..,*/*********[0m       [91m*))))))[0m   
                [94m#%%/[0m      [94m(%%%%%%,[0m    [93m*********************/[0m        [91m)))))))[0m    
                        [94m*%%%%%%,[0m         [93m,**************/[0m         [91m,))))))/[0m     
                      [94m(%%%%%%[0m   [91m()[0m                              [91m))))))))[0m       
                      [94m#%%%%,[0m  [91m())))))[0m                        [91m,)))))))),[0m        
                        [94m#,[0m    [91m())))))))))[0m                [91m,)))))))))).[0m          
                                 [91m()))))))))))))))))))))))))))))))/[0m             
                                    [91m())))))))))))))))))))))))).[0m                
                                         [91m())))))))))))))),[0m                     

-=# [1;94m geomeTRIC started. Version: 1.0+41.ga67ca54 [0m #=-
Current date and time: 2024-02-21 09:23:51
ASE-Calculator engine selected. 
   ASE  calculator:ase.calculators.amber.Amber
   ASE calc kwargs:{"amber_exe":"sander -O ", "infile":"mdin", "outfile":"dh_6-7-9-11_027.out", "topologyfile":"prmtop", "incoordfile":"dh_6-7-9-11_027.rst7"}
$freeze
dihedral 7 8 10 12
Bonds will be generated from interatomic distances less than 1.20 times sum of covalent radii
84 internal coordinates being used (instead of 84 Cartesians)
Internal coordinate system (atoms numbered from 1):
Dihedral 7-8-10-12
Distance 1-2
Distance 1-6
Distance 1-25
Distance 2-3
Distance 2-16
Distance 3-4
Distance 3-17
Distance 4-5
Distance 5-6
Distance 5-7
Distance 6-18
Distance 7-8
Distance 7-19
Distance 8-9
Distance 8-10
Distance 10-11
Distance 10-12
Distance 10-14
Distance 11-12
Distance 11-20
Distance 11-21
Distance 12-13
Distance 12-15
Distance 13-22
Distance 13-23
Distance 13-24
Distance 25-26
Distance 25-27
Distance 25-28
Angle 2-1-25
Angle 6-1-25
Angle 1-2-16
Angle 3-2-16
Angle 2-3-17
Angle 4-3-17
Angle 3-4-5
Angle 4-5-7
Angle 6-5-7
Angle 1-6-18
Angle 5-6-18
Angle 5-7-19
Angle 8-7-19
Angle 7-8-10
Angle 9-8-10
Angle 8-10-11
Angle 8-10-12
Angle 8-10-14
Angle 11-10-12
Angle 11-10-14
Angle 12-10-14
Angle 10-11-12
Angle 10-11-20
Angle 10-11-21
Angle 12-11-20
Angle 12-11-21
Angle 20-11-21
Angle 10-12-11
Angle 10-12-13
Angle 10-12-15
Angle 11-12-13
Angle 11-12-15
Angle 13-12-15
Angle 12-13-22
Angle 12-13-23
Angle 12-13-24
Angle 22-13-23
Angle 22-13-24
Angle 23-13-24
Angle 1-25-26
Angle 1-25-27
Angle 1-25-28
Angle 26-25-27
Angle 26-25-28
Angle 27-25-28
Out-of-Plane 1-2-6-25
Out-of-Plane 2-1-3-16
Out-of-Plane 3-2-4-17
Out-of-Plane 5-4-6-7
Out-of-Plane 6-1-5-18
Out-of-Plane 7-5-8-19
Out-of-Plane 8-7-9-10
Dihedral 6-1-2-3
Dihedral 6-1-2-16
Dihedral 25-1-2-3
Dihedral 25-1-2-16
Dihedral 2-1-6-5
Dihedral 2-1-6-18
Dihedral 25-1-6-5
Dihedral 25-1-6-18
Dihedral 2-1-25-26
Dihedral 2-1-25-27
Dihedral 2-1-25-28
Dihedral 6-1-25-26
Dihedral 6-1-25-27
Dihedral 6-1-25-28
Dihedral 1-2-3-4
Dihedral 1-2-3-17
Dihedral 16-2-3-4
Dihedral 16-2-3-17
Dihedral 2-3-4-5
Dihedral 17-3-4-5
Dihedral 3-4-5-6
Dihedral 3-4-5-7
Dihedral 4-5-6-1
Dihedral 4-5-6-18
Dihedral 7-5-6-1
Dihedral 7-5-6-18
Dihedral 4-5-7-8
Dihedral 4-5-7-19
Dihedral 6-5-7-8
Dihedral 6-5-7-19
Dihedral 5-7-8-9
Dihedral 5-7-8-10
Dihedral 19-7-8-9
Dihedral 19-7-8-10
Dihedral 7-8-10-11
Dihedral 7-8-10-14
Dihedral 9-8-10-11
Dihedral 9-8-10-12
Dihedral 9-8-10-14
Dihedral 8-10-11-12
Dihedral 8-10-11-20
Dihedral 8-10-11-21
Dihedral 12-10-11-20
Dihedral 12-10-11-21
Dihedral 14-10-11-12
Dihedral 14-10-11-20
Dihedral 14-10-11-21
Dihedral 8-10-12-11
Dihedral 8-10-12-13
Dihedral 8-10-12-15
Dihedral 11-10-12-13
Dihedral 11-10-12-15
Dihedral 14-10-12-11
Dihedral 14-10-12-13
Dihedral 14-10-12-15
Dihedral 10-11-12-13
Dihedral 10-11-12-15
Dihedral 20-11-12-10
Dihedral 20-11-12-13
Dihedral 20-11-12-15
Dihedral 21-11-12-10
Dihedral 21-11-12-13
Dihedral 21-11-12-15
Dihedral 10-12-13-22
Dihedral 10-12-13-23
Dihedral 10-12-13-24
Dihedral 11-12-13-22
Dihedral 11-12-13-23
Dihedral 11-12-13-24
Dihedral 15-12-13-22
Dihedral 15-12-13-23
Dihedral 15-12-13-24
Translation-X 1-28
Translation-Y 1-28
Translation-Z 1-28
Rotation-A 1-28
Rotation-B 1-28
Rotation-C 1-28
<class 'geometric.internal.Dihedral'> : 73
<class 'geometric.internal.Distance'> : 29
<class 'geometric.internal.Angle'> : 45
<class 'geometric.internal.OutOfPlane'> : 7
<class 'geometric.internal.TranslationX'> : 1
<class 'geometric.internal.TranslationY'> : 1
<class 'geometric.internal.TranslationZ'> : 1
<class 'geometric.internal.RotationA'> : 1
<class 'geometric.internal.RotationB'> : 1
<class 'geometric.internal.RotationC'> : 1
Constraint                         Current      Target       Diff.
Dihedral 7-8-10-12               -49.36821   -49.36821     0.00000
> ===== Optimization Info: ====
> Job type: Energy minimization
> Maximum number of optimization cycles: 300
> Initial / maximum trust radius (Angstrom): 0.100 / 0.300
> Convergence Criteria:
> Will converge when all 5 criteria are reached:
>  |Delta-E| < 1.00e-06
>  RMS-Ortho-Grad < 3.00e-04
>  Max-Ortho-Grad < 4.50e-04
>  RMS-Disp  < 1.20e-03
>  Max-Disp  < 1.80e-03
> 
> Constraints are requested. The following criterion is added:
>  Max Constraint Violation (in Angstroms/degrees) < 1.00e-02 
> === End Optimization Info ===
Step    0 : Gradient = 8.736e-03/1.886e-02 (rms/max) Energy = -0.1747368583
Hessian Eigenvalues: 2.30000e-02 2.30000e-02 2.30000e-02 ... 5.73388e-01 5.82724e-01 9.58033e-01
Step    1 : Displace = [0m1.032e-01[0m/[0m2.046e-01[0m (rms/max) Trust = 1.000e-01 (=) Grad_T = [0m6.421e-03[0m/[0m1.448e-02[0m (rms/max) E (change) = -0.1762491298 ([0m-1.512e-03[0m) Quality = [0m0.203[0m
Hessian Eigenvalues: 2.29987e-02 2.30000e-02 2.30000e-02 ... 5.81187e-01 9.49954e-01 2.34626e+00
Step    2 : Displace = [0m5.043e-02[0m/[0m8.779e-02[0m (rms/max) Trust = 5.000e-02 ([91m-[0m) Grad_T = [0m3.933e-03[0m/[0m9.414e-03[0m (rms/max) E (change) = -0.1781015469 ([0m-1.852e-03[0m) Quality = [0m0.951[0m
Hessian Eigenvalues: 2.29823e-02 2.30000e-02 2.30000e-02 ... 5.79233e-01 9.45904e-01 1.76035e+00
Step    3 : Displace = [0m5.923e-02[0m/[0m1.021e-01[0m (rms/max) Trust = 7.071e-02 ([92m+[0m) Grad_T = [0m3.553e-03[0m/[0m1.243e-02[0m (rms/max) E (change) = -0.1783912743 ([0m-2.897e-04[0m) Quality = [0m0.260[0m
Constraint                         Current      Target       Diff.
Dihedral 7-8-10-12               -49.36477   -49.36821     0.00344
Hessian Eigenvalues: 2.18608e-02 2.29978e-02 2.30000e-02 ... 5.79321e-01 9.47312e-01 2.05684e+00
Step    4 : Displace = [0m1.645e-02[0m/[0m2.880e-02[0m (rms/max) Trust = 7.071e-02 (=) Grad_T = [0m1.070e-03[0m/[0m3.089e-03[0m (rms/max) E (change) = -0.1788584555 ([0m-4.672e-04[0m) Quality = [0m0.841[0m
Constraint                         Current      Target       Diff.
Dihedral 7-8-10-12               -49.36375   -49.36821     0.00447
Hessian Eigenvalues: 2.16557e-02 2.28404e-02 2.30000e-02 ... 6.13324e-01 9.46504e-01 1.88708e+00
Step    5 : Displace = [0m1.620e-02[0m/[0m2.386e-02[0m (rms/max) Trust = 1.000e-01 ([92m+[0m) Grad_T = [0m1.126e-03[0m/[0m3.726e-03[0m (rms/max) E (change) = -0.1788769233 ([0m-1.847e-05[0m) Quality = [0m0.186[0m
Hessian Eigenvalues: 1.97698e-02 2.21542e-02 2.30000e-02 ... 6.31505e-01 9.46821e-01 2.03057e+00
Step    6 : Displace = [0m8.522e-03[0m/[0m1.361e-02[0m (rms/max) Trust = 8.098e-03 ([91m-[0m) Grad_T = [0m7.031e-04[0m/[0m1.835e-03[0m (rms/max) E (change) = -0.1789234590 ([0m-4.654e-05[0m) Quality = [0m0.669[0m
Constraint                         Current      Target       Diff.
Dihedral 7-8-10-12               -49.36717   -49.36821     0.00105
Hessian Eigenvalues: 1.77048e-02 2.21622e-02 2.29918e-02 ... 6.75548e-01 9.46555e-01 1.86240e+00
Step    7 : Displace = [0m8.838e-03[0m/[0m1.535e-02[0m (rms/max) Trust = 8.098e-03 (=) Grad_T = [0m4.236e-04[0m/[0m1.080e-03[0m (rms/max) E (change) = -0.1789529513 ([0m-2.949e-05[0m) Quality = [0m0.785[0m
Constraint                         Current      Target       Diff.
Dihedral 7-8-10-12               -49.36423   -49.36821     0.00398
Hessian Eigenvalues: 1.23359e-02 2.23088e-02 2.29222e-02 ... 6.27264e-01 9.47209e-01 2.06403e+00
Step    8 : Displace = [0m1.162e-02[0m/[0m2.142e-02[0m (rms/max) Trust = 1.145e-02 ([92m+[0m) Grad_T = [92m2.395e-04[0m/[0m6.776e-04[0m (rms/max) E (change) = -0.1789784003 ([0m-2.545e-05[0m) Quality = [0m1.556[0m
Constraint                         Current      Target       Diff.
Dihedral 7-8-10-12               -49.36680   -49.36821     0.00141
Hessian Eigenvalues: 3.02575e-03 2.20614e-02 2.28868e-02 ... 7.02131e-01 9.47992e-01 2.40705e+00
Step    9 : Displace = [0m1.695e-02[0m/[0m3.177e-02[0m (rms/max) Trust = 1.620e-02 ([92m+[0m) Grad_T = [92m2.465e-04[0m/[0m7.046e-04[0m (rms/max) E (change) = -0.1790046547 ([0m-2.625e-05[0m) Quality = [0m1.047[0m
Constraint                         Current      Target       Diff.
Dihedral 7-8-10-12               -49.36689   -49.36821     0.00132
Hessian Eigenvalues: 1.11141e-03 2.16505e-02 2.26084e-02 ... 7.12997e-01 9.49939e-01 2.93658e+00
Step   10 : Displace = [0m2.342e-02[0m/[0m4.502e-02[0m (rms/max) Trust = 2.290e-02 ([92m+[0m) Grad_T = [0m3.966e-04[0m/[0m8.686e-04[0m (rms/max) E (change) = -0.1790388931 ([0m-3.424e-05[0m) Quality = [0m1.012[0m
Constraint                         Current      Target       Diff.
Dihedral 7-8-10-12               -49.37006   -49.36821    -0.00185
Hessian Eigenvalues: 4.95482e-04 2.08528e-02 2.24690e-02 ... 7.46992e-01 9.50216e-01 3.21606e+00
Step   11 : Displace = [0m3.298e-02[0m/[0m6.350e-02[0m (rms/max) Trust = 3.239e-02 ([92m+[0m) Grad_T = [0m5.066e-04[0m/[0m1.106e-03[0m (rms/max) E (change) = -0.1790915017 ([0m-5.261e-05[0m) Quality = [0m1.097[0m
Constraint                         Current      Target       Diff.
Dihedral 7-8-10-12               -49.36989   -49.36821    -0.00168
Eigenvalues below 1.0000e-05 (6.8417e-07) - returning guess
Hessian Eigenvalues: 2.30000e-02 2.30000e-02 2.30000e-02 ... 5.54460e-01 5.73574e-01 9.82935e-01
Step   12 : Displace = [0m3.594e-02[0m/[0m6.887e-02[0m (rms/max) Trust = 4.581e-02 ([92m+[0m) Grad_T = [0m1.599e-03[0m/[0m6.278e-03[0m (rms/max) E (change) = -0.1787468777 ([91m+3.446e-04[0m) Quality = [91m-5.256[0m
Constraint                         Current      Target       Diff.
Dihedral 7-8-10-12               -49.35553   -49.36821     0.01269
[93mRejecting step - quality is lower than -1.0[0m
Hessian Eigenvalues: 2.30000e-02 2.30000e-02 2.30000e-02 ... 5.54460e-01 5.73574e-01 9.82935e-01
Step   13 : Displace = [0m1.825e-02[0m/[0m3.681e-02[0m (rms/max) Trust = 1.797e-02 ([1;91mx[0m) Grad_T = [0m7.882e-04[0m/[0m2.944e-03[0m (rms/max) E (change) = -0.1790177074 ([91m+7.379e-05[0m) Quality = [91m-1.586[0m
Constraint                         Current      Target       Diff.
Dihedral 7-8-10-12               -49.36140   -49.36821     0.00682
[93mRejecting step - quality is lower than -1.0[0m
Hessian Eigenvalues: 2.30000e-02 2.30000e-02 2.30000e-02 ... 5.54460e-01 5.73574e-01 9.82935e-01
Step   14 : Displace = [0m8.933e-03[0m/[0m1.824e-02[0m (rms/max) Trust = 8.985e-03 ([1;91mx[0m) Grad_T = [0m4.391e-04[0m/[0m1.024e-03[0m (rms/max) E (change) = -0.1790902847 ([91m+1.217e-06[0m) Quality = [91m-0.044[0m
Constraint                         Current      Target       Diff.
Dihedral 7-8-10-12               -49.36522   -49.36821     0.00299
Hessian Eigenvalues: 2.26224e-02 2.30000e-02 2.30000e-02 ... 5.72372e-01 9.82335e-01 1.93631e+00
Step   15 : Displace = [0m4.837e-03[0m/[0m9.239e-03[0m (rms/max) Trust = 4.467e-03 ([91m-[0m) Grad_T = [92m2.928e-04[0m/[0m6.820e-04[0m (rms/max) E (change) = -0.1791048020 ([0m-1.452e-05[0m) Quality = [0m0.896[0m
Constraint                         Current      Target       Diff.
Dihedral 7-8-10-12               -49.36707   -49.36821     0.00114
Hessian Eigenvalues: 2.25631e-02 2.29999e-02 2.30000e-02 ... 5.72493e-01 9.82314e-01 1.94166e+00
Step   16 : Displace = [0m6.299e-03[0m/[0m1.271e-02[0m (rms/max) Trust = 6.317e-03 ([92m+[0m) Grad_T = [92m2.591e-04[0m/[0m7.698e-04[0m (rms/max) E (change) = -0.1791180584 ([0m-1.326e-05[0m) Quality = [0m1.196[0m
Hessian Eigenvalues: 3.55618e-03 2.29997e-02 2.30000e-02 ... 5.72927e-01 9.82862e-01 2.36459e+00
Step   17 : Displace = [0m8.924e-03[0m/[0m1.737e-02[0m (rms/max) Trust = 8.933e-03 ([92m+[0m) Grad_T = [92m2.680e-04[0m/[0m8.387e-04[0m (rms/max) E (change) = -0.1791349136 ([0m-1.686e-05[0m) Quality = [0m0.978[0m
Constraint                         Current      Target       Diff.
Dihedral 7-8-10-12               -49.36640   -49.36821     0.00181
Hessian Eigenvalues: 2.11574e-03 2.29334e-02 2.30000e-02 ... 6.86179e-01 9.82999e-01 2.53641e+00
Step   18 : Displace = [0m1.263e-02[0m/[0m2.457e-02[0m (rms/max) Trust = 1.263e-02 ([92m+[0m) Grad_T = [92m2.884e-04[0m/[0m8.684e-04[0m (rms/max) E (change) = -0.1791588884 ([0m-2.397e-05[0m) Quality = [0m1.046[0m
Constraint                         Current      Target       Diff.
Dihedral 7-8-10-12               -49.36698   -49.36821     0.00124
Hessian Eigenvalues: 3.48368e-04 2.29383e-02 2.30000e-02 ... 7.37496e-01 9.85362e-01 2.43302e+00
Step   19 : Displace = [0m1.779e-02[0m/[0m3.435e-02[0m (rms/max) Trust = 1.787e-02 ([92m+[0m) Grad_T = [0m3.115e-04[0m/[0m9.375e-04[0m (rms/max) E (change) = -0.1791936037 ([0m-3.472e-05[0m) Quality = [0m1.019[0m
Hessian Eigenvalues: 1.68471e-04 2.29142e-02 2.30000e-02 ... 9.70516e-01 1.10204e+00 1.59459e+00
Step   20 : Displace = [0m2.448e-02[0m/[0m4.710e-02[0m (rms/max) Trust = 2.527e-02 ([92m+[0m) Grad_T = [0m3.480e-04[0m/[0m1.067e-03[0m (rms/max) E (change) = -0.1792415404 ([0m-4.794e-05[0m) Quality = [0m0.991[0m
Hessian Eigenvalues: 1.42759e-04 2.28793e-02 2.29998e-02 ... 9.77575e-01 1.00653e+00 1.84253e+00
Step   21 : Displace = [0m3.562e-02[0m/[0m6.894e-02[0m (rms/max) Trust = 3.573e-02 ([92m+[0m) Grad_T = [0m3.730e-04[0m/[0m1.218e-03[0m (rms/max) E (change) = -0.1793098452 ([0m-6.830e-05[0m) Quality = [0m0.987[0m
Hessian Eigenvalues: 5.14334e-04 2.20519e-02 2.29336e-02 ... 8.70074e-01 9.79078e-01 1.85565e+00
Step   22 : Displace = [0m4.929e-02[0m/[0m9.634e-02[0m (rms/max) Trust = 5.053e-02 ([92m+[0m) Grad_T = [0m3.332e-04[0m/[0m9.600e-04[0m (rms/max) E (change) = -0.1793983232 ([0m-8.848e-05[0m) Quality = [0m0.968[0m
Constraint                         Current      Target       Diff.
Dihedral 7-8-10-12               -49.36567   -49.36821     0.00254
Hessian Eigenvalues: 1.18326e-03 1.78871e-02 2.29151e-02 ... 7.90666e-01 9.78480e-01 1.85606e+00
Step   23 : Displace = [0m6.990e-02[0m/[0m1.395e-01[0m (rms/max) Trust = 7.146e-02 ([92m+[0m) Grad_T = [0m4.320e-04[0m/[0m1.239e-03[0m (rms/max) E (change) = -0.1794808869 ([0m-8.256e-05[0m) Quality = [0m0.825[0m
Constraint                         Current      Target       Diff.
Dihedral 7-8-10-12               -49.36421   -49.36821     0.00401
Hessian Eigenvalues: 2.03784e-03 1.67768e-02 2.29147e-02 ... 7.79287e-01 9.78463e-01 1.85275e+00
Step   24 : Displace = [0m5.732e-02[0m/[0m1.185e-01[0m (rms/max) Trust = 1.011e-01 ([92m+[0m) Grad_T = [0m6.649e-04[0m/[0m2.001e-03[0m (rms/max) E (change) = -0.1794770710 ([91m+3.816e-06[0m) Quality = [91m-0.111[0m
Constraint                         Current      Target       Diff.
Dihedral 7-8-10-12               -49.35870   -49.36821     0.00951
Hessian Eigenvalues: 2.82910e-03 1.60097e-02 2.28290e-02 ... 7.80906e-01 9.78576e-01 1.80699e+00
Step   25 : Displace = [0m2.636e-02[0m/[0m5.123e-02[0m (rms/max) Trust = 2.866e-02 ([91m-[0m) Grad_T = [92m1.982e-04[0m/[0m4.878e-04[0m (rms/max) E (change) = -0.1795019986 ([0m-2.493e-05[0m) Quality = [0m0.921[0m
Constraint                         Current      Target       Diff.
Dihedral 7-8-10-12               -49.36509   -49.36821     0.00313
Hessian Eigenvalues: 2.65284e-03 1.74585e-02 2.25895e-02 ... 7.79635e-01 9.78378e-01 1.83871e+00
Step   26 : Displace = [0m5.849e-03[0m/[0m1.085e-02[0m (rms/max) Trust = 4.053e-02 ([92m+[0m) Grad_T = [0m3.901e-04[0m/[0m9.371e-04[0m (rms/max) E (change) = -0.1794960623 ([91m+5.936e-06[0m) Quality = [91m-1.287[0m
Constraint                         Current      Target       Diff.
Dihedral 7-8-10-12               -49.36571   -49.36821     0.00251
[93mRejecting step - quality is lower than -1.0[0m
Hessian Eigenvalues: 2.65284e-03 1.74585e-02 2.25895e-02 ... 7.79635e-01 9.78378e-01 1.83871e+00
Step   27 : Displace = [0m3.150e-03[0m/[0m5.411e-03[0m (rms/max) Trust = 2.924e-03 ([1;91mx[0m) Grad_T = [92m1.993e-04[0m/[0m5.452e-04[0m (rms/max) E (change) = -0.1795020431 ([92m-4.446e-08[0m) Quality = [0m0.012[0m
Constraint                         Current      Target       Diff.
Dihedral 7-8-10-12               -49.36592   -49.36821     0.00229
Hessian Eigenvalues: 2.67963e-03 2.10934e-02 2.28949e-02 ... 7.87302e-01 9.77253e-01 1.90979e+00
Step   28 : Displace = [0m1.469e-03[0m/[0m2.652e-03[0m (rms/max) Trust = 1.462e-03 ([91m-[0m) Grad_T = [92m3.517e-05[0m/[92m9.497e-05[0m (rms/max) E (change) = -0.1795041549 ([0m-2.112e-06[0m) Quality = [0m1.007[0m
Constraint                         Current      Target       Diff.
Dihedral 7-8-10-12               -49.36609   -49.36821     0.00213
Hessian Eigenvalues: 2.68179e-03 2.03532e-02 2.27107e-02 ... 7.89975e-01 9.77580e-01 1.92127e+00
Step   29 : Displace = [92m8.548e-04[0m/[92m1.688e-03[0m (rms/max) Trust = 2.068e-03 ([92m+[0m) Grad_T = [92m2.093e-05[0m/[92m4.818e-05[0m (rms/max) E (change) = -0.1795045841 ([92m-4.292e-07[0m) Quality = [0m1.361[0m
Constraint                         Current      Target       Diff.
Dihedral 7-8-10-12               -49.36694   -49.36821     0.00128
Hessian Eigenvalues: 2.68179e-03 2.03532e-02 2.27107e-02 ... 7.89975e-01 9.77580e-01 1.92127e+00
Converged! =D

    #==========================================================================#
    #| If this code has benefited your research, please support us by citing: |#
    #|                                                                        |#
    #| Wang, L.-P.; Song, C.C. (2016) "Geometry optimization made simple with |#
    #| translation and rotation coordinates", J. Chem, Phys. 144, 214108.     |#
    #| http://dx.doi.org/10.1063/1.4952956                                    |#
    #==========================================================================#
    Time elapsed since start of run_optimizer: 8.099 seconds
