geometric-optimize called with the following command line:
/opt/software/geometric/bin/geometric-optimize --ase-class=ase.calculators.amber.Amber --ase-kwargs={"amber_exe":"sander -O ", "infile":"mdin", "outfile":"dh_6-7-9-11_004.out", "topologyfile":"prmtop", "incoordfile":"dh_6-7-9-11_004.rst7"} --engine ase dh_6-7-9-11_004.xyz constraints.txt

                                        [91m())))))))))))))))/[0m                     
                                    [91m())))))))))))))))))))))))),[0m                
                                [91m*)))))))))))))))))))))))))))))))))[0m             
                        [94m#,[0m    [91m()))))))))/[0m                [91m.)))))))))),[0m          
                      [94m#%%%%,[0m  [91m())))))[0m                        [91m.))))))))*[0m        
                      [94m*%%%%%%,[0m  [91m))[0m              [93m..[0m              [91m,))))))).[0m      
                        [94m*%%%%%%,[0m         [93m***************/.[0m        [91m.)))))))[0m     
                [94m#%%/[0m      [94m(%%%%%%,[0m    [93m/*********************.[0m       [91m)))))))[0m    
              [94m.%%%%%%#[0m      [94m*%%%%%%,[0m  [93m*******/,[0m     [93m**********,[0m      [91m.))))))[0m   
                [94m.%%%%%%/[0m      [94m*%%%%%%,[0m  [93m**[0m              [93m********[0m      [91m.))))))[0m  
          [94m##[0m      [94m.%%%%%%/[0m      [94m(%%%%%%,[0m                  [93m,******[0m      [91m/)))))[0m  
        [94m%%%%%%[0m      [94m.%%%%%%#[0m      [94m*%%%%%%,[0m    [92m,/////.[0m       [93m******[0m      [91m))))))[0m 
      [94m#%[0m      [94m%%[0m      [94m.%%%%%%/[0m      [94m*%%%%%%,[0m  [92m////////,[0m      [93m*****/[0m     [91m,)))))[0m 
    [94m#%%[0m  [94m%%%[0m  [94m%%%#[0m      [94m.%%%%%%/[0m      [94m(%%%%%%,[0m  [92m///////.[0m     [93m/*****[0m      [91m))))).[0m
  [94m#%%%%.[0m      [94m%%%%%#[0m      [94m/%%%%%%*[0m      [94m#%%%%%%[0m   [92m/////)[0m     [93m******[0m      [91m))))),[0m
    [94m#%%%%##%[0m  [94m%%%#[0m      [94m.%%%%%%/[0m      [94m(%%%%%%,[0m  [92m///////.[0m     [93m/*****[0m      [91m))))).[0m
      [94m##[0m     [94m%%%[0m      [94m.%%%%%%/[0m      [94m*%%%%%%,[0m  [92m////////.[0m      [93m*****/[0m     [91m,)))))[0m 
        [94m#%%%%#[0m      [94m/%%%%%%/[0m      [94m(%%%%%%[0m      [92m/)/)//[0m       [93m******[0m      [91m))))))[0m 
          [94m##[0m      [94m.%%%%%%/[0m      [94m(%%%%%%,[0m                  [93m*******[0m      [91m))))))[0m  
                [94m.%%%%%%/[0m      [94m*%%%%%%,[0m  [93m**.[0m             [93m/*******[0m      [91m.))))))[0m  
              [94m*%%%%%%/[0m      [94m(%%%%%%[0m   [93m********/*..,*/*********[0m       [91m*))))))[0m   
                [94m#%%/[0m      [94m(%%%%%%,[0m    [93m*********************/[0m        [91m)))))))[0m    
                        [94m*%%%%%%,[0m         [93m,**************/[0m         [91m,))))))/[0m     
                      [94m(%%%%%%[0m   [91m()[0m                              [91m))))))))[0m       
                      [94m#%%%%,[0m  [91m())))))[0m                        [91m,)))))))),[0m        
                        [94m#,[0m    [91m())))))))))[0m                [91m,)))))))))).[0m          
                                 [91m()))))))))))))))))))))))))))))))/[0m             
                                    [91m())))))))))))))))))))))))).[0m                
                                         [91m())))))))))))))),[0m                     

-=# [1;94m geomeTRIC started. Version: 1.0+41.ga67ca54 [0m #=-
Current date and time: 2024-02-21 09:21:15
ASE-Calculator engine selected. 
   ASE  calculator:ase.calculators.amber.Amber
   ASE calc kwargs:{"amber_exe":"sander -O ", "infile":"mdin", "outfile":"dh_6-7-9-11_004.out", "topologyfile":"prmtop", "incoordfile":"dh_6-7-9-11_004.rst7"}
$freeze
dihedral 7 8 10 12
Bonds will be generated from interatomic distances less than 1.20 times sum of covalent radii
84 internal coordinates being used (instead of 84 Cartesians)
Internal coordinate system (atoms numbered from 1):
Dihedral 7-8-10-12
Distance 1-2
Distance 1-6
Distance 1-25
Distance 2-3
Distance 2-16
Distance 3-4
Distance 3-17
Distance 4-5
Distance 5-6
Distance 5-7
Distance 6-18
Distance 7-8
Distance 7-19
Distance 8-9
Distance 8-10
Distance 10-11
Distance 10-12
Distance 10-14
Distance 11-12
Distance 11-20
Distance 11-21
Distance 12-13
Distance 12-15
Distance 13-22
Distance 13-23
Distance 13-24
Distance 25-26
Distance 25-27
Distance 25-28
Angle 2-1-25
Angle 6-1-25
Angle 1-2-16
Angle 3-2-16
Angle 2-3-17
Angle 4-3-17
Angle 3-4-5
Angle 4-5-7
Angle 6-5-7
Angle 1-6-18
Angle 5-6-18
Angle 5-7-19
Angle 8-7-19
Angle 7-8-10
Angle 9-8-10
Angle 8-10-11
Angle 8-10-14
Angle 11-10-12
Angle 11-10-14
Angle 12-10-14
Angle 10-11-12
Angle 10-11-20
Angle 10-11-21
Angle 12-11-21
Angle 20-11-21
Angle 10-12-11
Angle 10-12-13
Angle 10-12-15
Angle 11-12-13
Angle 11-12-15
Angle 13-12-15
Angle 12-13-22
Angle 12-13-23
Angle 12-13-24
Angle 22-13-23
Angle 22-13-24
Angle 23-13-24
Angle 1-25-26
Angle 1-25-27
Angle 1-25-28
Angle 26-25-27
Angle 26-25-28
Angle 27-25-28
Out-of-Plane 1-2-6-25
Out-of-Plane 2-1-3-16
Out-of-Plane 3-2-4-17
Out-of-Plane 5-4-6-7
Out-of-Plane 6-1-5-18
Out-of-Plane 7-5-8-19
Out-of-Plane 8-7-9-10
Out-of-Plane 10-8-12-14
Out-of-Plane 11-12-20-21
Dihedral 6-1-2-3
Dihedral 6-1-2-16
Dihedral 25-1-2-3
Dihedral 25-1-2-16
Dihedral 2-1-6-5
Dihedral 2-1-6-18
Dihedral 25-1-6-5
Dihedral 25-1-6-18
Dihedral 2-1-25-26
Dihedral 2-1-25-27
Dihedral 2-1-25-28
Dihedral 6-1-25-26
Dihedral 6-1-25-27
Dihedral 6-1-25-28
Dihedral 1-2-3-4
Dihedral 1-2-3-17
Dihedral 16-2-3-4
Dihedral 16-2-3-17
Dihedral 2-3-4-5
Dihedral 17-3-4-5
Dihedral 3-4-5-6
Dihedral 3-4-5-7
Dihedral 4-5-6-1
Dihedral 4-5-6-18
Dihedral 7-5-6-1
Dihedral 7-5-6-18
Dihedral 4-5-7-8
Dihedral 4-5-7-19
Dihedral 6-5-7-8
Dihedral 6-5-7-19
Dihedral 5-7-8-9
Dihedral 5-7-8-10
Dihedral 19-7-8-9
Dihedral 19-7-8-10
Dihedral 7-8-10-11
Dihedral 7-8-10-14
Dihedral 9-8-10-11
Dihedral 9-8-10-12
Dihedral 9-8-10-14
Dihedral 8-10-11-12
Dihedral 8-10-11-20
Dihedral 8-10-11-21
Dihedral 12-10-11-20
Dihedral 12-10-11-21
Dihedral 14-10-11-12
Dihedral 14-10-11-20
Dihedral 14-10-11-21
Dihedral 8-10-12-11
Dihedral 8-10-12-13
Dihedral 8-10-12-15
Dihedral 11-10-12-13
Dihedral 11-10-12-15
Dihedral 14-10-12-11
Dihedral 14-10-12-13
Dihedral 14-10-12-15
Dihedral 10-11-12-13
Dihedral 10-11-12-15
Dihedral 20-11-12-10
Dihedral 20-11-12-13
Dihedral 20-11-12-15
Dihedral 21-11-12-10
Dihedral 21-11-12-13
Dihedral 21-11-12-15
Dihedral 10-12-13-22
Dihedral 10-12-13-23
Dihedral 10-12-13-24
Dihedral 11-12-13-22
Dihedral 11-12-13-23
Dihedral 11-12-13-24
Dihedral 15-12-13-22
Dihedral 15-12-13-23
Dihedral 15-12-13-24
Translation-X 1-28
Translation-Y 1-28
Translation-Z 1-28
Rotation-A 1-28
Rotation-B 1-28
Rotation-C 1-28
<class 'geometric.internal.Dihedral'> : 73
<class 'geometric.internal.Distance'> : 29
<class 'geometric.internal.Angle'> : 43
<class 'geometric.internal.OutOfPlane'> : 9
<class 'geometric.internal.TranslationX'> : 1
<class 'geometric.internal.TranslationY'> : 1
<class 'geometric.internal.TranslationZ'> : 1
<class 'geometric.internal.RotationA'> : 1
<class 'geometric.internal.RotationB'> : 1
<class 'geometric.internal.RotationC'> : 1
Constraint                         Current      Target       Diff.
Dihedral 7-8-10-12              -172.79696  -172.79696     0.00000
> ===== Optimization Info: ====
> Job type: Energy minimization
> Maximum number of optimization cycles: 300
> Initial / maximum trust radius (Angstrom): 0.100 / 0.300
> Convergence Criteria:
> Will converge when all 5 criteria are reached:
>  |Delta-E| < 1.00e-06
>  RMS-Ortho-Grad < 3.00e-04
>  Max-Ortho-Grad < 4.50e-04
>  RMS-Disp  < 1.20e-03
>  Max-Disp  < 1.80e-03
> 
> Constraints are requested. The following criterion is added:
>  Max Constraint Violation (in Angstroms/degrees) < 1.00e-02 
> === End Optimization Info ===
Step    0 : Gradient = 9.513e-03/1.857e-02 (rms/max) Energy = -0.1727829195
Hessian Eigenvalues: 2.30000e-02 2.30000e-02 2.30000e-02 ... 5.73040e-01 5.82401e-01 9.43325e-01
Step    1 : Displace = [0m1.002e-01[0m/[0m1.709e-01[0m (rms/max) Trust = 1.000e-01 (=) Grad_T = [0m7.941e-03[0m/[0m1.841e-02[0m (rms/max) E (change) = -0.1753983235 ([0m-2.615e-03[0m) Quality = [0m0.409[0m
Hessian Eigenvalues: 2.29905e-02 2.30000e-02 2.30000e-02 ... 5.80981e-01 9.22771e-01 2.74501e+00
Step    2 : Displace = [0m1.001e-01[0m/[0m2.763e-01[0m (rms/max) Trust = 1.000e-01 (=) Grad_T = [0m6.050e-03[0m/[0m1.551e-02[0m (rms/max) E (change) = -0.1749886121 ([91m+4.097e-04[0m) Quality = [91m-0.065[0m
Constraint                         Current      Target       Diff.
Dihedral 7-8-10-12              -172.76994  -172.79696     0.02702
Hessian Eigenvalues: 2.28737e-02 2.29991e-02 2.30000e-02 ... 5.80237e-01 9.19594e-01 2.76182e+00
Step    3 : Displace = [0m5.328e-02[0m/[0m1.167e-01[0m (rms/max) Trust = 5.000e-02 ([91m-[0m) Grad_T = [0m2.650e-03[0m/[0m7.619e-03[0m (rms/max) E (change) = -0.1779406247 ([0m-2.952e-03[0m) Quality = [0m1.061[0m
Constraint                         Current      Target       Diff.
Dihedral 7-8-10-12              -172.80250  -172.79696    -0.00554
Hessian Eigenvalues: 2.27728e-02 2.29988e-02 2.30000e-02 ... 5.81206e-01 9.19778e-01 2.76900e+00
Step    4 : Displace = [0m7.524e-02[0m/[0m1.752e-01[0m (rms/max) Trust = 7.071e-02 ([92m+[0m) Grad_T = [0m2.871e-03[0m/[0m8.329e-03[0m (rms/max) E (change) = -0.1780820935 ([0m-1.415e-04[0m) Quality = [0m0.099[0m
Constraint                         Current      Target       Diff.
Dihedral 7-8-10-12              -172.80567  -172.79696    -0.00871
Hessian Eigenvalues: 2.26639e-02 2.29624e-02 2.30000e-02 ... 5.92456e-01 9.19967e-01 2.78513e+00
Step    5 : Displace = [0m3.802e-02[0m/[0m9.641e-02[0m (rms/max) Trust = 3.536e-02 ([91m-[0m) Grad_T = [0m9.298e-04[0m/[0m2.073e-03[0m (rms/max) E (change) = -0.1787912721 ([0m-7.092e-04[0m) Quality = [0m0.982[0m
Constraint                         Current      Target       Diff.
Dihedral 7-8-10-12              -172.80496  -172.79696    -0.00800
Hessian Eigenvalues: 2.00252e-02 2.29632e-02 2.30000e-02 ... 5.88665e-01 9.20430e-01 2.78168e+00
Step    6 : Displace = [0m2.593e-02[0m/[0m6.361e-02[0m (rms/max) Trust = 5.000e-02 ([92m+[0m) Grad_T = [0m1.787e-03[0m/[0m4.684e-03[0m (rms/max) E (change) = -0.1788277275 ([0m-3.646e-05[0m) Quality = [0m0.287[0m
Constraint                         Current      Target       Diff.
Dihedral 7-8-10-12              -172.80775  -172.79696    -0.01079
Hessian Eigenvalues: 1.07066e-02 2.28497e-02 2.30000e-02 ... 7.31883e-01 9.20117e-01 2.78323e+00
Step    7 : Displace = [0m2.520e-02[0m/[0m6.355e-02[0m (rms/max) Trust = 5.000e-02 (=) Grad_T = [0m5.805e-04[0m/[0m1.711e-03[0m (rms/max) E (change) = -0.1790162746 ([0m-1.885e-04[0m) Quality = [0m1.318[0m
Constraint                         Current      Target       Diff.
Dihedral 7-8-10-12              -172.80658  -172.79696    -0.00962
Hessian Eigenvalues: 6.66407e-03 2.27031e-02 2.30000e-02 ... 7.38399e-01 9.19976e-01 2.78384e+00
Step    8 : Displace = [0m2.956e-02[0m/[0m7.698e-02[0m (rms/max) Trust = 7.071e-02 ([92m+[0m) Grad_T = [0m8.908e-04[0m/[0m1.801e-03[0m (rms/max) E (change) = -0.1790943099 ([0m-7.804e-05[0m) Quality = [0m1.028[0m
Constraint                         Current      Target       Diff.
Dihedral 7-8-10-12              -172.80531  -172.79696    -0.00835
Hessian Eigenvalues: 3.10597e-03 2.14765e-02 2.30000e-02 ... 8.39694e-01 9.20095e-01 2.77616e+00
Step    9 : Displace = [0m3.898e-02[0m/[0m1.088e-01[0m (rms/max) Trust = 1.000e-01 ([92m+[0m) Grad_T = [0m1.121e-03[0m/[0m2.923e-03[0m (rms/max) E (change) = -0.1791461490 ([0m-5.184e-05[0m) Quality = [0m0.686[0m
Constraint                         Current      Target       Diff.
Dihedral 7-8-10-12              -172.81696  -172.79696    -0.02000
Hessian Eigenvalues: 2.66951e-03 2.00700e-02 2.30000e-02 ... 8.02804e-01 9.20038e-01 2.78332e+00
Step   10 : Displace = [0m1.074e-02[0m/[0m2.519e-02[0m (rms/max) Trust = 1.000e-01 (=) Grad_T = [0m6.792e-04[0m/[0m1.980e-03[0m (rms/max) E (change) = -0.1792276179 ([0m-8.147e-05[0m) Quality = [0m1.510[0m
Constraint                         Current      Target       Diff.
Dihedral 7-8-10-12              -172.80826  -172.79696    -0.01130
Hessian Eigenvalues: 2.02043e-03 1.22527e-02 2.28821e-02 ... 7.59337e-01 9.20164e-01 2.79450e+00
Step   11 : Displace = [0m3.157e-02[0m/[0m6.388e-02[0m (rms/max) Trust = 1.414e-01 ([92m+[0m) Grad_T = [0m6.451e-04[0m/[0m1.659e-03[0m (rms/max) E (change) = -0.1793325157 ([0m-1.049e-04[0m) Quality = [0m1.140[0m
Hessian Eigenvalues: 1.39738e-03 1.09285e-02 2.26472e-02 ... 8.55411e-01 9.20933e-01 2.82426e+00
Step   12 : Displace = [0m3.613e-02[0m/[0m8.102e-02[0m (rms/max) Trust = 2.000e-01 ([92m+[0m) Grad_T = [0m5.354e-04[0m/[0m1.247e-03[0m (rms/max) E (change) = -0.1793792467 ([0m-4.673e-05[0m) Quality = [0m1.345[0m
Constraint                         Current      Target       Diff.
Dihedral 7-8-10-12              -172.79574  -172.79696     0.00122
Hessian Eigenvalues: 1.10026e-03 9.50313e-03 2.14311e-02 ... 7.67808e-01 9.20012e-01 2.62280e+00
Step   13 : Displace = [0m4.318e-02[0m/[0m8.091e-02[0m (rms/max) Trust = 2.828e-01 ([92m+[0m) Grad_T = [0m4.143e-04[0m/[0m8.685e-04[0m (rms/max) E (change) = -0.1794333137 ([0m-5.407e-05[0m) Quality = [0m1.525[0m
Constraint                         Current      Target       Diff.
Dihedral 7-8-10-12              -172.79224  -172.79696     0.00472
Hessian Eigenvalues: 1.00779e-03 7.01306e-03 1.75267e-02 ... 7.82224e-01 9.20376e-01 2.39539e+00
Step   14 : Displace = [0m6.741e-02[0m/[0m1.268e-01[0m (rms/max) Trust = 3.000e-01 ([92m+[0m) Grad_T = [0m6.448e-04[0m/[0m1.702e-03[0m (rms/max) E (change) = -0.1795056658 ([0m-7.235e-05[0m) Quality = [0m1.326[0m
Constraint                         Current      Target       Diff.
Dihedral 7-8-10-12              -172.78773  -172.79696     0.00923
Hessian Eigenvalues: 1.28081e-03 4.69205e-03 1.43989e-02 ... 8.61813e-01 9.22133e-01 2.22958e+00
Step   15 : Displace = [0m3.792e-02[0m/[0m7.369e-02[0m (rms/max) Trust = 3.000e-01 (=) Grad_T = [0m7.491e-04[0m/[0m1.777e-03[0m (rms/max) E (change) = -0.1795719289 ([0m-6.626e-05[0m) Quality = [0m1.508[0m
Constraint                         Current      Target       Diff.
Dihedral 7-8-10-12              -172.78808  -172.79696     0.00888
Hessian Eigenvalues: 1.31702e-03 2.78993e-03 1.22814e-02 ... 8.41092e-01 9.20566e-01 2.19297e+00
Step   16 : Displace = [0m5.115e-02[0m/[0m9.881e-02[0m (rms/max) Trust = 3.000e-01 (=) Grad_T = [0m5.376e-04[0m/[0m1.166e-03[0m (rms/max) E (change) = -0.1796497994 ([0m-7.787e-05[0m) Quality = [0m1.331[0m
Constraint                         Current      Target       Diff.
Dihedral 7-8-10-12              -172.79033  -172.79696     0.00663
Hessian Eigenvalues: 1.28846e-03 2.42558e-03 1.16590e-02 ... 7.71508e-01 9.19886e-01 2.20339e+00
Step   17 : Displace = [0m1.612e-02[0m/[0m5.050e-02[0m (rms/max) Trust = 3.000e-01 (=) Grad_T = [92m2.891e-04[0m/[0m6.821e-04[0m (rms/max) E (change) = -0.1796806361 ([0m-3.084e-05[0m) Quality = [0m1.001[0m
Constraint                         Current      Target       Diff.
Dihedral 7-8-10-12              -172.79466  -172.79696     0.00230
Hessian Eigenvalues: 1.76494e-03 2.23279e-03 1.09110e-02 ... 7.62792e-01 9.19874e-01 2.39838e+00
Step   18 : Displace = [0m4.057e-02[0m/[0m7.844e-02[0m (rms/max) Trust = 3.000e-01 (=) Grad_T = [92m2.920e-04[0m/[0m6.850e-04[0m (rms/max) E (change) = -0.1796916144 ([0m-1.098e-05[0m) Quality = [0m0.513[0m
Hessian Eigenvalues: 1.92112e-03 3.65447e-03 1.02410e-02 ... 7.90305e-01 9.20333e-01 2.50222e+00
Step   19 : Displace = [0m1.975e-02[0m/[0m3.874e-02[0m (rms/max) Trust = 3.000e-01 (=) Grad_T = [92m1.356e-04[0m/[92m3.074e-04[0m (rms/max) E (change) = -0.1797031482 ([0m-1.153e-05[0m) Quality = [0m1.156[0m
Constraint                         Current      Target       Diff.
Dihedral 7-8-10-12              -172.79857  -172.79696    -0.00161
Hessian Eigenvalues: 1.94727e-03 3.98207e-03 1.00895e-02 ... 7.51147e-01 9.19678e-01 2.46878e+00
Step   20 : Displace = [92m1.125e-03[0m/[0m2.773e-03[0m (rms/max) Trust = 3.000e-01 (=) Grad_T = [92m5.542e-05[0m/[92m1.132e-04[0m (rms/max) E (change) = -0.1797050169 ([0m-1.869e-06[0m) Quality = [0m1.312[0m
Constraint                         Current      Target       Diff.
Dihedral 7-8-10-12              -172.79870  -172.79696    -0.00174
Hessian Eigenvalues: 1.92678e-03 4.11013e-03 8.64079e-03 ... 7.38707e-01 9.19960e-01 2.45704e+00
Step   21 : Displace = [0m2.809e-03[0m/[0m5.151e-03[0m (rms/max) Trust = 3.000e-01 (=) Grad_T = [92m1.795e-05[0m/[92m4.164e-05[0m (rms/max) E (change) = -0.1797055232 ([92m-5.063e-07[0m) Quality = [0m1.128[0m
Constraint                         Current      Target       Diff.
Dihedral 7-8-10-12              -172.79853  -172.79696    -0.00157
Hessian Eigenvalues: 1.90980e-03 3.84530e-03 8.70041e-03 ... 7.56700e-01 9.20198e-01 2.45320e+00
Step   22 : Displace = [92m1.033e-03[0m/[0m1.940e-03[0m (rms/max) Trust = 3.000e-01 (=) Grad_T = [92m8.546e-06[0m/[92m1.799e-05[0m (rms/max) E (change) = -0.1797056213 ([92m-9.817e-08[0m) Quality = [0m1.104[0m
Constraint                         Current      Target       Diff.
Dihedral 7-8-10-12              -172.79798  -172.79696    -0.00102
Hessian Eigenvalues: 1.92259e-03 3.84965e-03 8.74134e-03 ... 7.40322e-01 9.19239e-01 2.47391e+00
Step   23 : Displace = [92m2.715e-04[0m/[92m5.353e-04[0m (rms/max) Trust = 3.000e-01 (=) Grad_T = [92m3.802e-06[0m/[92m9.697e-06[0m (rms/max) E (change) = -0.1797056668 ([92m-4.542e-08[0m) Quality = [0m1.061[0m
Hessian Eigenvalues: 1.92259e-03 3.84965e-03 8.74134e-03 ... 7.40322e-01 9.19239e-01 2.47391e+00
Converged! =D

    #==========================================================================#
    #| If this code has benefited your research, please support us by citing: |#
    #|                                                                        |#
    #| Wang, L.-P.; Song, C.C. (2016) "Geometry optimization made simple with |#
    #| translation and rotation coordinates", J. Chem, Phys. 144, 214108.     |#
    #| http://dx.doi.org/10.1063/1.4952956                                    |#
    #==========================================================================#
    Time elapsed since start of run_optimizer: 5.484 seconds
