geometric-optimize called with the following command line:
/opt/software/geometric/bin/geometric-optimize --ase-class=ase.calculators.amber.Amber --ase-kwargs={"amber_exe":"sander -O ", "infile":"mdin", "outfile":"dh_6-7-9-11_010.out", "topologyfile":"prmtop", "incoordfile":"dh_6-7-9-11_010.rst7"} --engine ase dh_6-7-9-11_010.xyz constraints.txt

                                        [91m())))))))))))))))/[0m                     
                                    [91m())))))))))))))))))))))))),[0m                
                                [91m*)))))))))))))))))))))))))))))))))[0m             
                        [94m#,[0m    [91m()))))))))/[0m                [91m.)))))))))),[0m          
                      [94m#%%%%,[0m  [91m())))))[0m                        [91m.))))))))*[0m        
                      [94m*%%%%%%,[0m  [91m))[0m              [93m..[0m              [91m,))))))).[0m      
                        [94m*%%%%%%,[0m         [93m***************/.[0m        [91m.)))))))[0m     
                [94m#%%/[0m      [94m(%%%%%%,[0m    [93m/*********************.[0m       [91m)))))))[0m    
              [94m.%%%%%%#[0m      [94m*%%%%%%,[0m  [93m*******/,[0m     [93m**********,[0m      [91m.))))))[0m   
                [94m.%%%%%%/[0m      [94m*%%%%%%,[0m  [93m**[0m              [93m********[0m      [91m.))))))[0m  
          [94m##[0m      [94m.%%%%%%/[0m      [94m(%%%%%%,[0m                  [93m,******[0m      [91m/)))))[0m  
        [94m%%%%%%[0m      [94m.%%%%%%#[0m      [94m*%%%%%%,[0m    [92m,/////.[0m       [93m******[0m      [91m))))))[0m 
      [94m#%[0m      [94m%%[0m      [94m.%%%%%%/[0m      [94m*%%%%%%,[0m  [92m////////,[0m      [93m*****/[0m     [91m,)))))[0m 
    [94m#%%[0m  [94m%%%[0m  [94m%%%#[0m      [94m.%%%%%%/[0m      [94m(%%%%%%,[0m  [92m///////.[0m     [93m/*****[0m      [91m))))).[0m
  [94m#%%%%.[0m      [94m%%%%%#[0m      [94m/%%%%%%*[0m      [94m#%%%%%%[0m   [92m/////)[0m     [93m******[0m      [91m))))),[0m
    [94m#%%%%##%[0m  [94m%%%#[0m      [94m.%%%%%%/[0m      [94m(%%%%%%,[0m  [92m///////.[0m     [93m/*****[0m      [91m))))).[0m
      [94m##[0m     [94m%%%[0m      [94m.%%%%%%/[0m      [94m*%%%%%%,[0m  [92m////////.[0m      [93m*****/[0m     [91m,)))))[0m 
        [94m#%%%%#[0m      [94m/%%%%%%/[0m      [94m(%%%%%%[0m      [92m/)/)//[0m       [93m******[0m      [91m))))))[0m 
          [94m##[0m      [94m.%%%%%%/[0m      [94m(%%%%%%,[0m                  [93m*******[0m      [91m))))))[0m  
                [94m.%%%%%%/[0m      [94m*%%%%%%,[0m  [93m**.[0m             [93m/*******[0m      [91m.))))))[0m  
              [94m*%%%%%%/[0m      [94m(%%%%%%[0m   [93m********/*..,*/*********[0m       [91m*))))))[0m   
                [94m#%%/[0m      [94m(%%%%%%,[0m    [93m*********************/[0m        [91m)))))))[0m    
                        [94m*%%%%%%,[0m         [93m,**************/[0m         [91m,))))))/[0m     
                      [94m(%%%%%%[0m   [91m()[0m                              [91m))))))))[0m       
                      [94m#%%%%,[0m  [91m())))))[0m                        [91m,)))))))),[0m        
                        [94m#,[0m    [91m())))))))))[0m                [91m,)))))))))).[0m          
                                 [91m()))))))))))))))))))))))))))))))/[0m             
                                    [91m())))))))))))))))))))))))).[0m                
                                         [91m())))))))))))))),[0m                     

-=# [1;94m geomeTRIC started. Version: 1.0+41.ga67ca54 [0m #=-
Current date and time: 2024-02-21 09:21:55
ASE-Calculator engine selected. 
   ASE  calculator:ase.calculators.amber.Amber
   ASE calc kwargs:{"amber_exe":"sander -O ", "infile":"mdin", "outfile":"dh_6-7-9-11_010.out", "topologyfile":"prmtop", "incoordfile":"dh_6-7-9-11_010.rst7"}
$freeze
dihedral 7 8 10 12
Bonds will be generated from interatomic distances less than 1.20 times sum of covalent radii
84 internal coordinates being used (instead of 84 Cartesians)
Internal coordinate system (atoms numbered from 1):
Dihedral 7-8-10-12
Distance 1-2
Distance 1-6
Distance 1-25
Distance 2-3
Distance 2-16
Distance 3-4
Distance 3-17
Distance 4-5
Distance 5-6
Distance 5-7
Distance 6-18
Distance 7-8
Distance 7-19
Distance 8-9
Distance 8-10
Distance 10-11
Distance 10-12
Distance 10-14
Distance 11-12
Distance 11-20
Distance 11-21
Distance 12-13
Distance 12-15
Distance 13-22
Distance 13-23
Distance 13-24
Distance 25-26
Distance 25-27
Distance 25-28
Angle 2-1-25
Angle 6-1-25
Angle 1-2-16
Angle 3-2-16
Angle 2-3-17
Angle 4-3-17
Angle 3-4-5
Angle 4-5-7
Angle 6-5-7
Angle 1-6-18
Angle 5-6-18
Angle 5-7-19
Angle 8-7-19
Angle 7-8-10
Angle 9-8-10
Angle 8-10-11
Angle 8-10-12
Angle 8-10-14
Angle 11-10-12
Angle 11-10-14
Angle 12-10-14
Angle 10-11-12
Angle 10-11-20
Angle 10-11-21
Angle 12-11-20
Angle 12-11-21
Angle 20-11-21
Angle 10-12-11
Angle 10-12-13
Angle 10-12-15
Angle 11-12-13
Angle 11-12-15
Angle 13-12-15
Angle 12-13-22
Angle 12-13-23
Angle 12-13-24
Angle 22-13-23
Angle 22-13-24
Angle 23-13-24
Angle 1-25-26
Angle 1-25-27
Angle 1-25-28
Angle 26-25-27
Angle 26-25-28
Angle 27-25-28
Out-of-Plane 1-2-6-25
Out-of-Plane 2-1-3-16
Out-of-Plane 3-2-4-17
Out-of-Plane 5-4-6-7
Out-of-Plane 6-1-5-18
Out-of-Plane 7-5-8-19
Out-of-Plane 8-7-9-10
Dihedral 6-1-2-3
Dihedral 6-1-2-16
Dihedral 25-1-2-3
Dihedral 25-1-2-16
Dihedral 2-1-6-5
Dihedral 2-1-6-18
Dihedral 25-1-6-5
Dihedral 25-1-6-18
Dihedral 2-1-25-26
Dihedral 2-1-25-27
Dihedral 2-1-25-28
Dihedral 6-1-25-26
Dihedral 6-1-25-27
Dihedral 6-1-25-28
Dihedral 1-2-3-4
Dihedral 1-2-3-17
Dihedral 16-2-3-4
Dihedral 16-2-3-17
Dihedral 2-3-4-5
Dihedral 17-3-4-5
Dihedral 3-4-5-6
Dihedral 3-4-5-7
Dihedral 4-5-6-1
Dihedral 4-5-6-18
Dihedral 7-5-6-1
Dihedral 7-5-6-18
Dihedral 4-5-7-8
Dihedral 4-5-7-19
Dihedral 6-5-7-8
Dihedral 6-5-7-19
Dihedral 5-7-8-9
Dihedral 5-7-8-10
Dihedral 19-7-8-9
Dihedral 19-7-8-10
Dihedral 7-8-10-11
Dihedral 7-8-10-14
Dihedral 9-8-10-11
Dihedral 9-8-10-12
Dihedral 9-8-10-14
Dihedral 8-10-11-12
Dihedral 8-10-11-20
Dihedral 8-10-11-21
Dihedral 12-10-11-20
Dihedral 12-10-11-21
Dihedral 14-10-11-12
Dihedral 14-10-11-20
Dihedral 14-10-11-21
Dihedral 8-10-12-11
Dihedral 8-10-12-13
Dihedral 8-10-12-15
Dihedral 11-10-12-13
Dihedral 11-10-12-15
Dihedral 14-10-12-11
Dihedral 14-10-12-13
Dihedral 14-10-12-15
Dihedral 10-11-12-13
Dihedral 10-11-12-15
Dihedral 20-11-12-10
Dihedral 20-11-12-13
Dihedral 20-11-12-15
Dihedral 21-11-12-10
Dihedral 21-11-12-13
Dihedral 21-11-12-15
Dihedral 10-12-13-22
Dihedral 10-12-13-23
Dihedral 10-12-13-24
Dihedral 11-12-13-22
Dihedral 11-12-13-23
Dihedral 11-12-13-24
Dihedral 15-12-13-22
Dihedral 15-12-13-23
Dihedral 15-12-13-24
Translation-X 1-28
Translation-Y 1-28
Translation-Z 1-28
Rotation-A 1-28
Rotation-B 1-28
Rotation-C 1-28
<class 'geometric.internal.Dihedral'> : 73
<class 'geometric.internal.Distance'> : 29
<class 'geometric.internal.Angle'> : 45
<class 'geometric.internal.OutOfPlane'> : 7
<class 'geometric.internal.TranslationX'> : 1
<class 'geometric.internal.TranslationY'> : 1
<class 'geometric.internal.TranslationZ'> : 1
<class 'geometric.internal.RotationA'> : 1
<class 'geometric.internal.RotationB'> : 1
<class 'geometric.internal.RotationC'> : 1
Constraint                         Current      Target       Diff.
Dihedral 7-8-10-12               125.48662   125.48662     0.00000
> ===== Optimization Info: ====
> Job type: Energy minimization
> Maximum number of optimization cycles: 300
> Initial / maximum trust radius (Angstrom): 0.100 / 0.300
> Convergence Criteria:
> Will converge when all 5 criteria are reached:
>  |Delta-E| < 1.00e-06
>  RMS-Ortho-Grad < 3.00e-04
>  Max-Ortho-Grad < 4.50e-04
>  RMS-Disp  < 1.20e-03
>  Max-Disp  < 1.80e-03
> 
> Constraints are requested. The following criterion is added:
>  Max Constraint Violation (in Angstroms/degrees) < 1.00e-02 
> === End Optimization Info ===
Step    0 : Gradient = 8.570e-03/1.847e-02 (rms/max) Energy = -0.1739150069
Hessian Eigenvalues: 2.30000e-02 2.30000e-02 2.30000e-02 ... 5.73771e-01 5.82407e-01 9.55232e-01
Step    1 : Displace = [0m1.091e-01[0m/[0m1.841e-01[0m (rms/max) Trust = 1.000e-01 (=) Grad_T = [0m6.503e-03[0m/[0m1.463e-02[0m (rms/max) E (change) = -0.1754431815 ([0m-1.528e-03[0m) Quality = [0m0.203[0m
Hessian Eigenvalues: 2.29978e-02 2.30000e-02 2.30000e-02 ... 5.81446e-01 9.47319e-01 2.38724e+00
Step    2 : Displace = [0m5.421e-02[0m/[0m1.066e-01[0m (rms/max) Trust = 5.000e-02 ([91m-[0m) Grad_T = [0m4.609e-03[0m/[0m1.308e-02[0m (rms/max) E (change) = -0.1773008890 ([0m-1.858e-03[0m) Quality = [0m0.776[0m
Constraint                         Current      Target       Diff.
Dihedral 7-8-10-12               125.48304   125.48662    -0.00358
Hessian Eigenvalues: 2.27818e-02 2.29999e-02 2.30000e-02 ... 5.80421e-01 9.44825e-01 2.01385e+00
Step    3 : Displace = [0m4.361e-02[0m/[0m6.909e-02[0m (rms/max) Trust = 7.071e-02 ([92m+[0m) Grad_T = [0m3.484e-03[0m/[0m1.178e-02[0m (rms/max) E (change) = -0.1776432498 ([0m-3.424e-04[0m) Quality = [0m0.312[0m
Constraint                         Current      Target       Diff.
Dihedral 7-8-10-12               125.47977   125.48662    -0.00685
Hessian Eigenvalues: 2.19707e-02 2.29997e-02 2.30000e-02 ... 6.02540e-01 9.45019e-01 2.09216e+00
Step    4 : Displace = [0m1.536e-02[0m/[0m3.158e-02[0m (rms/max) Trust = 7.071e-02 (=) Grad_T = [0m1.245e-03[0m/[0m4.036e-03[0m (rms/max) E (change) = -0.1780189314 ([0m-3.757e-04[0m) Quality = [0m0.768[0m
Hessian Eigenvalues: 2.18308e-02 2.29926e-02 2.30000e-02 ... 6.23197e-01 9.44925e-01 2.04432e+00
Step    5 : Displace = [0m1.060e-02[0m/[0m1.599e-02[0m (rms/max) Trust = 1.000e-01 ([92m+[0m) Grad_T = [0m1.192e-03[0m/[0m3.997e-03[0m (rms/max) E (change) = -0.1780367759 ([0m-1.784e-05[0m) Quality = [0m0.172[0m
Constraint                         Current      Target       Diff.
Dihedral 7-8-10-12               125.48357   125.48662    -0.00305
Hessian Eigenvalues: 2.16512e-02 2.29465e-02 2.30000e-02 ... 6.10133e-01 9.45019e-01 2.08195e+00
Step    6 : Displace = [0m5.372e-03[0m/[0m9.775e-03[0m (rms/max) Trust = 5.300e-03 ([91m-[0m) Grad_T = [0m4.276e-04[0m/[0m1.103e-03[0m (rms/max) E (change) = -0.1780856538 ([0m-4.888e-05[0m) Quality = [0m0.774[0m
Constraint                         Current      Target       Diff.
Dihedral 7-8-10-12               125.48419   125.48662    -0.00244
Hessian Eigenvalues: 2.16040e-02 2.29470e-02 2.30000e-02 ... 6.48801e-01 9.44771e-01 2.02059e+00
Step    7 : Displace = [0m4.634e-03[0m/[0m8.160e-03[0m (rms/max) Trust = 7.496e-03 ([92m+[0m) Grad_T = [0m3.425e-04[0m/[0m9.527e-04[0m (rms/max) E (change) = -0.1780929238 ([0m-7.270e-06[0m) Quality = [0m0.505[0m
Constraint                         Current      Target       Diff.
Dihedral 7-8-10-12               125.48238   125.48662    -0.00424
Hessian Eigenvalues: 1.85548e-02 2.28563e-02 2.29961e-02 ... 6.54367e-01 9.45132e-01 2.12539e+00
Step    8 : Displace = [0m2.200e-03[0m/[0m4.472e-03[0m (rms/max) Trust = 7.496e-03 (=) Grad_T = [92m1.285e-04[0m/[92m3.891e-04[0m (rms/max) E (change) = -0.1780997696 ([0m-6.846e-06[0m) Quality = [0m1.299[0m
Constraint                         Current      Target       Diff.
Dihedral 7-8-10-12               125.48194   125.48662    -0.00468
Hessian Eigenvalues: 1.25037e-02 2.25078e-02 2.29981e-02 ... 6.54195e-01 9.45010e-01 2.09594e+00
Step    9 : Displace = [0m2.776e-03[0m/[0m5.518e-03[0m (rms/max) Trust = 1.060e-02 ([92m+[0m) Grad_T = [92m1.809e-04[0m/[0m4.704e-04[0m (rms/max) E (change) = -0.1781017839 ([0m-2.014e-06[0m) Quality = [0m0.775[0m
Constraint                         Current      Target       Diff.
Dihedral 7-8-10-12               125.48137   125.48662    -0.00525
Hessian Eigenvalues: 6.01254e-03 2.19463e-02 2.29949e-02 ... 6.55629e-01 9.44987e-01 2.17328e+00
Step   10 : Displace = [0m3.162e-03[0m/[0m7.268e-03[0m (rms/max) Trust = 1.499e-02 ([92m+[0m) Grad_T = [92m1.055e-04[0m/[92m3.082e-04[0m (rms/max) E (change) = -0.1781035166 ([0m-1.733e-06[0m) Quality = [0m0.850[0m
Constraint                         Current      Target       Diff.
Dihedral 7-8-10-12               125.48000   125.48662    -0.00662
Hessian Eigenvalues: 5.36293e-03 2.07310e-02 2.29367e-02 ... 7.89377e-01 9.45237e-01 2.12165e+00
Step   11 : Displace = [0m2.696e-03[0m/[0m4.615e-03[0m (rms/max) Trust = 2.120e-02 ([92m+[0m) Grad_T = [92m5.499e-05[0m/[92m1.445e-04[0m (rms/max) E (change) = -0.1781046329 ([0m-1.116e-06[0m) Quality = [0m1.786[0m
Constraint                         Current      Target       Diff.
Dihedral 7-8-10-12               125.48236   125.48662    -0.00427
Hessian Eigenvalues: 2.63562e-03 1.08671e-02 2.29227e-02 ... 8.48093e-01 9.45616e-01 2.21398e+00
Step   12 : Displace = [0m1.648e-02[0m/[0m2.941e-02[0m (rms/max) Trust = 2.998e-02 ([92m+[0m) Grad_T = [92m1.565e-04[0m/[92m3.976e-04[0m (rms/max) E (change) = -0.1781090391 ([0m-4.406e-06[0m) Quality = [0m1.636[0m
Constraint                         Current      Target       Diff.
Dihedral 7-8-10-12               125.48359   125.48662    -0.00303
Hessian Eigenvalues: 5.70145e-04 9.39277e-03 2.29703e-02 ... 9.44495e-01 1.25350e+00 2.55022e+00
Step   13 : Displace = [0m4.280e-02[0m/[0m7.721e-02[0m (rms/max) Trust = 4.240e-02 ([92m+[0m) Grad_T = [0m4.345e-04[0m/[0m1.145e-03[0m (rms/max) E (change) = -0.1781220072 ([0m-1.297e-05[0m) Quality = [0m1.594[0m
Constraint                         Current      Target       Diff.
Dihedral 7-8-10-12               125.48437   125.48662    -0.00225
Eigenvalues below 1.0000e-05 (-4.5359e-01) - returning guess
Hessian Eigenvalues: 2.30000e-02 2.30000e-02 2.30000e-02 ... 5.54162e-01 5.73738e-01 9.81511e-01
Step   14 : Displace = [0m6.803e-03[0m/[0m1.185e-02[0m (rms/max) Trust = 5.996e-02 ([92m+[0m) Grad_T = [0m5.605e-04[0m/[0m1.852e-03[0m (rms/max) E (change) = -0.1781217144 ([92m+2.927e-07[0m) Quality = [91m-0.017[0m
Constraint                         Current      Target       Diff.
Dihedral 7-8-10-12               125.48369   125.48662    -0.00293
Hessian Eigenvalues: 1.64308e-02 2.30000e-02 2.30000e-02 ... 5.72468e-01 8.06811e-01 9.81499e-01
Step   15 : Displace = [0m3.183e-03[0m/[0m5.112e-03[0m (rms/max) Trust = 3.401e-03 ([91m-[0m) Grad_T = [0m4.094e-04[0m/[0m1.304e-03[0m (rms/max) E (change) = -0.1781304625 ([0m-8.748e-06[0m) Quality = [0m0.839[0m
Constraint                         Current      Target       Diff.
Dihedral 7-8-10-12               125.48493   125.48662    -0.00169
Hessian Eigenvalues: 1.65401e-02 2.29918e-02 2.30000e-02 ... 5.72982e-01 9.81280e-01 1.68393e+00
Step   16 : Displace = [0m4.915e-03[0m/[0m1.179e-02[0m (rms/max) Trust = 4.810e-03 ([92m+[0m) Grad_T = [0m5.504e-04[0m/[0m1.885e-03[0m (rms/max) E (change) = -0.1781218457 ([91m+8.617e-06[0m) Quality = [91m-0.448[0m
Constraint                         Current      Target       Diff.
Dihedral 7-8-10-12               125.48863   125.48662     0.00201
Hessian Eigenvalues: 1.60242e-02 2.29934e-02 2.30000e-02 ... 6.74685e-01 9.81264e-01 1.90355e+00
Step   17 : Displace = [0m2.498e-03[0m/[0m5.589e-03[0m (rms/max) Trust = 2.405e-03 ([91m-[0m) Grad_T = [0m3.331e-04[0m/[0m1.133e-03[0m (rms/max) E (change) = -0.1781328593 ([0m-1.101e-05[0m) Quality = [0m0.993[0m
Hessian Eigenvalues: 1.60052e-02 2.29938e-02 2.30000e-02 ... 6.67783e-01 9.81241e-01 1.97613e+00
Step   18 : Displace = [0m3.480e-03[0m/[0m6.082e-03[0m (rms/max) Trust = 3.401e-03 ([92m+[0m) Grad_T = [92m1.529e-04[0m/[0m4.501e-04[0m (rms/max) E (change) = -0.1781406768 ([0m-7.818e-06[0m) Quality = [0m1.046[0m
Hessian Eigenvalues: 1.24614e-02 2.28571e-02 2.29992e-02 ... 6.86814e-01 9.81257e-01 2.04270e+00
Step   19 : Displace = [0m4.846e-03[0m/[0m9.391e-03[0m (rms/max) Trust = 4.810e-03 ([92m+[0m) Grad_T = [92m1.620e-04[0m/[0m4.721e-04[0m (rms/max) E (change) = -0.1781459131 ([0m-5.236e-06[0m) Quality = [0m1.160[0m
Hessian Eigenvalues: 2.28393e-03 2.27159e-02 2.29999e-02 ... 9.47811e-01 9.81641e-01 2.20702e+00
Step   20 : Displace = [0m6.937e-03[0m/[0m1.347e-02[0m (rms/max) Trust = 6.803e-03 ([92m+[0m) Grad_T = [92m1.830e-04[0m/[0m5.434e-04[0m (rms/max) E (change) = -0.1781532300 ([0m-7.317e-06[0m) Quality = [0m1.067[0m
Hessian Eigenvalues: 1.79394e-04 2.26706e-02 2.29946e-02 ... 9.81126e-01 1.20548e+00 1.94247e+00
Step   21 : Displace = [0m9.655e-03[0m/[0m1.868e-02[0m (rms/max) Trust = 9.621e-03 ([92m+[0m) Grad_T = [92m1.744e-04[0m/[0m5.012e-04[0m (rms/max) E (change) = -0.1781639362 ([0m-1.071e-05[0m) Quality = [0m1.041[0m
Eigenvalues below 1.0000e-05 (4.7803e-06) - returning guess
Hessian Eigenvalues: 2.30000e-02 2.30000e-02 2.30000e-02 ... 5.54198e-01 5.73845e-01 9.81361e-01
Step   22 : Displace = [0m8.657e-03[0m/[0m1.586e-02[0m (rms/max) Trust = 1.361e-02 ([92m+[0m) Grad_T = [92m2.728e-04[0m/[0m7.770e-04[0m (rms/max) E (change) = -0.1781715704 ([0m-7.634e-06[0m) Quality = [0m1.337[0m
Constraint                         Current      Target       Diff.
Dihedral 7-8-10-12               125.48788   125.48662     0.00126
Hessian Eigenvalues: 3.16761e-03 2.30000e-02 2.30000e-02 ... 5.73678e-01 9.17370e-01 9.81352e-01
Step   23 : Displace = [0m1.974e-02[0m/[0m3.619e-02[0m (rms/max) Trust = 1.924e-02 ([92m+[0m) Grad_T = [0m4.584e-04[0m/[0m1.181e-03[0m (rms/max) E (change) = -0.1781840092 ([0m-1.244e-05[0m) Quality = [0m0.706[0m
Constraint                         Current      Target       Diff.
Dihedral 7-8-10-12               125.48860   125.48662     0.00197
Hessian Eigenvalues: 9.51289e-04 2.30000e-02 2.30000e-02 ... 5.94903e-01 9.81041e-01 2.28571e+00
Step   24 : Displace = [0m1.910e-02[0m/[0m3.588e-02[0m (rms/max) Trust = 1.924e-02 (=) Grad_T = [92m2.778e-04[0m/[0m6.340e-04[0m (rms/max) E (change) = -0.1782174620 ([0m-3.345e-05[0m) Quality = [0m1.172[0m
Hessian Eigenvalues: 4.73775e-04 2.29751e-02 2.30000e-02 ... 7.44501e-01 9.81047e-01 1.85364e+00
Step   25 : Displace = [0m2.621e-02[0m/[0m4.944e-02[0m (rms/max) Trust = 2.721e-02 ([92m+[0m) Grad_T = [0m4.230e-04[0m/[0m1.013e-03[0m (rms/max) E (change) = -0.1782532259 ([0m-3.576e-05[0m) Quality = [0m0.901[0m
Hessian Eigenvalues: 2.53831e-04 2.26768e-02 2.29845e-02 ... 7.37676e-01 9.81044e-01 2.02953e+00
Step   26 : Displace = [0m3.748e-02[0m/[0m7.152e-02[0m (rms/max) Trust = 3.848e-02 ([92m+[0m) Grad_T = [0m3.527e-04[0m/[0m8.772e-04[0m (rms/max) E (change) = -0.1783142200 ([0m-6.099e-05[0m) Quality = [0m1.093[0m
Eigenvalues below 1.0000e-05 (7.6412e-06) - returning guess
Hessian Eigenvalues: 2.30000e-02 2.30000e-02 2.30000e-02 ... 5.54041e-01 5.73966e-01 9.80863e-01
Step   27 : Displace = [0m1.270e-02[0m/[0m2.266e-02[0m (rms/max) Trust = 5.442e-02 ([92m+[0m) Grad_T = [0m6.143e-04[0m/[0m1.680e-03[0m (rms/max) E (change) = -0.1783135850 ([92m+6.351e-07[0m) Quality = [91m-0.035[0m
Constraint                         Current      Target       Diff.
Dihedral 7-8-10-12               125.48860   125.48662     0.00198
Hessian Eigenvalues: 7.88024e-03 2.30000e-02 2.30000e-02 ... 5.73729e-01 9.80476e-01 1.51252e+00
Step   28 : Displace = [0m6.574e-03[0m/[0m1.183e-02[0m (rms/max) Trust = 6.352e-03 ([91m-[0m) Grad_T = [0m4.435e-04[0m/[0m1.066e-03[0m (rms/max) E (change) = -0.1783339598 ([0m-2.037e-05[0m) Quality = [0m0.868[0m
Hessian Eigenvalues: 7.95008e-03 2.29998e-02 2.30000e-02 ... 5.73731e-01 9.80657e-01 1.80110e+00
Step   29 : Displace = [0m9.347e-03[0m/[0m1.600e-02[0m (rms/max) Trust = 8.983e-03 ([92m+[0m) Grad_T = [0m7.116e-04[0m/[0m1.807e-03[0m (rms/max) E (change) = -0.1783365682 ([0m-2.608e-06[0m) Quality = [0m0.113[0m
Constraint                         Current      Target       Diff.
Dihedral 7-8-10-12               125.48399   125.48662    -0.00263
Hessian Eigenvalues: 4.82812e-03 2.29849e-02 2.30000e-02 ... 6.72463e-01 9.80657e-01 1.78499e+00
Step   30 : Displace = [0m4.622e-03[0m/[0m6.958e-03[0m (rms/max) Trust = 4.492e-03 ([91m-[0m) Grad_T = [92m2.388e-04[0m/[0m7.545e-04[0m (rms/max) E (change) = -0.1783578447 ([0m-2.128e-05[0m) Quality = [0m1.039[0m
Hessian Eigenvalues: 4.55123e-03 2.29840e-02 2.30000e-02 ... 6.62992e-01 9.80686e-01 1.79882e+00
Step   31 : Displace = [0m6.442e-03[0m/[0m1.261e-02[0m (rms/max) Trust = 6.352e-03 ([92m+[0m) Grad_T = [92m2.299e-04[0m/[0m7.350e-04[0m (rms/max) E (change) = -0.1783690386 ([0m-1.119e-05[0m) Quality = [0m1.006[0m
Hessian Eigenvalues: 1.57079e-03 2.28796e-02 2.30000e-02 ... 8.18971e-01 9.80813e-01 1.78582e+00
Step   32 : Displace = [0m9.016e-03[0m/[0m1.765e-02[0m (rms/max) Trust = 8.983e-03 ([92m+[0m) Grad_T = [92m2.312e-04[0m/[0m7.576e-04[0m (rms/max) E (change) = -0.1783841501 ([0m-1.511e-05[0m) Quality = [0m0.995[0m
Hessian Eigenvalues: 1.00297e-03 2.28260e-02 2.30000e-02 ... 9.66895e-01 9.82298e-01 1.79930e+00
Step   33 : Displace = [0m1.268e-02[0m/[0m2.495e-02[0m (rms/max) Trust = 1.270e-02 ([92m+[0m) Grad_T = [92m2.266e-04[0m/[0m7.702e-04[0m (rms/max) E (change) = -0.1784048164 ([0m-2.067e-05[0m) Quality = [0m1.011[0m
Hessian Eigenvalues: 5.10971e-04 2.27706e-02 2.29970e-02 ... 7.07449e-01 9.80425e-01 1.82201e+00
Step   34 : Displace = [0m1.776e-02[0m/[0m3.475e-02[0m (rms/max) Trust = 1.797e-02 ([92m+[0m) Grad_T = [92m1.959e-04[0m/[0m6.298e-04[0m (rms/max) E (change) = -0.1784323759 ([0m-2.756e-05[0m) Quality = [0m0.973[0m
Constraint                         Current      Target       Diff.
Dihedral 7-8-10-12               125.48556   125.48662    -0.00106
Hessian Eigenvalues: 8.55760e-04 2.27436e-02 2.29673e-02 ... 6.42826e-01 9.80436e-01 1.79620e+00
Step   35 : Displace = [0m2.524e-02[0m/[0m4.991e-02[0m (rms/max) Trust = 2.541e-02 ([92m+[0m) Grad_T = [92m1.741e-04[0m/[0m5.507e-04[0m (rms/max) E (change) = -0.1784673443 ([0m-3.497e-05[0m) Quality = [0m0.968[0m
Hessian Eigenvalues: 1.29670e-03 2.26897e-02 2.29789e-02 ... 6.47077e-01 9.80431e-01 1.78442e+00
Step   36 : Displace = [0m3.573e-02[0m/[0m7.109e-02[0m (rms/max) Trust = 3.593e-02 ([92m+[0m) Grad_T = [92m1.484e-04[0m/[92m3.585e-04[0m (rms/max) E (change) = -0.1785058071 ([0m-3.846e-05[0m) Quality = [0m0.931[0m
Hessian Eigenvalues: 1.88313e-03 2.26734e-02 2.29982e-02 ... 6.46942e-01 9.80438e-01 1.76004e+00
Step   37 : Displace = [0m5.066e-02[0m/[0m1.024e-01[0m (rms/max) Trust = 5.082e-02 ([92m+[0m) Grad_T = [92m1.433e-04[0m/[92m4.378e-04[0m (rms/max) E (change) = -0.1785278382 ([0m-2.203e-05[0m) Quality = [0m0.739[0m
Constraint                         Current      Target       Diff.
Dihedral 7-8-10-12               125.48515   125.48662    -0.00147
Hessian Eigenvalues: 2.71869e-03 2.26704e-02 2.29968e-02 ... 6.47041e-01 9.80435e-01 1.74612e+00
Step   38 : Displace = [0m2.370e-03[0m/[0m3.897e-03[0m (rms/max) Trust = 5.082e-02 (=) Grad_T = [92m4.695e-05[0m/[92m1.458e-04[0m (rms/max) E (change) = -0.1785292337 ([0m-1.396e-06[0m) Quality = [0m0.835[0m
Hessian Eigenvalues: 2.71195e-03 2.09973e-02 2.27170e-02 ... 6.48957e-01 9.80378e-01 1.68519e+00
Step   39 : Displace = [92m8.115e-04[0m/[92m1.370e-03[0m (rms/max) Trust = 7.187e-02 ([92m+[0m) Grad_T = [92m7.440e-06[0m/[92m2.412e-05[0m (rms/max) E (change) = -0.1785293428 ([92m-1.092e-07[0m) Quality = [0m1.076[0m
Hessian Eigenvalues: 2.71195e-03 2.09973e-02 2.27170e-02 ... 6.48957e-01 9.80378e-01 1.68519e+00
Converged! =D

    #==========================================================================#
    #| If this code has benefited your research, please support us by citing: |#
    #|                                                                        |#
    #| Wang, L.-P.; Song, C.C. (2016) "Geometry optimization made simple with |#
    #| translation and rotation coordinates", J. Chem, Phys. 144, 214108.     |#
    #| http://dx.doi.org/10.1063/1.4952956                                    |#
    #==========================================================================#
    Time elapsed since start of run_optimizer: 9.559 seconds
