geometric-optimize called with the following command line:
/opt/software/geometric/bin/geometric-optimize --ase-class=ase.calculators.amber.Amber --ase-kwargs={"amber_exe":"sander -O ", "infile":"mdin", "outfile":"dh_6-7-9-11_021.out", "topologyfile":"prmtop", "incoordfile":"dh_6-7-9-11_021.rst7"} --engine ase dh_6-7-9-11_021.xyz constraints.txt

                                        [91m())))))))))))))))/[0m                     
                                    [91m())))))))))))))))))))))))),[0m                
                                [91m*)))))))))))))))))))))))))))))))))[0m             
                        [94m#,[0m    [91m()))))))))/[0m                [91m.)))))))))),[0m          
                      [94m#%%%%,[0m  [91m())))))[0m                        [91m.))))))))*[0m        
                      [94m*%%%%%%,[0m  [91m))[0m              [93m..[0m              [91m,))))))).[0m      
                        [94m*%%%%%%,[0m         [93m***************/.[0m        [91m.)))))))[0m     
                [94m#%%/[0m      [94m(%%%%%%,[0m    [93m/*********************.[0m       [91m)))))))[0m    
              [94m.%%%%%%#[0m      [94m*%%%%%%,[0m  [93m*******/,[0m     [93m**********,[0m      [91m.))))))[0m   
                [94m.%%%%%%/[0m      [94m*%%%%%%,[0m  [93m**[0m              [93m********[0m      [91m.))))))[0m  
          [94m##[0m      [94m.%%%%%%/[0m      [94m(%%%%%%,[0m                  [93m,******[0m      [91m/)))))[0m  
        [94m%%%%%%[0m      [94m.%%%%%%#[0m      [94m*%%%%%%,[0m    [92m,/////.[0m       [93m******[0m      [91m))))))[0m 
      [94m#%[0m      [94m%%[0m      [94m.%%%%%%/[0m      [94m*%%%%%%,[0m  [92m////////,[0m      [93m*****/[0m     [91m,)))))[0m 
    [94m#%%[0m  [94m%%%[0m  [94m%%%#[0m      [94m.%%%%%%/[0m      [94m(%%%%%%,[0m  [92m///////.[0m     [93m/*****[0m      [91m))))).[0m
  [94m#%%%%.[0m      [94m%%%%%#[0m      [94m/%%%%%%*[0m      [94m#%%%%%%[0m   [92m/////)[0m     [93m******[0m      [91m))))),[0m
    [94m#%%%%##%[0m  [94m%%%#[0m      [94m.%%%%%%/[0m      [94m(%%%%%%,[0m  [92m///////.[0m     [93m/*****[0m      [91m))))).[0m
      [94m##[0m     [94m%%%[0m      [94m.%%%%%%/[0m      [94m*%%%%%%,[0m  [92m////////.[0m      [93m*****/[0m     [91m,)))))[0m 
        [94m#%%%%#[0m      [94m/%%%%%%/[0m      [94m(%%%%%%[0m      [92m/)/)//[0m       [93m******[0m      [91m))))))[0m 
          [94m##[0m      [94m.%%%%%%/[0m      [94m(%%%%%%,[0m                  [93m*******[0m      [91m))))))[0m  
                [94m.%%%%%%/[0m      [94m*%%%%%%,[0m  [93m**.[0m             [93m/*******[0m      [91m.))))))[0m  
              [94m*%%%%%%/[0m      [94m(%%%%%%[0m   [93m********/*..,*/*********[0m       [91m*))))))[0m   
                [94m#%%/[0m      [94m(%%%%%%,[0m    [93m*********************/[0m        [91m)))))))[0m    
                        [94m*%%%%%%,[0m         [93m,**************/[0m         [91m,))))))/[0m     
                      [94m(%%%%%%[0m   [91m()[0m                              [91m))))))))[0m       
                      [94m#%%%%,[0m  [91m())))))[0m                        [91m,)))))))),[0m        
                        [94m#,[0m    [91m())))))))))[0m                [91m,)))))))))).[0m          
                                 [91m()))))))))))))))))))))))))))))))/[0m             
                                    [91m())))))))))))))))))))))))).[0m                
                                         [91m())))))))))))))),[0m                     

-=# [1;94m geomeTRIC started. Version: 1.0+41.ga67ca54 [0m #=-
Current date and time: 2024-02-21 09:23:14
ASE-Calculator engine selected. 
   ASE  calculator:ase.calculators.amber.Amber
   ASE calc kwargs:{"amber_exe":"sander -O ", "infile":"mdin", "outfile":"dh_6-7-9-11_021.out", "topologyfile":"prmtop", "incoordfile":"dh_6-7-9-11_021.rst7"}
$freeze
dihedral 7 8 10 12
Bonds will be generated from interatomic distances less than 1.20 times sum of covalent radii
84 internal coordinates being used (instead of 84 Cartesians)
Internal coordinate system (atoms numbered from 1):
Dihedral 7-8-10-12
Distance 1-2
Distance 1-6
Distance 1-25
Distance 2-3
Distance 2-16
Distance 3-4
Distance 3-17
Distance 4-5
Distance 5-6
Distance 5-7
Distance 6-18
Distance 7-8
Distance 7-19
Distance 8-9
Distance 8-10
Distance 10-11
Distance 10-12
Distance 10-14
Distance 11-12
Distance 11-20
Distance 11-21
Distance 12-13
Distance 12-15
Distance 13-22
Distance 13-23
Distance 13-24
Distance 25-26
Distance 25-27
Distance 25-28
Angle 2-1-25
Angle 6-1-25
Angle 1-2-16
Angle 3-2-16
Angle 2-3-17
Angle 4-3-17
Angle 3-4-5
Angle 4-5-7
Angle 6-5-7
Angle 1-6-18
Angle 5-6-18
Angle 5-7-19
Angle 8-7-19
Angle 7-8-10
Angle 9-8-10
Angle 8-10-11
Angle 8-10-14
Angle 11-10-12
Angle 11-10-14
Angle 12-10-14
Angle 10-11-12
Angle 10-11-20
Angle 10-11-21
Angle 12-11-20
Angle 20-11-21
Angle 10-12-11
Angle 10-12-13
Angle 10-12-15
Angle 11-12-13
Angle 11-12-15
Angle 13-12-15
Angle 12-13-22
Angle 12-13-23
Angle 12-13-24
Angle 22-13-23
Angle 22-13-24
Angle 23-13-24
Angle 1-25-26
Angle 1-25-27
Angle 1-25-28
Angle 26-25-27
Angle 26-25-28
Angle 27-25-28
Out-of-Plane 1-2-6-25
Out-of-Plane 2-1-3-16
Out-of-Plane 3-2-4-17
Out-of-Plane 5-4-6-7
Out-of-Plane 6-1-5-18
Out-of-Plane 7-5-8-19
Out-of-Plane 8-7-9-10
Out-of-Plane 10-8-12-14
Out-of-Plane 11-12-21-20
Dihedral 6-1-2-3
Dihedral 6-1-2-16
Dihedral 25-1-2-3
Dihedral 25-1-2-16
Dihedral 2-1-6-5
Dihedral 2-1-6-18
Dihedral 25-1-6-5
Dihedral 25-1-6-18
Dihedral 2-1-25-26
Dihedral 2-1-25-27
Dihedral 2-1-25-28
Dihedral 6-1-25-26
Dihedral 6-1-25-27
Dihedral 6-1-25-28
Dihedral 1-2-3-4
Dihedral 1-2-3-17
Dihedral 16-2-3-4
Dihedral 16-2-3-17
Dihedral 2-3-4-5
Dihedral 17-3-4-5
Dihedral 3-4-5-6
Dihedral 3-4-5-7
Dihedral 4-5-6-1
Dihedral 4-5-6-18
Dihedral 7-5-6-1
Dihedral 7-5-6-18
Dihedral 4-5-7-8
Dihedral 4-5-7-19
Dihedral 6-5-7-8
Dihedral 6-5-7-19
Dihedral 5-7-8-9
Dihedral 5-7-8-10
Dihedral 19-7-8-9
Dihedral 19-7-8-10
Dihedral 7-8-10-11
Dihedral 7-8-10-14
Dihedral 9-8-10-11
Dihedral 9-8-10-12
Dihedral 9-8-10-14
Dihedral 8-10-11-12
Dihedral 8-10-11-20
Dihedral 8-10-11-21
Dihedral 12-10-11-20
Dihedral 12-10-11-21
Dihedral 14-10-11-12
Dihedral 14-10-11-20
Dihedral 14-10-11-21
Dihedral 8-10-12-11
Dihedral 8-10-12-13
Dihedral 8-10-12-15
Dihedral 11-10-12-13
Dihedral 11-10-12-15
Dihedral 14-10-12-11
Dihedral 14-10-12-13
Dihedral 14-10-12-15
Dihedral 10-11-12-13
Dihedral 10-11-12-15
Dihedral 20-11-12-10
Dihedral 20-11-12-13
Dihedral 20-11-12-15
Dihedral 21-11-12-10
Dihedral 21-11-12-13
Dihedral 21-11-12-15
Dihedral 10-12-13-22
Dihedral 10-12-13-23
Dihedral 10-12-13-24
Dihedral 11-12-13-22
Dihedral 11-12-13-23
Dihedral 11-12-13-24
Dihedral 15-12-13-22
Dihedral 15-12-13-23
Dihedral 15-12-13-24
Translation-X 1-28
Translation-Y 1-28
Translation-Z 1-28
Rotation-A 1-28
Rotation-B 1-28
Rotation-C 1-28
<class 'geometric.internal.Dihedral'> : 73
<class 'geometric.internal.Distance'> : 29
<class 'geometric.internal.Angle'> : 43
<class 'geometric.internal.OutOfPlane'> : 9
<class 'geometric.internal.TranslationX'> : 1
<class 'geometric.internal.TranslationY'> : 1
<class 'geometric.internal.TranslationZ'> : 1
<class 'geometric.internal.RotationA'> : 1
<class 'geometric.internal.RotationB'> : 1
<class 'geometric.internal.RotationC'> : 1
Constraint                         Current      Target       Diff.
Dihedral 7-8-10-12                12.34506    12.34506     0.00000
> ===== Optimization Info: ====
> Job type: Energy minimization
> Maximum number of optimization cycles: 300
> Initial / maximum trust radius (Angstrom): 0.100 / 0.300
> Convergence Criteria:
> Will converge when all 5 criteria are reached:
>  |Delta-E| < 1.00e-06
>  RMS-Ortho-Grad < 3.00e-04
>  Max-Ortho-Grad < 4.50e-04
>  RMS-Disp  < 1.20e-03
>  Max-Disp  < 1.80e-03
> 
> Constraints are requested. The following criterion is added:
>  Max Constraint Violation (in Angstroms/degrees) < 1.00e-02 
> === End Optimization Info ===
Step    0 : Gradient = 9.833e-03/1.931e-02 (rms/max) Energy = -0.1683445157
Hessian Eigenvalues: 2.30000e-02 2.30000e-02 2.30000e-02 ... 5.72239e-01 5.82328e-01 9.48171e-01
Step    1 : Displace = [0m1.045e-01[0m/[0m1.991e-01[0m (rms/max) Trust = 1.000e-01 (=) Grad_T = [0m8.081e-03[0m/[0m1.810e-02[0m (rms/max) E (change) = -0.1709068546 ([0m-2.562e-03[0m) Quality = [0m0.322[0m
Hessian Eigenvalues: 2.29920e-02 2.30000e-02 2.30000e-02 ... 5.80628e-01 9.35870e-01 2.66176e+00
Step    2 : Displace = [0m9.998e-02[0m/[0m2.388e-01[0m (rms/max) Trust = 1.000e-01 (=) Grad_T = [0m6.740e-03[0m/[0m1.413e-02[0m (rms/max) E (change) = -0.1717958343 ([0m-8.890e-04[0m) Quality = [0m0.184[0m
Constraint                         Current      Target       Diff.
Dihedral 7-8-10-12                12.43651    12.34506     0.09145
Hessian Eigenvalues: 2.22147e-02 2.29997e-02 2.30000e-02 ... 6.03473e-01 9.32279e-01 2.47514e+00
Step    3 : Displace = [0m5.334e-02[0m/[0m1.238e-01[0m (rms/max) Trust = 4.999e-02 ([91m-[0m) Grad_T = [0m4.318e-03[0m/[0m1.144e-02[0m (rms/max) E (change) = -0.1739116938 ([0m-2.116e-03[0m) Quality = [0m0.731[0m
Constraint                         Current      Target       Diff.
Dihedral 7-8-10-12                12.38095    12.34506     0.03589
Hessian Eigenvalues: 2.22179e-02 2.29994e-02 2.30000e-02 ... 9.31574e-01 1.04623e+00 2.50260e+00
Step    4 : Displace = [0m3.836e-02[0m/[0m6.107e-02[0m (rms/max) Trust = 4.999e-02 (=) Grad_T = [0m6.291e-03[0m/[0m1.897e-02[0m (rms/max) E (change) = -0.1734847809 ([91m+4.269e-04[0m) Quality = [91m-0.298[0m
Constraint                         Current      Target       Diff.
Dihedral 7-8-10-12                12.37334    12.34506     0.02828
Hessian Eigenvalues: 2.05433e-02 2.29771e-02 2.30000e-02 ... 9.31333e-01 1.07249e+00 2.50286e+00
Step    5 : Displace = [0m1.994e-02[0m/[0m3.016e-02[0m (rms/max) Trust = 1.918e-02 ([91m-[0m) Grad_T = [0m1.228e-03[0m/[0m2.932e-03[0m (rms/max) E (change) = -0.1747503247 ([0m-1.266e-03[0m) Quality = [0m0.908[0m
Constraint                         Current      Target       Diff.
Dihedral 7-8-10-12                12.35157    12.34506     0.00651
Hessian Eigenvalues: 2.06877e-02 2.29767e-02 2.30000e-02 ... 9.31401e-01 1.02039e+00 2.50554e+00
Step    6 : Displace = [0m1.972e-02[0m/[0m3.745e-02[0m (rms/max) Trust = 2.712e-02 ([92m+[0m) Grad_T = [0m2.011e-03[0m/[0m5.814e-03[0m (rms/max) E (change) = -0.1747041435 ([91m+4.618e-05[0m) Quality = [91m-0.264[0m
Constraint                         Current      Target       Diff.
Dihedral 7-8-10-12                12.35035    12.34506     0.00529
Hessian Eigenvalues: 1.96811e-02 2.25930e-02 2.29922e-02 ... 9.31345e-01 1.05103e+00 2.50303e+00
Step    7 : Displace = [0m8.998e-03[0m/[0m1.727e-02[0m (rms/max) Trust = 9.861e-03 ([91m-[0m) Grad_T = [0m7.562e-04[0m/[0m1.743e-03[0m (rms/max) E (change) = -0.1748360311 ([0m-1.319e-04[0m) Quality = [0m0.959[0m
Constraint                         Current      Target       Diff.
Dihedral 7-8-10-12                12.34933    12.34506     0.00427
Hessian Eigenvalues: 1.96430e-02 2.25975e-02 2.29951e-02 ... 9.31313e-01 1.05063e+00 2.50225e+00
Step    8 : Displace = [0m6.121e-03[0m/[0m1.239e-02[0m (rms/max) Trust = 1.395e-02 ([92m+[0m) Grad_T = [0m4.562e-04[0m/[0m1.129e-03[0m (rms/max) E (change) = -0.1748650367 ([0m-2.901e-05[0m) Quality = [0m0.795[0m
Constraint                         Current      Target       Diff.
Dihedral 7-8-10-12                12.34639    12.34506     0.00133
Hessian Eigenvalues: 1.47589e-02 2.23899e-02 2.29820e-02 ... 9.31731e-01 1.05935e+00 2.50674e+00
Step    9 : Displace = [0m4.465e-03[0m/[0m8.905e-03[0m (rms/max) Trust = 1.972e-02 ([92m+[0m) Grad_T = [0m5.418e-04[0m/[0m1.527e-03[0m (rms/max) E (change) = -0.1748707469 ([0m-5.710e-06[0m) Quality = [0m0.326[0m
Hessian Eigenvalues: 1.08780e-02 2.16078e-02 2.29854e-02 ... 9.31257e-01 1.05441e+00 2.50599e+00
Step   10 : Displace = [0m3.322e-03[0m/[0m8.402e-03[0m (rms/max) Trust = 1.972e-02 (=) Grad_T = [92m2.234e-04[0m/[0m5.196e-04[0m (rms/max) E (change) = -0.1748852887 ([0m-1.454e-05[0m) Quality = [0m0.968[0m
Hessian Eigenvalues: 9.46135e-03 2.05997e-02 2.29838e-02 ... 9.31454e-01 1.05436e+00 2.51143e+00
Step   11 : Displace = [0m2.265e-03[0m/[0m4.974e-03[0m (rms/max) Trust = 2.789e-02 ([92m+[0m) Grad_T = [92m1.070e-04[0m/[92m2.839e-04[0m (rms/max) E (change) = -0.1748909033 ([0m-5.615e-06[0m) Quality = [0m1.352[0m
Hessian Eigenvalues: 5.25522e-03 1.83692e-02 2.29595e-02 ... 9.31473e-01 1.05703e+00 2.53644e+00
Step   12 : Displace = [0m3.753e-03[0m/[0m1.072e-02[0m (rms/max) Trust = 3.944e-02 ([92m+[0m) Grad_T = [92m1.350e-04[0m/[92m3.547e-04[0m (rms/max) E (change) = -0.1748959061 ([0m-5.003e-06[0m) Quality = [0m1.369[0m
Hessian Eigenvalues: 2.52438e-03 1.76959e-02 2.29644e-02 ... 9.31472e-01 1.05655e+00 2.54186e+00
Step   13 : Displace = [0m4.485e-03[0m/[0m1.254e-02[0m (rms/max) Trust = 5.578e-02 ([92m+[0m) Grad_T = [92m1.360e-04[0m/[92m3.368e-04[0m (rms/max) E (change) = -0.1748995172 ([0m-3.611e-06[0m) Quality = [0m1.183[0m
Hessian Eigenvalues: 1.91705e-03 1.67856e-02 2.26052e-02 ... 9.31466e-01 1.06300e+00 2.53410e+00
Step   14 : Displace = [0m3.030e-03[0m/[0m7.932e-03[0m (rms/max) Trust = 7.889e-02 ([92m+[0m) Grad_T = [92m7.131e-05[0m/[92m1.574e-04[0m (rms/max) E (change) = -0.1749018121 ([0m-2.295e-06[0m) Quality = [0m1.344[0m
Constraint                         Current      Target       Diff.
Dihedral 7-8-10-12                12.34623    12.34506     0.00117
Hessian Eigenvalues: 1.74813e-03 1.31413e-02 2.05413e-02 ... 9.31463e-01 1.05990e+00 2.54163e+00
Step   15 : Displace = [0m2.547e-03[0m/[0m4.703e-03[0m (rms/max) Trust = 1.116e-01 ([92m+[0m) Grad_T = [92m3.545e-05[0m/[92m6.364e-05[0m (rms/max) E (change) = -0.1749032615 ([0m-1.449e-06[0m) Quality = [0m1.323[0m
Constraint                         Current      Target       Diff.
Dihedral 7-8-10-12                12.34671    12.34506     0.00165
Hessian Eigenvalues: 1.73717e-03 8.69215e-03 1.90467e-02 ... 9.31510e-01 1.05500e+00 2.54726e+00
Step   16 : Displace = [0m2.386e-03[0m/[0m5.020e-03[0m (rms/max) Trust = 1.578e-01 ([92m+[0m) Grad_T = [92m4.152e-05[0m/[92m1.261e-04[0m (rms/max) E (change) = -0.1749038892 ([92m-6.277e-07[0m) Quality = [0m1.570[0m
Constraint                         Current      Target       Diff.
Dihedral 7-8-10-12                12.34663    12.34506     0.00157
Hessian Eigenvalues: 1.50969e-03 4.13835e-03 1.79623e-02 ... 9.31534e-01 1.06618e+00 2.53636e+00
Step   17 : Displace = [0m6.167e-03[0m/[0m1.284e-02[0m (rms/max) Trust = 2.231e-01 ([92m+[0m) Grad_T = [92m6.512e-05[0m/[92m1.782e-04[0m (rms/max) E (change) = -0.1749050293 ([0m-1.140e-06[0m) Quality = [0m1.733[0m
Constraint                         Current      Target       Diff.
Dihedral 7-8-10-12                12.34671    12.34506     0.00165
Hessian Eigenvalues: 5.54759e-04 2.46094e-03 1.74844e-02 ... 9.31493e-01 1.10594e+00 2.54268e+00
Step   18 : Displace = [0m3.191e-02[0m/[0m6.554e-02[0m (rms/max) Trust = 3.000e-01 ([92m+[0m) Grad_T = [92m1.880e-04[0m/[92m3.695e-04[0m (rms/max) E (change) = -0.1749106619 ([0m-5.633e-06[0m) Quality = [0m1.818[0m
Constraint                         Current      Target       Diff.
Dihedral 7-8-10-12                12.34841    12.34506     0.00335
Hessian Eigenvalues: 5.89816e-05 2.28376e-03 1.74064e-02 ... 9.31515e-01 1.33795e+00 2.66738e+00
Step   19 : Displace = [0m3.005e-01[0m/[0m6.081e-01[0m (rms/max) Trust = 3.000e-01 (=) Grad_T = [0m1.658e-03[0m/[0m4.108e-03[0m (rms/max) E (change) = -0.1741873942 ([91m+7.233e-04[0m) Quality = [91m-22.193[0m
Constraint                         Current      Target       Diff.
Dihedral 7-8-10-12                12.36180    12.34506     0.01674
[93mRejecting step - quality is lower than -1.0[0m
Hessian Eigenvalues: 5.89816e-05 2.28376e-03 1.74064e-02 ... 9.31515e-01 1.33795e+00 2.66738e+00
Step   20 : Displace = [0m1.515e-01[0m/[0m3.078e-01[0m (rms/max) Trust = 1.500e-01 ([1;91mx[0m) Grad_T = [0m8.564e-04[0m/[0m1.801e-03[0m (rms/max) E (change) = -0.1748525631 ([91m+5.810e-05[0m) Quality = [91m-2.536[0m
Constraint                         Current      Target       Diff.
Dihedral 7-8-10-12                12.35560    12.34506     0.01054
[93mRejecting step - quality is lower than -1.0[0m
Hessian Eigenvalues: 5.89816e-05 2.28376e-03 1.74064e-02 ... 9.31515e-01 1.33795e+00 2.66738e+00
Step   21 : Displace = [0m7.669e-02[0m/[0m1.557e-01[0m (rms/max) Trust = 7.500e-02 ([1;91mx[0m) Grad_T = [0m4.860e-04[0m/[0m9.548e-04[0m (rms/max) E (change) = -0.1749185824 ([0m-7.921e-06[0m) Quality = [0m0.586[0m
Constraint                         Current      Target       Diff.
Dihedral 7-8-10-12                12.35157    12.34506     0.00651
Hessian Eigenvalues: 3.60942e-04 2.06467e-03 1.71403e-02 ... 9.31519e-01 1.28915e+00 3.40837e+00
Step   22 : Displace = [0m5.340e-03[0m/[0m1.270e-02[0m (rms/max) Trust = 7.500e-02 (=) Grad_T = [0m4.429e-04[0m/[0m9.149e-04[0m (rms/max) E (change) = -0.1749349729 ([0m-1.639e-05[0m) Quality = [0m1.834[0m
Constraint                         Current      Target       Diff.
Dihedral 7-8-10-12                12.34897    12.34506     0.00391
Hessian Eigenvalues: 2.91926e-04 2.15366e-03 1.49472e-02 ... 9.31525e-01 1.03460e+00 2.93981e+00
Step   23 : Displace = [0m1.103e-01[0m/[0m2.099e-01[0m (rms/max) Trust = 1.061e-01 ([92m+[0m) Grad_T = [0m4.452e-04[0m/[0m8.873e-04[0m (rms/max) E (change) = -0.1750639963 ([0m-1.290e-04[0m) Quality = [0m1.336[0m
Hessian Eigenvalues: 2.14194e-04 2.43860e-03 8.93428e-03 ... 9.31528e-01 1.01593e+00 3.02041e+00
Step   24 : Displace = [0m1.556e-01[0m/[0m2.933e-01[0m (rms/max) Trust = 1.500e-01 ([92m+[0m) Grad_T = [0m4.591e-04[0m/[0m1.531e-03[0m (rms/max) E (change) = -0.1751279711 ([0m-6.397e-05[0m) Quality = [0m0.438[0m
Constraint                         Current      Target       Diff.
Dihedral 7-8-10-12                12.33905    12.34506    -0.00601
Hessian Eigenvalues: 1.36632e-03 2.31532e-03 4.34424e-03 ... 9.31566e-01 1.00977e+00 3.06223e+00
Step   25 : Displace = [0m1.103e-01[0m/[0m2.198e-01[0m (rms/max) Trust = 1.500e-01 (=) Grad_T = [0m1.250e-03[0m/[0m3.609e-03[0m (rms/max) E (change) = -0.1747692528 ([91m+3.587e-04[0m) Quality = [91m-2.962[0m
Constraint                         Current      Target       Diff.
Dihedral 7-8-10-12                12.32684    12.34506    -0.01822
[93mRejecting step - quality is lower than -1.0[0m
Hessian Eigenvalues: 1.36632e-03 2.31532e-03 4.34424e-03 ... 9.31566e-01 1.00977e+00 3.06223e+00
Step   26 : Displace = [0m5.468e-02[0m/[0m1.071e-01[0m (rms/max) Trust = 5.515e-02 ([1;91mx[0m) Grad_T = [0m6.625e-04[0m/[0m1.658e-03[0m (rms/max) E (change) = -0.1750788827 ([91m+4.909e-05[0m) Quality = [91m-0.511[0m
Constraint                         Current      Target       Diff.
Dihedral 7-8-10-12                12.33301    12.34506    -0.01205
Hessian Eigenvalues: 2.09218e-03 2.58948e-03 1.02878e-02 ... 9.31433e-01 1.05408e+00 3.45168e+00
Step   27 : Displace = [0m2.028e-02[0m/[0m3.141e-02[0m (rms/max) Trust = 2.734e-02 ([91m-[0m) Grad_T = [92m1.910e-04[0m/[0m4.802e-04[0m (rms/max) E (change) = -0.1751720860 ([0m-9.320e-05[0m) Quality = [0m0.878[0m
Constraint                         Current      Target       Diff.
Dihedral 7-8-10-12                12.34667    12.34506     0.00161
Hessian Eigenvalues: 2.15100e-03 2.57149e-03 1.18176e-02 ... 9.31438e-01 1.04680e+00 3.34130e+00
Step   28 : Displace = [0m2.439e-02[0m/[0m4.523e-02[0m (rms/max) Trust = 3.866e-02 ([92m+[0m) Grad_T = [92m1.323e-04[0m/[0m5.021e-04[0m (rms/max) E (change) = -0.1751811706 ([0m-9.085e-06[0m) Quality = [0m1.117[0m
Constraint                         Current      Target       Diff.
Dihedral 7-8-10-12                12.34385    12.34506    -0.00121
Hessian Eigenvalues: 2.20413e-03 2.61239e-03 1.12011e-02 ... 9.31452e-01 1.05246e+00 3.32889e+00
Step   29 : Displace = [0m2.142e-03[0m/[0m4.498e-03[0m (rms/max) Trust = 5.468e-02 ([92m+[0m) Grad_T = [92m7.367e-05[0m/[92m2.738e-04[0m (rms/max) E (change) = -0.1751838660 ([0m-2.695e-06[0m) Quality = [0m1.490[0m
Constraint                         Current      Target       Diff.
Dihedral 7-8-10-12                12.34361    12.34506    -0.00145
Hessian Eigenvalues: 2.25881e-03 2.61679e-03 9.20035e-03 ... 9.31452e-01 1.03080e+00 3.32288e+00
Step   30 : Displace = [0m2.277e-03[0m/[0m5.762e-03[0m (rms/max) Trust = 7.732e-02 ([92m+[0m) Grad_T = [92m1.770e-05[0m/[92m4.344e-05[0m (rms/max) E (change) = -0.1751850968 ([0m-1.231e-06[0m) Quality = [0m1.054[0m
Constraint                         Current      Target       Diff.
Dihedral 7-8-10-12                12.34361    12.34506    -0.00145
Hessian Eigenvalues: 2.26026e-03 2.61502e-03 8.84604e-03 ... 9.31455e-01 1.02213e+00 3.26411e+00
Step   31 : Displace = [92m4.185e-04[0m/[92m8.574e-04[0m (rms/max) Trust = 1.094e-01 ([92m+[0m) Grad_T = [92m1.313e-05[0m/[92m2.955e-05[0m (rms/max) E (change) = -0.1751852133 ([92m-1.165e-07[0m) Quality = [0m1.396[0m
Constraint                         Current      Target       Diff.
Dihedral 7-8-10-12                12.34403    12.34506    -0.00103
Hessian Eigenvalues: 2.26026e-03 2.61502e-03 8.84604e-03 ... 9.31455e-01 1.02213e+00 3.26411e+00
Converged! =D

    #==========================================================================#
    #| If this code has benefited your research, please support us by citing: |#
    #|                                                                        |#
    #| Wang, L.-P.; Song, C.C. (2016) "Geometry optimization made simple with |#
    #| translation and rotation coordinates", J. Chem, Phys. 144, 214108.     |#
    #| http://dx.doi.org/10.1063/1.4952956                                    |#
    #==========================================================================#
    Time elapsed since start of run_optimizer: 8.025 seconds
