geometric-optimize called with the following command line:
/opt/software/geometric/bin/geometric-optimize --ase-class=ase.calculators.amber.Amber --ase-kwargs={"amber_exe":"sander -O ", "infile":"mdin", "outfile":"dh_6-7-9-11_029.out", "topologyfile":"prmtop", "incoordfile":"dh_6-7-9-11_029.rst7"} --engine ase dh_6-7-9-11_029.xyz constraints.txt

                                        [91m())))))))))))))))/[0m                     
                                    [91m())))))))))))))))))))))))),[0m                
                                [91m*)))))))))))))))))))))))))))))))))[0m             
                        [94m#,[0m    [91m()))))))))/[0m                [91m.)))))))))),[0m          
                      [94m#%%%%,[0m  [91m())))))[0m                        [91m.))))))))*[0m        
                      [94m*%%%%%%,[0m  [91m))[0m              [93m..[0m              [91m,))))))).[0m      
                        [94m*%%%%%%,[0m         [93m***************/.[0m        [91m.)))))))[0m     
                [94m#%%/[0m      [94m(%%%%%%,[0m    [93m/*********************.[0m       [91m)))))))[0m    
              [94m.%%%%%%#[0m      [94m*%%%%%%,[0m  [93m*******/,[0m     [93m**********,[0m      [91m.))))))[0m   
                [94m.%%%%%%/[0m      [94m*%%%%%%,[0m  [93m**[0m              [93m********[0m      [91m.))))))[0m  
          [94m##[0m      [94m.%%%%%%/[0m      [94m(%%%%%%,[0m                  [93m,******[0m      [91m/)))))[0m  
        [94m%%%%%%[0m      [94m.%%%%%%#[0m      [94m*%%%%%%,[0m    [92m,/////.[0m       [93m******[0m      [91m))))))[0m 
      [94m#%[0m      [94m%%[0m      [94m.%%%%%%/[0m      [94m*%%%%%%,[0m  [92m////////,[0m      [93m*****/[0m     [91m,)))))[0m 
    [94m#%%[0m  [94m%%%[0m  [94m%%%#[0m      [94m.%%%%%%/[0m      [94m(%%%%%%,[0m  [92m///////.[0m     [93m/*****[0m      [91m))))).[0m
  [94m#%%%%.[0m      [94m%%%%%#[0m      [94m/%%%%%%*[0m      [94m#%%%%%%[0m   [92m/////)[0m     [93m******[0m      [91m))))),[0m
    [94m#%%%%##%[0m  [94m%%%#[0m      [94m.%%%%%%/[0m      [94m(%%%%%%,[0m  [92m///////.[0m     [93m/*****[0m      [91m))))).[0m
      [94m##[0m     [94m%%%[0m      [94m.%%%%%%/[0m      [94m*%%%%%%,[0m  [92m////////.[0m      [93m*****/[0m     [91m,)))))[0m 
        [94m#%%%%#[0m      [94m/%%%%%%/[0m      [94m(%%%%%%[0m      [92m/)/)//[0m       [93m******[0m      [91m))))))[0m 
          [94m##[0m      [94m.%%%%%%/[0m      [94m(%%%%%%,[0m                  [93m*******[0m      [91m))))))[0m  
                [94m.%%%%%%/[0m      [94m*%%%%%%,[0m  [93m**.[0m             [93m/*******[0m      [91m.))))))[0m  
              [94m*%%%%%%/[0m      [94m(%%%%%%[0m   [93m********/*..,*/*********[0m       [91m*))))))[0m   
                [94m#%%/[0m      [94m(%%%%%%,[0m    [93m*********************/[0m        [91m)))))))[0m    
                        [94m*%%%%%%,[0m         [93m,**************/[0m         [91m,))))))/[0m     
                      [94m(%%%%%%[0m   [91m()[0m                              [91m))))))))[0m       
                      [94m#%%%%,[0m  [91m())))))[0m                        [91m,)))))))),[0m        
                        [94m#,[0m    [91m())))))))))[0m                [91m,)))))))))).[0m          
                                 [91m()))))))))))))))))))))))))))))))/[0m             
                                    [91m())))))))))))))))))))))))).[0m                
                                         [91m())))))))))))))),[0m                     

-=# [1;94m geomeTRIC started. Version: 1.0+41.ga67ca54 [0m #=-
Current date and time: 2024-02-21 09:24:06
ASE-Calculator engine selected. 
   ASE  calculator:ase.calculators.amber.Amber
   ASE calc kwargs:{"amber_exe":"sander -O ", "infile":"mdin", "outfile":"dh_6-7-9-11_029.out", "topologyfile":"prmtop", "incoordfile":"dh_6-7-9-11_029.rst7"}
$freeze
dihedral 7 8 10 12
Bonds will be generated from interatomic distances less than 1.20 times sum of covalent radii
84 internal coordinates being used (instead of 84 Cartesians)
Internal coordinate system (atoms numbered from 1):
Dihedral 7-8-10-12
Distance 1-2
Distance 1-6
Distance 1-25
Distance 2-3
Distance 2-16
Distance 3-4
Distance 3-17
Distance 4-5
Distance 5-6
Distance 5-7
Distance 6-18
Distance 7-8
Distance 7-19
Distance 8-9
Distance 8-10
Distance 10-11
Distance 10-12
Distance 10-14
Distance 11-12
Distance 11-20
Distance 11-21
Distance 12-13
Distance 12-15
Distance 13-22
Distance 13-23
Distance 13-24
Distance 25-26
Distance 25-27
Distance 25-28
Angle 2-1-25
Angle 6-1-25
Angle 1-2-16
Angle 3-2-16
Angle 2-3-17
Angle 4-3-17
Angle 3-4-5
Angle 4-5-7
Angle 6-5-7
Angle 1-6-18
Angle 5-6-18
Angle 5-7-19
Angle 8-7-19
Angle 7-8-10
Angle 9-8-10
Angle 8-10-11
Angle 8-10-12
Angle 8-10-14
Angle 11-10-12
Angle 11-10-14
Angle 12-10-14
Angle 10-11-12
Angle 10-11-20
Angle 10-11-21
Angle 12-11-20
Angle 12-11-21
Angle 20-11-21
Angle 10-12-11
Angle 10-12-13
Angle 10-12-15
Angle 11-12-13
Angle 11-12-15
Angle 13-12-15
Angle 12-13-22
Angle 12-13-23
Angle 12-13-24
Angle 22-13-23
Angle 22-13-24
Angle 23-13-24
Angle 1-25-26
Angle 1-25-27
Angle 1-25-28
Angle 26-25-27
Angle 26-25-28
Angle 27-25-28
Out-of-Plane 1-2-6-25
Out-of-Plane 2-1-3-16
Out-of-Plane 3-2-4-17
Out-of-Plane 5-4-6-7
Out-of-Plane 6-1-5-18
Out-of-Plane 7-5-8-19
Out-of-Plane 8-7-9-10
Dihedral 6-1-2-3
Dihedral 6-1-2-16
Dihedral 25-1-2-3
Dihedral 25-1-2-16
Dihedral 2-1-6-5
Dihedral 2-1-6-18
Dihedral 25-1-6-5
Dihedral 25-1-6-18
Dihedral 2-1-25-26
Dihedral 2-1-25-27
Dihedral 2-1-25-28
Dihedral 6-1-25-26
Dihedral 6-1-25-27
Dihedral 6-1-25-28
Dihedral 1-2-3-4
Dihedral 1-2-3-17
Dihedral 16-2-3-4
Dihedral 16-2-3-17
Dihedral 2-3-4-5
Dihedral 17-3-4-5
Dihedral 3-4-5-6
Dihedral 3-4-5-7
Dihedral 4-5-6-1
Dihedral 4-5-6-18
Dihedral 7-5-6-1
Dihedral 7-5-6-18
Dihedral 4-5-7-8
Dihedral 4-5-7-19
Dihedral 6-5-7-8
Dihedral 6-5-7-19
Dihedral 5-7-8-9
Dihedral 5-7-8-10
Dihedral 19-7-8-9
Dihedral 19-7-8-10
Dihedral 7-8-10-11
Dihedral 7-8-10-14
Dihedral 9-8-10-11
Dihedral 9-8-10-12
Dihedral 9-8-10-14
Dihedral 8-10-11-12
Dihedral 8-10-11-20
Dihedral 8-10-11-21
Dihedral 12-10-11-20
Dihedral 12-10-11-21
Dihedral 14-10-11-12
Dihedral 14-10-11-20
Dihedral 14-10-11-21
Dihedral 8-10-12-11
Dihedral 8-10-12-13
Dihedral 8-10-12-15
Dihedral 11-10-12-13
Dihedral 11-10-12-15
Dihedral 14-10-12-11
Dihedral 14-10-12-13
Dihedral 14-10-12-15
Dihedral 10-11-12-13
Dihedral 10-11-12-15
Dihedral 20-11-12-10
Dihedral 20-11-12-13
Dihedral 20-11-12-15
Dihedral 21-11-12-10
Dihedral 21-11-12-13
Dihedral 21-11-12-15
Dihedral 10-12-13-22
Dihedral 10-12-13-23
Dihedral 10-12-13-24
Dihedral 11-12-13-22
Dihedral 11-12-13-23
Dihedral 11-12-13-24
Dihedral 15-12-13-22
Dihedral 15-12-13-23
Dihedral 15-12-13-24
Translation-X 1-28
Translation-Y 1-28
Translation-Z 1-28
Rotation-A 1-28
Rotation-B 1-28
Rotation-C 1-28
<class 'geometric.internal.Dihedral'> : 73
<class 'geometric.internal.Distance'> : 29
<class 'geometric.internal.Angle'> : 45
<class 'geometric.internal.OutOfPlane'> : 7
<class 'geometric.internal.TranslationX'> : 1
<class 'geometric.internal.TranslationY'> : 1
<class 'geometric.internal.TranslationZ'> : 1
<class 'geometric.internal.RotationA'> : 1
<class 'geometric.internal.RotationB'> : 1
<class 'geometric.internal.RotationC'> : 1
Constraint                         Current      Target       Diff.
Dihedral 7-8-10-12               -69.94201   -69.94201     0.00000
> ===== Optimization Info: ====
> Job type: Energy minimization
> Maximum number of optimization cycles: 300
> Initial / maximum trust radius (Angstrom): 0.100 / 0.300
> Convergence Criteria:
> Will converge when all 5 criteria are reached:
>  |Delta-E| < 1.00e-06
>  RMS-Ortho-Grad < 3.00e-04
>  Max-Ortho-Grad < 4.50e-04
>  RMS-Disp  < 1.20e-03
>  Max-Disp  < 1.80e-03
> 
> Constraints are requested. The following criterion is added:
>  Max Constraint Violation (in Angstroms/degrees) < 1.00e-02 
> === End Optimization Info ===
Step    0 : Gradient = 8.725e-03/1.852e-02 (rms/max) Energy = -0.1775824316
Hessian Eigenvalues: 2.30000e-02 2.30000e-02 2.30000e-02 ... 5.73936e-01 5.82555e-01 9.57658e-01
Step    1 : Displace = [0m1.057e-01[0m/[0m2.074e-01[0m (rms/max) Trust = 1.000e-01 (=) Grad_T = [0m6.335e-03[0m/[0m1.244e-02[0m (rms/max) E (change) = -0.1791149453 ([0m-1.533e-03[0m) Quality = [0m0.186[0m
Hessian Eigenvalues: 2.29991e-02 2.30000e-02 2.30000e-02 ... 5.81652e-01 9.51019e-01 2.34026e+00
Step    2 : Displace = [0m4.781e-02[0m/[0m8.162e-02[0m (rms/max) Trust = 5.000e-02 ([91m-[0m) Grad_T = [0m4.011e-03[0m/[0m9.007e-03[0m (rms/max) E (change) = -0.1809520492 ([0m-1.837e-03[0m) Quality = [0m1.025[0m
Hessian Eigenvalues: 2.29933e-02 2.30000e-02 2.30000e-02 ... 5.80100e-01 9.46923e-01 1.58122e+00
Step    3 : Displace = [0m5.063e-02[0m/[0m8.124e-02[0m (rms/max) Trust = 7.071e-02 ([92m+[0m) Grad_T = [0m3.426e-03[0m/[0m1.224e-02[0m (rms/max) E (change) = -0.1812423833 ([0m-2.903e-04[0m) Quality = [0m0.273[0m
Constraint                         Current      Target       Diff.
Dihedral 7-8-10-12               -69.94822   -69.94201    -0.00621
Hessian Eigenvalues: 2.25379e-02 2.30000e-02 2.30000e-02 ... 5.80047e-01 9.48532e-01 1.99029e+00
Step    4 : Displace = [0m1.811e-02[0m/[0m2.804e-02[0m (rms/max) Trust = 7.071e-02 (=) Grad_T = [0m1.028e-03[0m/[0m2.868e-03[0m (rms/max) E (change) = -0.1817050995 ([0m-4.627e-04[0m) Quality = [0m0.812[0m
Constraint                         Current      Target       Diff.
Dihedral 7-8-10-12               -69.94711   -69.94201    -0.00510
Hessian Eigenvalues: 2.24140e-02 2.29821e-02 2.30000e-02 ... 5.90951e-01 9.47832e-01 1.77764e+00
Step    5 : Displace = [0m1.594e-02[0m/[0m2.366e-02[0m (rms/max) Trust = 1.000e-01 ([92m+[0m) Grad_T = [0m9.865e-04[0m/[0m3.256e-03[0m (rms/max) E (change) = -0.1817190298 ([0m-1.393e-05[0m) Quality = [0m0.157[0m
Constraint                         Current      Target       Diff.
Dihedral 7-8-10-12               -69.94455   -69.94201    -0.00254
Hessian Eigenvalues: 2.15562e-02 2.27663e-02 2.30000e-02 ... 6.25278e-01 9.48188e-01 1.94943e+00
Step    6 : Displace = [0m8.363e-03[0m/[0m1.274e-02[0m (rms/max) Trust = 7.968e-03 ([91m-[0m) Grad_T = [0m6.564e-04[0m/[0m1.925e-03[0m (rms/max) E (change) = -0.1817536479 ([0m-3.462e-05[0m) Quality = [0m0.613[0m
Constraint                         Current      Target       Diff.
Dihedral 7-8-10-12               -69.94384   -69.94201    -0.00183
Hessian Eigenvalues: 2.00234e-02 2.27495e-02 2.29958e-02 ... 6.59721e-01 9.47900e-01 1.75663e+00
Step    7 : Displace = [0m6.889e-03[0m/[0m1.099e-02[0m (rms/max) Trust = 7.968e-03 (=) Grad_T = [0m4.167e-04[0m/[0m1.202e-03[0m (rms/max) E (change) = -0.1817688512 ([0m-1.520e-05[0m) Quality = [0m0.493[0m
Constraint                         Current      Target       Diff.
Dihedral 7-8-10-12               -69.94361   -69.94201    -0.00160
Hessian Eigenvalues: 1.68909e-02 2.27403e-02 2.29725e-02 ... 6.13607e-01 9.48499e-01 1.97584e+00
Step    8 : Displace = [0m6.921e-03[0m/[0m1.260e-02[0m (rms/max) Trust = 7.968e-03 (=) Grad_T = [92m1.575e-04[0m/[0m4.833e-04[0m (rms/max) E (change) = -0.1817853719 ([0m-1.652e-05[0m) Quality = [0m1.357[0m
Hessian Eigenvalues: 9.23101e-03 2.25706e-02 2.29588e-02 ... 6.26301e-01 9.48746e-01 2.13637e+00
Step    9 : Displace = [0m1.136e-02[0m/[0m2.219e-02[0m (rms/max) Trust = 1.127e-02 ([92m+[0m) Grad_T = [92m1.769e-04[0m/[0m5.204e-04[0m (rms/max) E (change) = -0.1817975421 ([0m-1.217e-05[0m) Quality = [0m1.352[0m
Hessian Eigenvalues: 1.22655e-03 2.24985e-02 2.29526e-02 ... 7.61734e-01 9.51182e-01 2.92763e+00
Step   10 : Displace = [0m1.618e-02[0m/[0m3.124e-02[0m (rms/max) Trust = 1.594e-02 ([92m+[0m) Grad_T = [92m2.437e-04[0m/[0m5.567e-04[0m (rms/max) E (change) = -0.1818146155 ([0m-1.707e-05[0m) Quality = [0m1.082[0m
Hessian Eigenvalues: 3.16086e-05 2.23697e-02 2.28820e-02 ... 9.43067e-01 1.12349e+00 5.56490e+00
Step   11 : Displace = [0m2.284e-02[0m/[0m4.391e-02[0m (rms/max) Trust = 2.254e-02 ([92m+[0m) Grad_T = [0m3.645e-04[0m/[0m7.994e-04[0m (rms/max) E (change) = -0.1818402168 ([0m-2.560e-05[0m) Quality = [0m1.036[0m
Eigenvalues below 1.0000e-05 (-1.5763e+02) - returning guess
Hessian Eigenvalues: 2.30000e-02 2.30000e-02 2.30000e-02 ... 5.54420e-01 5.73823e-01 9.80814e-01
Step   12 : Displace = [0m2.468e-02[0m/[0m4.493e-02[0m (rms/max) Trust = 3.187e-02 ([92m+[0m) Grad_T = [0m1.182e-03[0m/[0m3.057e-03[0m (rms/max) E (change) = -0.1816737215 ([91m+1.665e-04[0m) Quality = [91m-4.450[0m
[93mRejecting step - quality is lower than -1.0[0m
Hessian Eigenvalues: 2.30000e-02 2.30000e-02 2.30000e-02 ... 5.54420e-01 5.73823e-01 9.80814e-01
Step   13 : Displace = [0m1.253e-02[0m/[0m2.233e-02[0m (rms/max) Trust = 1.234e-02 ([1;91mx[0m) Grad_T = [0m5.623e-04[0m/[0m1.604e-03[0m (rms/max) E (change) = -0.1818044639 ([91m+3.575e-05[0m) Quality = [91m-1.351[0m
[93mRejecting step - quality is lower than -1.0[0m
Hessian Eigenvalues: 2.30000e-02 2.30000e-02 2.30000e-02 ... 5.54420e-01 5.73823e-01 9.80814e-01
Step   14 : Displace = [0m6.158e-03[0m/[0m1.086e-02[0m (rms/max) Trust = 6.169e-03 ([1;91mx[0m) Grad_T = [92m2.806e-04[0m/[0m7.890e-04[0m (rms/max) E (change) = -0.1818408151 ([92m-5.982e-07[0m) Quality = [0m0.039[0m
Hessian Eigenvalues: 2.26295e-02 2.30000e-02 2.30000e-02 ... 5.72890e-01 9.80139e-01 1.82074e+00
Step   15 : Displace = [0m3.190e-03[0m/[0m6.547e-03[0m (rms/max) Trust = 3.079e-03 ([91m-[0m) Grad_T = [92m2.093e-04[0m/[0m5.818e-04[0m (rms/max) E (change) = -0.1818475898 ([0m-6.775e-06[0m) Quality = [0m0.825[0m
Hessian Eigenvalues: 2.26523e-02 2.29998e-02 2.30000e-02 ... 5.72977e-01 9.80137e-01 2.00767e+00
Step   16 : Displace = [0m4.404e-03[0m/[0m7.827e-03[0m (rms/max) Trust = 4.354e-03 ([92m+[0m) Grad_T = [92m2.032e-04[0m/[0m5.567e-04[0m (rms/max) E (change) = -0.1818538624 ([0m-6.273e-06[0m) Quality = [0m1.087[0m
Hessian Eigenvalues: 5.54426e-03 2.29999e-02 2.30000e-02 ... 6.27033e-01 9.80071e-01 2.25008e+00
Step   17 : Displace = [0m6.103e-03[0m/[0m1.136e-02[0m (rms/max) Trust = 6.158e-03 ([92m+[0m) Grad_T = [92m2.028e-04[0m/[0m6.192e-04[0m (rms/max) E (change) = -0.1818626377 ([0m-8.775e-06[0m) Quality = [0m1.039[0m
Hessian Eigenvalues: 1.65554e-03 2.29999e-02 2.30000e-02 ... 7.00643e-01 9.80844e-01 2.61300e+00
Step   18 : Displace = [0m8.619e-03[0m/[0m1.623e-02[0m (rms/max) Trust = 8.708e-03 ([92m+[0m) Grad_T = [92m2.302e-04[0m/[0m6.481e-04[0m (rms/max) E (change) = -0.1818752550 ([0m-1.262e-05[0m) Quality = [0m1.027[0m
Hessian Eigenvalues: 3.32923e-04 2.30000e-02 2.30000e-02 ... 9.43609e-01 1.00111e+00 2.26489e+00
Step   19 : Displace = [0m1.221e-02[0m/[0m2.316e-02[0m (rms/max) Trust = 1.232e-02 ([92m+[0m) Grad_T = [92m2.734e-04[0m/[0m7.691e-04[0m (rms/max) E (change) = -0.1818941814 ([0m-1.893e-05[0m) Quality = [0m1.035[0m
Eigenvalues below 1.0000e-05 (-4.1492e+01) - returning guess
Hessian Eigenvalues: 2.30000e-02 2.30000e-02 2.30000e-02 ... 5.53919e-01 5.73812e-01 9.81129e-01
Step   20 : Displace = [0m1.258e-02[0m/[0m2.271e-02[0m (rms/max) Trust = 1.742e-02 ([92m+[0m) Grad_T = [0m3.518e-04[0m/[0m9.519e-04[0m (rms/max) E (change) = -0.1819089978 ([0m-1.482e-05[0m) Quality = [0m1.195[0m
Hessian Eigenvalues: 2.39467e-03 2.30000e-02 2.30000e-02 ... 5.73474e-01 9.80471e-01 1.72620e+00
Step   21 : Displace = [0m2.548e-02[0m/[0m4.737e-02[0m (rms/max) Trust = 2.463e-02 ([92m+[0m) Grad_T = [0m8.086e-04[0m/[0m2.366e-03[0m (rms/max) E (change) = -0.1819314033 ([0m-2.241e-05[0m) Quality = [0m0.527[0m
Constraint                         Current      Target       Diff.
Dihedral 7-8-10-12               -69.94064   -69.94201     0.00137
Hessian Eigenvalues: 2.25054e-03 2.30000e-02 2.30000e-02 ... 5.75461e-01 9.81046e-01 1.91148e+00
Step   22 : Displace = [0m2.443e-02[0m/[0m4.692e-02[0m (rms/max) Trust = 2.463e-02 (=) Grad_T = [0m4.435e-04[0m/[0m1.188e-03[0m (rms/max) E (change) = -0.1819965334 ([0m-6.513e-05[0m) Quality = [0m1.181[0m
Hessian Eigenvalues: 1.22259e-03 2.29980e-02 2.30000e-02 ... 7.62192e-01 9.80347e-01 1.53348e+00
Step   23 : Displace = [0m3.509e-02[0m/[0m6.620e-02[0m (rms/max) Trust = 3.483e-02 ([92m+[0m) Grad_T = [0m5.014e-04[0m/[0m1.374e-03[0m (rms/max) E (change) = -0.1820670314 ([0m-7.050e-05[0m) Quality = [0m1.034[0m
Constraint                         Current      Target       Diff.
Dihedral 7-8-10-12               -69.94308   -69.94201    -0.00107
Hessian Eigenvalues: 5.27977e-04 2.29150e-02 2.30000e-02 ... 8.03969e-01 9.80445e-01 1.59049e+00
Step   24 : Displace = [0m4.859e-02[0m/[0m9.378e-02[0m (rms/max) Trust = 4.926e-02 ([92m+[0m) Grad_T = [0m4.973e-04[0m/[0m1.380e-03[0m (rms/max) E (change) = -0.1821583706 ([0m-9.134e-05[0m) Quality = [0m0.970[0m
Hessian Eigenvalues: 4.16909e-04 2.26451e-02 2.30000e-02 ... 7.72043e-01 9.80581e-01 1.63924e+00
Step   25 : Displace = [0m6.816e-02[0m/[0m1.332e-01[0m (rms/max) Trust = 6.967e-02 ([92m+[0m) Grad_T = [0m4.074e-04[0m/[0m1.114e-03[0m (rms/max) E (change) = -0.1822647043 ([0m-1.063e-04[0m) Quality = [0m0.854[0m
Hessian Eigenvalues: 1.61942e-03 2.25147e-02 2.29995e-02 ... 6.65906e-01 9.80444e-01 1.76874e+00
Step   26 : Displace = [0m9.804e-02[0m/[0m1.994e-01[0m (rms/max) Trust = 9.852e-02 ([92m+[0m) Grad_T = [92m2.289e-04[0m/[0m5.060e-04[0m (rms/max) E (change) = -0.1823018709 ([0m-3.717e-05[0m) Quality = [0m0.493[0m
Constraint                         Current      Target       Diff.
Dihedral 7-8-10-12               -69.93914   -69.94201     0.00288
Hessian Eigenvalues: 3.20983e-03 2.17236e-02 2.29712e-02 ... 6.57849e-01 9.80447e-01 1.71624e+00
Step   27 : Displace = [0m3.968e-02[0m/[0m7.444e-02[0m (rms/max) Trust = 9.852e-02 (=) Grad_T = [92m2.924e-04[0m/[0m6.895e-04[0m (rms/max) E (change) = -0.1823162355 ([0m-1.436e-05[0m) Quality = [0m0.611[0m
Constraint                         Current      Target       Diff.
Dihedral 7-8-10-12               -69.93971   -69.94201     0.00230
Hessian Eigenvalues: 3.00479e-03 2.13493e-02 2.29270e-02 ... 6.59475e-01 9.80536e-01 1.78182e+00
Step   28 : Displace = [0m2.862e-03[0m/[0m5.300e-03[0m (rms/max) Trust = 9.852e-02 (=) Grad_T = [92m1.827e-04[0m/[0m4.836e-04[0m (rms/max) E (change) = -0.1823193452 ([0m-3.110e-06[0m) Quality = [0m0.460[0m
Constraint                         Current      Target       Diff.
Dihedral 7-8-10-12               -69.94100   -69.94201     0.00101
Hessian Eigenvalues: 3.06781e-03 2.12992e-02 2.28741e-02 ... 6.76852e-01 9.80441e-01 1.77345e+00
Step   29 : Displace = [0m8.816e-03[0m/[0m1.793e-02[0m (rms/max) Trust = 9.852e-02 (=) Grad_T = [92m6.017e-05[0m/[92m1.704e-04[0m (rms/max) E (change) = -0.1823213960 ([0m-2.051e-06[0m) Quality = [0m0.897[0m
Constraint                         Current      Target       Diff.
Dihedral 7-8-10-12               -69.94091   -69.94201     0.00110
Hessian Eigenvalues: 3.10497e-03 2.09607e-02 2.28521e-02 ... 6.73814e-01 9.80422e-01 1.76774e+00
Step   30 : Displace = [92m1.105e-03[0m/[0m1.998e-03[0m (rms/max) Trust = 1.393e-01 ([92m+[0m) Grad_T = [92m9.271e-05[0m/[92m2.267e-04[0m (rms/max) E (change) = -0.1823213783 ([92m+1.769e-08[0m) Quality = [91m-0.046[0m
Hessian Eigenvalues: 3.12281e-03 1.82692e-02 2.25504e-02 ... 6.86005e-01 9.80486e-01 1.78310e+00
Step   31 : Displace = [92m1.124e-03[0m/[0m2.111e-03[0m (rms/max) Trust = 1.200e-03 ([91m-[0m) Grad_T = [92m9.719e-06[0m/[92m2.533e-05[0m (rms/max) E (change) = -0.1823217009 ([92m-3.225e-07[0m) Quality = [0m1.078[0m
Hessian Eigenvalues: 3.19052e-03 1.72340e-02 2.20972e-02 ... 6.86279e-01 9.80336e-01 1.76214e+00
Step   32 : Displace = [92m3.091e-04[0m/[92m5.312e-04[0m (rms/max) Trust = 1.697e-03 ([92m+[0m) Grad_T = [92m8.677e-06[0m/[92m1.778e-05[0m (rms/max) E (change) = -0.1823217686 ([92m-6.773e-08[0m) Quality = [0m1.473[0m
Hessian Eigenvalues: 3.19052e-03 1.72340e-02 2.20972e-02 ... 6.86279e-01 9.80336e-01 1.76214e+00
Converged! =D

    #==========================================================================#
    #| If this code has benefited your research, please support us by citing: |#
    #|                                                                        |#
    #| Wang, L.-P.; Song, C.C. (2016) "Geometry optimization made simple with |#
    #| translation and rotation coordinates", J. Chem, Phys. 144, 214108.     |#
    #| http://dx.doi.org/10.1063/1.4952956                                    |#
    #==========================================================================#
    Time elapsed since start of run_optimizer: 7.474 seconds
