geometric-optimize called with the following command line:
/opt/software/geometric/bin/geometric-optimize --ase-class=ase.calculators.amber.Amber --ase-kwargs={"amber_exe":"sander -O ", "infile":"mdin", "outfile":"dh_6-7-9-11_015.out", "topologyfile":"prmtop", "incoordfile":"dh_6-7-9-11_015.rst7"} --engine ase dh_6-7-9-11_015.xyz constraints.txt

                                        [91m())))))))))))))))/[0m                     
                                    [91m())))))))))))))))))))))))),[0m                
                                [91m*)))))))))))))))))))))))))))))))))[0m             
                        [94m#,[0m    [91m()))))))))/[0m                [91m.)))))))))),[0m          
                      [94m#%%%%,[0m  [91m())))))[0m                        [91m.))))))))*[0m        
                      [94m*%%%%%%,[0m  [91m))[0m              [93m..[0m              [91m,))))))).[0m      
                        [94m*%%%%%%,[0m         [93m***************/.[0m        [91m.)))))))[0m     
                [94m#%%/[0m      [94m(%%%%%%,[0m    [93m/*********************.[0m       [91m)))))))[0m    
              [94m.%%%%%%#[0m      [94m*%%%%%%,[0m  [93m*******/,[0m     [93m**********,[0m      [91m.))))))[0m   
                [94m.%%%%%%/[0m      [94m*%%%%%%,[0m  [93m**[0m              [93m********[0m      [91m.))))))[0m  
          [94m##[0m      [94m.%%%%%%/[0m      [94m(%%%%%%,[0m                  [93m,******[0m      [91m/)))))[0m  
        [94m%%%%%%[0m      [94m.%%%%%%#[0m      [94m*%%%%%%,[0m    [92m,/////.[0m       [93m******[0m      [91m))))))[0m 
      [94m#%[0m      [94m%%[0m      [94m.%%%%%%/[0m      [94m*%%%%%%,[0m  [92m////////,[0m      [93m*****/[0m     [91m,)))))[0m 
    [94m#%%[0m  [94m%%%[0m  [94m%%%#[0m      [94m.%%%%%%/[0m      [94m(%%%%%%,[0m  [92m///////.[0m     [93m/*****[0m      [91m))))).[0m
  [94m#%%%%.[0m      [94m%%%%%#[0m      [94m/%%%%%%*[0m      [94m#%%%%%%[0m   [92m/////)[0m     [93m******[0m      [91m))))),[0m
    [94m#%%%%##%[0m  [94m%%%#[0m      [94m.%%%%%%/[0m      [94m(%%%%%%,[0m  [92m///////.[0m     [93m/*****[0m      [91m))))).[0m
      [94m##[0m     [94m%%%[0m      [94m.%%%%%%/[0m      [94m*%%%%%%,[0m  [92m////////.[0m      [93m*****/[0m     [91m,)))))[0m 
        [94m#%%%%#[0m      [94m/%%%%%%/[0m      [94m(%%%%%%[0m      [92m/)/)//[0m       [93m******[0m      [91m))))))[0m 
          [94m##[0m      [94m.%%%%%%/[0m      [94m(%%%%%%,[0m                  [93m*******[0m      [91m))))))[0m  
                [94m.%%%%%%/[0m      [94m*%%%%%%,[0m  [93m**.[0m             [93m/*******[0m      [91m.))))))[0m  
              [94m*%%%%%%/[0m      [94m(%%%%%%[0m   [93m********/*..,*/*********[0m       [91m*))))))[0m   
                [94m#%%/[0m      [94m(%%%%%%,[0m    [93m*********************/[0m        [91m)))))))[0m    
                        [94m*%%%%%%,[0m         [93m,**************/[0m         [91m,))))))/[0m     
                      [94m(%%%%%%[0m   [91m()[0m                              [91m))))))))[0m       
                      [94m#%%%%,[0m  [91m())))))[0m                        [91m,)))))))),[0m        
                        [94m#,[0m    [91m())))))))))[0m                [91m,)))))))))).[0m          
                                 [91m()))))))))))))))))))))))))))))))/[0m             
                                    [91m())))))))))))))))))))))))).[0m                
                                         [91m())))))))))))))),[0m                     

-=# [1;94m geomeTRIC started. Version: 1.0+41.ga67ca54 [0m #=-
Current date and time: 2024-02-21 09:22:39
ASE-Calculator engine selected. 
   ASE  calculator:ase.calculators.amber.Amber
   ASE calc kwargs:{"amber_exe":"sander -O ", "infile":"mdin", "outfile":"dh_6-7-9-11_015.out", "topologyfile":"prmtop", "incoordfile":"dh_6-7-9-11_015.rst7"}
$freeze
dihedral 7 8 10 12
Bonds will be generated from interatomic distances less than 1.20 times sum of covalent radii
84 internal coordinates being used (instead of 84 Cartesians)
Internal coordinate system (atoms numbered from 1):
Dihedral 7-8-10-12
Distance 1-2
Distance 1-6
Distance 1-25
Distance 2-3
Distance 2-16
Distance 3-4
Distance 3-17
Distance 4-5
Distance 5-6
Distance 5-7
Distance 6-18
Distance 7-8
Distance 7-19
Distance 8-9
Distance 8-10
Distance 10-11
Distance 10-12
Distance 10-14
Distance 11-12
Distance 11-20
Distance 11-21
Distance 12-13
Distance 12-15
Distance 13-22
Distance 13-23
Distance 13-24
Distance 25-26
Distance 25-27
Distance 25-28
Angle 2-1-25
Angle 6-1-25
Angle 1-2-16
Angle 3-2-16
Angle 2-3-17
Angle 4-3-17
Angle 3-4-5
Angle 4-5-7
Angle 6-5-7
Angle 1-6-18
Angle 5-6-18
Angle 5-7-19
Angle 8-7-19
Angle 7-8-10
Angle 9-8-10
Angle 8-10-12
Angle 8-10-14
Angle 11-10-12
Angle 11-10-14
Angle 12-10-14
Angle 10-11-12
Angle 10-11-20
Angle 10-11-21
Angle 12-11-20
Angle 12-11-21
Angle 20-11-21
Angle 10-12-11
Angle 10-12-13
Angle 10-12-15
Angle 11-12-13
Angle 11-12-15
Angle 13-12-15
Angle 12-13-22
Angle 12-13-23
Angle 12-13-24
Angle 22-13-23
Angle 22-13-24
Angle 23-13-24
Angle 1-25-26
Angle 1-25-27
Angle 1-25-28
Angle 26-25-27
Angle 26-25-28
Angle 27-25-28
Out-of-Plane 1-2-6-25
Out-of-Plane 2-1-3-16
Out-of-Plane 3-2-4-17
Out-of-Plane 5-4-6-7
Out-of-Plane 6-1-5-18
Out-of-Plane 7-5-8-19
Out-of-Plane 8-7-9-10
Out-of-Plane 10-8-11-14
Dihedral 6-1-2-3
Dihedral 6-1-2-16
Dihedral 25-1-2-3
Dihedral 25-1-2-16
Dihedral 2-1-6-5
Dihedral 2-1-6-18
Dihedral 25-1-6-5
Dihedral 25-1-6-18
Dihedral 2-1-25-26
Dihedral 2-1-25-27
Dihedral 2-1-25-28
Dihedral 6-1-25-26
Dihedral 6-1-25-27
Dihedral 6-1-25-28
Dihedral 1-2-3-4
Dihedral 1-2-3-17
Dihedral 16-2-3-4
Dihedral 16-2-3-17
Dihedral 2-3-4-5
Dihedral 17-3-4-5
Dihedral 3-4-5-6
Dihedral 3-4-5-7
Dihedral 4-5-6-1
Dihedral 4-5-6-18
Dihedral 7-5-6-1
Dihedral 7-5-6-18
Dihedral 4-5-7-8
Dihedral 4-5-7-19
Dihedral 6-5-7-8
Dihedral 6-5-7-19
Dihedral 5-7-8-9
Dihedral 5-7-8-10
Dihedral 19-7-8-9
Dihedral 19-7-8-10
Dihedral 7-8-10-11
Dihedral 7-8-10-14
Dihedral 9-8-10-11
Dihedral 9-8-10-12
Dihedral 9-8-10-14
Dihedral 8-10-11-12
Dihedral 8-10-11-20
Dihedral 8-10-11-21
Dihedral 12-10-11-20
Dihedral 12-10-11-21
Dihedral 14-10-11-12
Dihedral 14-10-11-20
Dihedral 14-10-11-21
Dihedral 8-10-12-11
Dihedral 8-10-12-13
Dihedral 8-10-12-15
Dihedral 11-10-12-13
Dihedral 11-10-12-15
Dihedral 14-10-12-11
Dihedral 14-10-12-13
Dihedral 14-10-12-15
Dihedral 10-11-12-13
Dihedral 10-11-12-15
Dihedral 20-11-12-10
Dihedral 20-11-12-13
Dihedral 20-11-12-15
Dihedral 21-11-12-10
Dihedral 21-11-12-13
Dihedral 21-11-12-15
Dihedral 10-12-13-22
Dihedral 10-12-13-23
Dihedral 10-12-13-24
Dihedral 11-12-13-22
Dihedral 11-12-13-23
Dihedral 11-12-13-24
Dihedral 15-12-13-22
Dihedral 15-12-13-23
Dihedral 15-12-13-24
Translation-X 1-28
Translation-Y 1-28
Translation-Z 1-28
Rotation-A 1-28
Rotation-B 1-28
Rotation-C 1-28
<class 'geometric.internal.Dihedral'> : 73
<class 'geometric.internal.Distance'> : 29
<class 'geometric.internal.Angle'> : 44
<class 'geometric.internal.OutOfPlane'> : 8
<class 'geometric.internal.TranslationX'> : 1
<class 'geometric.internal.TranslationY'> : 1
<class 'geometric.internal.TranslationZ'> : 1
<class 'geometric.internal.RotationA'> : 1
<class 'geometric.internal.RotationB'> : 1
<class 'geometric.internal.RotationC'> : 1
Constraint                         Current      Target       Diff.
Dihedral 7-8-10-12                74.05756    74.05756     0.00000
> ===== Optimization Info: ====
> Job type: Energy minimization
> Maximum number of optimization cycles: 300
> Initial / maximum trust radius (Angstrom): 0.100 / 0.300
> Convergence Criteria:
> Will converge when all 5 criteria are reached:
>  |Delta-E| < 1.00e-06
>  RMS-Ortho-Grad < 3.00e-04
>  Max-Ortho-Grad < 4.50e-04
>  RMS-Disp  < 1.20e-03
>  Max-Disp  < 1.80e-03
> 
> Constraints are requested. The following criterion is added:
>  Max Constraint Violation (in Angstroms/degrees) < 1.00e-02 
> === End Optimization Info ===
Step    0 : Gradient = 9.447e-03/1.893e-02 (rms/max) Energy = -0.1735671921
Hessian Eigenvalues: 2.30000e-02 2.30000e-02 2.30000e-02 ... 5.73627e-01 5.82338e-01 9.49460e-01
Step    1 : Displace = [0m1.001e-01[0m/[0m2.044e-01[0m (rms/max) Trust = 1.000e-01 (=) Grad_T = [0m7.621e-03[0m/[0m1.698e-02[0m (rms/max) E (change) = -0.1754642964 ([0m-1.897e-03[0m) Quality = [0m0.233[0m
Hessian Eigenvalues: 2.29924e-02 2.30000e-02 2.30000e-02 ... 5.81385e-01 9.37456e-01 2.48290e+00
Step    2 : Displace = [0m4.511e-02[0m/[0m1.049e-01[0m (rms/max) Trust = 5.000e-02 ([91m-[0m) Grad_T = [0m4.686e-03[0m/[0m1.201e-02[0m (rms/max) E (change) = -0.1780062728 ([0m-2.542e-03[0m) Quality = [0m0.773[0m
Constraint                         Current      Target       Diff.
Dihedral 7-8-10-12                74.06639    74.05756     0.00883
Hessian Eigenvalues: 2.27734e-02 2.29997e-02 2.30000e-02 ... 5.80314e-01 9.33288e-01 2.14344e+00
Step    3 : Displace = [0m4.158e-02[0m/[0m6.646e-02[0m (rms/max) Trust = 7.071e-02 ([92m+[0m) Grad_T = [0m3.916e-03[0m/[0m1.260e-02[0m (rms/max) E (change) = -0.1783030551 ([0m-2.968e-04[0m) Quality = [0m0.244[0m
Hessian Eigenvalues: 2.05736e-02 2.29888e-02 2.30000e-02 ... 6.17268e-01 9.33123e-01 2.17322e+00
Step    4 : Displace = [0m2.078e-02[0m/[0m4.684e-02[0m (rms/max) Trust = 2.079e-02 ([91m-[0m) Grad_T = [0m1.107e-03[0m/[0m2.462e-03[0m (rms/max) E (change) = -0.1788567358 ([0m-5.537e-04[0m) Quality = [0m0.870[0m
Hessian Eigenvalues: 2.06745e-02 2.29312e-02 2.30000e-02 ... 6.41858e-01 9.32928e-01 2.12074e+00
Step    5 : Displace = [0m1.330e-02[0m/[0m2.943e-02[0m (rms/max) Trust = 2.940e-02 ([92m+[0m) Grad_T = [0m1.068e-03[0m/[0m3.256e-03[0m (rms/max) E (change) = -0.1788991328 ([0m-4.240e-05[0m) Quality = [0m0.446[0m
Constraint                         Current      Target       Diff.
Dihedral 7-8-10-12                74.06247    74.05756     0.00491
Hessian Eigenvalues: 1.69625e-02 2.24779e-02 2.29668e-02 ... 6.43623e-01 9.33062e-01 2.14264e+00
Step    6 : Displace = [0m7.669e-03[0m/[0m1.193e-02[0m (rms/max) Trust = 2.940e-02 (=) Grad_T = [0m7.747e-04[0m/[0m1.930e-03[0m (rms/max) E (change) = -0.1789301116 ([0m-3.098e-05[0m) Quality = [0m0.509[0m
Constraint                         Current      Target       Diff.
Dihedral 7-8-10-12                74.06614    74.05756     0.00858
Hessian Eigenvalues: 1.48721e-02 2.24164e-02 2.27797e-02 ... 7.07504e-01 9.32935e-01 2.12337e+00
Step    7 : Displace = [0m5.764e-03[0m/[0m1.448e-02[0m (rms/max) Trust = 2.940e-02 (=) Grad_T = [0m4.198e-04[0m/[0m1.134e-03[0m (rms/max) E (change) = -0.1789561224 ([0m-2.601e-05[0m) Quality = [0m0.764[0m
Constraint                         Current      Target       Diff.
Dihedral 7-8-10-12                74.06132    74.05756     0.00375
Hessian Eigenvalues: 1.39258e-02 2.11594e-02 2.25860e-02 ... 6.67531e-01 9.33272e-01 2.17078e+00
Step    8 : Displace = [0m3.008e-03[0m/[0m8.319e-03[0m (rms/max) Trust = 4.158e-02 ([92m+[0m) Grad_T = [92m2.838e-04[0m/[0m9.838e-04[0m (rms/max) E (change) = -0.1789640058 ([0m-7.883e-06[0m) Quality = [0m0.866[0m
Hessian Eigenvalues: 9.94309e-03 1.80948e-02 2.25690e-02 ... 7.25852e-01 9.32863e-01 2.13279e+00
Step    9 : Displace = [0m5.908e-03[0m/[0m1.484e-02[0m (rms/max) Trust = 5.881e-02 ([92m+[0m) Grad_T = [0m3.201e-04[0m/[0m9.703e-04[0m (rms/max) E (change) = -0.1789704565 ([0m-6.451e-06[0m) Quality = [0m0.762[0m
Constraint                         Current      Target       Diff.
Dihedral 7-8-10-12                74.06057    74.05756     0.00300
Hessian Eigenvalues: 5.78532e-03 1.73623e-02 2.26737e-02 ... 7.48267e-01 9.32986e-01 2.15921e+00
Step   10 : Displace = [0m5.126e-03[0m/[0m1.150e-02[0m (rms/max) Trust = 8.317e-02 ([92m+[0m) Grad_T = [92m1.883e-04[0m/[92m4.252e-04[0m (rms/max) E (change) = -0.1789798675 ([0m-9.411e-06[0m) Quality = [0m1.557[0m
Constraint                         Current      Target       Diff.
Dihedral 7-8-10-12                74.06078    74.05756     0.00322
Hessian Eigenvalues: 2.06059e-03 1.71234e-02 2.25314e-02 ... 7.20652e-01 9.33263e-01 2.14875e+00
Step   11 : Displace = [0m2.180e-02[0m/[0m5.194e-02[0m (rms/max) Trust = 1.176e-01 ([92m+[0m) Grad_T = [92m2.900e-04[0m/[0m6.806e-04[0m (rms/max) E (change) = -0.1789983558 ([0m-1.849e-05[0m) Quality = [0m1.245[0m
Constraint                         Current      Target       Diff.
Dihedral 7-8-10-12                74.06040    74.05756     0.00284
Hessian Eigenvalues: 1.02123e-03 1.72141e-02 2.24123e-02 ... 7.46338e-01 9.33240e-01 2.14698e+00
Step   12 : Displace = [0m2.624e-02[0m/[0m5.565e-02[0m (rms/max) Trust = 1.663e-01 ([92m+[0m) Grad_T = [0m3.195e-04[0m/[0m7.828e-04[0m (rms/max) E (change) = -0.1790158298 ([0m-1.747e-05[0m) Quality = [0m1.550[0m
Constraint                         Current      Target       Diff.
Dihedral 7-8-10-12                74.06194    74.05756     0.00437
Hessian Eigenvalues: 4.73161e-04 1.55562e-02 2.08010e-02 ... 7.32284e-01 9.33962e-01 2.32434e+00
Step   13 : Displace = [0m7.049e-02[0m/[0m1.392e-01[0m (rms/max) Trust = 2.352e-01 ([92m+[0m) Grad_T = [0m3.320e-04[0m/[0m6.306e-04[0m (rms/max) E (change) = -0.1790505152 ([0m-3.469e-05[0m) Quality = [0m1.387[0m
Constraint                         Current      Target       Diff.
Dihedral 7-8-10-12                74.06569    74.05756     0.00812
Hessian Eigenvalues: 3.68950e-04 1.36720e-02 1.99793e-02 ... 7.31068e-01 9.33834e-01 2.59655e+00
Step   14 : Displace = [0m6.996e-02[0m/[0m1.296e-01[0m (rms/max) Trust = 3.000e-01 ([92m+[0m) Grad_T = [0m3.641e-04[0m/[0m9.479e-04[0m (rms/max) E (change) = -0.1790857909 ([0m-3.528e-05[0m) Quality = [0m1.365[0m
Constraint                         Current      Target       Diff.
Dihedral 7-8-10-12                74.06747    74.05756     0.00991
Hessian Eigenvalues: 5.70544e-04 8.59312e-03 1.85203e-02 ... 7.34427e-01 9.33564e-01 2.37292e+00
Step   15 : Displace = [0m6.310e-02[0m/[0m1.166e-01[0m (rms/max) Trust = 3.000e-01 (=) Grad_T = [0m5.606e-04[0m/[0m1.319e-03[0m (rms/max) E (change) = -0.1791567601 ([0m-7.097e-05[0m) Quality = [0m1.465[0m
Constraint                         Current      Target       Diff.
Dihedral 7-8-10-12                74.06689    74.05756     0.00933
Hessian Eigenvalues: 7.10986e-04 4.45379e-03 1.79203e-02 ... 7.43561e-01 9.33809e-01 1.83920e+00
Step   16 : Displace = [0m5.375e-02[0m/[0m9.578e-02[0m (rms/max) Trust = 3.000e-01 (=) Grad_T = [0m7.856e-04[0m/[0m2.344e-03[0m (rms/max) E (change) = -0.1792600845 ([0m-1.033e-04[0m) Quality = [0m1.421[0m
Constraint                         Current      Target       Diff.
Dihedral 7-8-10-12                74.06300    74.05756     0.00544
Hessian Eigenvalues: 6.62990e-04 2.49964e-03 1.72123e-02 ... 7.36249e-01 9.34291e-01 2.11419e+00
Step   17 : Displace = [0m1.441e-01[0m/[0m2.704e-01[0m (rms/max) Trust = 3.000e-01 (=) Grad_T = [0m9.549e-04[0m/[0m2.940e-03[0m (rms/max) E (change) = -0.1792592604 ([92m+8.241e-07[0m) Quality = [91m-0.008[0m
Constraint                         Current      Target       Diff.
Dihedral 7-8-10-12                74.06221    74.05756     0.00465
Hessian Eigenvalues: 1.25180e-03 3.28888e-03 1.62048e-02 ... 7.31340e-01 9.34039e-01 2.23828e+00
Step   18 : Displace = [0m7.186e-02[0m/[0m1.659e-01[0m (rms/max) Trust = 7.204e-02 ([91m-[0m) Grad_T = [0m5.724e-04[0m/[0m1.813e-03[0m (rms/max) E (change) = -0.1794341386 ([0m-1.749e-04[0m) Quality = [0m0.881[0m
Constraint                         Current      Target       Diff.
Dihedral 7-8-10-12                74.05587    74.05756    -0.00169
Hessian Eigenvalues: 1.40660e-03 3.66196e-03 1.58478e-02 ... 7.30904e-01 9.34042e-01 2.57378e+00
Step   19 : Displace = [0m1.346e-02[0m/[0m2.817e-02[0m (rms/max) Trust = 1.019e-01 ([92m+[0m) Grad_T = [0m3.005e-04[0m/[0m9.569e-04[0m (rms/max) E (change) = -0.1794836335 ([0m-4.949e-05[0m) Quality = [0m1.441[0m
Hessian Eigenvalues: 1.59343e-03 3.37744e-03 1.18324e-02 ... 7.30880e-01 9.33939e-01 2.30600e+00
Step   20 : Displace = [0m2.088e-02[0m/[0m4.514e-02[0m (rms/max) Trust = 1.441e-01 ([92m+[0m) Grad_T = [92m9.461e-05[0m/[92m2.566e-04[0m (rms/max) E (change) = -0.1795054194 ([0m-2.179e-05[0m) Quality = [0m1.065[0m
Hessian Eigenvalues: 1.55868e-03 3.60470e-03 1.09266e-02 ... 7.31484e-01 9.34098e-01 2.25360e+00
Step   21 : Displace = [0m3.438e-03[0m/[0m7.130e-03[0m (rms/max) Trust = 2.038e-01 ([92m+[0m) Grad_T = [92m7.628e-05[0m/[92m2.073e-04[0m (rms/max) E (change) = -0.1795073156 ([0m-1.896e-06[0m) Quality = [0m1.549[0m
Hessian Eigenvalues: 1.34888e-03 3.62071e-03 9.82369e-03 ... 7.26705e-01 9.33563e-01 2.19196e+00
Step   22 : Displace = [0m3.219e-03[0m/[0m7.138e-03[0m (rms/max) Trust = 2.882e-01 ([92m+[0m) Grad_T = [92m3.747e-05[0m/[92m1.221e-04[0m (rms/max) E (change) = -0.1795090275 ([0m-1.712e-06[0m) Quality = [0m1.156[0m
Hessian Eigenvalues: 1.38059e-03 3.61024e-03 9.33873e-03 ... 7.25807e-01 9.33659e-01 2.17332e+00
Step   23 : Displace = [92m3.480e-04[0m/[92m1.014e-03[0m (rms/max) Trust = 3.000e-01 ([92m+[0m) Grad_T = [92m1.862e-05[0m/[92m5.409e-05[0m (rms/max) E (change) = -0.1795092286 ([92m-2.011e-07[0m) Quality = [0m1.317[0m
Hessian Eigenvalues: 1.38059e-03 3.61024e-03 9.33873e-03 ... 7.25807e-01 9.33659e-01 2.17332e+00
Converged! =D

    #==========================================================================#
    #| If this code has benefited your research, please support us by citing: |#
    #|                                                                        |#
    #| Wang, L.-P.; Song, C.C. (2016) "Geometry optimization made simple with |#
    #| translation and rotation coordinates", J. Chem, Phys. 144, 214108.     |#
    #| http://dx.doi.org/10.1063/1.4952956                                    |#
    #==========================================================================#
    Time elapsed since start of run_optimizer: 5.004 seconds
