geometric-optimize called with the following command line:
/opt/software/geometric/bin/geometric-optimize --ase-class=ase.calculators.amber.Amber --ase-kwargs={"amber_exe":"sander -O ", "infile":"mdin", "outfile":"dh_6-7-9-11_005.out", "topologyfile":"prmtop", "incoordfile":"dh_6-7-9-11_005.rst7"} --engine ase dh_6-7-9-11_005.xyz constraints.txt

                                        [91m())))))))))))))))/[0m                     
                                    [91m())))))))))))))))))))))))),[0m                
                                [91m*)))))))))))))))))))))))))))))))))[0m             
                        [94m#,[0m    [91m()))))))))/[0m                [91m.)))))))))),[0m          
                      [94m#%%%%,[0m  [91m())))))[0m                        [91m.))))))))*[0m        
                      [94m*%%%%%%,[0m  [91m))[0m              [93m..[0m              [91m,))))))).[0m      
                        [94m*%%%%%%,[0m         [93m***************/.[0m        [91m.)))))))[0m     
                [94m#%%/[0m      [94m(%%%%%%,[0m    [93m/*********************.[0m       [91m)))))))[0m    
              [94m.%%%%%%#[0m      [94m*%%%%%%,[0m  [93m*******/,[0m     [93m**********,[0m      [91m.))))))[0m   
                [94m.%%%%%%/[0m      [94m*%%%%%%,[0m  [93m**[0m              [93m********[0m      [91m.))))))[0m  
          [94m##[0m      [94m.%%%%%%/[0m      [94m(%%%%%%,[0m                  [93m,******[0m      [91m/)))))[0m  
        [94m%%%%%%[0m      [94m.%%%%%%#[0m      [94m*%%%%%%,[0m    [92m,/////.[0m       [93m******[0m      [91m))))))[0m 
      [94m#%[0m      [94m%%[0m      [94m.%%%%%%/[0m      [94m*%%%%%%,[0m  [92m////////,[0m      [93m*****/[0m     [91m,)))))[0m 
    [94m#%%[0m  [94m%%%[0m  [94m%%%#[0m      [94m.%%%%%%/[0m      [94m(%%%%%%,[0m  [92m///////.[0m     [93m/*****[0m      [91m))))).[0m
  [94m#%%%%.[0m      [94m%%%%%#[0m      [94m/%%%%%%*[0m      [94m#%%%%%%[0m   [92m/////)[0m     [93m******[0m      [91m))))),[0m
    [94m#%%%%##%[0m  [94m%%%#[0m      [94m.%%%%%%/[0m      [94m(%%%%%%,[0m  [92m///////.[0m     [93m/*****[0m      [91m))))).[0m
      [94m##[0m     [94m%%%[0m      [94m.%%%%%%/[0m      [94m*%%%%%%,[0m  [92m////////.[0m      [93m*****/[0m     [91m,)))))[0m 
        [94m#%%%%#[0m      [94m/%%%%%%/[0m      [94m(%%%%%%[0m      [92m/)/)//[0m       [93m******[0m      [91m))))))[0m 
          [94m##[0m      [94m.%%%%%%/[0m      [94m(%%%%%%,[0m                  [93m*******[0m      [91m))))))[0m  
                [94m.%%%%%%/[0m      [94m*%%%%%%,[0m  [93m**.[0m             [93m/*******[0m      [91m.))))))[0m  
              [94m*%%%%%%/[0m      [94m(%%%%%%[0m   [93m********/*..,*/*********[0m       [91m*))))))[0m   
                [94m#%%/[0m      [94m(%%%%%%,[0m    [93m*********************/[0m        [91m)))))))[0m    
                        [94m*%%%%%%,[0m         [93m,**************/[0m         [91m,))))))/[0m     
                      [94m(%%%%%%[0m   [91m()[0m                              [91m))))))))[0m       
                      [94m#%%%%,[0m  [91m())))))[0m                        [91m,)))))))),[0m        
                        [94m#,[0m    [91m())))))))))[0m                [91m,)))))))))).[0m          
                                 [91m()))))))))))))))))))))))))))))))/[0m             
                                    [91m())))))))))))))))))))))))).[0m                
                                         [91m())))))))))))))),[0m                     

-=# [1;94m geomeTRIC started. Version: 1.0+41.ga67ca54 [0m #=-
Current date and time: 2024-02-21 09:21:21
ASE-Calculator engine selected. 
   ASE  calculator:ase.calculators.amber.Amber
   ASE calc kwargs:{"amber_exe":"sander -O ", "infile":"mdin", "outfile":"dh_6-7-9-11_005.out", "topologyfile":"prmtop", "incoordfile":"dh_6-7-9-11_005.rst7"}
$freeze
dihedral 7 8 10 12
Bonds will be generated from interatomic distances less than 1.20 times sum of covalent radii
84 internal coordinates being used (instead of 84 Cartesians)
Internal coordinate system (atoms numbered from 1):
Dihedral 7-8-10-12
Distance 1-2
Distance 1-6
Distance 1-25
Distance 2-3
Distance 2-16
Distance 3-4
Distance 3-17
Distance 4-5
Distance 5-6
Distance 5-7
Distance 6-18
Distance 7-8
Distance 7-19
Distance 8-9
Distance 8-10
Distance 10-11
Distance 10-12
Distance 10-14
Distance 11-12
Distance 11-20
Distance 11-21
Distance 12-13
Distance 12-15
Distance 13-22
Distance 13-23
Distance 13-24
Distance 25-26
Distance 25-27
Distance 25-28
Angle 2-1-25
Angle 6-1-25
Angle 1-2-16
Angle 3-2-16
Angle 2-3-17
Angle 4-3-17
Angle 3-4-5
Angle 4-5-7
Angle 6-5-7
Angle 1-6-18
Angle 5-6-18
Angle 5-7-19
Angle 8-7-19
Angle 7-8-10
Angle 9-8-10
Angle 8-10-11
Angle 8-10-14
Angle 11-10-12
Angle 11-10-14
Angle 12-10-14
Angle 10-11-12
Angle 10-11-20
Angle 10-11-21
Angle 12-11-20
Angle 20-11-21
Angle 10-12-11
Angle 10-12-13
Angle 10-12-15
Angle 11-12-13
Angle 11-12-15
Angle 13-12-15
Angle 12-13-22
Angle 12-13-23
Angle 12-13-24
Angle 22-13-23
Angle 22-13-24
Angle 23-13-24
Angle 1-25-26
Angle 1-25-27
Angle 1-25-28
Angle 26-25-27
Angle 26-25-28
Angle 27-25-28
Out-of-Plane 1-2-6-25
Out-of-Plane 2-1-3-16
Out-of-Plane 3-2-4-17
Out-of-Plane 5-4-6-7
Out-of-Plane 6-1-5-18
Out-of-Plane 7-5-8-19
Out-of-Plane 8-7-9-10
Out-of-Plane 10-8-12-14
Out-of-Plane 11-12-21-20
Dihedral 6-1-2-3
Dihedral 6-1-2-16
Dihedral 25-1-2-3
Dihedral 25-1-2-16
Dihedral 2-1-6-5
Dihedral 2-1-6-18
Dihedral 25-1-6-5
Dihedral 25-1-6-18
Dihedral 2-1-25-26
Dihedral 2-1-25-27
Dihedral 2-1-25-28
Dihedral 6-1-25-26
Dihedral 6-1-25-27
Dihedral 6-1-25-28
Dihedral 1-2-3-4
Dihedral 1-2-3-17
Dihedral 16-2-3-4
Dihedral 16-2-3-17
Dihedral 2-3-4-5
Dihedral 17-3-4-5
Dihedral 3-4-5-6
Dihedral 3-4-5-7
Dihedral 4-5-6-1
Dihedral 4-5-6-18
Dihedral 7-5-6-1
Dihedral 7-5-6-18
Dihedral 4-5-7-8
Dihedral 4-5-7-19
Dihedral 6-5-7-8
Dihedral 6-5-7-19
Dihedral 5-7-8-9
Dihedral 5-7-8-10
Dihedral 19-7-8-9
Dihedral 19-7-8-10
Dihedral 7-8-10-11
Dihedral 7-8-10-14
Dihedral 9-8-10-11
Dihedral 9-8-10-12
Dihedral 9-8-10-14
Dihedral 8-10-11-12
Dihedral 8-10-11-20
Dihedral 8-10-11-21
Dihedral 12-10-11-20
Dihedral 12-10-11-21
Dihedral 14-10-11-12
Dihedral 14-10-11-20
Dihedral 14-10-11-21
Dihedral 8-10-12-11
Dihedral 8-10-12-13
Dihedral 8-10-12-15
Dihedral 11-10-12-13
Dihedral 11-10-12-15
Dihedral 14-10-12-11
Dihedral 14-10-12-13
Dihedral 14-10-12-15
Dihedral 10-11-12-13
Dihedral 10-11-12-15
Dihedral 20-11-12-10
Dihedral 20-11-12-13
Dihedral 20-11-12-15
Dihedral 21-11-12-10
Dihedral 21-11-12-13
Dihedral 21-11-12-15
Dihedral 10-12-13-22
Dihedral 10-12-13-23
Dihedral 10-12-13-24
Dihedral 11-12-13-22
Dihedral 11-12-13-23
Dihedral 11-12-13-24
Dihedral 15-12-13-22
Dihedral 15-12-13-23
Dihedral 15-12-13-24
Translation-X 1-28
Translation-Y 1-28
Translation-Z 1-28
Rotation-A 1-28
Rotation-B 1-28
Rotation-C 1-28
<class 'geometric.internal.Dihedral'> : 73
<class 'geometric.internal.Distance'> : 29
<class 'geometric.internal.Angle'> : 43
<class 'geometric.internal.OutOfPlane'> : 9
<class 'geometric.internal.TranslationX'> : 1
<class 'geometric.internal.TranslationY'> : 1
<class 'geometric.internal.TranslationZ'> : 1
<class 'geometric.internal.RotationA'> : 1
<class 'geometric.internal.RotationB'> : 1
<class 'geometric.internal.RotationC'> : 1
Constraint                         Current      Target       Diff.
Dihedral 7-8-10-12               176.91578   176.91578     0.00000
> ===== Optimization Info: ====
> Job type: Energy minimization
> Maximum number of optimization cycles: 300
> Initial / maximum trust radius (Angstrom): 0.100 / 0.300
> Convergence Criteria:
> Will converge when all 5 criteria are reached:
>  |Delta-E| < 1.00e-06
>  RMS-Ortho-Grad < 3.00e-04
>  Max-Ortho-Grad < 4.50e-04
>  RMS-Disp  < 1.20e-03
>  Max-Disp  < 1.80e-03
> 
> Constraints are requested. The following criterion is added:
>  Max Constraint Violation (in Angstroms/degrees) < 1.00e-02 
> === End Optimization Info ===
Step    0 : Gradient = 9.161e-03/1.790e-02 (rms/max) Energy = -0.1728296909
Hessian Eigenvalues: 2.30000e-02 2.30000e-02 2.30000e-02 ... 5.73467e-01 5.82483e-01 9.48624e-01
Step    1 : Displace = [0m1.001e-01[0m/[0m1.662e-01[0m (rms/max) Trust = 1.000e-01 (=) Grad_T = [0m7.454e-03[0m/[0m1.695e-02[0m (rms/max) E (change) = -0.1750528543 ([0m-2.223e-03[0m) Quality = [0m0.359[0m
Hessian Eigenvalues: 2.29921e-02 2.30000e-02 2.30000e-02 ... 5.81249e-01 9.32449e-01 2.70906e+00
Step    2 : Displace = [0m9.764e-02[0m/[0m2.693e-01[0m (rms/max) Trust = 1.000e-01 (=) Grad_T = [0m5.900e-03[0m/[0m1.361e-02[0m (rms/max) E (change) = -0.1743855672 ([91m+6.673e-04[0m) Quality = [91m-0.141[0m
Constraint                         Current      Target       Diff.
Dihedral 7-8-10-12               176.93598   176.91578     0.02020
Hessian Eigenvalues: 2.27845e-02 2.29989e-02 2.30000e-02 ... 5.80497e-01 9.30146e-01 2.65120e+00
Step    3 : Displace = [0m5.354e-02[0m/[0m1.190e-01[0m (rms/max) Trust = 4.882e-02 ([91m-[0m) Grad_T = [0m2.338e-03[0m/[0m6.180e-03[0m (rms/max) E (change) = -0.1771294027 ([0m-2.744e-03[0m) Quality = [0m1.034[0m
Constraint                         Current      Target       Diff.
Dihedral 7-8-10-12               176.89792   176.91578    -0.01786
Hessian Eigenvalues: 2.27780e-02 2.29982e-02 2.30000e-02 ... 5.80145e-01 9.30234e-01 2.65449e+00
Step    4 : Displace = [0m7.524e-02[0m/[0m1.737e-01[0m (rms/max) Trust = 6.904e-02 ([92m+[0m) Grad_T = [0m2.341e-03[0m/[0m5.999e-03[0m (rms/max) E (change) = -0.1775994978 ([0m-4.701e-04[0m) Quality = [0m0.325[0m
Constraint                         Current      Target       Diff.
Dihedral 7-8-10-12               176.90907   176.91578    -0.00672
Hessian Eigenvalues: 2.26878e-02 2.29658e-02 2.30000e-02 ... 5.82411e-01 9.30367e-01 2.65508e+00
Step    5 : Displace = [0m3.159e-02[0m/[0m7.681e-02[0m (rms/max) Trust = 6.904e-02 (=) Grad_T = [0m1.051e-03[0m/[0m2.717e-03[0m (rms/max) E (change) = -0.1780267367 ([0m-4.272e-04[0m) Quality = [0m0.995[0m
Constraint                         Current      Target       Diff.
Dihedral 7-8-10-12               176.90688   176.91578    -0.00890
Hessian Eigenvalues: 1.87618e-02 2.29657e-02 2.30000e-02 ... 5.99208e-01 9.31200e-01 2.66443e+00
Step    6 : Displace = [0m2.277e-02[0m/[0m5.114e-02[0m (rms/max) Trust = 9.764e-02 ([92m+[0m) Grad_T = [0m1.900e-03[0m/[0m5.225e-03[0m (rms/max) E (change) = -0.1780262759 ([92m+4.609e-07[0m) Quality = [91m-0.003[0m
Constraint                         Current      Target       Diff.
Dihedral 7-8-10-12               176.90111   176.91578    -0.01467
Hessian Eigenvalues: 1.24623e-02 2.28768e-02 2.30000e-02 ... 6.96756e-01 9.30651e-01 2.65880e+00
Step    7 : Displace = [0m1.176e-02[0m/[0m2.748e-02[0m (rms/max) Trust = 1.138e-02 ([91m-[0m) Grad_T = [0m4.398e-04[0m/[0m1.262e-03[0m (rms/max) E (change) = -0.1781893048 ([0m-1.630e-04[0m) Quality = [0m1.158[0m
Constraint                         Current      Target       Diff.
Dihedral 7-8-10-12               176.90853   176.91578    -0.00726
Hessian Eigenvalues: 1.06751e-02 2.28224e-02 2.30000e-02 ... 7.11482e-01 9.30444e-01 2.65816e+00
Step    8 : Displace = [0m1.620e-02[0m/[0m4.278e-02[0m (rms/max) Trust = 1.610e-02 ([92m+[0m) Grad_T = [0m3.266e-04[0m/[0m6.949e-04[0m (rms/max) E (change) = -0.1782344721 ([0m-4.517e-05[0m) Quality = [0m1.183[0m
Constraint                         Current      Target       Diff.
Dihedral 7-8-10-12               176.91014   176.91578    -0.00564
Hessian Eigenvalues: 4.46533e-03 2.20408e-02 2.30000e-02 ... 7.95536e-01 9.30202e-01 2.65862e+00
Step    9 : Displace = [0m2.255e-02[0m/[0m6.040e-02[0m (rms/max) Trust = 2.277e-02 ([92m+[0m) Grad_T = [0m5.417e-04[0m/[0m1.599e-03[0m (rms/max) E (change) = -0.1782728430 ([0m-3.837e-05[0m) Quality = [0m0.911[0m
Constraint                         Current      Target       Diff.
Dihedral 7-8-10-12               176.90477   176.91578    -0.01101
Hessian Eigenvalues: 2.79530e-03 2.13281e-02 2.30000e-02 ... 7.61733e-01 9.30414e-01 2.67111e+00
Step   10 : Displace = [0m2.920e-02[0m/[0m7.132e-02[0m (rms/max) Trust = 3.220e-02 ([92m+[0m) Grad_T = [0m7.739e-04[0m/[0m1.960e-03[0m (rms/max) E (change) = -0.1783111806 ([0m-3.834e-05[0m) Quality = [0m0.988[0m
Constraint                         Current      Target       Diff.
Dihedral 7-8-10-12               176.90673   176.91578    -0.00905
Hessian Eigenvalues: 1.98149e-03 1.96659e-02 2.29999e-02 ... 7.48624e-01 9.30819e-01 2.68597e+00
Step   11 : Displace = [0m2.192e-02[0m/[0m5.104e-02[0m (rms/max) Trust = 4.554e-02 ([92m+[0m) Grad_T = [0m4.969e-04[0m/[0m1.316e-03[0m (rms/max) E (change) = -0.1783589821 ([0m-4.780e-05[0m) Quality = [0m1.422[0m
Constraint                         Current      Target       Diff.
Dihedral 7-8-10-12               176.90881   176.91578    -0.00697
Hessian Eigenvalues: 1.45074e-03 1.33121e-02 2.29863e-02 ... 7.81778e-01 9.30085e-01 2.64627e+00
Step   12 : Displace = [0m3.408e-02[0m/[0m6.003e-02[0m (rms/max) Trust = 6.440e-02 ([92m+[0m) Grad_T = [0m4.568e-04[0m/[0m1.174e-03[0m (rms/max) E (change) = -0.1784225255 ([0m-6.354e-05[0m) Quality = [0m1.402[0m
Constraint                         Current      Target       Diff.
Dihedral 7-8-10-12               176.91824   176.91578     0.00246
Hessian Eigenvalues: 1.04217e-03 9.30567e-03 2.24491e-02 ... 8.05392e-01 9.29879e-01 2.61354e+00
Step   13 : Displace = [0m4.512e-02[0m/[0m8.372e-02[0m (rms/max) Trust = 9.107e-02 ([92m+[0m) Grad_T = [0m5.310e-04[0m/[0m1.237e-03[0m (rms/max) E (change) = -0.1784746759 ([0m-5.215e-05[0m) Quality = [0m1.440[0m
Constraint                         Current      Target       Diff.
Dihedral 7-8-10-12               176.92435   176.91578     0.00857
Hessian Eigenvalues: 9.11564e-04 6.62876e-03 2.04214e-02 ... 7.85171e-01 9.30064e-01 2.60293e+00
Step   14 : Displace = [0m5.517e-02[0m/[0m1.068e-01[0m (rms/max) Trust = 1.288e-01 ([92m+[0m) Grad_T = [0m6.431e-04[0m/[0m1.711e-03[0m (rms/max) E (change) = -0.1785356862 ([0m-6.101e-05[0m) Quality = [0m1.402[0m
Constraint                         Current      Target       Diff.
Dihedral 7-8-10-12               176.92693   176.91578     0.01115
Hessian Eigenvalues: 1.15560e-03 4.54944e-03 1.74089e-02 ... 7.79368e-01 9.30434e-01 2.37118e+00
Step   15 : Displace = [0m4.673e-02[0m/[0m9.304e-02[0m (rms/max) Trust = 1.821e-01 ([92m+[0m) Grad_T = [0m6.881e-04[0m/[0m2.228e-03[0m (rms/max) E (change) = -0.1786154816 ([0m-7.980e-05[0m) Quality = [0m1.450[0m
Constraint                         Current      Target       Diff.
Dihedral 7-8-10-12               176.92559   176.91578     0.00981
Hessian Eigenvalues: 1.21989e-03 3.38392e-03 1.42209e-02 ... 7.99472e-01 9.30484e-01 2.15467e+00
Step   16 : Displace = [0m5.072e-02[0m/[0m9.831e-02[0m (rms/max) Trust = 2.576e-01 ([92m+[0m) Grad_T = [0m5.868e-04[0m/[0m1.647e-03[0m (rms/max) E (change) = -0.1787014531 ([0m-8.597e-05[0m) Quality = [0m1.391[0m
Constraint                         Current      Target       Diff.
Dihedral 7-8-10-12               176.92345   176.91578     0.00767
Hessian Eigenvalues: 1.26952e-03 2.63975e-03 1.17541e-02 ... 7.98237e-01 9.29748e-01 2.15498e+00
Step   17 : Displace = [0m2.876e-02[0m/[0m6.452e-02[0m (rms/max) Trust = 3.000e-01 ([92m+[0m) Grad_T = [0m3.976e-04[0m/[0m8.989e-04[0m (rms/max) E (change) = -0.1787547351 ([0m-5.328e-05[0m) Quality = [0m1.327[0m
Constraint                         Current      Target       Diff.
Dihedral 7-8-10-12               176.91940   176.91578     0.00362
Hessian Eigenvalues: 1.37481e-03 2.20116e-03 9.96473e-03 ... 7.81694e-01 9.29815e-01 2.28036e+00
Step   18 : Displace = [0m4.909e-02[0m/[0m9.454e-02[0m (rms/max) Trust = 3.000e-01 (=) Grad_T = [92m2.779e-04[0m/[0m6.452e-04[0m (rms/max) E (change) = -0.1787687944 ([0m-1.406e-05[0m) Quality = [0m0.527[0m
Hessian Eigenvalues: 1.61233e-03 3.55334e-03 8.71031e-03 ... 7.76845e-01 9.30327e-01 2.43040e+00
Step   19 : Displace = [0m2.913e-02[0m/[0m5.374e-02[0m (rms/max) Trust = 3.000e-01 (=) Grad_T = [92m2.280e-04[0m/[0m7.834e-04[0m (rms/max) E (change) = -0.1787855881 ([0m-1.679e-05[0m) Quality = [0m0.656[0m
Constraint                         Current      Target       Diff.
Dihedral 7-8-10-12               176.91127   176.91578    -0.00451
Hessian Eigenvalues: 1.98482e-03 3.81798e-03 8.95071e-03 ... 7.79103e-01 9.29762e-01 2.54007e+00
Step   20 : Displace = [0m4.615e-03[0m/[0m1.141e-02[0m (rms/max) Trust = 3.000e-01 (=) Grad_T = [92m7.092e-05[0m/[92m2.382e-04[0m (rms/max) E (change) = -0.1787913346 ([0m-5.747e-06[0m) Quality = [0m1.114[0m
Hessian Eigenvalues: 2.17793e-03 3.65301e-03 9.58176e-03 ... 7.75088e-01 9.29196e-01 2.49929e+00
Step   21 : Displace = [0m2.543e-03[0m/[0m5.211e-03[0m (rms/max) Trust = 3.000e-01 (=) Grad_T = [92m3.301e-05[0m/[92m1.173e-04[0m (rms/max) E (change) = -0.1787920549 ([92m-7.203e-07[0m) Quality = [0m1.369[0m
Hessian Eigenvalues: 2.15535e-03 3.76094e-03 9.33296e-03 ... 7.73687e-01 9.29035e-01 2.57042e+00
Step   22 : Displace = [0m1.296e-03[0m/[0m2.605e-03[0m (rms/max) Trust = 3.000e-01 (=) Grad_T = [92m1.472e-05[0m/[92m3.766e-05[0m (rms/max) E (change) = -0.1787923559 ([92m-3.010e-07[0m) Quality = [0m1.238[0m
Hessian Eigenvalues: 2.10686e-03 3.81535e-03 7.51951e-03 ... 7.75726e-01 9.29700e-01 2.56579e+00
Step   23 : Displace = [92m4.805e-04[0m/[92m1.168e-03[0m (rms/max) Trust = 3.000e-01 (=) Grad_T = [92m1.369e-05[0m/[92m3.603e-05[0m (rms/max) E (change) = -0.1787924724 ([92m-1.165e-07[0m) Quality = [0m1.437[0m
Hessian Eigenvalues: 2.10686e-03 3.81535e-03 7.51951e-03 ... 7.75726e-01 9.29700e-01 2.56579e+00
Converged! =D

    #==========================================================================#
    #| If this code has benefited your research, please support us by citing: |#
    #|                                                                        |#
    #| Wang, L.-P.; Song, C.C. (2016) "Geometry optimization made simple with |#
    #| translation and rotation coordinates", J. Chem, Phys. 144, 214108.     |#
    #| http://dx.doi.org/10.1063/1.4952956                                    |#
    #==========================================================================#
    Time elapsed since start of run_optimizer: 5.781 seconds
