geometric-optimize called with the following command line:
/opt/software/geometric/bin/geometric-optimize --ase-class=ase.calculators.amber.Amber --ase-kwargs={"amber_exe":"sander -O ", "infile":"mdin", "outfile":"dh_6-7-9-11_013.out", "topologyfile":"prmtop", "incoordfile":"dh_6-7-9-11_013.rst7"} --engine ase dh_6-7-9-11_013.xyz constraints.txt

                                        [91m())))))))))))))))/[0m                     
                                    [91m())))))))))))))))))))))))),[0m                
                                [91m*)))))))))))))))))))))))))))))))))[0m             
                        [94m#,[0m    [91m()))))))))/[0m                [91m.)))))))))),[0m          
                      [94m#%%%%,[0m  [91m())))))[0m                        [91m.))))))))*[0m        
                      [94m*%%%%%%,[0m  [91m))[0m              [93m..[0m              [91m,))))))).[0m      
                        [94m*%%%%%%,[0m         [93m***************/.[0m        [91m.)))))))[0m     
                [94m#%%/[0m      [94m(%%%%%%,[0m    [93m/*********************.[0m       [91m)))))))[0m    
              [94m.%%%%%%#[0m      [94m*%%%%%%,[0m  [93m*******/,[0m     [93m**********,[0m      [91m.))))))[0m   
                [94m.%%%%%%/[0m      [94m*%%%%%%,[0m  [93m**[0m              [93m********[0m      [91m.))))))[0m  
          [94m##[0m      [94m.%%%%%%/[0m      [94m(%%%%%%,[0m                  [93m,******[0m      [91m/)))))[0m  
        [94m%%%%%%[0m      [94m.%%%%%%#[0m      [94m*%%%%%%,[0m    [92m,/////.[0m       [93m******[0m      [91m))))))[0m 
      [94m#%[0m      [94m%%[0m      [94m.%%%%%%/[0m      [94m*%%%%%%,[0m  [92m////////,[0m      [93m*****/[0m     [91m,)))))[0m 
    [94m#%%[0m  [94m%%%[0m  [94m%%%#[0m      [94m.%%%%%%/[0m      [94m(%%%%%%,[0m  [92m///////.[0m     [93m/*****[0m      [91m))))).[0m
  [94m#%%%%.[0m      [94m%%%%%#[0m      [94m/%%%%%%*[0m      [94m#%%%%%%[0m   [92m/////)[0m     [93m******[0m      [91m))))),[0m
    [94m#%%%%##%[0m  [94m%%%#[0m      [94m.%%%%%%/[0m      [94m(%%%%%%,[0m  [92m///////.[0m     [93m/*****[0m      [91m))))).[0m
      [94m##[0m     [94m%%%[0m      [94m.%%%%%%/[0m      [94m*%%%%%%,[0m  [92m////////.[0m      [93m*****/[0m     [91m,)))))[0m 
        [94m#%%%%#[0m      [94m/%%%%%%/[0m      [94m(%%%%%%[0m      [92m/)/)//[0m       [93m******[0m      [91m))))))[0m 
          [94m##[0m      [94m.%%%%%%/[0m      [94m(%%%%%%,[0m                  [93m*******[0m      [91m))))))[0m  
                [94m.%%%%%%/[0m      [94m*%%%%%%,[0m  [93m**.[0m             [93m/*******[0m      [91m.))))))[0m  
              [94m*%%%%%%/[0m      [94m(%%%%%%[0m   [93m********/*..,*/*********[0m       [91m*))))))[0m   
                [94m#%%/[0m      [94m(%%%%%%,[0m    [93m*********************/[0m        [91m)))))))[0m    
                        [94m*%%%%%%,[0m         [93m,**************/[0m         [91m,))))))/[0m     
                      [94m(%%%%%%[0m   [91m()[0m                              [91m))))))))[0m       
                      [94m#%%%%,[0m  [91m())))))[0m                        [91m,)))))))),[0m        
                        [94m#,[0m    [91m())))))))))[0m                [91m,)))))))))).[0m          
                                 [91m()))))))))))))))))))))))))))))))/[0m             
                                    [91m())))))))))))))))))))))))).[0m                
                                         [91m())))))))))))))),[0m                     

-=# [1;94m geomeTRIC started. Version: 1.0+41.ga67ca54 [0m #=-
Current date and time: 2024-02-21 09:22:23
ASE-Calculator engine selected. 
   ASE  calculator:ase.calculators.amber.Amber
   ASE calc kwargs:{"amber_exe":"sander -O ", "infile":"mdin", "outfile":"dh_6-7-9-11_013.out", "topologyfile":"prmtop", "incoordfile":"dh_6-7-9-11_013.rst7"}
$freeze
dihedral 7 8 10 12
Bonds will be generated from interatomic distances less than 1.20 times sum of covalent radii
84 internal coordinates being used (instead of 84 Cartesians)
Internal coordinate system (atoms numbered from 1):
Dihedral 7-8-10-12
Distance 1-2
Distance 1-6
Distance 1-25
Distance 2-3
Distance 2-16
Distance 3-4
Distance 3-17
Distance 4-5
Distance 5-6
Distance 5-7
Distance 6-18
Distance 7-8
Distance 7-19
Distance 8-9
Distance 8-10
Distance 10-11
Distance 10-12
Distance 10-14
Distance 11-12
Distance 11-20
Distance 11-21
Distance 12-13
Distance 12-15
Distance 13-22
Distance 13-23
Distance 13-24
Distance 25-26
Distance 25-27
Distance 25-28
Angle 2-1-25
Angle 6-1-25
Angle 1-2-16
Angle 3-2-16
Angle 2-3-17
Angle 4-3-17
Angle 3-4-5
Angle 4-5-7
Angle 6-5-7
Angle 1-6-18
Angle 5-6-18
Angle 5-7-19
Angle 8-7-19
Angle 7-8-10
Angle 9-8-10
Angle 8-10-12
Angle 8-10-14
Angle 11-10-12
Angle 11-10-14
Angle 12-10-14
Angle 10-11-12
Angle 10-11-20
Angle 10-11-21
Angle 12-11-20
Angle 12-11-21
Angle 20-11-21
Angle 10-12-11
Angle 10-12-13
Angle 10-12-15
Angle 11-12-15
Angle 13-12-15
Angle 12-13-22
Angle 12-13-23
Angle 12-13-24
Angle 22-13-23
Angle 22-13-24
Angle 23-13-24
Angle 1-25-26
Angle 1-25-27
Angle 1-25-28
Angle 26-25-27
Angle 26-25-28
Angle 27-25-28
Out-of-Plane 1-2-6-25
Out-of-Plane 2-1-3-16
Out-of-Plane 3-2-4-17
Out-of-Plane 5-4-6-7
Out-of-Plane 6-1-5-18
Out-of-Plane 7-5-8-19
Out-of-Plane 8-7-9-10
Out-of-Plane 10-8-11-14
Out-of-Plane 12-11-13-15
Dihedral 6-1-2-3
Dihedral 6-1-2-16
Dihedral 25-1-2-3
Dihedral 25-1-2-16
Dihedral 2-1-6-5
Dihedral 2-1-6-18
Dihedral 25-1-6-5
Dihedral 25-1-6-18
Dihedral 2-1-25-26
Dihedral 2-1-25-27
Dihedral 2-1-25-28
Dihedral 6-1-25-26
Dihedral 6-1-25-27
Dihedral 6-1-25-28
Dihedral 1-2-3-4
Dihedral 1-2-3-17
Dihedral 16-2-3-4
Dihedral 16-2-3-17
Dihedral 2-3-4-5
Dihedral 17-3-4-5
Dihedral 3-4-5-6
Dihedral 3-4-5-7
Dihedral 4-5-6-1
Dihedral 4-5-6-18
Dihedral 7-5-6-1
Dihedral 7-5-6-18
Dihedral 4-5-7-8
Dihedral 4-5-7-19
Dihedral 6-5-7-8
Dihedral 6-5-7-19
Dihedral 5-7-8-9
Dihedral 5-7-8-10
Dihedral 19-7-8-9
Dihedral 19-7-8-10
Dihedral 7-8-10-11
Dihedral 7-8-10-14
Dihedral 9-8-10-11
Dihedral 9-8-10-12
Dihedral 9-8-10-14
Dihedral 8-10-11-12
Dihedral 8-10-11-20
Dihedral 8-10-11-21
Dihedral 12-10-11-20
Dihedral 12-10-11-21
Dihedral 14-10-11-12
Dihedral 14-10-11-20
Dihedral 14-10-11-21
Dihedral 8-10-12-11
Dihedral 8-10-12-13
Dihedral 8-10-12-15
Dihedral 11-10-12-13
Dihedral 11-10-12-15
Dihedral 14-10-12-11
Dihedral 14-10-12-13
Dihedral 14-10-12-15
Dihedral 10-11-12-13
Dihedral 10-11-12-15
Dihedral 20-11-12-10
Dihedral 20-11-12-13
Dihedral 20-11-12-15
Dihedral 21-11-12-10
Dihedral 21-11-12-13
Dihedral 21-11-12-15
Dihedral 10-12-13-22
Dihedral 10-12-13-23
Dihedral 10-12-13-24
Dihedral 11-12-13-22
Dihedral 11-12-13-23
Dihedral 11-12-13-24
Dihedral 15-12-13-22
Dihedral 15-12-13-23
Dihedral 15-12-13-24
Translation-X 1-28
Translation-Y 1-28
Translation-Z 1-28
Rotation-A 1-28
Rotation-B 1-28
Rotation-C 1-28
<class 'geometric.internal.Dihedral'> : 73
<class 'geometric.internal.Distance'> : 29
<class 'geometric.internal.Angle'> : 43
<class 'geometric.internal.OutOfPlane'> : 9
<class 'geometric.internal.TranslationX'> : 1
<class 'geometric.internal.TranslationY'> : 1
<class 'geometric.internal.TranslationZ'> : 1
<class 'geometric.internal.RotationA'> : 1
<class 'geometric.internal.RotationB'> : 1
<class 'geometric.internal.RotationC'> : 1
Constraint                         Current      Target       Diff.
Dihedral 7-8-10-12                94.63183    94.63183     0.00000
> ===== Optimization Info: ====
> Job type: Energy minimization
> Maximum number of optimization cycles: 300
> Initial / maximum trust radius (Angstrom): 0.100 / 0.300
> Convergence Criteria:
> Will converge when all 5 criteria are reached:
>  |Delta-E| < 1.00e-06
>  RMS-Ortho-Grad < 3.00e-04
>  Max-Ortho-Grad < 4.50e-04
>  RMS-Disp  < 1.20e-03
>  Max-Disp  < 1.80e-03
> 
> Constraints are requested. The following criterion is added:
>  Max Constraint Violation (in Angstroms/degrees) < 1.00e-02 
> === End Optimization Info ===
Step    0 : Gradient = 8.744e-03/1.901e-02 (rms/max) Energy = -0.1744747795
Hessian Eigenvalues: 2.30000e-02 2.30000e-02 2.30000e-02 ... 5.73827e-01 5.82367e-01 9.52825e-01
Step    1 : Displace = [0m1.083e-01[0m/[0m2.098e-01[0m (rms/max) Trust = 1.000e-01 (=) Grad_T = [0m6.882e-03[0m/[0m1.443e-02[0m (rms/max) E (change) = -0.1758324325 ([0m-1.358e-03[0m) Quality = [0m0.167[0m
Hessian Eigenvalues: 2.29978e-02 2.30000e-02 2.30000e-02 ... 5.81505e-01 9.42770e-01 2.32024e+00
Step    2 : Displace = [0m5.268e-02[0m/[0m1.245e-01[0m (rms/max) Trust = 5.000e-02 ([91m-[0m) Grad_T = [0m4.888e-03[0m/[0m1.367e-02[0m (rms/max) E (change) = -0.1780007782 ([0m-2.168e-03[0m) Quality = [0m0.735[0m
Constraint                         Current      Target       Diff.
Dihedral 7-8-10-12                94.62918    94.63183    -0.00265
Hessian Eigenvalues: 2.27267e-02 2.30000e-02 2.30000e-02 ... 5.80665e-01 9.39792e-01 1.93819e+00
Step    3 : Displace = [0m2.284e-02[0m/[0m3.641e-02[0m (rms/max) Trust = 5.000e-02 (=) Grad_T = [0m3.542e-03[0m/[0m1.202e-02[0m (rms/max) E (change) = -0.1783761118 ([0m-3.753e-04[0m) Quality = [0m0.316[0m
Constraint                         Current      Target       Diff.
Dihedral 7-8-10-12                94.62069    94.63183    -0.01115
Hessian Eigenvalues: 2.26854e-02 2.29460e-02 2.30000e-02 ... 5.96738e-01 9.39627e-01 1.98549e+00
Step    4 : Displace = [0m2.668e-02[0m/[0m5.559e-02[0m (rms/max) Trust = 5.000e-02 (=) Grad_T = [0m1.308e-03[0m/[0m3.730e-03[0m (rms/max) E (change) = -0.1787765237 ([0m-4.004e-04[0m) Quality = [0m0.715[0m
Hessian Eigenvalues: 2.26639e-02 2.28596e-02 2.30000e-02 ... 6.17607e-01 9.39648e-01 1.94257e+00
Step    5 : Displace = [0m1.776e-02[0m/[0m4.014e-02[0m (rms/max) Trust = 5.000e-02 (=) Grad_T = [0m1.065e-03[0m/[0m3.578e-03[0m (rms/max) E (change) = -0.1788130294 ([0m-3.651e-05[0m) Quality = [0m0.282[0m
Constraint                         Current      Target       Diff.
Dihedral 7-8-10-12                94.63312    94.63183     0.00129
Hessian Eigenvalues: 2.21194e-02 2.28141e-02 2.29950e-02 ... 5.92623e-01 9.39757e-01 1.99004e+00
Step    6 : Displace = [0m7.956e-03[0m/[0m1.471e-02[0m (rms/max) Trust = 5.000e-02 (=) Grad_T = [0m7.466e-04[0m/[0m2.029e-03[0m (rms/max) E (change) = -0.1788460271 ([0m-3.300e-05[0m) Quality = [0m0.461[0m
Constraint                         Current      Target       Diff.
Dihedral 7-8-10-12                94.63308    94.63183     0.00125
Hessian Eigenvalues: 2.21305e-02 2.27766e-02 2.29959e-02 ... 6.27578e-01 9.39350e-01 1.94863e+00
Step    7 : Displace = [0m5.469e-03[0m/[0m1.297e-02[0m (rms/max) Trust = 5.000e-02 (=) Grad_T = [0m4.097e-04[0m/[0m9.683e-04[0m (rms/max) E (change) = -0.1788619531 ([0m-1.593e-05[0m) Quality = [0m0.434[0m
Hessian Eigenvalues: 2.21149e-02 2.27756e-02 2.29932e-02 ... 6.28068e-01 9.39606e-01 2.00251e+00
Step    8 : Displace = [0m4.829e-03[0m/[0m1.240e-02[0m (rms/max) Trust = 5.000e-02 (=) Grad_T = [92m1.537e-04[0m/[92m3.391e-04[0m (rms/max) E (change) = -0.1788726444 ([0m-1.069e-05[0m) Quality = [0m0.825[0m
Hessian Eigenvalues: 2.11611e-02 2.27550e-02 2.29621e-02 ... 6.13278e-01 9.39604e-01 1.97619e+00
Step    9 : Displace = [0m2.131e-03[0m/[0m5.425e-03[0m (rms/max) Trust = 7.071e-02 ([92m+[0m) Grad_T = [92m1.594e-04[0m/[92m4.433e-04[0m (rms/max) E (change) = -0.1788735129 ([92m-8.685e-07[0m) Quality = [0m0.359[0m
Hessian Eigenvalues: 2.06448e-02 2.15394e-02 2.27786e-02 ... 6.25875e-01 9.39581e-01 1.98141e+00
Step   10 : Displace = [92m1.061e-03[0m/[0m1.911e-03[0m (rms/max) Trust = 7.071e-02 (=) Grad_T = [92m9.089e-05[0m/[92m2.645e-04[0m (rms/max) E (change) = -0.1788745652 ([0m-1.052e-06[0m) Quality = [0m0.855[0m
Hessian Eigenvalues: 1.78531e-02 2.07897e-02 2.27823e-02 ... 7.00238e-01 9.39811e-01 1.98335e+00
Step   11 : Displace = [92m1.184e-03[0m/[0m2.242e-03[0m (rms/max) Trust = 1.000e-01 ([92m+[0m) Grad_T = [92m8.358e-05[0m/[92m2.263e-04[0m (rms/max) E (change) = -0.1788748205 ([92m-2.553e-07[0m) Quality = [0m0.457[0m
Hessian Eigenvalues: 1.28348e-02 2.08195e-02 2.27986e-02 ... 6.98185e-01 9.39653e-01 2.00901e+00
Step   12 : Displace = [92m1.195e-03[0m/[0m2.295e-03[0m (rms/max) Trust = 1.000e-01 (=) Grad_T = [92m2.558e-05[0m/[92m7.271e-05[0m (rms/max) E (change) = -0.1788752329 ([92m-4.124e-07[0m) Quality = [0m1.428[0m
Hessian Eigenvalues: 6.88826e-03 2.05554e-02 2.26718e-02 ... 7.00746e-01 9.39556e-01 2.02467e+00
Step   13 : Displace = [0m3.378e-03[0m/[0m6.568e-03[0m (rms/max) Trust = 1.414e-01 ([92m+[0m) Grad_T = [92m4.022e-05[0m/[92m9.784e-05[0m (rms/max) E (change) = -0.1788757287 ([92m-4.958e-07[0m) Quality = [0m1.689[0m
Hessian Eigenvalues: 1.16441e-03 2.03396e-02 2.26414e-02 ... 8.21707e-01 9.40506e-01 2.22990e+00
Step   14 : Displace = [0m1.870e-02[0m/[0m3.606e-02[0m (rms/max) Trust = 2.000e-01 ([92m+[0m) Grad_T = [92m2.001e-04[0m/[0m4.993e-04[0m (rms/max) E (change) = -0.1788781769 ([0m-2.448e-06[0m) Quality = [0m1.859[0m
Hessian Eigenvalues: 5.50301e-05 2.03061e-02 2.27276e-02 ... 9.37758e-01 1.13900e+00 4.40891e+00
Step   15 : Displace = [0m2.827e-01[0m/[0m5.505e-01[0m (rms/max) Trust = 2.828e-01 ([92m+[0m) Grad_T = [0m2.829e-03[0m/[0m6.331e-03[0m (rms/max) E (change) = -0.1783547549 ([91m+5.234e-04[0m) Quality = [91m-20.387[0m
Constraint                         Current      Target       Diff.
Dihedral 7-8-10-12                94.62623    94.63183    -0.00561
[93mRejecting step - quality is lower than -1.0[0m
Hessian Eigenvalues: 5.50301e-05 2.03061e-02 2.27276e-02 ... 9.37758e-01 1.13900e+00 4.40891e+00
Step   16 : Displace = [0m1.413e-01[0m/[0m2.732e-01[0m (rms/max) Trust = 1.414e-01 ([1;91mx[0m) Grad_T = [0m1.429e-03[0m/[0m3.259e-03[0m (rms/max) E (change) = -0.1788400240 ([91m+3.815e-05[0m) Quality = [91m-2.338[0m
Constraint                         Current      Target       Diff.
Dihedral 7-8-10-12                94.62906    94.63183    -0.00277
[93mRejecting step - quality is lower than -1.0[0m
Hessian Eigenvalues: 5.50301e-05 2.03061e-02 2.27276e-02 ... 9.37758e-01 1.13900e+00 4.40891e+00
Step   17 : Displace = [0m7.065e-02[0m/[0m1.362e-01[0m (rms/max) Trust = 7.063e-02 ([1;91mx[0m) Grad_T = [0m7.796e-04[0m/[0m1.866e-03[0m (rms/max) E (change) = -0.1788834607 ([0m-5.284e-06[0m) Quality = [0m0.579[0m
Constraint                         Current      Target       Diff.
Dihedral 7-8-10-12                94.63037    94.63183    -0.00146
Hessian Eigenvalues: 3.67788e-04 2.01123e-02 2.27203e-02 ... 9.37437e-01 1.09693e+00 5.58544e+00
Step   18 : Displace = [0m1.789e-03[0m/[0m2.702e-03[0m (rms/max) Trust = 7.063e-02 (=) Grad_T = [0m7.420e-04[0m/[0m1.837e-03[0m (rms/max) E (change) = -0.1788917339 ([0m-8.273e-06[0m) Quality = [0m1.798[0m
Hessian Eigenvalues: 3.26944e-04 1.90768e-02 2.24237e-02 ... 8.32663e-01 9.40475e-01 2.31789e+00
Step   19 : Displace = [0m1.002e-01[0m/[0m1.942e-01[0m (rms/max) Trust = 9.989e-02 ([92m+[0m) Grad_T = [0m1.020e-03[0m/[0m2.663e-03[0m (rms/max) E (change) = -0.1789983104 ([0m-1.066e-04[0m) Quality = [0m1.728[0m
Constraint                         Current      Target       Diff.
Dihedral 7-8-10-12                94.63075    94.63183    -0.00108
Eigenvalues below 1.0000e-05 (-7.3022e-04) - returning guess
Hessian Eigenvalues: 2.30000e-02 2.30000e-02 2.30000e-02 ... 5.54018e-01 5.73199e-01 9.84181e-01
Step   20 : Displace = [0m1.810e-02[0m/[0m3.023e-02[0m (rms/max) Trust = 1.413e-01 ([92m+[0m) Grad_T = [0m9.657e-04[0m/[0m2.352e-03[0m (rms/max) E (change) = -0.1790403774 ([0m-4.207e-05[0m) Quality = [0m0.534[0m
Hessian Eigenvalues: 1.60840e-02 2.30000e-02 2.30000e-02 ... 5.63646e-01 5.78708e-01 9.84185e-01
Step   21 : Displace = [0m2.764e-02[0m/[0m4.991e-02[0m (rms/max) Trust = 1.413e-01 (=) Grad_T = [0m1.137e-03[0m/[0m2.852e-03[0m (rms/max) E (change) = -0.1789731280 ([91m+6.725e-05[0m) Quality = [91m-1.156[0m
Constraint                         Current      Target       Diff.
Dihedral 7-8-10-12                94.63289    94.63183     0.00106
[93mRejecting step - quality is lower than -1.0[0m
Hessian Eigenvalues: 1.60840e-02 2.30000e-02 2.30000e-02 ... 5.63646e-01 5.78708e-01 9.84185e-01
Step   22 : Displace = [0m1.355e-02[0m/[0m2.254e-02[0m (rms/max) Trust = 1.382e-02 ([1;91mx[0m) Grad_T = [0m6.653e-04[0m/[0m1.614e-03[0m (rms/max) E (change) = -0.1790373870 ([91m+2.990e-06[0m) Quality = [91m-0.071[0m
Hessian Eigenvalues: 1.59483e-02 2.29834e-02 2.30000e-02 ... 5.72882e-01 9.83945e-01 1.70948e+00
Step   23 : Displace = [0m6.593e-03[0m/[0m1.447e-02[0m (rms/max) Trust = 6.775e-03 ([91m-[0m) Grad_T = [0m4.050e-04[0m/[0m9.863e-04[0m (rms/max) E (change) = -0.1790729380 ([0m-3.555e-05[0m) Quality = [0m0.805[0m
Hessian Eigenvalues: 1.59111e-02 2.29861e-02 2.30000e-02 ... 5.72920e-01 9.83939e-01 1.97642e+00
Step   24 : Displace = [0m9.807e-03[0m/[0m1.536e-02[0m (rms/max) Trust = 9.581e-03 ([92m+[0m) Grad_T = [0m4.077e-04[0m/[0m1.222e-03[0m (rms/max) E (change) = -0.1790902297 ([0m-1.729e-05[0m) Quality = [0m0.746[0m
Hessian Eigenvalues: 8.80725e-03 2.26925e-02 2.30000e-02 ... 6.45466e-01 9.83850e-01 1.92865e+00
Step   25 : Displace = [0m9.195e-03[0m/[0m1.551e-02[0m (rms/max) Trust = 9.581e-03 (=) Grad_T = [92m2.687e-04[0m/[0m6.313e-04[0m (rms/max) E (change) = -0.1791124571 ([0m-2.223e-05[0m) Quality = [0m1.063[0m
Hessian Eigenvalues: 5.35101e-03 2.26402e-02 2.29314e-02 ... 7.35740e-01 9.83870e-01 2.02088e+00
Step   26 : Displace = [0m1.321e-02[0m/[0m2.321e-02[0m (rms/max) Trust = 1.355e-02 ([92m+[0m) Grad_T = [92m2.323e-04[0m/[0m6.206e-04[0m (rms/max) E (change) = -0.1791359934 ([0m-2.354e-05[0m) Quality = [0m1.001[0m
Constraint                         Current      Target       Diff.
Dihedral 7-8-10-12                94.63300    94.63183     0.00116
Hessian Eigenvalues: 2.69997e-03 2.24071e-02 2.29110e-02 ... 7.52519e-01 9.83835e-01 1.95153e+00
Step   27 : Displace = [0m1.944e-02[0m/[0m3.484e-02[0m (rms/max) Trust = 1.916e-02 ([92m+[0m) Grad_T = [92m2.699e-04[0m/[0m7.181e-04[0m (rms/max) E (change) = -0.1791657259 ([0m-2.973e-05[0m) Quality = [0m1.006[0m
Constraint                         Current      Target       Diff.
Dihedral 7-8-10-12                94.63377    94.63183     0.00194
Hessian Eigenvalues: 1.46885e-03 2.23887e-02 2.28992e-02 ... 7.57820e-01 9.83812e-01 1.75206e+00
Step   28 : Displace = [0m2.730e-02[0m/[0m5.090e-02[0m (rms/max) Trust = 2.710e-02 ([92m+[0m) Grad_T = [0m3.325e-04[0m/[0m9.776e-04[0m (rms/max) E (change) = -0.1792027266 ([0m-3.700e-05[0m) Quality = [0m0.931[0m
Constraint                         Current      Target       Diff.
Dihedral 7-8-10-12                94.63418    94.63183     0.00235
Hessian Eigenvalues: 1.48551e-03 2.20132e-02 2.29109e-02 ... 7.17820e-01 9.83809e-01 1.75349e+00
Step   29 : Displace = [0m3.797e-02[0m/[0m7.288e-02[0m (rms/max) Trust = 3.833e-02 ([92m+[0m) Grad_T = [92m2.530e-04[0m/[0m7.816e-04[0m (rms/max) E (change) = -0.1792497361 ([0m-4.701e-05[0m) Quality = [0m1.015[0m
Constraint                         Current      Target       Diff.
Dihedral 7-8-10-12                94.63490    94.63183     0.00307
Hessian Eigenvalues: 1.61625e-03 2.04985e-02 2.29580e-02 ... 7.27823e-01 9.83884e-01 1.77345e+00
Step   30 : Displace = [0m5.353e-02[0m/[0m1.066e-01[0m (rms/max) Trust = 5.420e-02 ([92m+[0m) Grad_T = [92m2.599e-04[0m/[0m5.681e-04[0m (rms/max) E (change) = -0.1792916493 ([0m-4.191e-05[0m) Quality = [0m0.905[0m
Constraint                         Current      Target       Diff.
Dihedral 7-8-10-12                94.63554    94.63183     0.00371
Hessian Eigenvalues: 2.11379e-03 1.88433e-02 2.29507e-02 ... 7.28268e-01 9.83883e-01 1.76893e+00
Step   31 : Displace = [0m3.223e-02[0m/[0m6.726e-02[0m (rms/max) Trust = 7.665e-02 ([92m+[0m) Grad_T = [0m4.536e-04[0m/[0m1.536e-03[0m (rms/max) E (change) = -0.1792928636 ([0m-1.214e-06[0m) Quality = [0m0.088[0m
Constraint                         Current      Target       Diff.
Dihedral 7-8-10-12                94.63476    94.63183     0.00293
Hessian Eigenvalues: 2.53759e-03 1.56339e-02 2.29023e-02 ... 7.25791e-01 9.83825e-01 1.77641e+00
Step   32 : Displace = [0m1.025e-02[0m/[0m1.885e-02[0m (rms/max) Trust = 1.612e-02 ([91m-[0m) Grad_T = [92m9.518e-05[0m/[92m1.899e-04[0m (rms/max) E (change) = -0.1793023721 ([0m-9.509e-06[0m) Quality = [0m0.965[0m
Constraint                         Current      Target       Diff.
Dihedral 7-8-10-12                94.63327    94.63183     0.00144
Hessian Eigenvalues: 2.36847e-03 1.50277e-02 2.29523e-02 ... 7.26157e-01 9.83812e-01 1.78246e+00
Step   33 : Displace = [0m5.426e-03[0m/[0m1.053e-02[0m (rms/max) Trust = 2.279e-02 ([92m+[0m) Grad_T = [92m6.589e-05[0m/[92m1.428e-04[0m (rms/max) E (change) = -0.1793031681 ([92m-7.960e-07[0m) Quality = [0m0.882[0m
Hessian Eigenvalues: 2.57512e-03 1.26439e-02 2.22951e-02 ... 7.33195e-01 9.83719e-01 1.55139e+00
Step   34 : Displace = [92m1.199e-03[0m/[0m2.128e-03[0m (rms/max) Trust = 3.223e-02 ([92m+[0m) Grad_T = [92m2.504e-05[0m/[92m6.043e-05[0m (rms/max) E (change) = -0.1793035656 ([92m-3.974e-07[0m) Quality = [0m0.995[0m
Hessian Eigenvalues: 2.57070e-03 8.74475e-03 2.20916e-02 ... 7.31030e-01 9.83719e-01 1.56661e+00
Step   35 : Displace = [0m1.836e-03[0m/[0m3.913e-03[0m (rms/max) Trust = 4.558e-02 ([92m+[0m) Grad_T = [92m1.041e-05[0m/[92m3.945e-05[0m (rms/max) E (change) = -0.1793036524 ([92m-8.685e-08[0m) Quality = [0m0.963[0m
Hessian Eigenvalues: 3.09717e-03 8.52921e-03 2.12407e-02 ... 7.30400e-01 9.83724e-01 1.56492e+00
Step   36 : Displace = [92m3.858e-04[0m/[92m7.503e-04[0m (rms/max) Trust = 6.446e-02 ([92m+[0m) Grad_T = [92m7.131e-06[0m/[92m2.886e-05[0m (rms/max) E (change) = -0.1793036660 ([92m-1.355e-08[0m) Quality = [0m1.597[0m
Hessian Eigenvalues: 3.09717e-03 8.52921e-03 2.12407e-02 ... 7.30400e-01 9.83724e-01 1.56492e+00
Converged! =D

    #==========================================================================#
    #| If this code has benefited your research, please support us by citing: |#
    #|                                                                        |#
    #| Wang, L.-P.; Song, C.C. (2016) "Geometry optimization made simple with |#
    #| translation and rotation coordinates", J. Chem, Phys. 144, 214108.     |#
    #| http://dx.doi.org/10.1063/1.4952956                                    |#
    #==========================================================================#
    Time elapsed since start of run_optimizer: 7.876 seconds
