geometric-optimize called with the following command line:
/opt/software/geometric/bin/geometric-optimize --ase-class=ase.calculators.amber.Amber --ase-kwargs={"amber_exe":"sander -O ", "infile":"mdin", "outfile":"dh_6-7-9-11_026.out", "topologyfile":"prmtop", "incoordfile":"dh_6-7-9-11_026.rst7"} --engine ase dh_6-7-9-11_026.xyz constraints.txt

                                        [91m())))))))))))))))/[0m                     
                                    [91m())))))))))))))))))))))))),[0m                
                                [91m*)))))))))))))))))))))))))))))))))[0m             
                        [94m#,[0m    [91m()))))))))/[0m                [91m.)))))))))),[0m          
                      [94m#%%%%,[0m  [91m())))))[0m                        [91m.))))))))*[0m        
                      [94m*%%%%%%,[0m  [91m))[0m              [93m..[0m              [91m,))))))).[0m      
                        [94m*%%%%%%,[0m         [93m***************/.[0m        [91m.)))))))[0m     
                [94m#%%/[0m      [94m(%%%%%%,[0m    [93m/*********************.[0m       [91m)))))))[0m    
              [94m.%%%%%%#[0m      [94m*%%%%%%,[0m  [93m*******/,[0m     [93m**********,[0m      [91m.))))))[0m   
                [94m.%%%%%%/[0m      [94m*%%%%%%,[0m  [93m**[0m              [93m********[0m      [91m.))))))[0m  
          [94m##[0m      [94m.%%%%%%/[0m      [94m(%%%%%%,[0m                  [93m,******[0m      [91m/)))))[0m  
        [94m%%%%%%[0m      [94m.%%%%%%#[0m      [94m*%%%%%%,[0m    [92m,/////.[0m       [93m******[0m      [91m))))))[0m 
      [94m#%[0m      [94m%%[0m      [94m.%%%%%%/[0m      [94m*%%%%%%,[0m  [92m////////,[0m      [93m*****/[0m     [91m,)))))[0m 
    [94m#%%[0m  [94m%%%[0m  [94m%%%#[0m      [94m.%%%%%%/[0m      [94m(%%%%%%,[0m  [92m///////.[0m     [93m/*****[0m      [91m))))).[0m
  [94m#%%%%.[0m      [94m%%%%%#[0m      [94m/%%%%%%*[0m      [94m#%%%%%%[0m   [92m/////)[0m     [93m******[0m      [91m))))),[0m
    [94m#%%%%##%[0m  [94m%%%#[0m      [94m.%%%%%%/[0m      [94m(%%%%%%,[0m  [92m///////.[0m     [93m/*****[0m      [91m))))).[0m
      [94m##[0m     [94m%%%[0m      [94m.%%%%%%/[0m      [94m*%%%%%%,[0m  [92m////////.[0m      [93m*****/[0m     [91m,)))))[0m 
        [94m#%%%%#[0m      [94m/%%%%%%/[0m      [94m(%%%%%%[0m      [92m/)/)//[0m       [93m******[0m      [91m))))))[0m 
          [94m##[0m      [94m.%%%%%%/[0m      [94m(%%%%%%,[0m                  [93m*******[0m      [91m))))))[0m  
                [94m.%%%%%%/[0m      [94m*%%%%%%,[0m  [93m**.[0m             [93m/*******[0m      [91m.))))))[0m  
              [94m*%%%%%%/[0m      [94m(%%%%%%[0m   [93m********/*..,*/*********[0m       [91m*))))))[0m   
                [94m#%%/[0m      [94m(%%%%%%,[0m    [93m*********************/[0m        [91m)))))))[0m    
                        [94m*%%%%%%,[0m         [93m,**************/[0m         [91m,))))))/[0m     
                      [94m(%%%%%%[0m   [91m()[0m                              [91m))))))))[0m       
                      [94m#%%%%,[0m  [91m())))))[0m                        [91m,)))))))),[0m        
                        [94m#,[0m    [91m())))))))))[0m                [91m,)))))))))).[0m          
                                 [91m()))))))))))))))))))))))))))))))/[0m             
                                    [91m())))))))))))))))))))))))).[0m                
                                         [91m())))))))))))))),[0m                     

-=# [1;94m geomeTRIC started. Version: 1.0+41.ga67ca54 [0m #=-
Current date and time: 2024-02-21 09:23:44
ASE-Calculator engine selected. 
   ASE  calculator:ase.calculators.amber.Amber
   ASE calc kwargs:{"amber_exe":"sander -O ", "infile":"mdin", "outfile":"dh_6-7-9-11_026.out", "topologyfile":"prmtop", "incoordfile":"dh_6-7-9-11_026.rst7"}
$freeze
dihedral 7 8 10 12
Bonds will be generated from interatomic distances less than 1.20 times sum of covalent radii
84 internal coordinates being used (instead of 84 Cartesians)
Internal coordinate system (atoms numbered from 1):
Dihedral 7-8-10-12
Distance 1-2
Distance 1-6
Distance 1-25
Distance 2-3
Distance 2-16
Distance 3-4
Distance 3-17
Distance 4-5
Distance 5-6
Distance 5-7
Distance 6-18
Distance 7-8
Distance 7-19
Distance 8-9
Distance 8-10
Distance 10-11
Distance 10-12
Distance 10-14
Distance 11-12
Distance 11-20
Distance 11-21
Distance 12-13
Distance 12-15
Distance 13-22
Distance 13-23
Distance 13-24
Distance 25-26
Distance 25-27
Distance 25-28
Angle 2-1-25
Angle 6-1-25
Angle 1-2-16
Angle 3-2-16
Angle 2-3-17
Angle 4-3-17
Angle 3-4-5
Angle 4-5-7
Angle 6-5-7
Angle 1-6-18
Angle 5-6-18
Angle 5-7-19
Angle 8-7-19
Angle 7-8-10
Angle 9-8-10
Angle 8-10-11
Angle 8-10-12
Angle 11-10-12
Angle 11-10-14
Angle 12-10-14
Angle 10-11-12
Angle 10-11-20
Angle 10-11-21
Angle 12-11-20
Angle 12-11-21
Angle 20-11-21
Angle 10-12-11
Angle 10-12-13
Angle 10-12-15
Angle 11-12-13
Angle 11-12-15
Angle 13-12-15
Angle 12-13-22
Angle 12-13-23
Angle 12-13-24
Angle 22-13-23
Angle 22-13-24
Angle 23-13-24
Angle 1-25-26
Angle 1-25-27
Angle 1-25-28
Angle 26-25-27
Angle 26-25-28
Angle 27-25-28
Out-of-Plane 1-2-6-25
Out-of-Plane 2-1-3-16
Out-of-Plane 3-2-4-17
Out-of-Plane 5-4-6-7
Out-of-Plane 6-1-5-18
Out-of-Plane 7-5-8-19
Out-of-Plane 8-7-9-10
Out-of-Plane 10-8-14-12
Dihedral 6-1-2-3
Dihedral 6-1-2-16
Dihedral 25-1-2-3
Dihedral 25-1-2-16
Dihedral 2-1-6-5
Dihedral 2-1-6-18
Dihedral 25-1-6-5
Dihedral 25-1-6-18
Dihedral 2-1-25-26
Dihedral 2-1-25-27
Dihedral 2-1-25-28
Dihedral 6-1-25-26
Dihedral 6-1-25-27
Dihedral 6-1-25-28
Dihedral 1-2-3-4
Dihedral 1-2-3-17
Dihedral 16-2-3-4
Dihedral 16-2-3-17
Dihedral 2-3-4-5
Dihedral 17-3-4-5
Dihedral 3-4-5-6
Dihedral 3-4-5-7
Dihedral 4-5-6-1
Dihedral 4-5-6-18
Dihedral 7-5-6-1
Dihedral 7-5-6-18
Dihedral 4-5-7-8
Dihedral 4-5-7-19
Dihedral 6-5-7-8
Dihedral 6-5-7-19
Dihedral 5-7-8-9
Dihedral 5-7-8-10
Dihedral 19-7-8-9
Dihedral 19-7-8-10
Dihedral 7-8-10-11
Dihedral 7-8-10-14
Dihedral 9-8-10-11
Dihedral 9-8-10-12
Dihedral 9-8-10-14
Dihedral 8-10-11-12
Dihedral 8-10-11-20
Dihedral 8-10-11-21
Dihedral 12-10-11-20
Dihedral 12-10-11-21
Dihedral 14-10-11-12
Dihedral 14-10-11-20
Dihedral 14-10-11-21
Dihedral 8-10-12-11
Dihedral 8-10-12-13
Dihedral 8-10-12-15
Dihedral 11-10-12-13
Dihedral 11-10-12-15
Dihedral 14-10-12-11
Dihedral 14-10-12-13
Dihedral 14-10-12-15
Dihedral 10-11-12-13
Dihedral 10-11-12-15
Dihedral 20-11-12-10
Dihedral 20-11-12-13
Dihedral 20-11-12-15
Dihedral 21-11-12-10
Dihedral 21-11-12-13
Dihedral 21-11-12-15
Dihedral 10-12-13-22
Dihedral 10-12-13-23
Dihedral 10-12-13-24
Dihedral 11-12-13-22
Dihedral 11-12-13-23
Dihedral 11-12-13-24
Dihedral 15-12-13-22
Dihedral 15-12-13-23
Dihedral 15-12-13-24
Translation-X 1-28
Translation-Y 1-28
Translation-Z 1-28
Rotation-A 1-28
Rotation-B 1-28
Rotation-C 1-28
<class 'geometric.internal.Dihedral'> : 73
<class 'geometric.internal.Distance'> : 29
<class 'geometric.internal.Angle'> : 44
<class 'geometric.internal.OutOfPlane'> : 8
<class 'geometric.internal.TranslationX'> : 1
<class 'geometric.internal.TranslationY'> : 1
<class 'geometric.internal.TranslationZ'> : 1
<class 'geometric.internal.RotationA'> : 1
<class 'geometric.internal.RotationB'> : 1
<class 'geometric.internal.RotationC'> : 1
Constraint                         Current      Target       Diff.
Dihedral 7-8-10-12               -39.08428   -39.08428     0.00000
> ===== Optimization Info: ====
> Job type: Energy minimization
> Maximum number of optimization cycles: 300
> Initial / maximum trust radius (Angstrom): 0.100 / 0.300
> Convergence Criteria:
> Will converge when all 5 criteria are reached:
>  |Delta-E| < 1.00e-06
>  RMS-Ortho-Grad < 3.00e-04
>  Max-Ortho-Grad < 4.50e-04
>  RMS-Disp  < 1.20e-03
>  Max-Disp  < 1.80e-03
> 
> Constraints are requested. The following criterion is added:
>  Max Constraint Violation (in Angstroms/degrees) < 1.00e-02 
> === End Optimization Info ===
Step    0 : Gradient = 8.868e-03/1.909e-02 (rms/max) Energy = -0.1727906700
Hessian Eigenvalues: 2.30000e-02 2.30000e-02 2.30000e-02 ... 5.73530e-01 5.82664e-01 9.56132e-01
Step    1 : Displace = [0m1.016e-01[0m/[0m1.983e-01[0m (rms/max) Trust = 1.000e-01 (=) Grad_T = [0m6.684e-03[0m/[0m1.622e-02[0m (rms/max) E (change) = -0.1746618693 ([0m-1.871e-03[0m) Quality = [0m0.248[0m
Hessian Eigenvalues: 2.29994e-02 2.30000e-02 2.30000e-02 ... 5.81370e-01 9.46888e-01 2.48001e+00
Step    2 : Displace = [0m5.274e-02[0m/[0m8.813e-02[0m (rms/max) Trust = 5.000e-02 ([91m-[0m) Grad_T = [0m4.755e-03[0m/[0m1.321e-02[0m (rms/max) E (change) = -0.1764695927 ([0m-1.808e-03[0m) Quality = [0m0.741[0m
Constraint                         Current      Target       Diff.
Dihedral 7-8-10-12               -39.06211   -39.08428     0.02217
Hessian Eigenvalues: 2.28786e-02 2.30000e-02 2.30000e-02 ... 5.80004e-01 9.44089e-01 2.20146e+00
Step    3 : Displace = [0m2.956e-02[0m/[0m5.243e-02[0m (rms/max) Trust = 5.000e-02 (=) Grad_T = [0m3.309e-03[0m/[0m1.101e-02[0m (rms/max) E (change) = -0.1768812699 ([0m-4.117e-04[0m) Quality = [0m0.376[0m
Constraint                         Current      Target       Diff.
Dihedral 7-8-10-12               -39.05927   -39.08428     0.02501
Hessian Eigenvalues: 2.23828e-02 2.29988e-02 2.30000e-02 ... 5.97129e-01 9.44243e-01 2.24174e+00
Step    4 : Displace = [0m1.924e-02[0m/[0m4.006e-02[0m (rms/max) Trust = 5.000e-02 (=) Grad_T = [0m1.223e-03[0m/[0m3.393e-03[0m (rms/max) E (change) = -0.1772156299 ([0m-3.344e-04[0m) Quality = [0m0.710[0m
Constraint                         Current      Target       Diff.
Dihedral 7-8-10-12               -39.08858   -39.08428    -0.00430
Hessian Eigenvalues: 2.22145e-02 2.28391e-02 2.30000e-02 ... 6.14566e-01 9.44112e-01 2.20963e+00
Step    5 : Displace = [0m1.807e-02[0m/[0m3.943e-02[0m (rms/max) Trust = 5.000e-02 (=) Grad_T = [0m9.472e-04[0m/[0m3.220e-03[0m (rms/max) E (change) = -0.1772769681 ([0m-6.134e-05[0m) Quality = [0m0.529[0m
Constraint                         Current      Target       Diff.
Dihedral 7-8-10-12               -39.07635   -39.08428     0.00792
Hessian Eigenvalues: 2.06288e-02 2.29232e-02 2.29997e-02 ... 5.90690e-01 9.44295e-01 2.23949e+00
Step    6 : Displace = [0m8.232e-03[0m/[0m1.452e-02[0m (rms/max) Trust = 5.000e-02 (=) Grad_T = [0m8.693e-04[0m/[0m2.428e-03[0m (rms/max) E (change) = -0.1772935508 ([0m-1.658e-05[0m) Quality = [0m0.275[0m
Constraint                         Current      Target       Diff.
Dihedral 7-8-10-12               -39.07590   -39.08428     0.00838
Hessian Eigenvalues: 1.72935e-02 2.29291e-02 2.29944e-02 ... 6.73980e-01 9.44030e-01 2.20994e+00
Step    7 : Displace = [0m6.913e-03[0m/[0m1.668e-02[0m (rms/max) Trust = 5.000e-02 (=) Grad_T = [0m3.120e-04[0m/[0m8.376e-04[0m (rms/max) E (change) = -0.1773360472 ([0m-4.250e-05[0m) Quality = [0m0.966[0m
Hessian Eigenvalues: 1.39947e-02 2.29380e-02 2.29975e-02 ... 6.39419e-01 9.44503e-01 2.25351e+00
Step    8 : Displace = [0m1.066e-02[0m/[0m2.032e-02[0m (rms/max) Trust = 7.071e-02 ([92m+[0m) Grad_T = [92m2.190e-04[0m/[0m6.440e-04[0m (rms/max) E (change) = -0.1773530006 ([0m-1.695e-05[0m) Quality = [0m1.471[0m
Constraint                         Current      Target       Diff.
Dihedral 7-8-10-12               -39.08216   -39.08428     0.00211
Hessian Eigenvalues: 4.02240e-03 2.25260e-02 2.29914e-02 ... 7.30707e-01 9.44322e-01 2.31036e+00
Step    9 : Displace = [0m3.603e-02[0m/[0m6.905e-02[0m (rms/max) Trust = 1.000e-01 ([92m+[0m) Grad_T = [0m4.332e-04[0m/[0m1.258e-03[0m (rms/max) E (change) = -0.1773918861 ([0m-3.889e-05[0m) Quality = [0m1.523[0m
Constraint                         Current      Target       Diff.
Dihedral 7-8-10-12               -39.08215   -39.08428     0.00212
Hessian Eigenvalues: 1.13616e-03 2.27957e-02 2.29971e-02 ... 7.71986e-01 9.45057e-01 2.66765e+00
Step   10 : Displace = [0m1.019e-01[0m/[0m1.994e-01[0m (rms/max) Trust = 1.414e-01 ([92m+[0m) Grad_T = [0m7.792e-04[0m/[0m1.932e-03[0m (rms/max) E (change) = -0.1774461911 ([0m-5.430e-05[0m) Quality = [0m0.986[0m
Constraint                         Current      Target       Diff.
Dihedral 7-8-10-12               -39.08057   -39.08428     0.00370
Hessian Eigenvalues: 1.11346e-03 2.26704e-02 2.29984e-02 ... 7.38804e-01 9.44955e-01 3.14386e+00
Step   11 : Displace = [0m2.922e-02[0m/[0m5.661e-02[0m (rms/max) Trust = 2.000e-01 ([92m+[0m) Grad_T = [0m7.543e-04[0m/[0m2.160e-03[0m (rms/max) E (change) = -0.1775133370 ([0m-6.715e-05[0m) Quality = [0m1.587[0m
Constraint                         Current      Target       Diff.
Dihedral 7-8-10-12               -39.07754   -39.08428     0.00674
Hessian Eigenvalues: 8.65654e-04 1.44530e-02 2.29259e-02 ... 7.74074e-01 9.44339e-01 1.70679e+00
Step   12 : Displace = [0m1.501e-01[0m/[0m2.981e-01[0m (rms/max) Trust = 2.828e-01 ([92m+[0m) Grad_T = [0m8.175e-04[0m/[0m2.301e-03[0m (rms/max) E (change) = -0.1777270324 ([0m-2.137e-04[0m) Quality = [0m1.021[0m
Constraint                         Current      Target       Diff.
Dihedral 7-8-10-12               -39.08139   -39.08428     0.00289
Hessian Eigenvalues: 1.01723e-03 1.03313e-02 2.29594e-02 ... 7.77526e-01 9.44486e-01 1.63028e+00
Step   13 : Displace = [0m1.416e-02[0m/[0m3.231e-02[0m (rms/max) Trust = 3.000e-01 ([92m+[0m) Grad_T = [0m5.098e-04[0m/[0m1.483e-03[0m (rms/max) E (change) = -0.1777875386 ([0m-6.051e-05[0m) Quality = [0m1.025[0m
Constraint                         Current      Target       Diff.
Dihedral 7-8-10-12               -39.07833   -39.08428     0.00595
Hessian Eigenvalues: 1.36485e-03 7.24247e-03 2.23867e-02 ... 7.27041e-01 9.44403e-01 1.92691e+00
Step   14 : Displace = [0m1.239e-01[0m/[0m2.388e-01[0m (rms/max) Trust = 3.000e-01 (=) Grad_T = [0m1.337e-03[0m/[0m3.412e-03[0m (rms/max) E (change) = -0.1776731669 ([91m+1.144e-04[0m) Quality = [91m-1.159[0m
Constraint                         Current      Target       Diff.
Dihedral 7-8-10-12               -39.06767   -39.08428     0.01661
[93mRejecting step - quality is lower than -1.0[0m
Hessian Eigenvalues: 1.36485e-03 7.24247e-03 2.23867e-02 ... 7.27041e-01 9.44403e-01 1.92691e+00
Step   15 : Displace = [0m6.254e-02[0m/[0m1.157e-01[0m (rms/max) Trust = 6.196e-02 ([1;91mx[0m) Grad_T = [0m8.797e-04[0m/[0m2.244e-03[0m (rms/max) E (change) = -0.1778038210 ([0m-1.628e-05[0m) Quality = [0m0.196[0m
Constraint                         Current      Target       Diff.
Dihedral 7-8-10-12               -39.07279   -39.08428     0.01148
Hessian Eigenvalues: 2.50420e-03 6.36457e-03 2.29266e-02 ... 7.27327e-01 9.44971e-01 2.15915e+00
Step   16 : Displace = [0m2.765e-02[0m/[0m5.298e-02[0m (rms/max) Trust = 3.098e-02 ([91m-[0m) Grad_T = [92m2.859e-04[0m/[0m9.039e-04[0m (rms/max) E (change) = -0.1778535715 ([0m-4.975e-05[0m) Quality = [0m1.096[0m
Constraint                         Current      Target       Diff.
Dihedral 7-8-10-12               -39.08276   -39.08428     0.00151
Hessian Eigenvalues: 2.85290e-03 6.11137e-03 2.26567e-02 ... 7.38068e-01 9.44504e-01 2.05353e+00
Step   17 : Displace = [0m1.059e-02[0m/[0m2.137e-02[0m (rms/max) Trust = 4.381e-02 ([92m+[0m) Grad_T = [92m2.048e-04[0m/[0m6.933e-04[0m (rms/max) E (change) = -0.1778667277 ([0m-1.316e-05[0m) Quality = [0m1.481[0m
Hessian Eigenvalues: 3.12474e-03 3.79060e-03 1.32670e-02 ... 7.93265e-01 9.45956e-01 2.18829e+00
Step   18 : Displace = [0m1.058e-02[0m/[0m2.177e-02[0m (rms/max) Trust = 6.196e-02 ([92m+[0m) Grad_T = [92m1.752e-04[0m/[0m4.953e-04[0m (rms/max) E (change) = -0.1778819897 ([0m-1.526e-05[0m) Quality = [0m1.288[0m
Hessian Eigenvalues: 2.93098e-03 3.18917e-03 1.15863e-02 ... 7.87739e-01 9.46300e-01 2.21426e+00
Step   19 : Displace = [0m3.689e-03[0m/[0m7.457e-03[0m (rms/max) Trust = 8.762e-02 ([92m+[0m) Grad_T = [92m7.879e-05[0m/[92m2.294e-04[0m (rms/max) E (change) = -0.1778859573 ([0m-3.968e-06[0m) Quality = [0m1.251[0m
Hessian Eigenvalues: 2.73705e-03 3.18244e-03 1.09447e-02 ... 7.47781e-01 9.44595e-01 2.09655e+00
Step   20 : Displace = [0m2.386e-03[0m/[0m5.642e-03[0m (rms/max) Trust = 1.239e-01 ([92m+[0m) Grad_T = [92m4.786e-05[0m/[92m1.370e-04[0m (rms/max) E (change) = -0.1778870443 ([0m-1.087e-06[0m) Quality = [0m1.407[0m
Hessian Eigenvalues: 2.64310e-03 3.18634e-03 9.75179e-03 ... 7.93476e-01 9.44831e-01 1.95552e+00
Step   21 : Displace = [0m2.253e-03[0m/[0m4.572e-03[0m (rms/max) Trust = 1.752e-01 ([92m+[0m) Grad_T = [92m4.498e-05[0m/[92m1.131e-04[0m (rms/max) E (change) = -0.1778877095 ([92m-6.652e-07[0m) Quality = [0m1.369[0m
Hessian Eigenvalues: 2.57912e-03 3.19144e-03 7.42886e-03 ... 8.17687e-01 9.48204e-01 1.95811e+00
Step   22 : Displace = [0m1.583e-03[0m/[0m3.537e-03[0m (rms/max) Trust = 2.478e-01 ([92m+[0m) Grad_T = [92m3.080e-05[0m/[92m8.484e-05[0m (rms/max) E (change) = -0.1778880338 ([92m-3.243e-07[0m) Quality = [0m1.444[0m
Hessian Eigenvalues: 2.46562e-03 3.20026e-03 5.02751e-03 ... 7.80197e-01 9.45741e-01 1.98377e+00
Step   23 : Displace = [92m1.176e-03[0m/[0m3.112e-03[0m (rms/max) Trust = 3.000e-01 ([92m+[0m) Grad_T = [92m2.081e-05[0m/[92m5.347e-05[0m (rms/max) E (change) = -0.1778882633 ([92m-2.295e-07[0m) Quality = [0m1.597[0m
Hessian Eigenvalues: 1.91256e-03 3.12539e-03 3.46467e-03 ... 8.00007e-01 9.44424e-01 1.98768e+00
Step   24 : Displace = [0m1.736e-03[0m/[0m5.026e-03[0m (rms/max) Trust = 3.000e-01 (=) Grad_T = [92m4.095e-05[0m/[92m1.120e-04[0m (rms/max) E (change) = -0.1778886067 ([92m-3.434e-07[0m) Quality = [0m1.649[0m
Hessian Eigenvalues: 8.84605e-04 2.92441e-03 3.26590e-03 ... 8.60880e-01 9.52098e-01 1.98150e+00
Step   25 : Displace = [0m3.976e-03[0m/[0m1.179e-02[0m (rms/max) Trust = 3.000e-01 (=) Grad_T = [92m8.576e-05[0m/[92m2.227e-04[0m (rms/max) E (change) = -0.1778893834 ([92m-7.767e-07[0m) Quality = [0m1.616[0m
Hessian Eigenvalues: 3.48084e-04 2.86193e-03 3.24866e-03 ... 8.92684e-01 9.75294e-01 1.98362e+00
Step   26 : Displace = [0m9.698e-03[0m/[0m2.899e-02[0m (rms/max) Trust = 3.000e-01 (=) Grad_T = [92m1.534e-04[0m/[92m3.880e-04[0m (rms/max) E (change) = -0.1778912046 ([0m-1.821e-06[0m) Quality = [0m1.601[0m
Hessian Eigenvalues: 1.38307e-04 2.83899e-03 3.24376e-03 ... 8.95464e-01 9.91319e-01 1.99318e+00
Step   27 : Displace = [0m2.331e-02[0m/[0m7.035e-02[0m (rms/max) Trust = 3.000e-01 (=) Grad_T = [92m2.470e-04[0m/[0m6.420e-04[0m (rms/max) E (change) = -0.1778952614 ([0m-4.057e-06[0m) Quality = [0m1.522[0m
Hessian Eigenvalues: 7.34097e-05 2.82882e-03 3.24179e-03 ... 8.84692e-01 9.83721e-01 1.99775e+00
Step   28 : Displace = [0m3.785e-02[0m/[0m1.163e-01[0m (rms/max) Trust = 3.000e-01 (=) Grad_T = [0m3.115e-04[0m/[0m8.137e-04[0m (rms/max) E (change) = -0.1779012132 ([0m-5.952e-06[0m) Quality = [0m1.360[0m
Hessian Eigenvalues: 7.04800e-05 2.81969e-03 3.24019e-03 ... 8.49732e-01 9.58799e-01 1.96315e+00
Step   29 : Displace = [0m2.751e-02[0m/[0m8.611e-02[0m (rms/max) Trust = 3.000e-01 (=) Grad_T = [92m2.522e-04[0m/[0m6.535e-04[0m (rms/max) E (change) = -0.1779085887 ([0m-7.376e-06[0m) Quality = [0m1.561[0m
Hessian Eigenvalues: 8.43044e-05 2.78555e-03 3.23579e-03 ... 8.03914e-01 9.42883e-01 1.88354e+00
Step   30 : Displace = [0m2.510e-02[0m/[0m7.681e-02[0m (rms/max) Trust = 3.000e-01 (=) Grad_T = [92m7.779e-05[0m/[92m2.232e-04[0m (rms/max) E (change) = -0.1779177572 ([0m-9.168e-06[0m) Quality = [0m1.166[0m
Hessian Eigenvalues: 8.81455e-05 2.77586e-03 3.23624e-03 ... 8.14840e-01 9.42870e-01 1.85465e+00
Step   31 : Displace = [0m2.557e-03[0m/[0m6.102e-03[0m (rms/max) Trust = 3.000e-01 (=) Grad_T = [92m6.075e-05[0m/[92m1.905e-04[0m (rms/max) E (change) = -0.1779190048 ([0m-1.248e-06[0m) Quality = [0m1.333[0m
Hessian Eigenvalues: 8.81375e-05 2.77070e-03 3.23688e-03 ... 8.15061e-01 9.45959e-01 1.80707e+00
Step   32 : Displace = [0m1.382e-03[0m/[0m3.127e-03[0m (rms/max) Trust = 3.000e-01 (=) Grad_T = [92m3.548e-05[0m/[92m1.124e-04[0m (rms/max) E (change) = -0.1779194384 ([92m-4.336e-07[0m) Quality = [0m1.272[0m
Hessian Eigenvalues: 8.79155e-05 2.77164e-03 3.23680e-03 ... 7.88207e-01 9.43638e-01 1.79957e+00
Step   33 : Displace = [92m7.387e-04[0m/[0m2.195e-03[0m (rms/max) Trust = 3.000e-01 (=) Grad_T = [92m1.133e-05[0m/[92m3.546e-05[0m (rms/max) E (change) = -0.1779195058 ([92m-6.741e-08[0m) Quality = [0m1.333[0m
Hessian Eigenvalues: 8.70416e-05 2.77957e-03 3.23630e-03 ... 7.80313e-01 9.39571e-01 1.80287e+00
Step   34 : Displace = [92m4.119e-04[0m/[92m1.271e-03[0m (rms/max) Trust = 3.000e-01 (=) Grad_T = [92m2.772e-06[0m/[92m6.434e-06[0m (rms/max) E (change) = -0.1779194931 ([92m+1.275e-08[0m) Quality = [0m0.868[0m
Hessian Eigenvalues: 8.70416e-05 2.77957e-03 3.23630e-03 ... 7.80313e-01 9.39571e-01 1.80287e+00
Converged! =D

    #==========================================================================#
    #| If this code has benefited your research, please support us by citing: |#
    #|                                                                        |#
    #| Wang, L.-P.; Song, C.C. (2016) "Geometry optimization made simple with |#
    #| translation and rotation coordinates", J. Chem, Phys. 144, 214108.     |#
    #| http://dx.doi.org/10.1063/1.4952956                                    |#
    #==========================================================================#
    Time elapsed since start of run_optimizer: 6.408 seconds
