geometric-optimize called with the following command line:
/opt/software/geometric/bin/geometric-optimize --ase-class=ase.calculators.amber.Amber --ase-kwargs={"amber_exe":"sander -O ", "infile":"mdin", "outfile":"dh_6-7-9-11_023.out", "topologyfile":"prmtop", "incoordfile":"dh_6-7-9-11_023.rst7"} --engine ase dh_6-7-9-11_023.xyz constraints.txt

                                        [91m())))))))))))))))/[0m                     
                                    [91m())))))))))))))))))))))))),[0m                
                                [91m*)))))))))))))))))))))))))))))))))[0m             
                        [94m#,[0m    [91m()))))))))/[0m                [91m.)))))))))),[0m          
                      [94m#%%%%,[0m  [91m())))))[0m                        [91m.))))))))*[0m        
                      [94m*%%%%%%,[0m  [91m))[0m              [93m..[0m              [91m,))))))).[0m      
                        [94m*%%%%%%,[0m         [93m***************/.[0m        [91m.)))))))[0m     
                [94m#%%/[0m      [94m(%%%%%%,[0m    [93m/*********************.[0m       [91m)))))))[0m    
              [94m.%%%%%%#[0m      [94m*%%%%%%,[0m  [93m*******/,[0m     [93m**********,[0m      [91m.))))))[0m   
                [94m.%%%%%%/[0m      [94m*%%%%%%,[0m  [93m**[0m              [93m********[0m      [91m.))))))[0m  
          [94m##[0m      [94m.%%%%%%/[0m      [94m(%%%%%%,[0m                  [93m,******[0m      [91m/)))))[0m  
        [94m%%%%%%[0m      [94m.%%%%%%#[0m      [94m*%%%%%%,[0m    [92m,/////.[0m       [93m******[0m      [91m))))))[0m 
      [94m#%[0m      [94m%%[0m      [94m.%%%%%%/[0m      [94m*%%%%%%,[0m  [92m////////,[0m      [93m*****/[0m     [91m,)))))[0m 
    [94m#%%[0m  [94m%%%[0m  [94m%%%#[0m      [94m.%%%%%%/[0m      [94m(%%%%%%,[0m  [92m///////.[0m     [93m/*****[0m      [91m))))).[0m
  [94m#%%%%.[0m      [94m%%%%%#[0m      [94m/%%%%%%*[0m      [94m#%%%%%%[0m   [92m/////)[0m     [93m******[0m      [91m))))),[0m
    [94m#%%%%##%[0m  [94m%%%#[0m      [94m.%%%%%%/[0m      [94m(%%%%%%,[0m  [92m///////.[0m     [93m/*****[0m      [91m))))).[0m
      [94m##[0m     [94m%%%[0m      [94m.%%%%%%/[0m      [94m*%%%%%%,[0m  [92m////////.[0m      [93m*****/[0m     [91m,)))))[0m 
        [94m#%%%%#[0m      [94m/%%%%%%/[0m      [94m(%%%%%%[0m      [92m/)/)//[0m       [93m******[0m      [91m))))))[0m 
          [94m##[0m      [94m.%%%%%%/[0m      [94m(%%%%%%,[0m                  [93m*******[0m      [91m))))))[0m  
                [94m.%%%%%%/[0m      [94m*%%%%%%,[0m  [93m**.[0m             [93m/*******[0m      [91m.))))))[0m  
              [94m*%%%%%%/[0m      [94m(%%%%%%[0m   [93m********/*..,*/*********[0m       [91m*))))))[0m   
                [94m#%%/[0m      [94m(%%%%%%,[0m    [93m*********************/[0m        [91m)))))))[0m    
                        [94m*%%%%%%,[0m         [93m,**************/[0m         [91m,))))))/[0m     
                      [94m(%%%%%%[0m   [91m()[0m                              [91m))))))))[0m       
                      [94m#%%%%,[0m  [91m())))))[0m                        [91m,)))))))),[0m        
                        [94m#,[0m    [91m())))))))))[0m                [91m,)))))))))).[0m          
                                 [91m()))))))))))))))))))))))))))))))/[0m             
                                    [91m())))))))))))))))))))))))).[0m                
                                         [91m())))))))))))))),[0m                     

-=# [1;94m geomeTRIC started. Version: 1.0+41.ga67ca54 [0m #=-
Current date and time: 2024-02-21 09:23:29
ASE-Calculator engine selected. 
   ASE  calculator:ase.calculators.amber.Amber
   ASE calc kwargs:{"amber_exe":"sander -O ", "infile":"mdin", "outfile":"dh_6-7-9-11_023.out", "topologyfile":"prmtop", "incoordfile":"dh_6-7-9-11_023.rst7"}
$freeze
dihedral 7 8 10 12
Bonds will be generated from interatomic distances less than 1.20 times sum of covalent radii
84 internal coordinates being used (instead of 84 Cartesians)
Internal coordinate system (atoms numbered from 1):
Dihedral 7-8-10-12
Distance 1-2
Distance 1-6
Distance 1-25
Distance 2-3
Distance 2-16
Distance 3-4
Distance 3-17
Distance 4-5
Distance 5-6
Distance 5-7
Distance 6-18
Distance 7-8
Distance 7-19
Distance 8-9
Distance 8-10
Distance 10-11
Distance 10-12
Distance 10-14
Distance 11-12
Distance 11-20
Distance 11-21
Distance 12-13
Distance 12-15
Distance 13-22
Distance 13-23
Distance 13-24
Distance 25-26
Distance 25-27
Distance 25-28
Angle 2-1-25
Angle 6-1-25
Angle 1-2-16
Angle 3-2-16
Angle 2-3-17
Angle 4-3-17
Angle 3-4-5
Angle 4-5-7
Angle 6-5-7
Angle 1-6-18
Angle 5-6-18
Angle 5-7-19
Angle 8-7-19
Angle 7-8-10
Angle 9-8-10
Angle 8-10-11
Angle 8-10-14
Angle 11-10-12
Angle 11-10-14
Angle 12-10-14
Angle 10-11-12
Angle 10-11-20
Angle 10-11-21
Angle 12-11-20
Angle 20-11-21
Angle 10-12-11
Angle 10-12-13
Angle 10-12-15
Angle 11-12-13
Angle 11-12-15
Angle 13-12-15
Angle 12-13-22
Angle 12-13-23
Angle 12-13-24
Angle 22-13-23
Angle 22-13-24
Angle 23-13-24
Angle 1-25-26
Angle 1-25-27
Angle 1-25-28
Angle 26-25-27
Angle 26-25-28
Angle 27-25-28
Out-of-Plane 1-2-6-25
Out-of-Plane 2-1-3-16
Out-of-Plane 3-2-4-17
Out-of-Plane 5-4-6-7
Out-of-Plane 6-1-5-18
Out-of-Plane 7-5-8-19
Out-of-Plane 8-7-9-10
Out-of-Plane 10-8-12-14
Out-of-Plane 11-12-21-20
Dihedral 6-1-2-3
Dihedral 6-1-2-16
Dihedral 25-1-2-3
Dihedral 25-1-2-16
Dihedral 2-1-6-5
Dihedral 2-1-6-18
Dihedral 25-1-6-5
Dihedral 25-1-6-18
Dihedral 2-1-25-26
Dihedral 2-1-25-27
Dihedral 2-1-25-28
Dihedral 6-1-25-26
Dihedral 6-1-25-27
Dihedral 6-1-25-28
Dihedral 1-2-3-4
Dihedral 1-2-3-17
Dihedral 16-2-3-4
Dihedral 16-2-3-17
Dihedral 2-3-4-5
Dihedral 17-3-4-5
Dihedral 3-4-5-6
Dihedral 3-4-5-7
Dihedral 4-5-6-1
Dihedral 4-5-6-18
Dihedral 7-5-6-1
Dihedral 7-5-6-18
Dihedral 4-5-7-8
Dihedral 4-5-7-19
Dihedral 6-5-7-8
Dihedral 6-5-7-19
Dihedral 5-7-8-9
Dihedral 5-7-8-10
Dihedral 19-7-8-9
Dihedral 19-7-8-10
Dihedral 7-8-10-11
Dihedral 7-8-10-14
Dihedral 9-8-10-11
Dihedral 9-8-10-12
Dihedral 9-8-10-14
Dihedral 8-10-11-12
Dihedral 8-10-11-20
Dihedral 8-10-11-21
Dihedral 12-10-11-20
Dihedral 12-10-11-21
Dihedral 14-10-11-12
Dihedral 14-10-11-20
Dihedral 14-10-11-21
Dihedral 8-10-12-11
Dihedral 8-10-12-13
Dihedral 8-10-12-15
Dihedral 11-10-12-13
Dihedral 11-10-12-15
Dihedral 14-10-12-11
Dihedral 14-10-12-13
Dihedral 14-10-12-15
Dihedral 10-11-12-13
Dihedral 10-11-12-15
Dihedral 20-11-12-10
Dihedral 20-11-12-13
Dihedral 20-11-12-15
Dihedral 21-11-12-10
Dihedral 21-11-12-13
Dihedral 21-11-12-15
Dihedral 10-12-13-22
Dihedral 10-12-13-23
Dihedral 10-12-13-24
Dihedral 11-12-13-22
Dihedral 11-12-13-23
Dihedral 11-12-13-24
Dihedral 15-12-13-22
Dihedral 15-12-13-23
Dihedral 15-12-13-24
Translation-X 1-28
Translation-Y 1-28
Translation-Z 1-28
Rotation-A 1-28
Rotation-B 1-28
Rotation-C 1-28
<class 'geometric.internal.Dihedral'> : 73
<class 'geometric.internal.Distance'> : 29
<class 'geometric.internal.Angle'> : 43
<class 'geometric.internal.OutOfPlane'> : 9
<class 'geometric.internal.TranslationX'> : 1
<class 'geometric.internal.TranslationY'> : 1
<class 'geometric.internal.TranslationZ'> : 1
<class 'geometric.internal.RotationA'> : 1
<class 'geometric.internal.RotationB'> : 1
<class 'geometric.internal.RotationC'> : 1
Constraint                         Current      Target       Diff.
Dihedral 7-8-10-12                -8.22636    -8.22636     0.00000
> ===== Optimization Info: ====
> Job type: Energy minimization
> Maximum number of optimization cycles: 300
> Initial / maximum trust radius (Angstrom): 0.100 / 0.300
> Convergence Criteria:
> Will converge when all 5 criteria are reached:
>  |Delta-E| < 1.00e-06
>  RMS-Ortho-Grad < 3.00e-04
>  Max-Ortho-Grad < 4.50e-04
>  RMS-Disp  < 1.20e-03
>  Max-Disp  < 1.80e-03
> 
> Constraints are requested. The following criterion is added:
>  Max Constraint Violation (in Angstroms/degrees) < 1.00e-02 
> === End Optimization Info ===
Step    0 : Gradient = 9.528e-03/1.983e-02 (rms/max) Energy = -0.1679830425
Hessian Eigenvalues: 2.30000e-02 2.30000e-02 2.30000e-02 ... 5.73490e-01 5.82506e-01 9.50683e-01
Step    1 : Displace = [0m1.078e-01[0m/[0m2.016e-01[0m (rms/max) Trust = 1.000e-01 (=) Grad_T = [0m7.801e-03[0m/[0m1.915e-02[0m (rms/max) E (change) = -0.1705225573 ([0m-2.540e-03[0m) Quality = [0m0.308[0m
Hessian Eigenvalues: 2.29924e-02 2.30000e-02 2.30000e-02 ... 5.81464e-01 9.39652e-01 2.65455e+00
Step    2 : Displace = [0m9.056e-02[0m/[0m2.163e-01[0m (rms/max) Trust = 1.000e-01 (=) Grad_T = [0m5.822e-03[0m/[0m1.219e-02[0m (rms/max) E (change) = -0.1716949568 ([0m-1.172e-03[0m) Quality = [0m0.259[0m
Constraint                         Current      Target       Diff.
Dihedral 7-8-10-12                -8.14835    -8.22636     0.07801
Hessian Eigenvalues: 2.26655e-02 2.29998e-02 2.30000e-02 ... 5.80390e-01 9.36084e-01 2.44230e+00
Step    3 : Displace = [0m9.481e-02[0m/[0m2.254e-01[0m (rms/max) Trust = 1.000e-01 (=) Grad_T = [0m4.210e-03[0m/[0m1.233e-02[0m (rms/max) E (change) = -0.1732478576 ([0m-1.553e-03[0m) Quality = [0m0.439[0m
Constraint                         Current      Target       Diff.
Dihedral 7-8-10-12                -8.20705    -8.22636     0.01931
Hessian Eigenvalues: 2.27811e-02 2.29981e-02 2.30000e-02 ... 7.83774e-01 9.35734e-01 2.48835e+00
Step    4 : Displace = [0m4.083e-02[0m/[0m7.515e-02[0m (rms/max) Trust = 1.000e-01 (=) Grad_T = [0m6.835e-03[0m/[0m2.110e-02[0m (rms/max) E (change) = -0.1726287170 ([91m+6.191e-04[0m) Quality = [91m-0.365[0m
Constraint                         Current      Target       Diff.
Dihedral 7-8-10-12                -8.21395    -8.22636     0.01241
Hessian Eigenvalues: 2.20500e-02 2.29983e-02 2.29997e-02 ... 8.10339e-01 9.35747e-01 2.46814e+00
Step    5 : Displace = [0m2.031e-02[0m/[0m3.071e-02[0m (rms/max) Trust = 2.041e-02 ([91m-[0m) Grad_T = [0m1.216e-03[0m/[0m3.657e-03[0m (rms/max) E (change) = -0.1741686221 ([0m-1.540e-03[0m) Quality = [0m0.965[0m
Constraint                         Current      Target       Diff.
Dihedral 7-8-10-12                -8.21476    -8.22636     0.01160
Hessian Eigenvalues: 2.18648e-02 2.29651e-02 2.29992e-02 ... 8.11768e-01 9.35757e-01 2.46857e+00
Step    6 : Displace = [0m2.264e-02[0m/[0m4.585e-02[0m (rms/max) Trust = 2.887e-02 ([92m+[0m) Grad_T = [0m2.194e-03[0m/[0m5.847e-03[0m (rms/max) E (change) = -0.1740751946 ([91m+9.343e-05[0m) Quality = [91m-0.492[0m
Constraint                         Current      Target       Diff.
Dihedral 7-8-10-12                -8.20845    -8.22636     0.01791
Hessian Eigenvalues: 2.07159e-02 2.28108e-02 2.30000e-02 ... 8.30962e-01 9.35764e-01 2.46848e+00
Step    7 : Displace = [0m1.138e-02[0m/[0m2.173e-02[0m (rms/max) Trust = 1.132e-02 ([91m-[0m) Grad_T = [0m4.938e-04[0m/[0m1.016e-03[0m (rms/max) E (change) = -0.1742583609 ([0m-1.832e-04[0m) Quality = [0m0.994[0m
Constraint                         Current      Target       Diff.
Dihedral 7-8-10-12                -8.21764    -8.22636     0.00872
Hessian Eigenvalues: 2.06566e-02 2.28050e-02 2.30000e-02 ... 8.33673e-01 9.35759e-01 2.46709e+00
Step    8 : Displace = [0m3.553e-03[0m/[0m7.047e-03[0m (rms/max) Trust = 1.601e-02 ([92m+[0m) Grad_T = [0m4.622e-04[0m/[0m1.362e-03[0m (rms/max) E (change) = -0.1742731899 ([0m-1.483e-05[0m) Quality = [0m0.700[0m
Constraint                         Current      Target       Diff.
Dihedral 7-8-10-12                -8.22259    -8.22636     0.00377
Hessian Eigenvalues: 1.23708e-02 2.25745e-02 2.29897e-02 ... 8.63913e-01 9.35833e-01 2.46751e+00
Step    9 : Displace = [0m4.629e-03[0m/[0m1.106e-02[0m (rms/max) Trust = 1.601e-02 (=) Grad_T = [0m4.689e-04[0m/[0m1.493e-03[0m (rms/max) E (change) = -0.1742849083 ([0m-1.172e-05[0m) Quality = [0m0.613[0m
Constraint                         Current      Target       Diff.
Dihedral 7-8-10-12                -8.22476    -8.22636     0.00160
Hessian Eigenvalues: 9.23388e-03 2.24817e-02 2.29881e-02 ... 8.53388e-01 9.35791e-01 2.46752e+00
Step   10 : Displace = [0m2.254e-03[0m/[0m4.640e-03[0m (rms/max) Trust = 1.601e-02 (=) Grad_T = [92m2.680e-04[0m/[0m7.420e-04[0m (rms/max) E (change) = -0.1742959854 ([0m-1.108e-05[0m) Quality = [0m1.051[0m
Constraint                         Current      Target       Diff.
Dihedral 7-8-10-12                -8.22446    -8.22636     0.00190
Hessian Eigenvalues: 7.41790e-03 2.17363e-02 2.29752e-02 ... 8.23363e-01 9.35794e-01 2.47086e+00
Step   11 : Displace = [0m3.093e-03[0m/[0m8.935e-03[0m (rms/max) Trust = 2.264e-02 ([92m+[0m) Grad_T = [92m1.454e-04[0m/[92m3.847e-04[0m (rms/max) E (change) = -0.1743014381 ([0m-5.453e-06[0m) Quality = [0m1.106[0m
Constraint                         Current      Target       Diff.
Dihedral 7-8-10-12                -8.22410    -8.22636     0.00225
Hessian Eigenvalues: 4.58696e-03 2.10226e-02 2.29614e-02 ... 8.70505e-01 9.35899e-01 2.47287e+00
Step   12 : Displace = [0m2.625e-03[0m/[0m7.846e-03[0m (rms/max) Trust = 3.201e-02 ([92m+[0m) Grad_T = [92m1.238e-04[0m/[92m3.714e-04[0m (rms/max) E (change) = -0.1743050038 ([0m-3.566e-06[0m) Quality = [0m1.467[0m
Constraint                         Current      Target       Diff.
Dihedral 7-8-10-12                -8.22421    -8.22636     0.00215
Hessian Eigenvalues: 2.53268e-03 1.98955e-02 2.29129e-02 ... 8.47149e-01 9.35872e-01 2.47248e+00
Step   13 : Displace = [0m3.597e-03[0m/[0m1.108e-02[0m (rms/max) Trust = 4.527e-02 ([92m+[0m) Grad_T = [92m6.837e-05[0m/[92m2.015e-04[0m (rms/max) E (change) = -0.1743080397 ([0m-3.036e-06[0m) Quality = [0m1.276[0m
Constraint                         Current      Target       Diff.
Dihedral 7-8-10-12                -8.22391    -8.22636     0.00245
Hessian Eigenvalues: 2.18687e-03 1.67269e-02 2.21808e-02 ... 8.40703e-01 9.35873e-01 2.47274e+00
Step   14 : Displace = [0m1.785e-03[0m/[0m4.977e-03[0m (rms/max) Trust = 6.402e-02 ([92m+[0m) Grad_T = [92m3.579e-05[0m/[92m8.754e-05[0m (rms/max) E (change) = -0.1743090837 ([0m-1.044e-06[0m) Quality = [0m1.311[0m
Constraint                         Current      Target       Diff.
Dihedral 7-8-10-12                -8.22381    -8.22636     0.00255
Hessian Eigenvalues: 2.23321e-03 1.15627e-02 2.14288e-02 ... 8.41067e-01 9.35738e-01 2.47249e+00
Step   15 : Displace = [92m7.814e-04[0m/[0m2.109e-03[0m (rms/max) Trust = 9.054e-02 ([92m+[0m) Grad_T = [92m1.979e-05[0m/[92m5.926e-05[0m (rms/max) E (change) = -0.1743094070 ([92m-3.233e-07[0m) Quality = [0m1.204[0m
Constraint                         Current      Target       Diff.
Dihedral 7-8-10-12                -8.22414    -8.22636     0.00222
Hessian Eigenvalues: 2.27887e-03 8.91321e-03 2.07421e-02 ... 8.42980e-01 9.35662e-01 2.47230e+00
Step   16 : Displace = [92m6.241e-04[0m/[92m1.221e-03[0m (rms/max) Trust = 1.280e-01 ([92m+[0m) Grad_T = [92m1.601e-05[0m/[92m5.580e-05[0m (rms/max) E (change) = -0.1743095082 ([92m-1.012e-07[0m) Quality = [0m1.404[0m
Constraint                         Current      Target       Diff.
Dihedral 7-8-10-12                -8.22469    -8.22636     0.00167
Hessian Eigenvalues: 2.27887e-03 8.91321e-03 2.07421e-02 ... 8.42980e-01 9.35662e-01 2.47230e+00
Converged! =D

    #==========================================================================#
    #| If this code has benefited your research, please support us by citing: |#
    #|                                                                        |#
    #| Wang, L.-P.; Song, C.C. (2016) "Geometry optimization made simple with |#
    #| translation and rotation coordinates", J. Chem, Phys. 144, 214108.     |#
    #| http://dx.doi.org/10.1063/1.4952956                                    |#
    #==========================================================================#
    Time elapsed since start of run_optimizer: 3.637 seconds
