geometric-optimize called with the following command line:
/opt/software/geometric/bin/geometric-optimize --ase-class=ase.calculators.amber.Amber --ase-kwargs={"amber_exe":"sander -O ", "infile":"mdin", "outfile":"dh_6-7-9-11_009.out", "topologyfile":"prmtop", "incoordfile":"dh_6-7-9-11_009.rst7"} --engine ase dh_6-7-9-11_009.xyz constraints.txt

                                        [91m())))))))))))))))/[0m                     
                                    [91m())))))))))))))))))))))))),[0m                
                                [91m*)))))))))))))))))))))))))))))))))[0m             
                        [94m#,[0m    [91m()))))))))/[0m                [91m.)))))))))),[0m          
                      [94m#%%%%,[0m  [91m())))))[0m                        [91m.))))))))*[0m        
                      [94m*%%%%%%,[0m  [91m))[0m              [93m..[0m              [91m,))))))).[0m      
                        [94m*%%%%%%,[0m         [93m***************/.[0m        [91m.)))))))[0m     
                [94m#%%/[0m      [94m(%%%%%%,[0m    [93m/*********************.[0m       [91m)))))))[0m    
              [94m.%%%%%%#[0m      [94m*%%%%%%,[0m  [93m*******/,[0m     [93m**********,[0m      [91m.))))))[0m   
                [94m.%%%%%%/[0m      [94m*%%%%%%,[0m  [93m**[0m              [93m********[0m      [91m.))))))[0m  
          [94m##[0m      [94m.%%%%%%/[0m      [94m(%%%%%%,[0m                  [93m,******[0m      [91m/)))))[0m  
        [94m%%%%%%[0m      [94m.%%%%%%#[0m      [94m*%%%%%%,[0m    [92m,/////.[0m       [93m******[0m      [91m))))))[0m 
      [94m#%[0m      [94m%%[0m      [94m.%%%%%%/[0m      [94m*%%%%%%,[0m  [92m////////,[0m      [93m*****/[0m     [91m,)))))[0m 
    [94m#%%[0m  [94m%%%[0m  [94m%%%#[0m      [94m.%%%%%%/[0m      [94m(%%%%%%,[0m  [92m///////.[0m     [93m/*****[0m      [91m))))).[0m
  [94m#%%%%.[0m      [94m%%%%%#[0m      [94m/%%%%%%*[0m      [94m#%%%%%%[0m   [92m/////)[0m     [93m******[0m      [91m))))),[0m
    [94m#%%%%##%[0m  [94m%%%#[0m      [94m.%%%%%%/[0m      [94m(%%%%%%,[0m  [92m///////.[0m     [93m/*****[0m      [91m))))).[0m
      [94m##[0m     [94m%%%[0m      [94m.%%%%%%/[0m      [94m*%%%%%%,[0m  [92m////////.[0m      [93m*****/[0m     [91m,)))))[0m 
        [94m#%%%%#[0m      [94m/%%%%%%/[0m      [94m(%%%%%%[0m      [92m/)/)//[0m       [93m******[0m      [91m))))))[0m 
          [94m##[0m      [94m.%%%%%%/[0m      [94m(%%%%%%,[0m                  [93m*******[0m      [91m))))))[0m  
                [94m.%%%%%%/[0m      [94m*%%%%%%,[0m  [93m**.[0m             [93m/*******[0m      [91m.))))))[0m  
              [94m*%%%%%%/[0m      [94m(%%%%%%[0m   [93m********/*..,*/*********[0m       [91m*))))))[0m   
                [94m#%%/[0m      [94m(%%%%%%,[0m    [93m*********************/[0m        [91m)))))))[0m    
                        [94m*%%%%%%,[0m         [93m,**************/[0m         [91m,))))))/[0m     
                      [94m(%%%%%%[0m   [91m()[0m                              [91m))))))))[0m       
                      [94m#%%%%,[0m  [91m())))))[0m                        [91m,)))))))),[0m        
                        [94m#,[0m    [91m())))))))))[0m                [91m,)))))))))).[0m          
                                 [91m()))))))))))))))))))))))))))))))/[0m             
                                    [91m())))))))))))))))))))))))).[0m                
                                         [91m())))))))))))))),[0m                     

-=# [1;94m geomeTRIC started. Version: 1.0+41.ga67ca54 [0m #=-
Current date and time: 2024-02-21 09:21:47
ASE-Calculator engine selected. 
   ASE  calculator:ase.calculators.amber.Amber
   ASE calc kwargs:{"amber_exe":"sander -O ", "infile":"mdin", "outfile":"dh_6-7-9-11_009.out", "topologyfile":"prmtop", "incoordfile":"dh_6-7-9-11_009.rst7"}
$freeze
dihedral 7 8 10 12
Bonds will be generated from interatomic distances less than 1.20 times sum of covalent radii
84 internal coordinates being used (instead of 84 Cartesians)
Internal coordinate system (atoms numbered from 1):
Dihedral 7-8-10-12
Distance 1-2
Distance 1-6
Distance 1-25
Distance 2-3
Distance 2-16
Distance 3-4
Distance 3-17
Distance 4-5
Distance 5-6
Distance 5-7
Distance 6-18
Distance 7-8
Distance 7-19
Distance 8-9
Distance 8-10
Distance 10-11
Distance 10-12
Distance 10-14
Distance 11-12
Distance 11-20
Distance 11-21
Distance 12-13
Distance 12-15
Distance 13-22
Distance 13-23
Distance 13-24
Distance 25-26
Distance 25-27
Distance 25-28
Angle 2-1-25
Angle 6-1-25
Angle 1-2-16
Angle 3-2-16
Angle 2-3-17
Angle 4-3-17
Angle 3-4-5
Angle 4-5-7
Angle 6-5-7
Angle 1-6-18
Angle 5-6-18
Angle 5-7-19
Angle 8-7-19
Angle 7-8-10
Angle 9-8-10
Angle 8-10-11
Angle 8-10-12
Angle 8-10-14
Angle 11-10-12
Angle 11-10-14
Angle 12-10-14
Angle 10-11-12
Angle 10-11-20
Angle 10-11-21
Angle 12-11-20
Angle 12-11-21
Angle 20-11-21
Angle 10-12-11
Angle 10-12-13
Angle 10-12-15
Angle 11-12-13
Angle 11-12-15
Angle 13-12-15
Angle 12-13-22
Angle 12-13-23
Angle 12-13-24
Angle 22-13-23
Angle 22-13-24
Angle 23-13-24
Angle 1-25-26
Angle 1-25-27
Angle 1-25-28
Angle 26-25-27
Angle 26-25-28
Angle 27-25-28
Out-of-Plane 1-2-6-25
Out-of-Plane 2-1-3-16
Out-of-Plane 3-2-4-17
Out-of-Plane 5-4-6-7
Out-of-Plane 6-1-5-18
Out-of-Plane 7-5-8-19
Out-of-Plane 8-7-9-10
Dihedral 6-1-2-3
Dihedral 6-1-2-16
Dihedral 25-1-2-3
Dihedral 25-1-2-16
Dihedral 2-1-6-5
Dihedral 2-1-6-18
Dihedral 25-1-6-5
Dihedral 25-1-6-18
Dihedral 2-1-25-26
Dihedral 2-1-25-27
Dihedral 2-1-25-28
Dihedral 6-1-25-26
Dihedral 6-1-25-27
Dihedral 6-1-25-28
Dihedral 1-2-3-4
Dihedral 1-2-3-17
Dihedral 16-2-3-4
Dihedral 16-2-3-17
Dihedral 2-3-4-5
Dihedral 17-3-4-5
Dihedral 3-4-5-6
Dihedral 3-4-5-7
Dihedral 4-5-6-1
Dihedral 4-5-6-18
Dihedral 7-5-6-1
Dihedral 7-5-6-18
Dihedral 4-5-7-8
Dihedral 4-5-7-19
Dihedral 6-5-7-8
Dihedral 6-5-7-19
Dihedral 5-7-8-9
Dihedral 5-7-8-10
Dihedral 19-7-8-9
Dihedral 19-7-8-10
Dihedral 7-8-10-11
Dihedral 7-8-10-14
Dihedral 9-8-10-11
Dihedral 9-8-10-12
Dihedral 9-8-10-14
Dihedral 8-10-11-12
Dihedral 8-10-11-20
Dihedral 8-10-11-21
Dihedral 12-10-11-20
Dihedral 12-10-11-21
Dihedral 14-10-11-12
Dihedral 14-10-11-20
Dihedral 14-10-11-21
Dihedral 8-10-12-11
Dihedral 8-10-12-13
Dihedral 8-10-12-15
Dihedral 11-10-12-13
Dihedral 11-10-12-15
Dihedral 14-10-12-11
Dihedral 14-10-12-13
Dihedral 14-10-12-15
Dihedral 10-11-12-13
Dihedral 10-11-12-15
Dihedral 20-11-12-10
Dihedral 20-11-12-13
Dihedral 20-11-12-15
Dihedral 21-11-12-10
Dihedral 21-11-12-13
Dihedral 21-11-12-15
Dihedral 10-12-13-22
Dihedral 10-12-13-23
Dihedral 10-12-13-24
Dihedral 11-12-13-22
Dihedral 11-12-13-23
Dihedral 11-12-13-24
Dihedral 15-12-13-22
Dihedral 15-12-13-23
Dihedral 15-12-13-24
Translation-X 1-28
Translation-Y 1-28
Translation-Z 1-28
Rotation-A 1-28
Rotation-B 1-28
Rotation-C 1-28
<class 'geometric.internal.Dihedral'> : 73
<class 'geometric.internal.Distance'> : 29
<class 'geometric.internal.Angle'> : 45
<class 'geometric.internal.OutOfPlane'> : 7
<class 'geometric.internal.TranslationX'> : 1
<class 'geometric.internal.TranslationY'> : 1
<class 'geometric.internal.TranslationZ'> : 1
<class 'geometric.internal.RotationA'> : 1
<class 'geometric.internal.RotationB'> : 1
<class 'geometric.internal.RotationC'> : 1
Constraint                         Current      Target       Diff.
Dihedral 7-8-10-12               135.77224   135.77224     0.00000
> ===== Optimization Info: ====
> Job type: Energy minimization
> Maximum number of optimization cycles: 300
> Initial / maximum trust radius (Angstrom): 0.100 / 0.300
> Convergence Criteria:
> Will converge when all 5 criteria are reached:
>  |Delta-E| < 1.00e-06
>  RMS-Ortho-Grad < 3.00e-04
>  Max-Ortho-Grad < 4.50e-04
>  RMS-Disp  < 1.20e-03
>  Max-Disp  < 1.80e-03
> 
> Constraints are requested. The following criterion is added:
>  Max Constraint Violation (in Angstroms/degrees) < 1.00e-02 
> === End Optimization Info ===
Step    0 : Gradient = 8.490e-03/1.841e-02 (rms/max) Energy = -0.1736879372
Hessian Eigenvalues: 2.30000e-02 2.30000e-02 2.30000e-02 ... 5.73990e-01 5.82513e-01 9.56201e-01
Step    1 : Displace = [0m1.092e-01[0m/[0m1.796e-01[0m (rms/max) Trust = 1.000e-01 (=) Grad_T = [0m6.386e-03[0m/[0m1.417e-02[0m (rms/max) E (change) = -0.1751600504 ([0m-1.472e-03[0m) Quality = [0m0.208[0m
Hessian Eigenvalues: 2.29973e-02 2.30000e-02 2.30000e-02 ... 5.81631e-01 9.48812e-01 2.37136e+00
Step    2 : Displace = [0m5.125e-02[0m/[0m9.675e-02[0m (rms/max) Trust = 5.000e-02 ([91m-[0m) Grad_T = [0m4.096e-03[0m/[0m1.128e-02[0m (rms/max) E (change) = -0.1770599875 ([0m-1.900e-03[0m) Quality = [0m0.842[0m
Constraint                         Current      Target       Diff.
Dihedral 7-8-10-12               135.77015   135.77224    -0.00209
Hessian Eigenvalues: 2.28603e-02 2.30000e-02 2.30000e-02 ... 5.80630e-01 9.46126e-01 1.92551e+00
Step    3 : Displace = [0m5.081e-02[0m/[0m7.973e-02[0m (rms/max) Trust = 7.071e-02 ([92m+[0m) Grad_T = [0m3.493e-03[0m/[0m1.208e-02[0m (rms/max) E (change) = -0.1773256104 ([0m-2.656e-04[0m) Quality = [0m0.264[0m
Constraint                         Current      Target       Diff.
Dihedral 7-8-10-12               135.76899   135.77224    -0.00325
Hessian Eigenvalues: 2.15036e-02 2.29999e-02 2.30000e-02 ... 5.92945e-01 9.46599e-01 2.07345e+00
Step    4 : Displace = [0m1.539e-02[0m/[0m2.511e-02[0m (rms/max) Trust = 7.071e-02 (=) Grad_T = [0m1.172e-03[0m/[0m3.690e-03[0m (rms/max) E (change) = -0.1777185135 ([0m-3.929e-04[0m) Quality = [0m0.806[0m
Hessian Eigenvalues: 2.12779e-02 2.29957e-02 2.30000e-02 ... 6.29798e-01 9.46268e-01 1.96791e+00
Step    5 : Displace = [0m1.443e-02[0m/[0m2.168e-02[0m (rms/max) Trust = 1.000e-01 ([92m+[0m) Grad_T = [0m1.252e-03[0m/[0m4.302e-03[0m (rms/max) E (change) = -0.1777280845 ([0m-9.571e-06[0m) Quality = [0m0.092[0m
Constraint                         Current      Target       Diff.
Dihedral 7-8-10-12               135.76883   135.77224    -0.00341
Hessian Eigenvalues: 2.09488e-02 2.29019e-02 2.30000e-02 ... 6.23197e-01 9.46469e-01 2.04404e+00
Step    6 : Displace = [0m7.105e-03[0m/[0m1.296e-02[0m (rms/max) Trust = 7.217e-03 ([91m-[0m) Grad_T = [0m6.866e-04[0m/[0m1.899e-03[0m (rms/max) E (change) = -0.1777757859 ([0m-4.770e-05[0m) Quality = [0m0.624[0m
Constraint                         Current      Target       Diff.
Dihedral 7-8-10-12               135.76742   135.77224    -0.00482
Hessian Eigenvalues: 2.02320e-02 2.28164e-02 2.29984e-02 ... 6.59005e-01 9.46249e-01 1.96345e+00
Step    7 : Displace = [0m4.823e-03[0m/[0m8.723e-03[0m (rms/max) Trust = 7.217e-03 (=) Grad_T = [0m3.863e-04[0m/[0m1.061e-03[0m (rms/max) E (change) = -0.1777941764 ([0m-1.839e-05[0m) Quality = [0m0.610[0m
Constraint                         Current      Target       Diff.
Dihedral 7-8-10-12               135.76784   135.77224    -0.00440
Hessian Eigenvalues: 1.89976e-02 2.25905e-02 2.29949e-02 ... 6.22319e-01 9.46618e-01 2.08160e+00
Step    8 : Displace = [0m3.388e-03[0m/[0m5.181e-03[0m (rms/max) Trust = 7.217e-03 (=) Grad_T = [92m1.273e-04[0m/[92m3.785e-04[0m (rms/max) E (change) = -0.1778028512 ([0m-8.675e-06[0m) Quality = [0m1.176[0m
Constraint                         Current      Target       Diff.
Dihedral 7-8-10-12               135.76808   135.77224    -0.00416
Hessian Eigenvalues: 1.47729e-02 2.16145e-02 2.29966e-02 ... 6.26533e-01 9.46688e-01 2.11261e+00
Step    9 : Displace = [0m3.859e-03[0m/[0m6.941e-03[0m (rms/max) Trust = 1.021e-02 ([92m+[0m) Grad_T = [92m1.554e-04[0m/[92m3.733e-04[0m (rms/max) E (change) = -0.1778058427 ([0m-2.992e-06[0m) Quality = [0m1.280[0m
Constraint                         Current      Target       Diff.
Dihedral 7-8-10-12               135.76809   135.77224    -0.00415
Hessian Eigenvalues: 3.90304e-03 2.10465e-02 2.29778e-02 ... 6.28529e-01 9.46842e-01 2.21789e+00
Step   10 : Displace = [0m1.263e-02[0m/[0m2.267e-02[0m (rms/max) Trust = 1.443e-02 ([92m+[0m) Grad_T = [92m1.956e-04[0m/[0m4.793e-04[0m (rms/max) E (change) = -0.1778114394 ([0m-5.597e-06[0m) Quality = [0m1.142[0m
Constraint                         Current      Target       Diff.
Dihedral 7-8-10-12               135.76392   135.77224    -0.00832
Hessian Eigenvalues: 2.02318e-03 2.06333e-02 2.27933e-02 ... 6.84079e-01 9.47178e-01 2.22474e+00
Step   11 : Displace = [0m1.562e-02[0m/[0m2.951e-02[0m (rms/max) Trust = 2.041e-02 ([92m+[0m) Grad_T = [92m2.131e-04[0m/[0m6.672e-04[0m (rms/max) E (change) = -0.1778193434 ([0m-7.904e-06[0m) Quality = [0m1.931[0m
Constraint                         Current      Target       Diff.
Dihedral 7-8-10-12               135.76378   135.77224    -0.00846
Hessian Eigenvalues: 9.97449e-05 1.73856e-02 2.23296e-02 ... 8.18363e-01 9.47511e-01 2.10956e+00
Step   12 : Displace = [0m3.036e-02[0m/[0m5.747e-02[0m (rms/max) Trust = 2.887e-02 ([92m+[0m) Grad_T = [0m3.146e-04[0m/[0m9.848e-04[0m (rms/max) E (change) = -0.1778400498 ([0m-2.071e-05[0m) Quality = [0m1.182[0m
Constraint                         Current      Target       Diff.
Dihedral 7-8-10-12               135.76405   135.77224    -0.00819
Eigenvalues below 1.0000e-05 (7.3913e-06) - returning guess
Hessian Eigenvalues: 2.30000e-02 2.30000e-02 2.30000e-02 ... 5.54302e-01 5.73745e-01 9.80689e-01
Step   13 : Displace = [0m1.274e-02[0m/[0m2.199e-02[0m (rms/max) Trust = 4.082e-02 ([92m+[0m) Grad_T = [0m4.937e-04[0m/[0m1.814e-03[0m (rms/max) E (change) = -0.1778299467 ([91m+1.010e-05[0m) Quality = [91m-0.786[0m
Constraint                         Current      Target       Diff.
Dihedral 7-8-10-12               135.76674   135.77224    -0.00550
Hessian Eigenvalues: 7.64613e-03 2.30000e-02 2.30000e-02 ... 5.73578e-01 9.80181e-01 2.03736e+00
Step   14 : Displace = [0m6.806e-03[0m/[0m1.123e-02[0m (rms/max) Trust = 6.372e-03 ([91m-[0m) Grad_T = [92m2.860e-04[0m/[0m7.325e-04[0m (rms/max) E (change) = -0.1778544606 ([0m-2.451e-05[0m) Quality = [0m0.943[0m
Constraint                         Current      Target       Diff.
Dihedral 7-8-10-12               135.76946   135.77224    -0.00278
Hessian Eigenvalues: 7.66908e-03 2.29997e-02 2.30000e-02 ... 5.73511e-01 9.80249e-01 2.13665e+00
Step   15 : Displace = [0m8.813e-03[0m/[0m1.684e-02[0m (rms/max) Trust = 9.011e-03 ([92m+[0m) Grad_T = [92m2.719e-04[0m/[0m6.882e-04[0m (rms/max) E (change) = -0.1778679090 ([0m-1.345e-05[0m) Quality = [0m1.004[0m
Constraint                         Current      Target       Diff.
Dihedral 7-8-10-12               135.77457   135.77224     0.00232
Hessian Eigenvalues: 2.78761e-03 2.28884e-02 2.30000e-02 ... 6.03657e-01 9.80175e-01 2.17366e+00
Step   16 : Displace = [0m1.289e-02[0m/[0m2.411e-02[0m (rms/max) Trust = 1.274e-02 ([92m+[0m) Grad_T = [92m1.949e-04[0m/[0m6.206e-04[0m (rms/max) E (change) = -0.1778847887 ([0m-1.688e-05[0m) Quality = [0m0.956[0m
Constraint                         Current      Target       Diff.
Dihedral 7-8-10-12               135.77627   135.77224     0.00403
Hessian Eigenvalues: 2.33617e-03 2.26398e-02 2.30000e-02 ... 6.71534e-01 9.80579e-01 2.53787e+00
Step   17 : Displace = [0m1.818e-02[0m/[0m3.455e-02[0m (rms/max) Trust = 1.802e-02 ([92m+[0m) Grad_T = [92m2.159e-04[0m/[0m6.826e-04[0m (rms/max) E (change) = -0.1779068200 ([0m-2.203e-05[0m) Quality = [0m1.115[0m
Constraint                         Current      Target       Diff.
Dihedral 7-8-10-12               135.77796   135.77224     0.00572
Hessian Eigenvalues: 3.91920e-04 2.10161e-02 2.29972e-02 ... 6.77154e-01 9.80453e-01 2.09544e+00
Step   18 : Displace = [0m2.546e-02[0m/[0m4.849e-02[0m (rms/max) Trust = 2.549e-02 ([92m+[0m) Grad_T = [92m2.530e-04[0m/[0m7.654e-04[0m (rms/max) E (change) = -0.1779402099 ([0m-3.339e-05[0m) Quality = [0m1.053[0m
Constraint                         Current      Target       Diff.
Dihedral 7-8-10-12               135.77878   135.77224     0.00654
Hessian Eigenvalues: 8.13860e-05 1.53326e-02 2.29999e-02 ... 6.36564e-01 9.80438e-01 2.19221e+00
Step   19 : Displace = [0m3.573e-02[0m/[0m6.842e-02[0m (rms/max) Trust = 3.604e-02 ([92m+[0m) Grad_T = [0m3.325e-04[0m/[0m1.013e-03[0m (rms/max) E (change) = -0.1779913097 ([0m-5.110e-05[0m) Quality = [0m1.019[0m
Constraint                         Current      Target       Diff.
Dihedral 7-8-10-12               135.77797   135.77224     0.00572
Hessian Eigenvalues: 3.60514e-05 1.16667e-02 2.29999e-02 ... 6.57711e-01 9.81066e-01 4.24209e+00
Step   20 : Displace = [0m5.041e-02[0m/[0m9.685e-02[0m (rms/max) Trust = 5.098e-02 ([92m+[0m) Grad_T = [0m4.484e-04[0m/[0m1.446e-03[0m (rms/max) E (change) = -0.1780658458 ([0m-7.454e-05[0m) Quality = [0m1.031[0m
Constraint                         Current      Target       Diff.
Dihedral 7-8-10-12               135.77748   135.77224     0.00524
Hessian Eigenvalues: 1.37004e-04 1.86089e-03 2.29972e-02 ... 7.93493e-01 9.84025e-01 3.45070e+00
Step   21 : Displace = [0m6.509e-02[0m/[0m1.249e-01[0m (rms/max) Trust = 7.209e-02 ([92m+[0m) Grad_T = [0m7.856e-04[0m/[0m2.092e-03[0m (rms/max) E (change) = -0.1781535718 ([0m-8.773e-05[0m) Quality = [0m0.735[0m
Constraint                         Current      Target       Diff.
Dihedral 7-8-10-12               135.76714   135.77224    -0.00510
Hessian Eigenvalues: 1.77973e-04 7.64333e-03 2.29797e-02 ... 8.95965e-01 9.85332e-01 2.98862e+00
Step   22 : Displace = [0m6.997e-02[0m/[0m1.363e-01[0m (rms/max) Trust = 7.209e-02 (=) Grad_T = [0m5.232e-04[0m/[0m1.200e-03[0m (rms/max) E (change) = -0.1781975265 ([0m-4.395e-05[0m) Quality = [0m0.409[0m
Constraint                         Current      Target       Diff.
Dihedral 7-8-10-12               135.77619   135.77224     0.00395
Hessian Eigenvalues: 1.19739e-03 9.43799e-03 2.28729e-02 ... 6.57084e-01 9.80578e-01 2.84445e+00
Step   23 : Displace = [0m8.081e-03[0m/[0m2.034e-02[0m (rms/max) Trust = 7.209e-02 (=) Grad_T = [0m3.197e-04[0m/[0m8.401e-04[0m (rms/max) E (change) = -0.1782284977 ([0m-3.097e-05[0m) Quality = [0m1.179[0m
Constraint                         Current      Target       Diff.
Dihedral 7-8-10-12               135.76893   135.77224    -0.00331
Hessian Eigenvalues: 1.28964e-03 8.73167e-03 1.73140e-02 ... 6.53833e-01 9.80273e-01 2.84387e+00
Step   24 : Displace = [0m2.752e-02[0m/[0m4.607e-02[0m (rms/max) Trust = 1.020e-01 ([92m+[0m) Grad_T = [0m6.115e-04[0m/[0m1.546e-03[0m (rms/max) E (change) = -0.1782146810 ([91m+1.382e-05[0m) Quality = [91m-1.087[0m
Constraint                         Current      Target       Diff.
Dihedral 7-8-10-12               135.76609   135.77224    -0.00615
[93mRejecting step - quality is lower than -1.0[0m
Hessian Eigenvalues: 1.28964e-03 8.73167e-03 1.73140e-02 ... 6.53833e-01 9.80273e-01 2.84387e+00
Step   25 : Displace = [0m1.391e-02[0m/[0m2.327e-02[0m (rms/max) Trust = 1.376e-02 ([1;91mx[0m) Grad_T = [0m4.688e-04[0m/[0m1.181e-03[0m (rms/max) E (change) = -0.1782258046 ([91m+2.693e-06[0m) Quality = [91m-0.226[0m
Constraint                         Current      Target       Diff.
Dihedral 7-8-10-12               135.76635   135.77224    -0.00589
Hessian Eigenvalues: 1.53612e-03 9.26585e-03 1.81108e-02 ... 6.73258e-01 9.79841e-01 2.92284e+00
Step   26 : Displace = [0m7.117e-03[0m/[0m1.349e-02[0m (rms/max) Trust = 6.879e-03 ([91m-[0m) Grad_T = [92m6.138e-05[0m/[92m1.253e-04[0m (rms/max) E (change) = -0.1782350834 ([0m-9.279e-06[0m) Quality = [0m1.037[0m
Constraint                         Current      Target       Diff.
Dihedral 7-8-10-12               135.76975   135.77224    -0.00250
Hessian Eigenvalues: 1.51957e-03 9.32549e-03 1.82832e-02 ... 6.72411e-01 9.79884e-01 2.81796e+00
Step   27 : Displace = [0m9.774e-03[0m/[0m1.951e-02[0m (rms/max) Trust = 9.729e-03 ([92m+[0m) Grad_T = [92m1.176e-04[0m/[92m3.947e-04[0m (rms/max) E (change) = -0.1782353374 ([92m-2.540e-07[0m) Quality = [0m0.196[0m
Constraint                         Current      Target       Diff.
Dihedral 7-8-10-12               135.76985   135.77224    -0.00239
Hessian Eigenvalues: 2.94754e-03 9.31932e-03 1.87479e-02 ... 6.71879e-01 9.79766e-01 2.63313e+00
Step   28 : Displace = [0m2.309e-03[0m/[0m3.995e-03[0m (rms/max) Trust = 4.864e-03 ([91m-[0m) Grad_T = [92m3.734e-05[0m/[92m9.687e-05[0m (rms/max) E (change) = -0.1782360894 ([92m-7.520e-07[0m) Quality = [0m0.983[0m
Hessian Eigenvalues: 2.76150e-03 9.40031e-03 1.61449e-02 ... 6.97205e-01 9.79772e-01 2.64248e+00
Step   29 : Displace = [0m1.732e-03[0m/[0m3.171e-03[0m (rms/max) Trust = 6.879e-03 ([92m+[0m) Grad_T = [92m1.747e-05[0m/[92m4.181e-05[0m (rms/max) E (change) = -0.1782362260 ([92m-1.366e-07[0m) Quality = [0m1.360[0m
Hessian Eigenvalues: 3.20006e-03 7.38218e-03 1.16412e-02 ... 6.72615e-01 9.79637e-01 2.70450e+00
Step   30 : Displace = [92m4.893e-04[0m/[92m1.210e-03[0m (rms/max) Trust = 9.729e-03 ([92m+[0m) Grad_T = [92m6.371e-06[0m/[92m1.387e-05[0m (rms/max) E (change) = -0.1782363046 ([92m-7.856e-08[0m) Quality = [0m1.314[0m
Hessian Eigenvalues: 3.20006e-03 7.38218e-03 1.16412e-02 ... 6.72615e-01 9.79637e-01 2.70450e+00
Converged! =D

    #==========================================================================#
    #| If this code has benefited your research, please support us by citing: |#
    #|                                                                        |#
    #| Wang, L.-P.; Song, C.C. (2016) "Geometry optimization made simple with |#
    #| translation and rotation coordinates", J. Chem, Phys. 144, 214108.     |#
    #| http://dx.doi.org/10.1063/1.4952956                                    |#
    #==========================================================================#
    Time elapsed since start of run_optimizer: 7.487 seconds
