geometric-optimize called with the following command line:
/opt/software/geometric/bin/geometric-optimize --ase-class=ase.calculators.amber.Amber --ase-kwargs={"amber_exe":"sander -O ", "infile":"mdin", "outfile":"dh_6-7-9-11_032.out", "topologyfile":"prmtop", "incoordfile":"dh_6-7-9-11_032.rst7"} --engine ase dh_6-7-9-11_032.xyz constraints.txt

                                        [91m())))))))))))))))/[0m                     
                                    [91m())))))))))))))))))))))))),[0m                
                                [91m*)))))))))))))))))))))))))))))))))[0m             
                        [94m#,[0m    [91m()))))))))/[0m                [91m.)))))))))),[0m          
                      [94m#%%%%,[0m  [91m())))))[0m                        [91m.))))))))*[0m        
                      [94m*%%%%%%,[0m  [91m))[0m              [93m..[0m              [91m,))))))).[0m      
                        [94m*%%%%%%,[0m         [93m***************/.[0m        [91m.)))))))[0m     
                [94m#%%/[0m      [94m(%%%%%%,[0m    [93m/*********************.[0m       [91m)))))))[0m    
              [94m.%%%%%%#[0m      [94m*%%%%%%,[0m  [93m*******/,[0m     [93m**********,[0m      [91m.))))))[0m   
                [94m.%%%%%%/[0m      [94m*%%%%%%,[0m  [93m**[0m              [93m********[0m      [91m.))))))[0m  
          [94m##[0m      [94m.%%%%%%/[0m      [94m(%%%%%%,[0m                  [93m,******[0m      [91m/)))))[0m  
        [94m%%%%%%[0m      [94m.%%%%%%#[0m      [94m*%%%%%%,[0m    [92m,/////.[0m       [93m******[0m      [91m))))))[0m 
      [94m#%[0m      [94m%%[0m      [94m.%%%%%%/[0m      [94m*%%%%%%,[0m  [92m////////,[0m      [93m*****/[0m     [91m,)))))[0m 
    [94m#%%[0m  [94m%%%[0m  [94m%%%#[0m      [94m.%%%%%%/[0m      [94m(%%%%%%,[0m  [92m///////.[0m     [93m/*****[0m      [91m))))).[0m
  [94m#%%%%.[0m      [94m%%%%%#[0m      [94m/%%%%%%*[0m      [94m#%%%%%%[0m   [92m/////)[0m     [93m******[0m      [91m))))),[0m
    [94m#%%%%##%[0m  [94m%%%#[0m      [94m.%%%%%%/[0m      [94m(%%%%%%,[0m  [92m///////.[0m     [93m/*****[0m      [91m))))).[0m
      [94m##[0m     [94m%%%[0m      [94m.%%%%%%/[0m      [94m*%%%%%%,[0m  [92m////////.[0m      [93m*****/[0m     [91m,)))))[0m 
        [94m#%%%%#[0m      [94m/%%%%%%/[0m      [94m(%%%%%%[0m      [92m/)/)//[0m       [93m******[0m      [91m))))))[0m 
          [94m##[0m      [94m.%%%%%%/[0m      [94m(%%%%%%,[0m                  [93m*******[0m      [91m))))))[0m  
                [94m.%%%%%%/[0m      [94m*%%%%%%,[0m  [93m**.[0m             [93m/*******[0m      [91m.))))))[0m  
              [94m*%%%%%%/[0m      [94m(%%%%%%[0m   [93m********/*..,*/*********[0m       [91m*))))))[0m   
                [94m#%%/[0m      [94m(%%%%%%,[0m    [93m*********************/[0m        [91m)))))))[0m    
                        [94m*%%%%%%,[0m         [93m,**************/[0m         [91m,))))))/[0m     
                      [94m(%%%%%%[0m   [91m()[0m                              [91m))))))))[0m       
                      [94m#%%%%,[0m  [91m())))))[0m                        [91m,)))))))),[0m        
                        [94m#,[0m    [91m())))))))))[0m                [91m,)))))))))).[0m          
                                 [91m()))))))))))))))))))))))))))))))/[0m             
                                    [91m())))))))))))))))))))))))).[0m                
                                         [91m())))))))))))))),[0m                     

-=# [1;94m geomeTRIC started. Version: 1.0+41.ga67ca54 [0m #=-
Current date and time: 2024-02-21 09:24:39
ASE-Calculator engine selected. 
   ASE  calculator:ase.calculators.amber.Amber
   ASE calc kwargs:{"amber_exe":"sander -O ", "infile":"mdin", "outfile":"dh_6-7-9-11_032.out", "topologyfile":"prmtop", "incoordfile":"dh_6-7-9-11_032.rst7"}
$freeze
dihedral 7 8 10 12
Bonds will be generated from interatomic distances less than 1.20 times sum of covalent radii
84 internal coordinates being used (instead of 84 Cartesians)
Internal coordinate system (atoms numbered from 1):
Dihedral 7-8-10-12
Distance 1-2
Distance 1-6
Distance 1-25
Distance 2-3
Distance 2-16
Distance 3-4
Distance 3-17
Distance 4-5
Distance 5-6
Distance 5-7
Distance 6-18
Distance 7-8
Distance 7-19
Distance 8-9
Distance 8-10
Distance 10-11
Distance 10-12
Distance 10-14
Distance 11-12
Distance 11-20
Distance 11-21
Distance 12-13
Distance 12-15
Distance 13-22
Distance 13-23
Distance 13-24
Distance 25-26
Distance 25-27
Distance 25-28
Angle 2-1-25
Angle 6-1-25
Angle 1-2-16
Angle 3-2-16
Angle 2-3-17
Angle 4-3-17
Angle 3-4-5
Angle 4-5-7
Angle 6-5-7
Angle 1-6-18
Angle 5-6-18
Angle 5-7-19
Angle 8-7-19
Angle 7-8-10
Angle 9-8-10
Angle 8-10-12
Angle 8-10-14
Angle 11-10-12
Angle 11-10-14
Angle 12-10-14
Angle 10-11-12
Angle 10-11-20
Angle 10-11-21
Angle 12-11-20
Angle 20-11-21
Angle 10-12-11
Angle 10-12-13
Angle 10-12-15
Angle 11-12-15
Angle 13-12-15
Angle 12-13-22
Angle 12-13-23
Angle 12-13-24
Angle 22-13-23
Angle 22-13-24
Angle 23-13-24
Angle 1-25-26
Angle 1-25-27
Angle 1-25-28
Angle 26-25-27
Angle 26-25-28
Angle 27-25-28
Out-of-Plane 1-2-6-25
Out-of-Plane 2-1-3-16
Out-of-Plane 3-2-4-17
Out-of-Plane 5-4-6-7
Out-of-Plane 6-1-5-18
Out-of-Plane 7-5-8-19
Out-of-Plane 8-7-9-10
Out-of-Plane 10-8-11-14
Out-of-Plane 11-12-21-20
Out-of-Plane 12-11-13-15
Dihedral 6-1-2-3
Dihedral 6-1-2-16
Dihedral 25-1-2-3
Dihedral 25-1-2-16
Dihedral 2-1-6-5
Dihedral 2-1-6-18
Dihedral 25-1-6-5
Dihedral 25-1-6-18
Dihedral 2-1-25-26
Dihedral 2-1-25-27
Dihedral 2-1-25-28
Dihedral 6-1-25-26
Dihedral 6-1-25-27
Dihedral 6-1-25-28
Dihedral 1-2-3-4
Dihedral 1-2-3-17
Dihedral 16-2-3-4
Dihedral 16-2-3-17
Dihedral 2-3-4-5
Dihedral 17-3-4-5
Dihedral 3-4-5-6
Dihedral 3-4-5-7
Dihedral 4-5-6-1
Dihedral 4-5-6-18
Dihedral 7-5-6-1
Dihedral 7-5-6-18
Dihedral 4-5-7-8
Dihedral 4-5-7-19
Dihedral 6-5-7-8
Dihedral 6-5-7-19
Dihedral 5-7-8-9
Dihedral 5-7-8-10
Dihedral 19-7-8-9
Dihedral 19-7-8-10
Dihedral 7-8-10-11
Dihedral 7-8-10-14
Dihedral 9-8-10-11
Dihedral 9-8-10-12
Dihedral 9-8-10-14
Dihedral 8-10-11-12
Dihedral 8-10-11-20
Dihedral 8-10-11-21
Dihedral 12-10-11-20
Dihedral 12-10-11-21
Dihedral 14-10-11-12
Dihedral 14-10-11-20
Dihedral 14-10-11-21
Dihedral 8-10-12-11
Dihedral 8-10-12-13
Dihedral 8-10-12-15
Dihedral 11-10-12-13
Dihedral 11-10-12-15
Dihedral 14-10-12-11
Dihedral 14-10-12-13
Dihedral 14-10-12-15
Dihedral 10-11-12-13
Dihedral 10-11-12-15
Dihedral 20-11-12-10
Dihedral 20-11-12-13
Dihedral 20-11-12-15
Dihedral 21-11-12-10
Dihedral 21-11-12-13
Dihedral 21-11-12-15
Dihedral 10-12-13-22
Dihedral 10-12-13-23
Dihedral 10-12-13-24
Dihedral 11-12-13-22
Dihedral 11-12-13-23
Dihedral 11-12-13-24
Dihedral 15-12-13-22
Dihedral 15-12-13-23
Dihedral 15-12-13-24
Translation-X 1-28
Translation-Y 1-28
Translation-Z 1-28
Rotation-A 1-28
Rotation-B 1-28
Rotation-C 1-28
<class 'geometric.internal.Dihedral'> : 73
<class 'geometric.internal.Distance'> : 29
<class 'geometric.internal.Angle'> : 42
<class 'geometric.internal.OutOfPlane'> : 10
<class 'geometric.internal.TranslationX'> : 1
<class 'geometric.internal.TranslationY'> : 1
<class 'geometric.internal.TranslationZ'> : 1
<class 'geometric.internal.RotationA'> : 1
<class 'geometric.internal.RotationB'> : 1
<class 'geometric.internal.RotationC'> : 1
Constraint                         Current      Target       Diff.
Dihedral 7-8-10-12              -100.79715  -100.79715     0.00000
> ===== Optimization Info: ====
> Job type: Energy minimization
> Maximum number of optimization cycles: 300
> Initial / maximum trust radius (Angstrom): 0.100 / 0.300
> Convergence Criteria:
> Will converge when all 5 criteria are reached:
>  |Delta-E| < 1.00e-06
>  RMS-Ortho-Grad < 3.00e-04
>  Max-Ortho-Grad < 4.50e-04
>  RMS-Disp  < 1.20e-03
>  Max-Disp  < 1.80e-03
> 
> Constraints are requested. The following criterion is added:
>  Max Constraint Violation (in Angstroms/degrees) < 1.00e-02 
> === End Optimization Info ===
Step    0 : Gradient = 9.263e-03/1.934e-02 (rms/max) Energy = -0.1788858326
Hessian Eigenvalues: 2.30000e-02 2.30000e-02 2.30000e-02 ... 5.73575e-01 5.82499e-01 9.45739e-01
Step    1 : Displace = [0m1.001e-01[0m/[0m1.676e-01[0m (rms/max) Trust = 1.000e-01 (=) Grad_T = [0m7.391e-03[0m/[0m1.751e-02[0m (rms/max) E (change) = -0.1809655963 ([0m-2.080e-03[0m) Quality = [0m0.274[0m
Hessian Eigenvalues: 2.29985e-02 2.30000e-02 2.30000e-02 ... 5.81387e-01 9.36541e-01 2.55822e+00
Step    2 : Displace = [0m1.031e-01[0m/[0m2.465e-01[0m (rms/max) Trust = 1.000e-01 (=) Grad_T = [0m5.753e-03[0m/[0m1.468e-02[0m (rms/max) E (change) = -0.1822744345 ([0m-1.309e-03[0m) Quality = [0m0.338[0m
Constraint                         Current      Target       Diff.
Dihedral 7-8-10-12              -100.71973  -100.79715     0.07742
Hessian Eigenvalues: 2.26882e-02 2.30000e-02 2.30000e-02 ... 5.80569e-01 9.34737e-01 2.42568e+00
Step    3 : Displace = [0m4.471e-02[0m/[0m1.108e-01[0m (rms/max) Trust = 1.000e-01 (=) Grad_T = [0m2.762e-03[0m/[0m8.205e-03[0m (rms/max) E (change) = -0.1837889434 ([0m-1.515e-03[0m) Quality = [0m0.793[0m
Constraint                         Current      Target       Diff.
Dihedral 7-8-10-12              -100.78772  -100.79715     0.00943
Hessian Eigenvalues: 2.24718e-02 2.28292e-02 2.30000e-02 ... 5.80276e-01 9.34279e-01 2.42033e+00
Step    4 : Displace = [0m4.030e-02[0m/[0m9.558e-02[0m (rms/max) Trust = 1.414e-01 ([92m+[0m) Grad_T = [0m2.077e-03[0m/[0m5.525e-03[0m (rms/max) E (change) = -0.1838901245 ([0m-1.012e-04[0m) Quality = [0m0.184[0m
Constraint                         Current      Target       Diff.
Dihedral 7-8-10-12              -100.81930  -100.79715    -0.02215
Hessian Eigenvalues: 2.24355e-02 2.27852e-02 2.28938e-02 ... 5.99025e-01 9.34256e-01 2.42048e+00
Step    5 : Displace = [0m2.140e-02[0m/[0m4.803e-02[0m (rms/max) Trust = 2.015e-02 ([91m-[0m) Grad_T = [0m8.860e-04[0m/[0m2.112e-03[0m (rms/max) E (change) = -0.1841404125 ([0m-2.503e-04[0m) Quality = [0m0.818[0m
Constraint                         Current      Target       Diff.
Dihedral 7-8-10-12              -100.79280  -100.79715     0.00435
Hessian Eigenvalues: 2.23107e-02 2.26123e-02 2.29145e-02 ... 6.10903e-01 9.34245e-01 2.41703e+00
Step    6 : Displace = [0m1.211e-02[0m/[0m1.844e-02[0m (rms/max) Trust = 2.850e-02 ([92m+[0m) Grad_T = [0m1.271e-03[0m/[0m3.921e-03[0m (rms/max) E (change) = -0.1841139420 ([91m+2.647e-05[0m) Quality = [91m-0.375[0m
Constraint                         Current      Target       Diff.
Dihedral 7-8-10-12              -100.79034  -100.79715     0.00681
Hessian Eigenvalues: 1.98078e-02 2.25987e-02 2.29204e-02 ... 6.39971e-01 9.34087e-01 2.41796e+00
Step    7 : Displace = [0m6.369e-03[0m/[0m1.185e-02[0m (rms/max) Trust = 6.055e-03 ([91m-[0m) Grad_T = [0m3.191e-04[0m/[0m9.850e-04[0m (rms/max) E (change) = -0.1841857335 ([0m-7.179e-05[0m) Quality = [0m0.989[0m
Constraint                         Current      Target       Diff.
Dihedral 7-8-10-12              -100.80078  -100.79715    -0.00363
Hessian Eigenvalues: 1.84946e-02 2.26084e-02 2.29026e-02 ... 6.58774e-01 9.34127e-01 2.41599e+00
Step    8 : Displace = [0m6.613e-03[0m/[0m1.242e-02[0m (rms/max) Trust = 8.563e-03 ([92m+[0m) Grad_T = [0m3.088e-04[0m/[0m7.396e-04[0m (rms/max) E (change) = -0.1841962578 ([0m-1.052e-05[0m) Quality = [0m0.877[0m
Hessian Eigenvalues: 9.25002e-03 2.22430e-02 2.29020e-02 ... 6.55553e-01 9.34115e-01 2.42139e+00
Step    9 : Displace = [0m1.103e-02[0m/[0m2.102e-02[0m (rms/max) Trust = 1.211e-02 ([92m+[0m) Grad_T = [92m2.283e-04[0m/[0m6.103e-04[0m (rms/max) E (change) = -0.1842116986 ([0m-1.544e-05[0m) Quality = [0m1.723[0m
Hessian Eigenvalues: 1.36869e-03 2.21081e-02 2.29336e-02 ... 6.56833e-01 9.34720e-01 2.43671e+00
Step   10 : Displace = [0m1.792e-02[0m/[0m3.335e-02[0m (rms/max) Trust = 1.713e-02 ([92m+[0m) Grad_T = [92m2.187e-04[0m/[0m5.204e-04[0m (rms/max) E (change) = -0.1842323065 ([0m-2.061e-05[0m) Quality = [0m0.954[0m
Constraint                         Current      Target       Diff.
Dihedral 7-8-10-12              -100.80103  -100.79715    -0.00388
Hessian Eigenvalues: 1.00229e-03 2.19784e-02 2.24952e-02 ... 6.68449e-01 9.34528e-01 2.41726e+00
Step   11 : Displace = [0m2.515e-02[0m/[0m4.706e-02[0m (rms/max) Trust = 2.422e-02 ([92m+[0m) Grad_T = [0m3.132e-04[0m/[0m7.416e-04[0m (rms/max) E (change) = -0.1842604348 ([0m-2.813e-05[0m) Quality = [0m1.117[0m
Constraint                         Current      Target       Diff.
Dihedral 7-8-10-12              -100.79908  -100.79715    -0.00193
Hessian Eigenvalues: 2.26971e-04 1.83407e-02 2.23299e-02 ... 9.13844e-01 9.36097e-01 2.60577e+00
Step   12 : Displace = [0m3.531e-02[0m/[0m6.680e-02[0m (rms/max) Trust = 3.425e-02 ([92m+[0m) Grad_T = [0m4.706e-04[0m/[0m1.160e-03[0m (rms/max) E (change) = -0.1843045733 ([0m-4.414e-05[0m) Quality = [0m1.110[0m
Eigenvalues below 1.0000e-05 (-6.9927e+01) - returning guess
Hessian Eigenvalues: 2.30000e-02 2.30000e-02 2.30000e-02 ... 5.54141e-01 5.73824e-01 9.77009e-01
Step   13 : Displace = [0m1.675e-02[0m/[0m3.366e-02[0m (rms/max) Trust = 4.844e-02 ([92m+[0m) Grad_T = [0m9.253e-04[0m/[0m3.753e-03[0m (rms/max) E (change) = -0.1842291773 ([91m+7.540e-05[0m) Quality = [91m-2.513[0m
Constraint                         Current      Target       Diff.
Dihedral 7-8-10-12              -100.80590  -100.79715    -0.00875
[93mRejecting step - quality is lower than -1.0[0m
Hessian Eigenvalues: 2.30000e-02 2.30000e-02 2.30000e-02 ... 5.54141e-01 5.73824e-01 9.77009e-01
Step   14 : Displace = [0m8.209e-03[0m/[0m1.727e-02[0m (rms/max) Trust = 8.375e-03 ([1;91mx[0m) Grad_T = [0m4.701e-04[0m/[0m1.653e-03[0m (rms/max) E (change) = -0.1842901983 ([91m+1.437e-05[0m) Quality = [91m-0.813[0m
Constraint                         Current      Target       Diff.
Dihedral 7-8-10-12              -100.80321  -100.79715    -0.00606
Hessian Eigenvalues: 2.20284e-02 2.30000e-02 2.30000e-02 ... 5.73425e-01 9.76556e-01 1.93450e+00
Step   15 : Displace = [0m4.139e-03[0m/[0m7.579e-03[0m (rms/max) Trust = 4.105e-03 ([91m-[0m) Grad_T = [0m3.332e-04[0m/[0m8.221e-04[0m (rms/max) E (change) = -0.1843078959 ([0m-1.770e-05[0m) Quality = [0m0.954[0m
Constraint                         Current      Target       Diff.
Dihedral 7-8-10-12              -100.79983  -100.79715    -0.00267
Hessian Eigenvalues: 2.20546e-02 2.29996e-02 2.30000e-02 ... 5.73422e-01 9.76617e-01 2.11132e+00
Step   16 : Displace = [0m5.843e-03[0m/[0m1.108e-02[0m (rms/max) Trust = 5.805e-03 ([92m+[0m) Grad_T = [0m3.139e-04[0m/[0m9.395e-04[0m (rms/max) E (change) = -0.1843222629 ([0m-1.437e-05[0m) Quality = [0m1.039[0m
Constraint                         Current      Target       Diff.
Dihedral 7-8-10-12              -100.79458  -100.79715     0.00257
Hessian Eigenvalues: 9.83005e-03 2.29934e-02 2.30000e-02 ... 5.73645e-01 9.76516e-01 2.21758e+00
Step   17 : Displace = [0m8.496e-03[0m/[0m1.494e-02[0m (rms/max) Trust = 8.209e-03 ([92m+[0m) Grad_T = [0m3.567e-04[0m/[0m1.214e-03[0m (rms/max) E (change) = -0.1843326877 ([0m-1.042e-05[0m) Quality = [0m0.641[0m
Constraint                         Current      Target       Diff.
Dihedral 7-8-10-12              -100.79820  -100.79715    -0.00105
Hessian Eigenvalues: 8.40373e-03 2.29955e-02 2.30000e-02 ... 6.98271e-01 9.76711e-01 2.63796e+00
Step   18 : Displace = [0m8.300e-03[0m/[0m1.587e-02[0m (rms/max) Trust = 8.209e-03 (=) Grad_T = [92m2.492e-04[0m/[0m8.025e-04[0m (rms/max) E (change) = -0.1843501421 ([0m-1.745e-05[0m) Quality = [0m1.306[0m
Hessian Eigenvalues: 2.20648e-03 2.29582e-02 2.30000e-02 ... 9.37762e-01 9.77681e-01 1.90185e+00
Step   19 : Displace = [0m1.199e-02[0m/[0m2.240e-02[0m (rms/max) Trust = 1.161e-02 ([92m+[0m) Grad_T = [92m2.509e-04[0m/[0m7.976e-04[0m (rms/max) E (change) = -0.1843717694 ([0m-2.163e-05[0m) Quality = [0m1.010[0m
Constraint                         Current      Target       Diff.
Dihedral 7-8-10-12              -100.79598  -100.79715     0.00117
Hessian Eigenvalues: 1.39804e-03 2.29303e-02 2.30000e-02 ... 9.75911e-01 1.10820e+00 1.95898e+00
Step   20 : Displace = [0m1.663e-02[0m/[0m3.184e-02[0m (rms/max) Trust = 1.642e-02 ([92m+[0m) Grad_T = [0m3.123e-04[0m/[0m1.032e-03[0m (rms/max) E (change) = -0.1843989223 ([0m-2.715e-05[0m) Quality = [0m1.010[0m
Hessian Eigenvalues: 4.50236e-04 2.26558e-02 2.30000e-02 ... 9.75646e-01 1.09077e+00 2.16780e+00
Step   21 : Displace = [0m2.313e-02[0m/[0m4.452e-02[0m (rms/max) Trust = 2.322e-02 ([92m+[0m) Grad_T = [0m3.422e-04[0m/[0m1.154e-03[0m (rms/max) E (change) = -0.1844381075 ([0m-3.919e-05[0m) Quality = [0m1.035[0m
Hessian Eigenvalues: 8.45182e-05 2.23727e-02 2.30000e-02 ... 7.82510e-01 9.76836e-01 2.03253e+00
Step   22 : Displace = [0m3.312e-02[0m/[0m6.364e-02[0m (rms/max) Trust = 3.284e-02 ([92m+[0m) Grad_T = [92m2.992e-04[0m/[0m8.398e-04[0m (rms/max) E (change) = -0.1844953097 ([0m-5.720e-05[0m) Quality = [0m0.995[0m
Constraint                         Current      Target       Diff.
Dihedral 7-8-10-12              -100.79925  -100.79715    -0.00210
Hessian Eigenvalues: 2.31539e-04 1.80480e-02 2.29995e-02 ... 7.12253e-01 9.76563e-01 2.23746e+00
Step   23 : Displace = [0m4.518e-02[0m/[0m8.819e-02[0m (rms/max) Trust = 4.644e-02 ([92m+[0m) Grad_T = [0m3.131e-04[0m/[0m7.417e-04[0m (rms/max) E (change) = -0.1845644503 ([0m-6.914e-05[0m) Quality = [0m0.952[0m
Constraint                         Current      Target       Diff.
Dihedral 7-8-10-12              -100.79945  -100.79715    -0.00230
Hessian Eigenvalues: 1.02612e-03 9.68412e-03 2.29995e-02 ... 6.76704e-01 9.76557e-01 2.26937e+00
Step   24 : Displace = [0m6.471e-02[0m/[0m1.286e-01[0m (rms/max) Trust = 6.567e-02 ([92m+[0m) Grad_T = [0m4.531e-04[0m/[0m1.338e-03[0m (rms/max) E (change) = -0.1846325108 ([0m-6.806e-05[0m) Quality = [0m0.818[0m
Constraint                         Current      Target       Diff.
Dihedral 7-8-10-12              -100.80369  -100.79715    -0.00654
Hessian Eigenvalues: 1.69403e-03 9.58177e-03 2.29996e-02 ... 6.93670e-01 9.76595e-01 2.14513e+00
Step   25 : Displace = [0m6.590e-02[0m/[0m1.349e-01[0m (rms/max) Trust = 9.288e-02 ([92m+[0m) Grad_T = [0m5.941e-04[0m/[0m1.780e-03[0m (rms/max) E (change) = -0.1846211922 ([91m+1.132e-05[0m) Quality = [91m-0.352[0m
Hessian Eigenvalues: 2.30062e-03 1.46744e-02 2.29984e-02 ... 7.41276e-01 9.76557e-01 2.02718e+00
Step   26 : Displace = [0m2.020e-02[0m/[0m3.470e-02[0m (rms/max) Trust = 3.295e-02 ([91m-[0m) Grad_T = [0m8.177e-04[0m/[0m2.464e-03[0m (rms/max) E (change) = -0.1846304193 ([0m-9.227e-06[0m) Quality = [0m0.209[0m
Constraint                         Current      Target       Diff.
Dihedral 7-8-10-12              -100.80075  -100.79715    -0.00360
Hessian Eigenvalues: 1.95453e-03 1.81161e-02 2.26653e-02 ... 8.73581e-01 9.76553e-01 1.99450e+00
Step   27 : Displace = [0m1.027e-02[0m/[0m1.814e-02[0m (rms/max) Trust = 1.010e-02 ([91m-[0m) Grad_T = [0m3.370e-04[0m/[0m1.015e-03[0m (rms/max) E (change) = -0.1846528182 ([0m-2.240e-05[0m) Quality = [0m0.654[0m
Constraint                         Current      Target       Diff.
Dihedral 7-8-10-12              -100.80157  -100.79715    -0.00442
Hessian Eigenvalues: 2.17462e-03 1.79197e-02 2.26773e-02 ... 7.75670e-01 9.76568e-01 1.98369e+00
Step   28 : Displace = [0m5.015e-03[0m/[0m9.264e-03[0m (rms/max) Trust = 1.010e-02 (=) Grad_T = [92m7.808e-05[0m/[92m1.821e-04[0m (rms/max) E (change) = -0.1846570793 ([0m-4.261e-06[0m) Quality = [0m0.773[0m
Constraint                         Current      Target       Diff.
Dihedral 7-8-10-12              -100.79607  -100.79715     0.00108
Hessian Eigenvalues: 2.19678e-03 1.87269e-02 2.24112e-02 ... 7.79406e-01 9.76559e-01 1.98794e+00
Step   29 : Displace = [0m1.684e-03[0m/[0m3.702e-03[0m (rms/max) Trust = 1.428e-02 ([92m+[0m) Grad_T = [92m5.711e-05[0m/[92m1.783e-04[0m (rms/max) E (change) = -0.1846576274 ([92m-5.480e-07[0m) Quality = [0m0.733[0m
Hessian Eigenvalues: 2.17853e-03 1.50108e-02 2.10577e-02 ... 7.93340e-01 9.76630e-01 1.98100e+00
Step   30 : Displace = [92m6.495e-04[0m/[92m1.393e-03[0m (rms/max) Trust = 1.428e-02 (=) Grad_T = [92m2.964e-05[0m/[92m8.770e-05[0m (rms/max) E (change) = -0.1846578929 ([92m-2.655e-07[0m) Quality = [0m1.217[0m
Hessian Eigenvalues: 2.17853e-03 1.50108e-02 2.10577e-02 ... 7.93340e-01 9.76630e-01 1.98100e+00
Converged! =D

    #==========================================================================#
    #| If this code has benefited your research, please support us by citing: |#
    #|                                                                        |#
    #| Wang, L.-P.; Song, C.C. (2016) "Geometry optimization made simple with |#
    #| translation and rotation coordinates", J. Chem, Phys. 144, 214108.     |#
    #| http://dx.doi.org/10.1063/1.4952956                                    |#
    #==========================================================================#
    Time elapsed since start of run_optimizer: 8.051 seconds
