geometric-optimize called with the following command line:
/opt/software/geometric/bin/geometric-optimize --ase-class=ase.calculators.amber.Amber --ase-kwargs={"amber_exe":"sander -O ", "infile":"mdin", "outfile":"dh_6-7-9-11_014.out", "topologyfile":"prmtop", "incoordfile":"dh_6-7-9-11_014.rst7"} --engine ase dh_6-7-9-11_014.xyz constraints.txt

                                        [91m())))))))))))))))/[0m                     
                                    [91m())))))))))))))))))))))))),[0m                
                                [91m*)))))))))))))))))))))))))))))))))[0m             
                        [94m#,[0m    [91m()))))))))/[0m                [91m.)))))))))),[0m          
                      [94m#%%%%,[0m  [91m())))))[0m                        [91m.))))))))*[0m        
                      [94m*%%%%%%,[0m  [91m))[0m              [93m..[0m              [91m,))))))).[0m      
                        [94m*%%%%%%,[0m         [93m***************/.[0m        [91m.)))))))[0m     
                [94m#%%/[0m      [94m(%%%%%%,[0m    [93m/*********************.[0m       [91m)))))))[0m    
              [94m.%%%%%%#[0m      [94m*%%%%%%,[0m  [93m*******/,[0m     [93m**********,[0m      [91m.))))))[0m   
                [94m.%%%%%%/[0m      [94m*%%%%%%,[0m  [93m**[0m              [93m********[0m      [91m.))))))[0m  
          [94m##[0m      [94m.%%%%%%/[0m      [94m(%%%%%%,[0m                  [93m,******[0m      [91m/)))))[0m  
        [94m%%%%%%[0m      [94m.%%%%%%#[0m      [94m*%%%%%%,[0m    [92m,/////.[0m       [93m******[0m      [91m))))))[0m 
      [94m#%[0m      [94m%%[0m      [94m.%%%%%%/[0m      [94m*%%%%%%,[0m  [92m////////,[0m      [93m*****/[0m     [91m,)))))[0m 
    [94m#%%[0m  [94m%%%[0m  [94m%%%#[0m      [94m.%%%%%%/[0m      [94m(%%%%%%,[0m  [92m///////.[0m     [93m/*****[0m      [91m))))).[0m
  [94m#%%%%.[0m      [94m%%%%%#[0m      [94m/%%%%%%*[0m      [94m#%%%%%%[0m   [92m/////)[0m     [93m******[0m      [91m))))),[0m
    [94m#%%%%##%[0m  [94m%%%#[0m      [94m.%%%%%%/[0m      [94m(%%%%%%,[0m  [92m///////.[0m     [93m/*****[0m      [91m))))).[0m
      [94m##[0m     [94m%%%[0m      [94m.%%%%%%/[0m      [94m*%%%%%%,[0m  [92m////////.[0m      [93m*****/[0m     [91m,)))))[0m 
        [94m#%%%%#[0m      [94m/%%%%%%/[0m      [94m(%%%%%%[0m      [92m/)/)//[0m       [93m******[0m      [91m))))))[0m 
          [94m##[0m      [94m.%%%%%%/[0m      [94m(%%%%%%,[0m                  [93m*******[0m      [91m))))))[0m  
                [94m.%%%%%%/[0m      [94m*%%%%%%,[0m  [93m**.[0m             [93m/*******[0m      [91m.))))))[0m  
              [94m*%%%%%%/[0m      [94m(%%%%%%[0m   [93m********/*..,*/*********[0m       [91m*))))))[0m   
                [94m#%%/[0m      [94m(%%%%%%,[0m    [93m*********************/[0m        [91m)))))))[0m    
                        [94m*%%%%%%,[0m         [93m,**************/[0m         [91m,))))))/[0m     
                      [94m(%%%%%%[0m   [91m()[0m                              [91m))))))))[0m       
                      [94m#%%%%,[0m  [91m())))))[0m                        [91m,)))))))),[0m        
                        [94m#,[0m    [91m())))))))))[0m                [91m,)))))))))).[0m          
                                 [91m()))))))))))))))))))))))))))))))/[0m             
                                    [91m())))))))))))))))))))))))).[0m                
                                         [91m())))))))))))))),[0m                     

-=# [1;94m geomeTRIC started. Version: 1.0+41.ga67ca54 [0m #=-
Current date and time: 2024-02-21 09:22:32
ASE-Calculator engine selected. 
   ASE  calculator:ase.calculators.amber.Amber
   ASE calc kwargs:{"amber_exe":"sander -O ", "infile":"mdin", "outfile":"dh_6-7-9-11_014.out", "topologyfile":"prmtop", "incoordfile":"dh_6-7-9-11_014.rst7"}
$freeze
dihedral 7 8 10 12
Bonds will be generated from interatomic distances less than 1.20 times sum of covalent radii
84 internal coordinates being used (instead of 84 Cartesians)
Internal coordinate system (atoms numbered from 1):
Dihedral 7-8-10-12
Distance 1-2
Distance 1-6
Distance 1-25
Distance 2-3
Distance 2-16
Distance 3-4
Distance 3-17
Distance 4-5
Distance 5-6
Distance 5-7
Distance 6-18
Distance 7-8
Distance 7-19
Distance 8-9
Distance 8-10
Distance 10-11
Distance 10-12
Distance 10-14
Distance 11-12
Distance 11-20
Distance 11-21
Distance 12-13
Distance 12-15
Distance 13-22
Distance 13-23
Distance 13-24
Distance 25-26
Distance 25-27
Distance 25-28
Angle 2-1-25
Angle 6-1-25
Angle 1-2-16
Angle 3-2-16
Angle 2-3-17
Angle 4-3-17
Angle 3-4-5
Angle 4-5-7
Angle 6-5-7
Angle 1-6-18
Angle 5-6-18
Angle 5-7-19
Angle 8-7-19
Angle 7-8-10
Angle 9-8-10
Angle 8-10-12
Angle 8-10-14
Angle 11-10-12
Angle 11-10-14
Angle 12-10-14
Angle 10-11-12
Angle 10-11-20
Angle 10-11-21
Angle 12-11-20
Angle 12-11-21
Angle 20-11-21
Angle 10-12-11
Angle 10-12-13
Angle 10-12-15
Angle 11-12-15
Angle 13-12-15
Angle 12-13-22
Angle 12-13-23
Angle 12-13-24
Angle 22-13-23
Angle 22-13-24
Angle 23-13-24
Angle 1-25-26
Angle 1-25-27
Angle 1-25-28
Angle 26-25-27
Angle 26-25-28
Angle 27-25-28
Out-of-Plane 1-2-6-25
Out-of-Plane 2-1-3-16
Out-of-Plane 3-2-4-17
Out-of-Plane 5-4-6-7
Out-of-Plane 6-1-5-18
Out-of-Plane 7-5-8-19
Out-of-Plane 8-7-9-10
Out-of-Plane 10-8-11-14
Out-of-Plane 12-11-13-15
Dihedral 6-1-2-3
Dihedral 6-1-2-16
Dihedral 25-1-2-3
Dihedral 25-1-2-16
Dihedral 2-1-6-5
Dihedral 2-1-6-18
Dihedral 25-1-6-5
Dihedral 25-1-6-18
Dihedral 2-1-25-26
Dihedral 2-1-25-27
Dihedral 2-1-25-28
Dihedral 6-1-25-26
Dihedral 6-1-25-27
Dihedral 6-1-25-28
Dihedral 1-2-3-4
Dihedral 1-2-3-17
Dihedral 16-2-3-4
Dihedral 16-2-3-17
Dihedral 2-3-4-5
Dihedral 17-3-4-5
Dihedral 3-4-5-6
Dihedral 3-4-5-7
Dihedral 4-5-6-1
Dihedral 4-5-6-18
Dihedral 7-5-6-1
Dihedral 7-5-6-18
Dihedral 4-5-7-8
Dihedral 4-5-7-19
Dihedral 6-5-7-8
Dihedral 6-5-7-19
Dihedral 5-7-8-9
Dihedral 5-7-8-10
Dihedral 19-7-8-9
Dihedral 19-7-8-10
Dihedral 7-8-10-11
Dihedral 7-8-10-14
Dihedral 9-8-10-11
Dihedral 9-8-10-12
Dihedral 9-8-10-14
Dihedral 8-10-11-12
Dihedral 8-10-11-20
Dihedral 8-10-11-21
Dihedral 12-10-11-20
Dihedral 12-10-11-21
Dihedral 14-10-11-12
Dihedral 14-10-11-20
Dihedral 14-10-11-21
Dihedral 8-10-12-11
Dihedral 8-10-12-13
Dihedral 8-10-12-15
Dihedral 11-10-12-13
Dihedral 11-10-12-15
Dihedral 14-10-12-11
Dihedral 14-10-12-13
Dihedral 14-10-12-15
Dihedral 10-11-12-13
Dihedral 10-11-12-15
Dihedral 20-11-12-10
Dihedral 20-11-12-13
Dihedral 20-11-12-15
Dihedral 21-11-12-10
Dihedral 21-11-12-13
Dihedral 21-11-12-15
Dihedral 10-12-13-22
Dihedral 10-12-13-23
Dihedral 10-12-13-24
Dihedral 11-12-13-22
Dihedral 11-12-13-23
Dihedral 11-12-13-24
Dihedral 15-12-13-22
Dihedral 15-12-13-23
Dihedral 15-12-13-24
Translation-X 1-28
Translation-Y 1-28
Translation-Z 1-28
Rotation-A 1-28
Rotation-B 1-28
Rotation-C 1-28
<class 'geometric.internal.Dihedral'> : 73
<class 'geometric.internal.Distance'> : 29
<class 'geometric.internal.Angle'> : 43
<class 'geometric.internal.OutOfPlane'> : 9
<class 'geometric.internal.TranslationX'> : 1
<class 'geometric.internal.TranslationY'> : 1
<class 'geometric.internal.TranslationZ'> : 1
<class 'geometric.internal.RotationA'> : 1
<class 'geometric.internal.RotationB'> : 1
<class 'geometric.internal.RotationC'> : 1
Constraint                         Current      Target       Diff.
Dihedral 7-8-10-12                84.34487    84.34487     0.00000
> ===== Optimization Info: ====
> Job type: Energy minimization
> Maximum number of optimization cycles: 300
> Initial / maximum trust radius (Angstrom): 0.100 / 0.300
> Convergence Criteria:
> Will converge when all 5 criteria are reached:
>  |Delta-E| < 1.00e-06
>  RMS-Ortho-Grad < 3.00e-04
>  Max-Ortho-Grad < 4.50e-04
>  RMS-Disp  < 1.20e-03
>  Max-Disp  < 1.80e-03
> 
> Constraints are requested. The following criterion is added:
>  Max Constraint Violation (in Angstroms/degrees) < 1.00e-02 
> === End Optimization Info ===
Step    0 : Gradient = 9.173e-03/1.943e-02 (rms/max) Energy = -0.1740200817
Hessian Eigenvalues: 2.30000e-02 2.30000e-02 2.30000e-02 ... 5.73615e-01 5.82637e-01 9.51021e-01
Step    1 : Displace = [0m1.000e-01[0m/[0m2.008e-01[0m (rms/max) Trust = 1.000e-01 (=) Grad_T = [0m7.289e-03[0m/[0m1.552e-02[0m (rms/max) E (change) = -0.1759266169 ([0m-1.907e-03[0m) Quality = [0m0.232[0m
Hessian Eigenvalues: 2.29959e-02 2.30000e-02 2.30000e-02 ... 5.81466e-01 9.39883e-01 2.50811e+00
Step    2 : Displace = [0m4.846e-02[0m/[0m1.105e-01[0m (rms/max) Trust = 5.000e-02 ([91m-[0m) Grad_T = [0m4.948e-03[0m/[0m1.332e-02[0m (rms/max) E (change) = -0.1780329980 ([0m-2.106e-03[0m) Quality = [0m0.676[0m
Constraint                         Current      Target       Diff.
Dihedral 7-8-10-12                84.35163    84.34487     0.00676
Hessian Eigenvalues: 2.25233e-02 2.30000e-02 2.30000e-02 ... 5.80263e-01 9.36454e-01 2.22190e+00
Step    3 : Displace = [0m2.681e-02[0m/[0m4.317e-02[0m (rms/max) Trust = 5.000e-02 (=) Grad_T = [0m3.120e-03[0m/[0m1.059e-02[0m (rms/max) E (change) = -0.1786003038 ([0m-5.673e-04[0m) Quality = [0m0.469[0m
Constraint                         Current      Target       Diff.
Dihedral 7-8-10-12                84.34358    84.34487    -0.00129
Hessian Eigenvalues: 2.20262e-02 2.28207e-02 2.30000e-02 ... 5.80837e-01 9.36193e-01 2.24612e+00
Step    4 : Displace = [0m2.673e-02[0m/[0m5.443e-02[0m (rms/max) Trust = 5.000e-02 (=) Grad_T = [0m1.458e-03[0m/[0m3.376e-03[0m (rms/max) E (change) = -0.1788849415 ([0m-2.846e-04[0m) Quality = [0m0.595[0m
Hessian Eigenvalues: 2.19394e-02 2.27763e-02 2.29493e-02 ... 6.16915e-01 9.36170e-01 2.21721e+00
Step    5 : Displace = [0m2.115e-02[0m/[0m4.937e-02[0m (rms/max) Trust = 5.000e-02 (=) Grad_T = [0m9.051e-04[0m/[0m2.738e-03[0m (rms/max) E (change) = -0.1789604480 ([0m-7.551e-05[0m) Quality = [0m0.488[0m
Constraint                         Current      Target       Diff.
Dihedral 7-8-10-12                84.35085    84.34487     0.00598
Hessian Eigenvalues: 2.18065e-02 2.19529e-02 2.29123e-02 ... 5.89538e-01 9.36354e-01 2.23534e+00
Step    6 : Displace = [0m9.232e-03[0m/[0m1.554e-02[0m (rms/max) Trust = 5.000e-02 (=) Grad_T = [0m8.104e-04[0m/[0m2.270e-03[0m (rms/max) E (change) = -0.1789854196 ([0m-2.497e-05[0m) Quality = [0m0.365[0m
Constraint                         Current      Target       Diff.
Dihedral 7-8-10-12                84.34889    84.34487     0.00402
Hessian Eigenvalues: 2.10431e-02 2.18550e-02 2.27747e-02 ... 6.07204e-01 9.35992e-01 2.22884e+00
Step    7 : Displace = [0m5.044e-03[0m/[0m1.080e-02[0m (rms/max) Trust = 5.000e-02 (=) Grad_T = [0m4.440e-04[0m/[0m1.276e-03[0m (rms/max) E (change) = -0.1790062096 ([0m-2.079e-05[0m) Quality = [0m0.522[0m
Hessian Eigenvalues: 2.01029e-02 2.18890e-02 2.27056e-02 ... 6.41255e-01 9.36269e-01 2.24866e+00
Step    8 : Displace = [0m5.371e-03[0m/[0m1.225e-02[0m (rms/max) Trust = 5.000e-02 (=) Grad_T = [92m2.474e-04[0m/[0m6.897e-04[0m (rms/max) E (change) = -0.1790171933 ([0m-1.098e-05[0m) Quality = [0m0.714[0m
Constraint                         Current      Target       Diff.
Dihedral 7-8-10-12                84.34651    84.34487     0.00164
Hessian Eigenvalues: 1.85582e-02 2.11434e-02 2.26639e-02 ... 6.14069e-01 9.36138e-01 2.21145e+00
Step    9 : Displace = [0m2.596e-03[0m/[0m5.400e-03[0m (rms/max) Trust = 5.000e-02 (=) Grad_T = [92m1.260e-04[0m/[92m3.233e-04[0m (rms/max) E (change) = -0.1790208737 ([0m-3.680e-06[0m) Quality = [0m0.882[0m
Constraint                         Current      Target       Diff.
Dihedral 7-8-10-12                84.34648    84.34487     0.00161
Hessian Eigenvalues: 1.40664e-02 2.09453e-02 2.22230e-02 ... 6.29503e-01 9.36136e-01 2.21407e+00
Step   10 : Displace = [0m2.545e-03[0m/[0m5.054e-03[0m (rms/max) Trust = 7.071e-02 ([92m+[0m) Grad_T = [92m1.337e-04[0m/[92m4.068e-04[0m (rms/max) E (change) = -0.1790223878 ([0m-1.514e-06[0m) Quality = [0m0.953[0m
Hessian Eigenvalues: 6.32483e-03 2.08165e-02 2.22151e-02 ... 7.27268e-01 9.36517e-01 2.21287e+00
Step   11 : Displace = [0m3.970e-03[0m/[0m8.757e-03[0m (rms/max) Trust = 1.000e-01 ([92m+[0m) Grad_T = [92m9.854e-05[0m/[92m2.107e-04[0m (rms/max) E (change) = -0.1790243765 ([0m-1.989e-06[0m) Quality = [0m1.038[0m
Hessian Eigenvalues: 3.48086e-03 2.06954e-02 2.21948e-02 ... 7.18896e-01 9.36341e-01 2.23019e+00
Step   12 : Displace = [0m4.741e-03[0m/[0m1.204e-02[0m (rms/max) Trust = 1.414e-01 ([92m+[0m) Grad_T = [92m8.765e-05[0m/[92m2.265e-04[0m (rms/max) E (change) = -0.1790265956 ([0m-2.219e-06[0m) Quality = [0m1.545[0m
Hessian Eigenvalues: 1.60717e-03 2.07333e-02 2.16831e-02 ... 7.18694e-01 9.36284e-01 2.28891e+00
Step   13 : Displace = [0m1.057e-02[0m/[0m2.408e-02[0m (rms/max) Trust = 2.000e-01 ([92m+[0m) Grad_T = [92m1.133e-04[0m/[92m3.263e-04[0m (rms/max) E (change) = -0.1790299205 ([0m-3.325e-06[0m) Quality = [0m1.444[0m
Constraint                         Current      Target       Diff.
Dihedral 7-8-10-12                84.34614    84.34487     0.00127
Hessian Eigenvalues: 9.03300e-04 1.86005e-02 2.08235e-02 ... 7.21508e-01 9.37047e-01 2.38721e+00
Step   14 : Displace = [0m1.404e-02[0m/[0m3.150e-02[0m (rms/max) Trust = 2.828e-01 ([92m+[0m) Grad_T = [92m1.293e-04[0m/[92m3.577e-04[0m (rms/max) E (change) = -0.1790335642 ([0m-3.644e-06[0m) Quality = [0m1.528[0m
Constraint                         Current      Target       Diff.
Dihedral 7-8-10-12                84.34634    84.34487     0.00147
Hessian Eigenvalues: 5.37132e-04 1.39911e-02 2.08196e-02 ... 7.18899e-01 9.37066e-01 2.32432e+00
Step   15 : Displace = [0m2.370e-02[0m/[0m5.163e-02[0m (rms/max) Trust = 3.000e-01 ([92m+[0m) Grad_T = [92m1.280e-04[0m/[92m3.329e-04[0m (rms/max) E (change) = -0.1790388814 ([0m-5.317e-06[0m) Quality = [0m1.497[0m
Constraint                         Current      Target       Diff.
Dihedral 7-8-10-12                84.34672    84.34487     0.00185
Hessian Eigenvalues: 3.40429e-04 1.04304e-02 2.08176e-02 ... 7.17142e-01 9.36655e-01 2.24302e+00
Step   16 : Displace = [0m3.850e-02[0m/[0m7.913e-02[0m (rms/max) Trust = 3.000e-01 (=) Grad_T = [92m1.607e-04[0m/[92m3.831e-04[0m (rms/max) E (change) = -0.1790472195 ([0m-8.338e-06[0m) Quality = [0m1.585[0m
Constraint                         Current      Target       Diff.
Dihedral 7-8-10-12                84.34712    84.34487     0.00225
Hessian Eigenvalues: 1.95490e-04 7.47916e-03 2.08078e-02 ... 7.16565e-01 9.36395e-01 2.19496e+00
Step   17 : Displace = [0m9.186e-02[0m/[0m1.818e-01[0m (rms/max) Trust = 3.000e-01 (=) Grad_T = [0m3.923e-04[0m/[0m1.303e-03[0m (rms/max) E (change) = -0.1790556659 ([0m-8.446e-06[0m) Quality = [0m0.628[0m
Constraint                         Current      Target       Diff.
Dihedral 7-8-10-12                84.34828    84.34487     0.00341
Hessian Eigenvalues: 4.89255e-04 5.79904e-03 2.07634e-02 ... 7.16510e-01 9.36339e-01 2.37104e+00
Step   18 : Displace = [0m1.975e-02[0m/[0m4.673e-02[0m (rms/max) Trust = 3.000e-01 (=) Grad_T = [0m3.159e-04[0m/[0m1.223e-03[0m (rms/max) E (change) = -0.1790808977 ([0m-2.523e-05[0m) Quality = [0m1.392[0m
Constraint                         Current      Target       Diff.
Dihedral 7-8-10-12                84.34628    84.34487     0.00142
Hessian Eigenvalues: 7.70480e-04 3.42324e-03 1.86070e-02 ... 7.18527e-01 9.36709e-01 2.53576e+00
Step   19 : Displace = [0m4.900e-02[0m/[0m1.002e-01[0m (rms/max) Trust = 3.000e-01 (=) Grad_T = [0m3.870e-04[0m/[0m1.491e-03[0m (rms/max) E (change) = -0.1791404952 ([0m-5.960e-05[0m) Quality = [0m1.771[0m
Hessian Eigenvalues: 4.18282e-04 1.63346e-03 1.36704e-02 ... 7.19141e-01 9.37173e-01 3.03232e+00
Step   20 : Displace = [0m2.868e-01[0m/[0m5.749e-01[0m (rms/max) Trust = 3.000e-01 (=) Grad_T = [0m9.131e-04[0m/[0m2.175e-03[0m (rms/max) E (change) = -0.1787353738 ([91m+4.051e-04[0m) Quality = [91m-2.442[0m
Constraint                         Current      Target       Diff.
Dihedral 7-8-10-12                84.34628    84.34487     0.00141
[93mRejecting step - quality is lower than -1.0[0m
Hessian Eigenvalues: 4.18282e-04 1.63346e-03 1.36704e-02 ... 7.19141e-01 9.37173e-01 3.03232e+00
Step   21 : Displace = [0m1.395e-01[0m/[0m2.735e-01[0m (rms/max) Trust = 1.434e-01 ([1;91mx[0m) Grad_T = [0m4.342e-04[0m/[0m1.274e-03[0m (rms/max) E (change) = -0.1792203608 ([0m-7.987e-05[0m) Quality = [0m0.602[0m
Hessian Eigenvalues: 9.75315e-04 1.92772e-03 1.14450e-02 ... 7.18762e-01 9.36872e-01 3.05760e+00
Step   22 : Displace = [0m8.197e-02[0m/[0m1.743e-01[0m (rms/max) Trust = 1.434e-01 (=) Grad_T = [0m4.143e-04[0m/[0m8.057e-04[0m (rms/max) E (change) = -0.1792198585 ([92m+5.023e-07[0m) Quality = [91m-0.007[0m
Constraint                         Current      Target       Diff.
Dihedral 7-8-10-12                84.34343    84.34487    -0.00144
Hessian Eigenvalues: 1.40075e-03 2.31441e-03 1.24574e-02 ... 7.18981e-01 9.36734e-01 3.23491e+00
Step   23 : Displace = [0m3.156e-02[0m/[0m7.792e-02[0m (rms/max) Trust = 4.098e-02 ([91m-[0m) Grad_T = [92m1.024e-04[0m/[92m2.449e-04[0m (rms/max) E (change) = -0.1792571629 ([0m-3.730e-05[0m) Quality = [0m1.053[0m
Hessian Eigenvalues: 1.55632e-03 1.95362e-03 1.34525e-02 ... 7.19516e-01 9.36769e-01 3.08740e+00
Step   24 : Displace = [0m1.446e-02[0m/[0m2.776e-02[0m (rms/max) Trust = 5.796e-02 ([92m+[0m) Grad_T = [92m6.098e-05[0m/[92m1.973e-04[0m (rms/max) E (change) = -0.1792592650 ([0m-2.102e-06[0m) Quality = [0m0.957[0m
Hessian Eigenvalues: 1.57353e-03 2.50884e-03 1.26406e-02 ... 7.19574e-01 9.36193e-01 3.02250e+00
Step   25 : Displace = [0m2.435e-03[0m/[0m4.810e-03[0m (rms/max) Trust = 8.197e-02 ([92m+[0m) Grad_T = [92m3.067e-05[0m/[92m9.781e-05[0m (rms/max) E (change) = -0.1792598677 ([92m-6.027e-07[0m) Quality = [0m1.551[0m
Hessian Eigenvalues: 1.57121e-03 2.60513e-03 8.57216e-03 ... 7.20047e-01 9.36446e-01 3.01229e+00
Step   26 : Displace = [0m2.340e-03[0m/[0m5.006e-03[0m (rms/max) Trust = 1.159e-01 ([92m+[0m) Grad_T = [92m1.924e-05[0m/[92m4.600e-05[0m (rms/max) E (change) = -0.1792603219 ([92m-4.542e-07[0m) Quality = [0m1.201[0m
Hessian Eigenvalues: 1.57335e-03 2.69047e-03 6.02523e-03 ... 7.19986e-01 9.37217e-01 3.02939e+00
Step   27 : Displace = [92m7.605e-04[0m/[0m2.388e-03[0m (rms/max) Trust = 1.639e-01 ([92m+[0m) Grad_T = [92m2.232e-05[0m/[92m7.017e-05[0m (rms/max) E (change) = -0.1792604905 ([92m-1.686e-07[0m) Quality = [0m1.727[0m
Hessian Eigenvalues: 1.46720e-03 1.62498e-03 3.23477e-03 ... 7.19979e-01 9.35780e-01 3.02102e+00
Step   28 : Displace = [0m2.816e-03[0m/[0m9.005e-03[0m (rms/max) Trust = 2.318e-01 ([92m+[0m) Grad_T = [92m3.677e-05[0m/[92m1.189e-04[0m (rms/max) E (change) = -0.1792610543 ([92m-5.638e-07[0m) Quality = [0m1.466[0m
Hessian Eigenvalues: 7.18145e-04 1.59801e-03 3.16981e-03 ... 7.20288e-01 9.36502e-01 3.02164e+00
Step   29 : Displace = [0m4.057e-03[0m/[0m1.245e-02[0m (rms/max) Trust = 3.000e-01 ([92m+[0m) Grad_T = [92m5.578e-05[0m/[92m1.275e-04[0m (rms/max) E (change) = -0.1792617863 ([92m-7.319e-07[0m) Quality = [0m1.614[0m
Hessian Eigenvalues: 2.95487e-04 1.61460e-03 3.13992e-03 ... 7.20474e-01 9.38434e-01 3.03747e+00
Step   30 : Displace = [0m9.981e-03[0m/[0m3.042e-02[0m (rms/max) Trust = 3.000e-01 (=) Grad_T = [92m8.932e-05[0m/[92m1.880e-04[0m (rms/max) E (change) = -0.1792634318 ([0m-1.646e-06[0m) Quality = [0m1.530[0m
Constraint                         Current      Target       Diff.
Dihedral 7-8-10-12                84.34383    84.34487    -0.00103
Hessian Eigenvalues: 1.52421e-04 1.62570e-03 3.12430e-03 ... 7.20456e-01 9.39612e-01 3.05489e+00
Step   31 : Displace = [0m1.656e-02[0m/[0m5.158e-02[0m (rms/max) Trust = 3.000e-01 (=) Grad_T = [92m1.202e-04[0m/[92m2.954e-04[0m (rms/max) E (change) = -0.1792659370 ([0m-2.505e-06[0m) Quality = [0m1.501[0m
Hessian Eigenvalues: 1.00903e-04 1.62928e-03 3.11121e-03 ... 7.20178e-01 9.38441e-01 3.05340e+00
Step   32 : Displace = [0m2.127e-02[0m/[0m6.683e-02[0m (rms/max) Trust = 3.000e-01 (=) Grad_T = [92m1.251e-04[0m/[92m3.535e-04[0m (rms/max) E (change) = -0.1792690491 ([0m-3.112e-06[0m) Quality = [0m1.434[0m
Hessian Eigenvalues: 9.25994e-05 1.62452e-03 3.08944e-03 ... 7.19941e-01 9.36153e-01 3.02602e+00
Step   33 : Displace = [0m1.604e-02[0m/[0m5.029e-02[0m (rms/max) Trust = 3.000e-01 (=) Grad_T = [92m9.115e-05[0m/[92m2.690e-04[0m (rms/max) E (change) = -0.1792716629 ([0m-2.614e-06[0m) Quality = [0m1.378[0m
Hessian Eigenvalues: 1.00594e-04 1.61634e-03 3.04864e-03 ... 7.19985e-01 9.35385e-01 2.99498e+00
Step   34 : Displace = [0m5.729e-03[0m/[0m1.700e-02[0m (rms/max) Trust = 3.000e-01 (=) Grad_T = [92m4.898e-05[0m/[92m1.785e-04[0m (rms/max) E (change) = -0.1792728985 ([0m-1.236e-06[0m) Quality = [0m1.273[0m
Hessian Eigenvalues: 1.04583e-04 1.62323e-03 3.02411e-03 ... 7.20136e-01 9.36541e-01 2.99052e+00
Step   35 : Displace = [92m8.488e-04[0m/[92m1.771e-03[0m (rms/max) Trust = 3.000e-01 (=) Grad_T = [92m2.505e-05[0m/[92m7.652e-05[0m (rms/max) E (change) = -0.1792732267 ([92m-3.283e-07[0m) Quality = [0m1.309[0m
Hessian Eigenvalues: 1.04583e-04 1.62323e-03 3.02411e-03 ... 7.20136e-01 9.36541e-01 2.99052e+00
Converged! =D

    #==========================================================================#
    #| If this code has benefited your research, please support us by citing: |#
    #|                                                                        |#
    #| Wang, L.-P.; Song, C.C. (2016) "Geometry optimization made simple with |#
    #| translation and rotation coordinates", J. Chem, Phys. 144, 214108.     |#
    #| http://dx.doi.org/10.1063/1.4952956                                    |#
    #==========================================================================#
    Time elapsed since start of run_optimizer: 6.936 seconds
