geometric-optimize called with the following command line:
/opt/software/geometric/bin/geometric-optimize --ase-class=ase.calculators.amber.Amber --ase-kwargs={"amber_exe":"sander -O ", "infile":"mdin", "outfile":"dh_6-7-9-11_011.out", "topologyfile":"prmtop", "incoordfile":"dh_6-7-9-11_011.rst7"} --engine ase dh_6-7-9-11_011.xyz constraints.txt

                                        [91m())))))))))))))))/[0m                     
                                    [91m())))))))))))))))))))))))),[0m                
                                [91m*)))))))))))))))))))))))))))))))))[0m             
                        [94m#,[0m    [91m()))))))))/[0m                [91m.)))))))))),[0m          
                      [94m#%%%%,[0m  [91m())))))[0m                        [91m.))))))))*[0m        
                      [94m*%%%%%%,[0m  [91m))[0m              [93m..[0m              [91m,))))))).[0m      
                        [94m*%%%%%%,[0m         [93m***************/.[0m        [91m.)))))))[0m     
                [94m#%%/[0m      [94m(%%%%%%,[0m    [93m/*********************.[0m       [91m)))))))[0m    
              [94m.%%%%%%#[0m      [94m*%%%%%%,[0m  [93m*******/,[0m     [93m**********,[0m      [91m.))))))[0m   
                [94m.%%%%%%/[0m      [94m*%%%%%%,[0m  [93m**[0m              [93m********[0m      [91m.))))))[0m  
          [94m##[0m      [94m.%%%%%%/[0m      [94m(%%%%%%,[0m                  [93m,******[0m      [91m/)))))[0m  
        [94m%%%%%%[0m      [94m.%%%%%%#[0m      [94m*%%%%%%,[0m    [92m,/////.[0m       [93m******[0m      [91m))))))[0m 
      [94m#%[0m      [94m%%[0m      [94m.%%%%%%/[0m      [94m*%%%%%%,[0m  [92m////////,[0m      [93m*****/[0m     [91m,)))))[0m 
    [94m#%%[0m  [94m%%%[0m  [94m%%%#[0m      [94m.%%%%%%/[0m      [94m(%%%%%%,[0m  [92m///////.[0m     [93m/*****[0m      [91m))))).[0m
  [94m#%%%%.[0m      [94m%%%%%#[0m      [94m/%%%%%%*[0m      [94m#%%%%%%[0m   [92m/////)[0m     [93m******[0m      [91m))))),[0m
    [94m#%%%%##%[0m  [94m%%%#[0m      [94m.%%%%%%/[0m      [94m(%%%%%%,[0m  [92m///////.[0m     [93m/*****[0m      [91m))))).[0m
      [94m##[0m     [94m%%%[0m      [94m.%%%%%%/[0m      [94m*%%%%%%,[0m  [92m////////.[0m      [93m*****/[0m     [91m,)))))[0m 
        [94m#%%%%#[0m      [94m/%%%%%%/[0m      [94m(%%%%%%[0m      [92m/)/)//[0m       [93m******[0m      [91m))))))[0m 
          [94m##[0m      [94m.%%%%%%/[0m      [94m(%%%%%%,[0m                  [93m*******[0m      [91m))))))[0m  
                [94m.%%%%%%/[0m      [94m*%%%%%%,[0m  [93m**.[0m             [93m/*******[0m      [91m.))))))[0m  
              [94m*%%%%%%/[0m      [94m(%%%%%%[0m   [93m********/*..,*/*********[0m       [91m*))))))[0m   
                [94m#%%/[0m      [94m(%%%%%%,[0m    [93m*********************/[0m        [91m)))))))[0m    
                        [94m*%%%%%%,[0m         [93m,**************/[0m         [91m,))))))/[0m     
                      [94m(%%%%%%[0m   [91m()[0m                              [91m))))))))[0m       
                      [94m#%%%%,[0m  [91m())))))[0m                        [91m,)))))))),[0m        
                        [94m#,[0m    [91m())))))))))[0m                [91m,)))))))))).[0m          
                                 [91m()))))))))))))))))))))))))))))))/[0m             
                                    [91m())))))))))))))))))))))))).[0m                
                                         [91m())))))))))))))),[0m                     

-=# [1;94m geomeTRIC started. Version: 1.0+41.ga67ca54 [0m #=-
Current date and time: 2024-02-21 09:22:05
ASE-Calculator engine selected. 
   ASE  calculator:ase.calculators.amber.Amber
   ASE calc kwargs:{"amber_exe":"sander -O ", "infile":"mdin", "outfile":"dh_6-7-9-11_011.out", "topologyfile":"prmtop", "incoordfile":"dh_6-7-9-11_011.rst7"}
$freeze
dihedral 7 8 10 12
Bonds will be generated from interatomic distances less than 1.20 times sum of covalent radii
84 internal coordinates being used (instead of 84 Cartesians)
Internal coordinate system (atoms numbered from 1):
Dihedral 7-8-10-12
Distance 1-2
Distance 1-6
Distance 1-25
Distance 2-3
Distance 2-16
Distance 3-4
Distance 3-17
Distance 4-5
Distance 5-6
Distance 5-7
Distance 6-18
Distance 7-8
Distance 7-19
Distance 8-9
Distance 8-10
Distance 10-11
Distance 10-12
Distance 10-14
Distance 11-12
Distance 11-20
Distance 11-21
Distance 12-13
Distance 12-15
Distance 13-22
Distance 13-23
Distance 13-24
Distance 25-26
Distance 25-27
Distance 25-28
Angle 2-1-25
Angle 6-1-25
Angle 1-2-16
Angle 3-2-16
Angle 2-3-17
Angle 4-3-17
Angle 3-4-5
Angle 4-5-7
Angle 6-5-7
Angle 1-6-18
Angle 5-6-18
Angle 5-7-19
Angle 8-7-19
Angle 7-8-10
Angle 9-8-10
Angle 8-10-12
Angle 8-10-14
Angle 11-10-12
Angle 11-10-14
Angle 12-10-14
Angle 10-11-12
Angle 10-11-20
Angle 10-11-21
Angle 12-11-20
Angle 12-11-21
Angle 20-11-21
Angle 10-12-11
Angle 10-12-13
Angle 10-12-15
Angle 11-12-13
Angle 11-12-15
Angle 13-12-15
Angle 12-13-22
Angle 12-13-23
Angle 12-13-24
Angle 22-13-23
Angle 22-13-24
Angle 23-13-24
Angle 1-25-26
Angle 1-25-27
Angle 1-25-28
Angle 26-25-27
Angle 26-25-28
Angle 27-25-28
Out-of-Plane 1-2-6-25
Out-of-Plane 2-1-3-16
Out-of-Plane 3-2-4-17
Out-of-Plane 5-4-6-7
Out-of-Plane 6-1-5-18
Out-of-Plane 7-5-8-19
Out-of-Plane 8-7-9-10
Out-of-Plane 10-8-11-14
Dihedral 6-1-2-3
Dihedral 6-1-2-16
Dihedral 25-1-2-3
Dihedral 25-1-2-16
Dihedral 2-1-6-5
Dihedral 2-1-6-18
Dihedral 25-1-6-5
Dihedral 25-1-6-18
Dihedral 2-1-25-26
Dihedral 2-1-25-27
Dihedral 2-1-25-28
Dihedral 6-1-25-26
Dihedral 6-1-25-27
Dihedral 6-1-25-28
Dihedral 1-2-3-4
Dihedral 1-2-3-17
Dihedral 16-2-3-4
Dihedral 16-2-3-17
Dihedral 2-3-4-5
Dihedral 17-3-4-5
Dihedral 3-4-5-6
Dihedral 3-4-5-7
Dihedral 4-5-6-1
Dihedral 4-5-6-18
Dihedral 7-5-6-1
Dihedral 7-5-6-18
Dihedral 4-5-7-8
Dihedral 4-5-7-19
Dihedral 6-5-7-8
Dihedral 6-5-7-19
Dihedral 5-7-8-9
Dihedral 5-7-8-10
Dihedral 19-7-8-9
Dihedral 19-7-8-10
Dihedral 7-8-10-11
Dihedral 7-8-10-14
Dihedral 9-8-10-11
Dihedral 9-8-10-12
Dihedral 9-8-10-14
Dihedral 8-10-11-12
Dihedral 8-10-11-20
Dihedral 8-10-11-21
Dihedral 12-10-11-20
Dihedral 12-10-11-21
Dihedral 14-10-11-12
Dihedral 14-10-11-20
Dihedral 14-10-11-21
Dihedral 8-10-12-11
Dihedral 8-10-12-13
Dihedral 8-10-12-15
Dihedral 11-10-12-13
Dihedral 11-10-12-15
Dihedral 14-10-12-11
Dihedral 14-10-12-13
Dihedral 14-10-12-15
Dihedral 10-11-12-13
Dihedral 10-11-12-15
Dihedral 20-11-12-10
Dihedral 20-11-12-13
Dihedral 20-11-12-15
Dihedral 21-11-12-10
Dihedral 21-11-12-13
Dihedral 21-11-12-15
Dihedral 10-12-13-22
Dihedral 10-12-13-23
Dihedral 10-12-13-24
Dihedral 11-12-13-22
Dihedral 11-12-13-23
Dihedral 11-12-13-24
Dihedral 15-12-13-22
Dihedral 15-12-13-23
Dihedral 15-12-13-24
Translation-X 1-28
Translation-Y 1-28
Translation-Z 1-28
Rotation-A 1-28
Rotation-B 1-28
Rotation-C 1-28
<class 'geometric.internal.Dihedral'> : 73
<class 'geometric.internal.Distance'> : 29
<class 'geometric.internal.Angle'> : 44
<class 'geometric.internal.OutOfPlane'> : 8
<class 'geometric.internal.TranslationX'> : 1
<class 'geometric.internal.TranslationY'> : 1
<class 'geometric.internal.TranslationZ'> : 1
<class 'geometric.internal.RotationA'> : 1
<class 'geometric.internal.RotationB'> : 1
<class 'geometric.internal.RotationC'> : 1
Constraint                         Current      Target       Diff.
Dihedral 7-8-10-12               115.20300   115.20300     0.00000
> ===== Optimization Info: ====
> Job type: Energy minimization
> Maximum number of optimization cycles: 300
> Initial / maximum trust radius (Angstrom): 0.100 / 0.300
> Convergence Criteria:
> Will converge when all 5 criteria are reached:
>  |Delta-E| < 1.00e-06
>  RMS-Ortho-Grad < 3.00e-04
>  Max-Ortho-Grad < 4.50e-04
>  RMS-Disp  < 1.20e-03
>  Max-Disp  < 1.80e-03
> 
> Constraints are requested. The following criterion is added:
>  Max Constraint Violation (in Angstroms/degrees) < 1.00e-02 
> === End Optimization Info ===
Step    0 : Gradient = 8.520e-03/1.883e-02 (rms/max) Energy = -0.1743822603
Hessian Eigenvalues: 2.30000e-02 2.30000e-02 2.30000e-02 ... 5.74072e-01 5.82588e-01 9.54174e-01
Step    1 : Displace = [0m1.082e-01[0m/[0m1.924e-01[0m (rms/max) Trust = 1.000e-01 (=) Grad_T = [0m6.497e-03[0m/[0m1.450e-02[0m (rms/max) E (change) = -0.1757140900 ([0m-1.332e-03[0m) Quality = [0m0.177[0m
Hessian Eigenvalues: 2.29978e-02 2.30000e-02 2.30000e-02 ... 5.81718e-01 9.45218e-01 2.32070e+00
Step    2 : Displace = [0m5.169e-02[0m/[0m1.077e-01[0m (rms/max) Trust = 5.000e-02 ([91m-[0m) Grad_T = [0m4.238e-03[0m/[0m1.201e-02[0m (rms/max) E (change) = -0.1777150372 ([0m-2.001e-03[0m) Quality = [0m0.827[0m
Constraint                         Current      Target       Diff.
Dihedral 7-8-10-12               115.20127   115.20300    -0.00173
Hessian Eigenvalues: 2.28917e-02 2.30000e-02 2.30000e-02 ... 5.80743e-01 9.41803e-01 1.84820e+00
Step    3 : Displace = [0m4.436e-02[0m/[0m7.058e-02[0m (rms/max) Trust = 7.071e-02 ([92m+[0m) Grad_T = [0m3.751e-03[0m/[0m1.248e-02[0m (rms/max) E (change) = -0.1778647024 ([0m-1.497e-04[0m) Quality = [0m0.143[0m
Constraint                         Current      Target       Diff.
Dihedral 7-8-10-12               115.19394   115.20300    -0.00906
Hessian Eigenvalues: 2.21292e-02 2.29998e-02 2.30000e-02 ... 5.97978e-01 9.42082e-01 1.96895e+00
Step    4 : Displace = [0m1.600e-02[0m/[0m2.888e-02[0m (rms/max) Trust = 2.218e-02 ([91m-[0m) Grad_T = [0m1.110e-03[0m/[0m3.699e-03[0m (rms/max) E (change) = -0.1783328145 ([0m-4.681e-04[0m) Quality = [0m0.838[0m
Hessian Eigenvalues: 2.21261e-02 2.29842e-02 2.30000e-02 ... 6.25534e-01 9.42049e-01 1.90219e+00
Step    5 : Displace = [0m9.908e-03[0m/[0m1.504e-02[0m (rms/max) Trust = 3.137e-02 ([92m+[0m) Grad_T = [0m1.289e-03[0m/[0m4.333e-03[0m (rms/max) E (change) = -0.1783227641 ([91m+1.005e-05[0m) Quality = [91m-0.109[0m
Constraint                         Current      Target       Diff.
Dihedral 7-8-10-12               115.20485   115.20300     0.00185
Hessian Eigenvalues: 2.20437e-02 2.29485e-02 2.30000e-02 ... 6.26883e-01 9.42129e-01 1.95817e+00
Step    6 : Displace = [0m4.656e-03[0m/[0m8.466e-03[0m (rms/max) Trust = 4.954e-03 ([91m-[0m) Grad_T = [0m5.363e-04[0m/[0m1.433e-03[0m (rms/max) E (change) = -0.1783778508 ([0m-5.509e-05[0m) Quality = [0m0.916[0m
Constraint                         Current      Target       Diff.
Dihedral 7-8-10-12               115.20427   115.20300     0.00127
Hessian Eigenvalues: 2.20335e-02 2.29484e-02 2.30000e-02 ... 6.54159e-01 9.41780e-01 1.87498e+00
Step    7 : Displace = [0m5.728e-03[0m/[0m1.147e-02[0m (rms/max) Trust = 7.006e-03 ([92m+[0m) Grad_T = [0m3.344e-04[0m/[0m9.573e-04[0m (rms/max) E (change) = -0.1783870020 ([0m-9.151e-06[0m) Quality = [0m0.528[0m
Constraint                         Current      Target       Diff.
Dihedral 7-8-10-12               115.20192   115.20300    -0.00108
Hessian Eigenvalues: 1.98963e-02 2.28918e-02 2.29795e-02 ... 6.28314e-01 9.42027e-01 1.95851e+00
Step    8 : Displace = [0m2.125e-03[0m/[0m4.047e-03[0m (rms/max) Trust = 7.006e-03 (=) Grad_T = [92m1.137e-04[0m/[92m2.836e-04[0m (rms/max) E (change) = -0.1783935788 ([0m-6.577e-06[0m) Quality = [0m1.054[0m
Hessian Eigenvalues: 1.75136e-02 2.24758e-02 2.29973e-02 ... 6.53023e-01 9.41927e-01 1.95960e+00
Step    9 : Displace = [0m1.715e-03[0m/[0m3.434e-03[0m (rms/max) Trust = 9.908e-03 ([92m+[0m) Grad_T = [92m7.385e-05[0m/[92m1.890e-04[0m (rms/max) E (change) = -0.1783950169 ([0m-1.438e-06[0m) Quality = [0m1.486[0m
Hessian Eigenvalues: 6.19848e-03 2.16476e-02 2.29980e-02 ... 6.60909e-01 9.41904e-01 1.96192e+00
Step   10 : Displace = [0m4.699e-03[0m/[0m9.491e-03[0m (rms/max) Trust = 1.401e-02 ([92m+[0m) Grad_T = [92m1.139e-04[0m/[92m3.833e-04[0m (rms/max) E (change) = -0.1783964060 ([0m-1.389e-06[0m) Quality = [0m0.919[0m
Constraint                         Current      Target       Diff.
Dihedral 7-8-10-12               115.20136   115.20300    -0.00164
Hessian Eigenvalues: 3.37222e-03 2.13088e-02 2.29992e-02 ... 6.95145e-01 9.42044e-01 1.96749e+00
Step   11 : Displace = [0m4.817e-03[0m/[0m9.250e-03[0m (rms/max) Trust = 1.982e-02 ([92m+[0m) Grad_T = [92m1.045e-04[0m/[92m2.045e-04[0m (rms/max) E (change) = -0.1783974572 ([0m-1.051e-06[0m) Quality = [0m0.968[0m
Constraint                         Current      Target       Diff.
Dihedral 7-8-10-12               115.20125   115.20300    -0.00175
Hessian Eigenvalues: 2.39491e-03 1.90201e-02 2.29661e-02 ... 8.20444e-01 9.41927e-01 1.96597e+00
Step   12 : Displace = [0m6.739e-03[0m/[0m1.232e-02[0m (rms/max) Trust = 2.802e-02 ([92m+[0m) Grad_T = [92m1.074e-04[0m/[92m2.882e-04[0m (rms/max) E (change) = -0.1783994842 ([0m-2.027e-06[0m) Quality = [0m1.981[0m
Constraint                         Current      Target       Diff.
Dihedral 7-8-10-12               115.20147   115.20300    -0.00153
Hessian Eigenvalues: 2.80742e-05 8.95040e-03 2.29243e-02 ... 9.38597e-01 1.04444e+00 3.48588e+00
Step   13 : Displace = [0m4.303e-02[0m/[0m7.739e-02[0m (rms/max) Trust = 3.963e-02 ([92m+[0m) Grad_T = [0m3.529e-04[0m/[0m8.277e-04[0m (rms/max) E (change) = -0.1784148408 ([0m-1.536e-05[0m) Quality = [0m1.137[0m
Constraint                         Current      Target       Diff.
Dihedral 7-8-10-12               115.20056   115.20300    -0.00244
Eigenvalues below 1.0000e-05 (-1.2344e+00) - returning guess
Hessian Eigenvalues: 2.30000e-02 2.30000e-02 2.30000e-02 ... 5.54159e-01 5.73750e-01 9.82530e-01
Step   14 : Displace = [0m7.848e-03[0m/[0m1.178e-02[0m (rms/max) Trust = 5.605e-02 ([92m+[0m) Grad_T = [0m4.492e-04[0m/[0m1.224e-03[0m (rms/max) E (change) = -0.1784112804 ([91m+3.560e-06[0m) Quality = [91m-0.313[0m
Constraint                         Current      Target       Diff.
Dihedral 7-8-10-12               115.20179   115.20300    -0.00121
Hessian Eigenvalues: 1.38080e-02 2.30000e-02 2.30000e-02 ... 5.73031e-01 9.81362e-01 1.08924e+00
Step   15 : Displace = [0m3.923e-03[0m/[0m6.793e-03[0m (rms/max) Trust = 3.924e-03 ([91m-[0m) Grad_T = [0m3.460e-04[0m/[0m1.011e-03[0m (rms/max) E (change) = -0.1784206283 ([0m-9.348e-06[0m) Quality = [0m0.801[0m
Hessian Eigenvalues: 1.39411e-02 2.29990e-02 2.30000e-02 ... 5.73275e-01 9.82106e-01 1.93965e+00
Step   16 : Displace = [0m5.169e-03[0m/[0m8.766e-03[0m (rms/max) Trust = 5.549e-03 ([92m+[0m) Grad_T = [0m7.908e-04[0m/[0m2.521e-03[0m (rms/max) E (change) = -0.1784052641 ([91m+1.536e-05[0m) Quality = [91m-1.088[0m
[93mRejecting step - quality is lower than -1.0[0m
Hessian Eigenvalues: 1.39411e-02 2.29990e-02 2.30000e-02 ... 5.73275e-01 9.82106e-01 1.93965e+00
Step   17 : Displace = [0m2.534e-03[0m/[0m4.245e-03[0m (rms/max) Trust = 2.585e-03 ([1;91mx[0m) Grad_T = [0m4.425e-04[0m/[0m1.408e-03[0m (rms/max) E (change) = -0.1784189265 ([91m+1.702e-06[0m) Quality = [91m-0.147[0m
Hessian Eigenvalues: 1.34588e-02 2.29657e-02 2.30000e-02 ... 5.95874e-01 9.82107e-01 1.87356e+00
Step   18 : Displace = [0m1.318e-03[0m/[0m2.428e-03[0m (rms/max) Trust = 1.267e-03 ([91m-[0m) Grad_T = [92m1.531e-04[0m/[92m3.499e-04[0m (rms/max) E (change) = -0.1784259406 ([0m-7.014e-06[0m) Quality = [0m0.973[0m
Hessian Eigenvalues: 1.30264e-02 2.29210e-02 2.30000e-02 ... 6.18080e-01 9.82105e-01 1.92796e+00
Step   19 : Displace = [0m1.785e-03[0m/[0m3.391e-03[0m (rms/max) Trust = 1.792e-03 ([92m+[0m) Grad_T = [92m1.357e-04[0m/[92m3.736e-04[0m (rms/max) E (change) = -0.1784278137 ([0m-1.873e-06[0m) Quality = [0m0.871[0m
Hessian Eigenvalues: 8.96455e-03 2.26506e-02 2.29996e-02 ... 6.26530e-01 9.82131e-01 1.91695e+00
Step   20 : Displace = [0m2.616e-03[0m/[0m5.103e-03[0m (rms/max) Trust = 2.534e-03 ([92m+[0m) Grad_T = [92m1.282e-04[0m/[92m3.656e-04[0m (rms/max) E (change) = -0.1784302744 ([0m-2.461e-06[0m) Quality = [0m1.055[0m
Hessian Eigenvalues: 2.89672e-03 2.25288e-02 2.30000e-02 ... 9.78371e-01 9.82465e-01 1.90541e+00
Step   21 : Displace = [0m3.657e-03[0m/[0m6.982e-03[0m (rms/max) Trust = 3.584e-03 ([92m+[0m) Grad_T = [92m1.313e-04[0m/[92m3.828e-04[0m (rms/max) E (change) = -0.1784336002 ([0m-3.326e-06[0m) Quality = [0m1.037[0m
Hessian Eigenvalues: 6.84195e-04 2.24981e-02 2.29999e-02 ... 9.82136e-01 1.09818e+00 1.90196e+00
Step   22 : Displace = [0m5.096e-03[0m/[0m9.716e-03[0m (rms/max) Trust = 5.069e-03 ([92m+[0m) Grad_T = [92m1.366e-04[0m/[92m4.016e-04[0m (rms/max) E (change) = -0.1784383629 ([0m-4.763e-06[0m) Quality = [0m1.033[0m
Eigenvalues below 1.0000e-05 (-6.6660e+01) - returning guess
Hessian Eigenvalues: 2.30000e-02 2.30000e-02 2.30000e-02 ... 5.54165e-01 5.73768e-01 9.82441e-01
Step   23 : Displace = [0m7.132e-03[0m/[0m1.335e-02[0m (rms/max) Trust = 7.168e-03 ([92m+[0m) Grad_T = [92m1.635e-04[0m/[0m4.823e-04[0m (rms/max) E (change) = -0.1784448243 ([0m-6.461e-06[0m) Quality = [0m1.775[0m
Hessian Eigenvalues: 1.10702e-03 2.30000e-02 2.30000e-02 ... 5.73465e-01 9.67362e-01 9.82560e-01
Step   24 : Displace = [0m1.008e-02[0m/[0m1.913e-02[0m (rms/max) Trust = 1.014e-02 ([92m+[0m) Grad_T = [92m1.907e-04[0m/[0m6.174e-04[0m (rms/max) E (change) = -0.1784548012 ([0m-9.977e-06[0m) Quality = [0m1.074[0m
Eigenvalues below 1.0000e-05 (-4.2717e+00) - returning guess
Hessian Eigenvalues: 2.30000e-02 2.30000e-02 2.30000e-02 ... 5.54106e-01 5.73763e-01 9.82423e-01
Step   25 : Displace = [0m8.180e-03[0m/[0m1.563e-02[0m (rms/max) Trust = 1.434e-02 ([92m+[0m) Grad_T = [92m2.322e-04[0m/[0m7.318e-04[0m (rms/max) E (change) = -0.1784630447 ([0m-8.244e-06[0m) Quality = [0m1.440[0m
Hessian Eigenvalues: 3.45678e-03 2.30000e-02 2.30000e-02 ... 5.72610e-01 8.48082e-01 9.82408e-01
Step   26 : Displace = [0m2.038e-02[0m/[0m3.814e-02[0m (rms/max) Trust = 2.027e-02 ([92m+[0m) Grad_T = [0m4.323e-04[0m/[0m1.230e-03[0m (rms/max) E (change) = -0.1784782991 ([0m-1.525e-05[0m) Quality = [0m0.856[0m
Constraint                         Current      Target       Diff.
Dihedral 7-8-10-12               115.20413   115.20300     0.00113
Hessian Eigenvalues: 7.11506e-04 2.29975e-02 2.30000e-02 ... 6.67643e-01 9.82134e-01 1.84872e+00
Step   27 : Displace = [0m2.861e-02[0m/[0m5.349e-02[0m (rms/max) Trust = 2.867e-02 ([92m+[0m) Grad_T = [0m6.343e-04[0m/[0m2.160e-03[0m (rms/max) E (change) = -0.1785134301 ([0m-3.513e-05[0m) Quality = [0m1.002[0m
Hessian Eigenvalues: 3.72667e-04 2.29976e-02 2.30000e-02 ... 7.32658e-01 9.82138e-01 2.08604e+00
Step   28 : Displace = [0m3.960e-02[0m/[0m7.518e-02[0m (rms/max) Trust = 4.055e-02 ([92m+[0m) Grad_T = [0m3.256e-04[0m/[0m8.153e-04[0m (rms/max) E (change) = -0.1785816541 ([0m-6.822e-05[0m) Quality = [0m1.083[0m
Hessian Eigenvalues: 1.20963e-04 2.29635e-02 2.30000e-02 ... 6.96754e-01 9.82193e-01 2.45214e+00
Step   29 : Displace = [0m5.731e-02[0m/[0m1.097e-01[0m (rms/max) Trust = 5.734e-02 ([92m+[0m) Grad_T = [0m3.855e-04[0m/[0m1.088e-03[0m (rms/max) E (change) = -0.1786732892 ([0m-9.164e-05[0m) Quality = [0m1.011[0m
Hessian Eigenvalues: 1.90273e-04 2.25437e-02 2.29982e-02 ... 6.68658e-01 9.81992e-01 2.09185e+00
Step   30 : Displace = [0m7.843e-02[0m/[0m1.518e-01[0m (rms/max) Trust = 8.110e-02 ([92m+[0m) Grad_T = [0m4.458e-04[0m/[0m9.658e-04[0m (rms/max) E (change) = -0.1787617540 ([0m-8.846e-05[0m) Quality = [0m0.765[0m
Hessian Eigenvalues: 1.52992e-03 1.96158e-02 2.29005e-02 ... 6.59193e-01 9.82000e-01 2.39738e+00
Step   31 : Displace = [0m8.222e-02[0m/[0m1.672e-01[0m (rms/max) Trust = 1.147e-01 ([92m+[0m) Grad_T = [0m7.537e-04[0m/[0m1.971e-03[0m (rms/max) E (change) = -0.1787715868 ([0m-9.833e-06[0m) Quality = [0m0.200[0m
Hessian Eigenvalues: 2.63355e-03 1.78322e-02 2.28855e-02 ... 6.52458e-01 9.81979e-01 2.12770e+00
Step   32 : Displace = [0m3.459e-02[0m/[0m6.429e-02[0m (rms/max) Trust = 4.111e-02 ([91m-[0m) Grad_T = [92m2.049e-04[0m/[0m4.893e-04[0m (rms/max) E (change) = -0.1788101700 ([0m-3.858e-05[0m) Quality = [0m0.969[0m
Hessian Eigenvalues: 2.85376e-03 1.97093e-02 2.26527e-02 ... 6.45214e-01 9.81937e-01 1.70088e+00
Step   33 : Displace = [0m8.841e-03[0m/[0m1.499e-02[0m (rms/max) Trust = 5.814e-02 ([92m+[0m) Grad_T = [0m3.536e-04[0m/[0m1.051e-03[0m (rms/max) E (change) = -0.1788077213 ([91m+2.449e-06[0m) Quality = [91m-0.287[0m
Constraint                         Current      Target       Diff.
Dihedral 7-8-10-12               115.20195   115.20300    -0.00105
Hessian Eigenvalues: 2.77426e-03 2.08599e-02 2.28242e-02 ... 6.99242e-01 9.82258e-01 1.67331e+00
Step   34 : Displace = [0m3.623e-03[0m/[0m6.512e-03[0m (rms/max) Trust = 4.421e-03 ([91m-[0m) Grad_T = [92m3.128e-05[0m/[92m6.992e-05[0m (rms/max) E (change) = -0.1788157097 ([0m-7.988e-06[0m) Quality = [0m1.026[0m
Hessian Eigenvalues: 2.72309e-03 2.08997e-02 2.27436e-02 ... 6.97131e-01 9.81980e-01 1.71739e+00
Step   35 : Displace = [0m2.775e-03[0m/[0m5.190e-03[0m (rms/max) Trust = 6.252e-03 ([92m+[0m) Grad_T = [92m3.353e-05[0m/[92m8.702e-05[0m (rms/max) E (change) = -0.1788158681 ([92m-1.584e-07[0m) Quality = [0m0.940[0m
Hessian Eigenvalues: 2.71260e-03 1.58062e-02 2.09175e-02 ... 7.02830e-01 9.80680e-01 1.66553e+00
Step   36 : Displace = [92m1.106e-03[0m/[0m1.802e-03[0m (rms/max) Trust = 8.841e-03 ([92m+[0m) Grad_T = [92m2.863e-05[0m/[92m7.936e-05[0m (rms/max) E (change) = -0.1788159804 ([92m-1.123e-07[0m) Quality = [0m1.011[0m
Hessian Eigenvalues: 3.23176e-03 8.31184e-03 2.09330e-02 ... 6.99937e-01 9.81180e-01 1.61554e+00
Step   37 : Displace = [92m1.086e-03[0m/[0m2.106e-03[0m (rms/max) Trust = 1.250e-02 ([92m+[0m) Grad_T = [92m1.792e-05[0m/[92m5.662e-05[0m (rms/max) E (change) = -0.1788160513 ([92m-7.092e-08[0m) Quality = [0m0.814[0m
Hessian Eigenvalues: 3.20977e-03 6.22345e-03 2.10027e-02 ... 7.08320e-01 9.81332e-01 1.73963e+00
Step   38 : Displace = [92m3.821e-04[0m/[92m8.212e-04[0m (rms/max) Trust = 1.768e-02 ([92m+[0m) Grad_T = [92m6.273e-06[0m/[92m1.798e-05[0m (rms/max) E (change) = -0.1788160907 ([92m-3.936e-08[0m) Quality = [0m1.380[0m
Hessian Eigenvalues: 3.20977e-03 6.22345e-03 2.10027e-02 ... 7.08320e-01 9.81332e-01 1.73963e+00
Converged! =D

    #==========================================================================#
    #| If this code has benefited your research, please support us by citing: |#
    #|                                                                        |#
    #| Wang, L.-P.; Song, C.C. (2016) "Geometry optimization made simple with |#
    #| translation and rotation coordinates", J. Chem, Phys. 144, 214108.     |#
    #| http://dx.doi.org/10.1063/1.4952956                                    |#
    #==========================================================================#
    Time elapsed since start of run_optimizer: 9.540 seconds
