geometric-optimize called with the following command line:
/opt/software/geometric/bin/geometric-optimize --ase-class=ase.calculators.amber.Amber --ase-kwargs={"amber_exe":"sander -O ", "infile":"mdin", "outfile":"dh_6-7-9-11_030.out", "topologyfile":"prmtop", "incoordfile":"dh_6-7-9-11_030.rst7"} --engine ase dh_6-7-9-11_030.xyz constraints.txt

                                        [91m())))))))))))))))/[0m                     
                                    [91m())))))))))))))))))))))))),[0m                
                                [91m*)))))))))))))))))))))))))))))))))[0m             
                        [94m#,[0m    [91m()))))))))/[0m                [91m.)))))))))),[0m          
                      [94m#%%%%,[0m  [91m())))))[0m                        [91m.))))))))*[0m        
                      [94m*%%%%%%,[0m  [91m))[0m              [93m..[0m              [91m,))))))).[0m      
                        [94m*%%%%%%,[0m         [93m***************/.[0m        [91m.)))))))[0m     
                [94m#%%/[0m      [94m(%%%%%%,[0m    [93m/*********************.[0m       [91m)))))))[0m    
              [94m.%%%%%%#[0m      [94m*%%%%%%,[0m  [93m*******/,[0m     [93m**********,[0m      [91m.))))))[0m   
                [94m.%%%%%%/[0m      [94m*%%%%%%,[0m  [93m**[0m              [93m********[0m      [91m.))))))[0m  
          [94m##[0m      [94m.%%%%%%/[0m      [94m(%%%%%%,[0m                  [93m,******[0m      [91m/)))))[0m  
        [94m%%%%%%[0m      [94m.%%%%%%#[0m      [94m*%%%%%%,[0m    [92m,/////.[0m       [93m******[0m      [91m))))))[0m 
      [94m#%[0m      [94m%%[0m      [94m.%%%%%%/[0m      [94m*%%%%%%,[0m  [92m////////,[0m      [93m*****/[0m     [91m,)))))[0m 
    [94m#%%[0m  [94m%%%[0m  [94m%%%#[0m      [94m.%%%%%%/[0m      [94m(%%%%%%,[0m  [92m///////.[0m     [93m/*****[0m      [91m))))).[0m
  [94m#%%%%.[0m      [94m%%%%%#[0m      [94m/%%%%%%*[0m      [94m#%%%%%%[0m   [92m/////)[0m     [93m******[0m      [91m))))),[0m
    [94m#%%%%##%[0m  [94m%%%#[0m      [94m.%%%%%%/[0m      [94m(%%%%%%,[0m  [92m///////.[0m     [93m/*****[0m      [91m))))).[0m
      [94m##[0m     [94m%%%[0m      [94m.%%%%%%/[0m      [94m*%%%%%%,[0m  [92m////////.[0m      [93m*****/[0m     [91m,)))))[0m 
        [94m#%%%%#[0m      [94m/%%%%%%/[0m      [94m(%%%%%%[0m      [92m/)/)//[0m       [93m******[0m      [91m))))))[0m 
          [94m##[0m      [94m.%%%%%%/[0m      [94m(%%%%%%,[0m                  [93m*******[0m      [91m))))))[0m  
                [94m.%%%%%%/[0m      [94m*%%%%%%,[0m  [93m**.[0m             [93m/*******[0m      [91m.))))))[0m  
              [94m*%%%%%%/[0m      [94m(%%%%%%[0m   [93m********/*..,*/*********[0m       [91m*))))))[0m   
                [94m#%%/[0m      [94m(%%%%%%,[0m    [93m*********************/[0m        [91m)))))))[0m    
                        [94m*%%%%%%,[0m         [93m,**************/[0m         [91m,))))))/[0m     
                      [94m(%%%%%%[0m   [91m()[0m                              [91m))))))))[0m       
                      [94m#%%%%,[0m  [91m())))))[0m                        [91m,)))))))),[0m        
                        [94m#,[0m    [91m())))))))))[0m                [91m,)))))))))).[0m          
                                 [91m()))))))))))))))))))))))))))))))/[0m             
                                    [91m())))))))))))))))))))))))).[0m                
                                         [91m())))))))))))))),[0m                     

-=# [1;94m geomeTRIC started. Version: 1.0+41.ga67ca54 [0m #=-
Current date and time: 2024-02-21 09:24:14
ASE-Calculator engine selected. 
   ASE  calculator:ase.calculators.amber.Amber
   ASE calc kwargs:{"amber_exe":"sander -O ", "infile":"mdin", "outfile":"dh_6-7-9-11_030.out", "topologyfile":"prmtop", "incoordfile":"dh_6-7-9-11_030.rst7"}
$freeze
dihedral 7 8 10 12
Bonds will be generated from interatomic distances less than 1.20 times sum of covalent radii
84 internal coordinates being used (instead of 84 Cartesians)
Internal coordinate system (atoms numbered from 1):
Dihedral 7-8-10-12
Distance 1-2
Distance 1-6
Distance 1-25
Distance 2-3
Distance 2-16
Distance 3-4
Distance 3-17
Distance 4-5
Distance 5-6
Distance 5-7
Distance 6-18
Distance 7-8
Distance 7-19
Distance 8-9
Distance 8-10
Distance 10-11
Distance 10-12
Distance 10-14
Distance 11-12
Distance 11-20
Distance 11-21
Distance 12-13
Distance 12-15
Distance 13-22
Distance 13-23
Distance 13-24
Distance 25-26
Distance 25-27
Distance 25-28
Angle 2-1-25
Angle 6-1-25
Angle 1-2-16
Angle 3-2-16
Angle 2-3-17
Angle 4-3-17
Angle 3-4-5
Angle 4-5-7
Angle 6-5-7
Angle 1-6-18
Angle 5-6-18
Angle 5-7-19
Angle 8-7-19
Angle 7-8-10
Angle 9-8-10
Angle 8-10-12
Angle 8-10-14
Angle 11-10-12
Angle 11-10-14
Angle 12-10-14
Angle 10-11-12
Angle 10-11-20
Angle 10-11-21
Angle 12-11-20
Angle 12-11-21
Angle 20-11-21
Angle 10-12-11
Angle 10-12-13
Angle 10-12-15
Angle 11-12-15
Angle 13-12-15
Angle 12-13-22
Angle 12-13-23
Angle 12-13-24
Angle 22-13-23
Angle 22-13-24
Angle 23-13-24
Angle 1-25-26
Angle 1-25-27
Angle 1-25-28
Angle 26-25-27
Angle 26-25-28
Angle 27-25-28
Out-of-Plane 1-2-6-25
Out-of-Plane 2-1-3-16
Out-of-Plane 3-2-4-17
Out-of-Plane 5-4-6-7
Out-of-Plane 6-1-5-18
Out-of-Plane 7-5-8-19
Out-of-Plane 8-7-9-10
Out-of-Plane 10-8-11-14
Out-of-Plane 12-11-13-15
Dihedral 6-1-2-3
Dihedral 6-1-2-16
Dihedral 25-1-2-3
Dihedral 25-1-2-16
Dihedral 2-1-6-5
Dihedral 2-1-6-18
Dihedral 25-1-6-5
Dihedral 25-1-6-18
Dihedral 2-1-25-26
Dihedral 2-1-25-27
Dihedral 2-1-25-28
Dihedral 6-1-25-26
Dihedral 6-1-25-27
Dihedral 6-1-25-28
Dihedral 1-2-3-4
Dihedral 1-2-3-17
Dihedral 16-2-3-4
Dihedral 16-2-3-17
Dihedral 2-3-4-5
Dihedral 17-3-4-5
Dihedral 3-4-5-6
Dihedral 3-4-5-7
Dihedral 4-5-6-1
Dihedral 4-5-6-18
Dihedral 7-5-6-1
Dihedral 7-5-6-18
Dihedral 4-5-7-8
Dihedral 4-5-7-19
Dihedral 6-5-7-8
Dihedral 6-5-7-19
Dihedral 5-7-8-9
Dihedral 5-7-8-10
Dihedral 19-7-8-9
Dihedral 19-7-8-10
Dihedral 7-8-10-11
Dihedral 7-8-10-14
Dihedral 9-8-10-11
Dihedral 9-8-10-12
Dihedral 9-8-10-14
Dihedral 8-10-11-12
Dihedral 8-10-11-20
Dihedral 8-10-11-21
Dihedral 12-10-11-20
Dihedral 12-10-11-21
Dihedral 14-10-11-12
Dihedral 14-10-11-20
Dihedral 14-10-11-21
Dihedral 8-10-12-11
Dihedral 8-10-12-13
Dihedral 8-10-12-15
Dihedral 11-10-12-13
Dihedral 11-10-12-15
Dihedral 14-10-12-11
Dihedral 14-10-12-13
Dihedral 14-10-12-15
Dihedral 10-11-12-13
Dihedral 10-11-12-15
Dihedral 20-11-12-10
Dihedral 20-11-12-13
Dihedral 20-11-12-15
Dihedral 21-11-12-10
Dihedral 21-11-12-13
Dihedral 21-11-12-15
Dihedral 10-12-13-22
Dihedral 10-12-13-23
Dihedral 10-12-13-24
Dihedral 11-12-13-22
Dihedral 11-12-13-23
Dihedral 11-12-13-24
Dihedral 15-12-13-22
Dihedral 15-12-13-23
Dihedral 15-12-13-24
Translation-X 1-28
Translation-Y 1-28
Translation-Z 1-28
Rotation-A 1-28
Rotation-B 1-28
Rotation-C 1-28
<class 'geometric.internal.Dihedral'> : 73
<class 'geometric.internal.Distance'> : 29
<class 'geometric.internal.Angle'> : 43
<class 'geometric.internal.OutOfPlane'> : 9
<class 'geometric.internal.TranslationX'> : 1
<class 'geometric.internal.TranslationY'> : 1
<class 'geometric.internal.TranslationZ'> : 1
<class 'geometric.internal.RotationA'> : 1
<class 'geometric.internal.RotationB'> : 1
<class 'geometric.internal.RotationC'> : 1
Constraint                         Current      Target       Diff.
Dihedral 7-8-10-12               -80.22570   -80.22570     0.00000
> ===== Optimization Info: ====
> Job type: Energy minimization
> Maximum number of optimization cycles: 300
> Initial / maximum trust radius (Angstrom): 0.100 / 0.300
> Convergence Criteria:
> Will converge when all 5 criteria are reached:
>  |Delta-E| < 1.00e-06
>  RMS-Ortho-Grad < 3.00e-04
>  Max-Ortho-Grad < 4.50e-04
>  RMS-Disp  < 1.20e-03
>  Max-Disp  < 1.80e-03
> 
> Constraints are requested. The following criterion is added:
>  Max Constraint Violation (in Angstroms/degrees) < 1.00e-02 
> === End Optimization Info ===
Step    0 : Gradient = 8.913e-03/1.877e-02 (rms/max) Energy = -0.1782876829
Hessian Eigenvalues: 2.30000e-02 2.30000e-02 2.30000e-02 ... 5.73682e-01 5.82330e-01 9.54043e-01
Step    1 : Displace = [0m1.077e-01[0m/[0m2.030e-01[0m (rms/max) Trust = 1.000e-01 (=) Grad_T = [0m6.590e-03[0m/[0m1.367e-02[0m (rms/max) E (change) = -0.1799578649 ([0m-1.670e-03[0m) Quality = [0m0.195[0m
Hessian Eigenvalues: 2.29989e-02 2.30000e-02 2.30000e-02 ... 5.81428e-01 9.47004e-01 2.38122e+00
Step    2 : Displace = [0m4.921e-02[0m/[0m8.530e-02[0m (rms/max) Trust = 5.000e-02 ([91m-[0m) Grad_T = [0m4.112e-03[0m/[0m1.071e-02[0m (rms/max) E (change) = -0.1820295539 ([0m-2.072e-03[0m) Quality = [0m0.981[0m
Constraint                         Current      Target       Diff.
Dihedral 7-8-10-12               -80.22215   -80.22570     0.00354
Hessian Eigenvalues: 2.29895e-02 2.29991e-02 2.30000e-02 ... 5.79864e-01 9.42528e-01 1.68143e+00
Step    3 : Displace = [0m4.617e-02[0m/[0m7.521e-02[0m (rms/max) Trust = 7.071e-02 ([92m+[0m) Grad_T = [0m3.613e-03[0m/[0m1.268e-02[0m (rms/max) E (change) = -0.1823099717 ([0m-2.804e-04[0m) Quality = [0m0.258[0m
Constraint                         Current      Target       Diff.
Dihedral 7-8-10-12               -80.21962   -80.22570     0.00608
Hessian Eigenvalues: 2.25406e-02 2.29960e-02 2.30000e-02 ... 5.79826e-01 9.43835e-01 2.00315e+00
Step    4 : Displace = [0m1.500e-02[0m/[0m2.523e-02[0m (rms/max) Trust = 7.071e-02 (=) Grad_T = [0m1.096e-03[0m/[0m2.732e-03[0m (rms/max) E (change) = -0.1827743525 ([0m-4.644e-04[0m) Quality = [0m0.815[0m
Hessian Eigenvalues: 2.23841e-02 2.29835e-02 2.30000e-02 ... 6.07393e-01 9.43115e-01 1.79084e+00
Step    5 : Displace = [0m1.721e-02[0m/[0m3.033e-02[0m (rms/max) Trust = 1.000e-01 ([92m+[0m) Grad_T = [0m1.012e-03[0m/[0m3.100e-03[0m (rms/max) E (change) = -0.1827970673 ([0m-2.271e-05[0m) Quality = [0m0.224[0m
Constraint                         Current      Target       Diff.
Dihedral 7-8-10-12               -80.22181   -80.22570     0.00388
Hessian Eigenvalues: 2.15058e-02 2.27840e-02 2.29999e-02 ... 6.17528e-01 9.43786e-01 1.98231e+00
Step    6 : Displace = [0m9.211e-03[0m/[0m1.611e-02[0m (rms/max) Trust = 8.604e-03 ([91m-[0m) Grad_T = [0m6.795e-04[0m/[0m1.877e-03[0m (rms/max) E (change) = -0.1828325791 ([0m-3.551e-05[0m) Quality = [0m0.593[0m
Constraint                         Current      Target       Diff.
Dihedral 7-8-10-12               -80.22449   -80.22570     0.00121
Hessian Eigenvalues: 2.02701e-02 2.27837e-02 2.29805e-02 ... 6.55408e-01 9.43089e-01 1.76619e+00
Step    7 : Displace = [0m8.658e-03[0m/[0m1.578e-02[0m (rms/max) Trust = 8.604e-03 (=) Grad_T = [0m4.383e-04[0m/[0m1.077e-03[0m (rms/max) E (change) = -0.1828497068 ([0m-1.713e-05[0m) Quality = [0m0.509[0m
Constraint                         Current      Target       Diff.
Dihedral 7-8-10-12               -80.22812   -80.22570    -0.00242
Hessian Eigenvalues: 1.67992e-02 2.27978e-02 2.29480e-02 ... 6.19938e-01 9.44154e-01 1.99904e+00
Step    8 : Displace = [0m7.530e-03[0m/[0m1.218e-02[0m (rms/max) Trust = 8.604e-03 (=) Grad_T = [92m1.619e-04[0m/[92m4.350e-04[0m (rms/max) E (change) = -0.1828675116 ([0m-1.780e-05[0m) Quality = [0m1.330[0m
Hessian Eigenvalues: 9.53830e-03 2.25612e-02 2.29615e-02 ... 6.24007e-01 9.44518e-01 2.17330e+00
Step    9 : Displace = [0m1.223e-02[0m/[0m2.356e-02[0m (rms/max) Trust = 1.217e-02 ([92m+[0m) Grad_T = [92m2.017e-04[0m/[0m5.553e-04[0m (rms/max) E (change) = -0.1828803347 ([0m-1.282e-05[0m) Quality = [0m1.345[0m
Hessian Eigenvalues: 1.68322e-03 2.24863e-02 2.29603e-02 ... 6.88991e-01 9.45793e-01 2.65672e+00
Step   10 : Displace = [0m1.751e-02[0m/[0m3.287e-02[0m (rms/max) Trust = 1.721e-02 ([92m+[0m) Grad_T = [92m2.667e-04[0m/[0m5.511e-04[0m (rms/max) E (change) = -0.1828980053 ([0m-1.767e-05[0m) Quality = [0m1.097[0m
Hessian Eigenvalues: 2.64493e-04 2.19948e-02 2.28921e-02 ... 8.82337e-01 9.59414e-01 2.77043e+00
Step   11 : Displace = [0m2.478e-02[0m/[0m4.656e-02[0m (rms/max) Trust = 2.433e-02 ([92m+[0m) Grad_T = [0m3.334e-04[0m/[0m6.291e-04[0m (rms/max) E (change) = -0.1829267544 ([0m-2.875e-05[0m) Quality = [0m1.106[0m
Eigenvalues below 1.0000e-05 (-4.4928e-02) - returning guess
Hessian Eigenvalues: 2.30000e-02 2.30000e-02 2.30000e-02 ... 5.54473e-01 5.73847e-01 9.79327e-01
Step   12 : Displace = [0m2.307e-02[0m/[0m4.506e-02[0m (rms/max) Trust = 3.441e-02 ([92m+[0m) Grad_T = [0m1.030e-03[0m/[0m2.776e-03[0m (rms/max) E (change) = -0.1828023422 ([91m+1.244e-04[0m) Quality = [91m-4.150[0m
Constraint                         Current      Target       Diff.
Dihedral 7-8-10-12               -80.22889   -80.22570    -0.00320
[93mRejecting step - quality is lower than -1.0[0m
Hessian Eigenvalues: 2.30000e-02 2.30000e-02 2.30000e-02 ... 5.54473e-01 5.73847e-01 9.79327e-01
Step   13 : Displace = [0m1.188e-02[0m/[0m2.165e-02[0m (rms/max) Trust = 1.153e-02 ([1;91mx[0m) Grad_T = [0m5.367e-04[0m/[0m1.570e-03[0m (rms/max) E (change) = -0.1828942460 ([91m+3.251e-05[0m) Quality = [91m-1.579[0m
Constraint                         Current      Target       Diff.
Dihedral 7-8-10-12               -80.22696   -80.22570    -0.00126
[93mRejecting step - quality is lower than -1.0[0m
Hessian Eigenvalues: 2.30000e-02 2.30000e-02 2.30000e-02 ... 5.54473e-01 5.73847e-01 9.79327e-01
Step   14 : Displace = [0m5.825e-03[0m/[0m1.040e-02[0m (rms/max) Trust = 5.767e-03 ([1;91mx[0m) Grad_T = [92m2.896e-04[0m/[0m7.507e-04[0m (rms/max) E (change) = -0.1829257877 ([92m+9.667e-07[0m) Quality = [91m-0.081[0m
Hessian Eigenvalues: 2.25055e-02 2.30000e-02 2.30000e-02 ... 5.73074e-01 9.78452e-01 1.87797e+00
Step   15 : Displace = [0m2.943e-03[0m/[0m5.952e-03[0m (rms/max) Trust = 2.884e-03 ([91m-[0m) Grad_T = [92m2.289e-04[0m/[0m5.777e-04[0m (rms/max) E (change) = -0.1829320759 ([0m-6.288e-06[0m) Quality = [0m0.878[0m
Hessian Eigenvalues: 2.25019e-02 2.29993e-02 2.30000e-02 ... 5.73126e-01 9.78449e-01 2.02613e+00
Step   16 : Displace = [0m3.926e-03[0m/[0m7.281e-03[0m (rms/max) Trust = 4.078e-03 ([92m+[0m) Grad_T = [92m2.140e-04[0m/[0m5.868e-04[0m (rms/max) E (change) = -0.1829383940 ([0m-6.318e-06[0m) Quality = [0m1.043[0m
Constraint                         Current      Target       Diff.
Dihedral 7-8-10-12               -80.22684   -80.22570    -0.00114
Hessian Eigenvalues: 6.90787e-03 2.29991e-02 2.30000e-02 ... 5.73585e-01 9.78476e-01 2.20946e+00
Step   17 : Displace = [0m5.702e-03[0m/[0m1.066e-02[0m (rms/max) Trust = 5.767e-03 ([92m+[0m) Grad_T = [92m2.172e-04[0m/[0m6.564e-04[0m (rms/max) E (change) = -0.1829468511 ([0m-8.457e-06[0m) Quality = [0m1.006[0m
Constraint                         Current      Target       Diff.
Dihedral 7-8-10-12               -80.22674   -80.22570    -0.00104
Hessian Eigenvalues: 2.79363e-03 2.29851e-02 2.30000e-02 ... 6.91574e-01 9.78951e-01 2.46022e+00
Step   18 : Displace = [0m8.137e-03[0m/[0m1.500e-02[0m (rms/max) Trust = 8.156e-03 ([92m+[0m) Grad_T = [92m2.392e-04[0m/[0m6.793e-04[0m (rms/max) E (change) = -0.1829590321 ([0m-1.218e-05[0m) Quality = [0m1.047[0m
Hessian Eigenvalues: 4.40354e-04 2.29079e-02 2.30000e-02 ... 7.66507e-01 9.79868e-01 2.16150e+00
Step   19 : Displace = [0m1.147e-02[0m/[0m2.126e-02[0m (rms/max) Trust = 1.153e-02 ([92m+[0m) Grad_T = [92m2.413e-04[0m/[0m7.254e-04[0m (rms/max) E (change) = -0.1829772432 ([0m-1.821e-05[0m) Quality = [0m1.037[0m
Hessian Eigenvalues: 1.37363e-05 2.29158e-02 2.30000e-02 ... 7.48099e-01 9.77602e-01 3.90311e+00
Step   20 : Displace = [0m1.650e-02[0m/[0m3.105e-02[0m (rms/max) Trust = 1.631e-02 ([92m+[0m) Grad_T = [92m2.471e-04[0m/[0m7.990e-04[0m (rms/max) E (change) = -0.1830041658 ([0m-2.692e-05[0m) Quality = [0m0.999[0m
Eigenvalues below 1.0000e-05 (8.2609e-06) - returning guess
Hessian Eigenvalues: 2.30000e-02 2.30000e-02 2.30000e-02 ... 5.53929e-01 5.73869e-01 9.79563e-01
Step   21 : Displace = [0m1.801e-02[0m/[0m2.929e-02[0m (rms/max) Trust = 2.307e-02 ([92m+[0m) Grad_T = [0m5.629e-04[0m/[0m1.696e-03[0m (rms/max) E (change) = -0.1829768327 ([91m+2.733e-05[0m) Quality = [91m-1.601[0m
[93mRejecting step - quality is lower than -1.0[0m
Hessian Eigenvalues: 2.30000e-02 2.30000e-02 2.30000e-02 ... 5.53929e-01 5.73869e-01 9.79563e-01
Step   22 : Displace = [0m9.296e-03[0m/[0m1.662e-02[0m (rms/max) Trust = 9.006e-03 ([1;91mx[0m) Grad_T = [0m4.062e-04[0m/[0m1.161e-03[0m (rms/max) E (change) = -0.1829891114 ([91m+1.505e-05[0m) Quality = [91m-1.417[0m
[93mRejecting step - quality is lower than -1.0[0m
Hessian Eigenvalues: 2.30000e-02 2.30000e-02 2.30000e-02 ... 5.53929e-01 5.73869e-01 9.79563e-01
Step   23 : Displace = [0m4.449e-03[0m/[0m8.304e-03[0m (rms/max) Trust = 4.503e-03 ([1;91mx[0m) Grad_T = [92m2.661e-04[0m/[0m7.954e-04[0m (rms/max) E (change) = -0.1830023846 ([91m+1.781e-06[0m) Quality = [91m-0.357[0m
Hessian Eigenvalues: 2.18575e-02 2.30000e-02 2.30000e-02 ... 5.73613e-01 9.79286e-01 1.90332e+00
Step   24 : Displace = [0m2.066e-03[0m/[0m3.870e-03[0m (rms/max) Trust = 2.224e-03 ([91m-[0m) Grad_T = [92m2.269e-04[0m/[0m7.476e-04[0m (rms/max) E (change) = -0.1830064351 ([0m-4.050e-06[0m) Quality = [0m1.001[0m
Hessian Eigenvalues: 2.16130e-02 2.29998e-02 2.30000e-02 ... 5.73615e-01 9.79339e-01 1.91302e+00
Step   25 : Displace = [0m3.211e-03[0m/[0m5.344e-03[0m (rms/max) Trust = 3.146e-03 ([92m+[0m) Grad_T = [92m2.212e-04[0m/[0m7.511e-04[0m (rms/max) E (change) = -0.1830118215 ([0m-5.386e-06[0m) Quality = [0m1.062[0m
Hessian Eigenvalues: 8.58239e-03 2.29990e-02 2.30000e-02 ... 5.73607e-01 9.79396e-01 2.49023e+00
Step   26 : Displace = [0m4.427e-03[0m/[0m8.365e-03[0m (rms/max) Trust = 4.449e-03 ([92m+[0m) Grad_T = [92m2.239e-04[0m/[0m7.259e-04[0m (rms/max) E (change) = -0.1830190808 ([0m-7.259e-06[0m) Quality = [0m0.992[0m
Hessian Eigenvalues: 2.83477e-03 2.29920e-02 2.30000e-02 ... 6.21593e-01 9.79362e-01 3.43845e+00
Step   27 : Displace = [0m6.256e-03[0m/[0m1.188e-02[0m (rms/max) Trust = 6.292e-03 ([92m+[0m) Grad_T = [92m2.212e-04[0m/[0m7.315e-04[0m (rms/max) E (change) = -0.1830299817 ([0m-1.090e-05[0m) Quality = [0m1.055[0m
Hessian Eigenvalues: 1.97157e-05 2.29921e-02 2.30000e-02 ... 9.79180e-01 1.19239e+00 5.96199e+00
Step   28 : Displace = [0m8.901e-03[0m/[0m1.704e-02[0m (rms/max) Trust = 8.898e-03 ([92m+[0m) Grad_T = [92m2.402e-04[0m/[0m7.736e-04[0m (rms/max) E (change) = -0.1830460291 ([0m-1.605e-05[0m) Quality = [0m1.002[0m
Hessian Eigenvalues: 1.78409e-05 2.29852e-02 2.30000e-02 ... 9.78927e-01 1.43666e+00 4.78167e+00
Step   29 : Displace = [0m1.268e-02[0m/[0m2.418e-02[0m (rms/max) Trust = 1.258e-02 ([92m+[0m) Grad_T = [92m2.779e-04[0m/[0m7.823e-04[0m (rms/max) E (change) = -0.1830684228 ([0m-2.239e-05[0m) Quality = [0m1.007[0m
Eigenvalues below 1.0000e-05 (-2.1124e+01) - returning guess
Hessian Eigenvalues: 2.30000e-02 2.30000e-02 2.30000e-02 ... 5.54188e-01 5.74020e-01 9.79103e-01
Step   30 : Displace = [0m1.626e-02[0m/[0m2.889e-02[0m (rms/max) Trust = 1.780e-02 ([92m+[0m) Grad_T = [0m5.421e-04[0m/[0m1.219e-03[0m (rms/max) E (change) = -0.1830742696 ([0m-5.847e-06[0m) Quality = [0m0.329[0m
Hessian Eigenvalues: 5.41270e-03 2.30000e-02 2.30000e-02 ... 5.73683e-01 9.78681e-01 1.42355e+00
Step   31 : Displace = [0m1.834e-02[0m/[0m2.971e-02[0m (rms/max) Trust = 1.780e-02 (=) Grad_T = [0m8.189e-04[0m/[0m2.131e-03[0m (rms/max) E (change) = -0.1830935340 ([0m-1.926e-05[0m) Quality = [0m0.461[0m
Hessian Eigenvalues: 4.83795e-03 2.29997e-02 2.30000e-02 ... 5.73777e-01 9.78975e-01 1.88733e+00
Step   32 : Displace = [0m1.741e-02[0m/[0m3.111e-02[0m (rms/max) Trust = 1.780e-02 (=) Grad_T = [0m7.813e-04[0m/[0m2.138e-03[0m (rms/max) E (change) = -0.1831280460 ([0m-3.451e-05[0m) Quality = [0m0.497[0m
Hessian Eigenvalues: 3.98325e-03 2.29993e-02 2.30000e-02 ... 6.89674e-01 9.78858e-01 1.55874e+00
Step   33 : Displace = [0m1.799e-02[0m/[0m3.430e-02[0m (rms/max) Trust = 1.780e-02 (=) Grad_T = [92m2.856e-04[0m/[0m9.134e-04[0m (rms/max) E (change) = -0.1831841514 ([0m-5.611e-05[0m) Quality = [0m1.113[0m
Hessian Eigenvalues: 2.85905e-03 2.29971e-02 2.30000e-02 ... 6.71503e-01 9.78805e-01 1.82041e+00
Step   34 : Displace = [0m2.475e-02[0m/[0m4.836e-02[0m (rms/max) Trust = 2.517e-02 ([92m+[0m) Grad_T = [92m2.689e-04[0m/[0m8.762e-04[0m (rms/max) E (change) = -0.1832282241 ([0m-4.407e-05[0m) Quality = [0m1.084[0m
Hessian Eigenvalues: 1.08352e-03 2.29739e-02 2.30000e-02 ... 8.61621e-01 9.78810e-01 1.78849e+00
Step   35 : Displace = [0m3.503e-02[0m/[0m6.871e-02[0m (rms/max) Trust = 3.559e-02 ([92m+[0m) Grad_T = [92m2.646e-04[0m/[0m7.530e-04[0m (rms/max) E (change) = -0.1832833268 ([0m-5.510e-05[0m) Quality = [0m0.973[0m
Hessian Eigenvalues: 1.20899e-03 2.29128e-02 2.30000e-02 ... 8.54496e-01 9.78666e-01 1.59847e+00
Step   36 : Displace = [0m4.974e-02[0m/[0m9.949e-02[0m (rms/max) Trust = 5.033e-02 ([92m+[0m) Grad_T = [0m4.106e-04[0m/[0m1.360e-03[0m (rms/max) E (change) = -0.1833352687 ([0m-5.194e-05[0m) Quality = [0m0.786[0m
Hessian Eigenvalues: 1.99170e-03 2.29174e-02 2.29947e-02 ... 8.39928e-01 9.78655e-01 1.56006e+00
Step   37 : Displace = [0m6.407e-02[0m/[0m1.300e-01[0m (rms/max) Trust = 7.118e-02 ([92m+[0m) Grad_T = [92m2.436e-04[0m/[0m8.602e-04[0m (rms/max) E (change) = -0.1833472003 ([0m-1.193e-05[0m) Quality = [0m0.356[0m
Hessian Eigenvalues: 3.14184e-03 2.28171e-02 2.29945e-02 ... 8.40697e-01 9.78747e-01 1.52111e+00
Step   38 : Displace = [0m2.850e-02[0m/[0m5.511e-02[0m (rms/max) Trust = 7.118e-02 (=) Grad_T = [92m5.301e-05[0m/[92m1.385e-04[0m (rms/max) E (change) = -0.1833574599 ([0m-1.026e-05[0m) Quality = [0m0.875[0m
Hessian Eigenvalues: 3.28535e-03 2.23395e-02 2.29809e-02 ... 8.45450e-01 9.78654e-01 1.54446e+00
Step   39 : Displace = [0m2.227e-03[0m/[0m4.346e-03[0m (rms/max) Trust = 1.007e-01 ([92m+[0m) Grad_T = [92m3.008e-05[0m/[92m7.400e-05[0m (rms/max) E (change) = -0.1833577477 ([92m-2.878e-07[0m) Quality = [0m0.788[0m
Hessian Eigenvalues: 2.85561e-03 2.11868e-02 2.26680e-02 ... 8.32581e-01 9.78554e-01 1.52069e+00
Step   40 : Displace = [0m1.245e-03[0m/[0m2.532e-03[0m (rms/max) Trust = 1.424e-01 ([92m+[0m) Grad_T = [92m1.518e-05[0m/[92m3.255e-05[0m (rms/max) E (change) = -0.1833578119 ([92m-6.422e-08[0m) Quality = [0m0.788[0m
Hessian Eigenvalues: 3.02664e-03 1.75378e-02 2.25657e-02 ... 8.33914e-01 9.78273e-01 1.52463e+00
Step   41 : Displace = [92m3.516e-04[0m/[92m5.882e-04[0m (rms/max) Trust = 2.013e-01 ([92m+[0m) Grad_T = [92m1.112e-05[0m/[92m3.482e-05[0m (rms/max) E (change) = -0.1833578287 ([92m-1.673e-08[0m) Quality = [0m0.870[0m
Hessian Eigenvalues: 3.02664e-03 1.75378e-02 2.25657e-02 ... 8.33914e-01 9.78273e-01 1.52463e+00
Converged! =D

    #==========================================================================#
    #| If this code has benefited your research, please support us by citing: |#
    #|                                                                        |#
    #| Wang, L.-P.; Song, C.C. (2016) "Geometry optimization made simple with |#
    #| translation and rotation coordinates", J. Chem, Phys. 144, 214108.     |#
    #| http://dx.doi.org/10.1063/1.4952956                                    |#
    #==========================================================================#
    Time elapsed since start of run_optimizer: 10.396 seconds
