geometric-optimize called with the following command line:
/opt/software/geometric/bin/geometric-optimize --ase-class=ase.calculators.amber.Amber --ase-kwargs={"amber_exe":"sander -O ", "infile":"mdin", "outfile":"dh_6-7-9-11_033.out", "topologyfile":"prmtop", "incoordfile":"dh_6-7-9-11_033.rst7"} --engine ase dh_6-7-9-11_033.xyz constraints.txt

                                        [91m())))))))))))))))/[0m                     
                                    [91m())))))))))))))))))))))))),[0m                
                                [91m*)))))))))))))))))))))))))))))))))[0m             
                        [94m#,[0m    [91m()))))))))/[0m                [91m.)))))))))),[0m          
                      [94m#%%%%,[0m  [91m())))))[0m                        [91m.))))))))*[0m        
                      [94m*%%%%%%,[0m  [91m))[0m              [93m..[0m              [91m,))))))).[0m      
                        [94m*%%%%%%,[0m         [93m***************/.[0m        [91m.)))))))[0m     
                [94m#%%/[0m      [94m(%%%%%%,[0m    [93m/*********************.[0m       [91m)))))))[0m    
              [94m.%%%%%%#[0m      [94m*%%%%%%,[0m  [93m*******/,[0m     [93m**********,[0m      [91m.))))))[0m   
                [94m.%%%%%%/[0m      [94m*%%%%%%,[0m  [93m**[0m              [93m********[0m      [91m.))))))[0m  
          [94m##[0m      [94m.%%%%%%/[0m      [94m(%%%%%%,[0m                  [93m,******[0m      [91m/)))))[0m  
        [94m%%%%%%[0m      [94m.%%%%%%#[0m      [94m*%%%%%%,[0m    [92m,/////.[0m       [93m******[0m      [91m))))))[0m 
      [94m#%[0m      [94m%%[0m      [94m.%%%%%%/[0m      [94m*%%%%%%,[0m  [92m////////,[0m      [93m*****/[0m     [91m,)))))[0m 
    [94m#%%[0m  [94m%%%[0m  [94m%%%#[0m      [94m.%%%%%%/[0m      [94m(%%%%%%,[0m  [92m///////.[0m     [93m/*****[0m      [91m))))).[0m
  [94m#%%%%.[0m      [94m%%%%%#[0m      [94m/%%%%%%*[0m      [94m#%%%%%%[0m   [92m/////)[0m     [93m******[0m      [91m))))),[0m
    [94m#%%%%##%[0m  [94m%%%#[0m      [94m.%%%%%%/[0m      [94m(%%%%%%,[0m  [92m///////.[0m     [93m/*****[0m      [91m))))).[0m
      [94m##[0m     [94m%%%[0m      [94m.%%%%%%/[0m      [94m*%%%%%%,[0m  [92m////////.[0m      [93m*****/[0m     [91m,)))))[0m 
        [94m#%%%%#[0m      [94m/%%%%%%/[0m      [94m(%%%%%%[0m      [92m/)/)//[0m       [93m******[0m      [91m))))))[0m 
          [94m##[0m      [94m.%%%%%%/[0m      [94m(%%%%%%,[0m                  [93m*******[0m      [91m))))))[0m  
                [94m.%%%%%%/[0m      [94m*%%%%%%,[0m  [93m**.[0m             [93m/*******[0m      [91m.))))))[0m  
              [94m*%%%%%%/[0m      [94m(%%%%%%[0m   [93m********/*..,*/*********[0m       [91m*))))))[0m   
                [94m#%%/[0m      [94m(%%%%%%,[0m    [93m*********************/[0m        [91m)))))))[0m    
                        [94m*%%%%%%,[0m         [93m,**************/[0m         [91m,))))))/[0m     
                      [94m(%%%%%%[0m   [91m()[0m                              [91m))))))))[0m       
                      [94m#%%%%,[0m  [91m())))))[0m                        [91m,)))))))),[0m        
                        [94m#,[0m    [91m())))))))))[0m                [91m,)))))))))).[0m          
                                 [91m()))))))))))))))))))))))))))))))/[0m             
                                    [91m())))))))))))))))))))))))).[0m                
                                         [91m())))))))))))))),[0m                     

-=# [1;94m geomeTRIC started. Version: 1.0+41.ga67ca54 [0m #=-
Current date and time: 2024-02-21 09:24:47
ASE-Calculator engine selected. 
   ASE  calculator:ase.calculators.amber.Amber
   ASE calc kwargs:{"amber_exe":"sander -O ", "infile":"mdin", "outfile":"dh_6-7-9-11_033.out", "topologyfile":"prmtop", "incoordfile":"dh_6-7-9-11_033.rst7"}
$freeze
dihedral 7 8 10 12
Bonds will be generated from interatomic distances less than 1.20 times sum of covalent radii
84 internal coordinates being used (instead of 84 Cartesians)
Internal coordinate system (atoms numbered from 1):
Dihedral 7-8-10-12
Distance 1-2
Distance 1-6
Distance 1-25
Distance 2-3
Distance 2-16
Distance 3-4
Distance 3-17
Distance 4-5
Distance 5-6
Distance 5-7
Distance 6-18
Distance 7-8
Distance 7-19
Distance 8-9
Distance 8-10
Distance 10-11
Distance 10-12
Distance 10-14
Distance 11-12
Distance 11-20
Distance 11-21
Distance 12-13
Distance 12-15
Distance 13-22
Distance 13-23
Distance 13-24
Distance 25-26
Distance 25-27
Distance 25-28
Angle 2-1-25
Angle 6-1-25
Angle 1-2-16
Angle 3-2-16
Angle 2-3-17
Angle 4-3-17
Angle 3-4-5
Angle 4-5-7
Angle 6-5-7
Angle 1-6-18
Angle 5-6-18
Angle 5-7-19
Angle 8-7-19
Angle 7-8-10
Angle 9-8-10
Angle 8-10-12
Angle 8-10-14
Angle 11-10-12
Angle 11-10-14
Angle 12-10-14
Angle 10-11-12
Angle 10-11-20
Angle 10-11-21
Angle 12-11-21
Angle 20-11-21
Angle 10-12-11
Angle 10-12-13
Angle 10-12-15
Angle 11-12-15
Angle 13-12-15
Angle 12-13-22
Angle 12-13-23
Angle 12-13-24
Angle 22-13-23
Angle 22-13-24
Angle 23-13-24
Angle 1-25-26
Angle 1-25-27
Angle 1-25-28
Angle 26-25-27
Angle 26-25-28
Angle 27-25-28
Out-of-Plane 1-2-6-25
Out-of-Plane 2-1-3-16
Out-of-Plane 3-2-4-17
Out-of-Plane 5-4-6-7
Out-of-Plane 6-1-5-18
Out-of-Plane 7-5-8-19
Out-of-Plane 8-7-9-10
Out-of-Plane 10-8-11-14
Out-of-Plane 11-12-20-21
Out-of-Plane 12-11-13-15
Dihedral 6-1-2-3
Dihedral 6-1-2-16
Dihedral 25-1-2-3
Dihedral 25-1-2-16
Dihedral 2-1-6-5
Dihedral 2-1-6-18
Dihedral 25-1-6-5
Dihedral 25-1-6-18
Dihedral 2-1-25-26
Dihedral 2-1-25-27
Dihedral 2-1-25-28
Dihedral 6-1-25-26
Dihedral 6-1-25-27
Dihedral 6-1-25-28
Dihedral 1-2-3-4
Dihedral 1-2-3-17
Dihedral 16-2-3-4
Dihedral 16-2-3-17
Dihedral 2-3-4-5
Dihedral 17-3-4-5
Dihedral 3-4-5-6
Dihedral 3-4-5-7
Dihedral 4-5-6-1
Dihedral 4-5-6-18
Dihedral 7-5-6-1
Dihedral 7-5-6-18
Dihedral 4-5-7-8
Dihedral 4-5-7-19
Dihedral 6-5-7-8
Dihedral 6-5-7-19
Dihedral 5-7-8-9
Dihedral 5-7-8-10
Dihedral 19-7-8-9
Dihedral 19-7-8-10
Dihedral 7-8-10-11
Dihedral 7-8-10-14
Dihedral 9-8-10-11
Dihedral 9-8-10-12
Dihedral 9-8-10-14
Dihedral 8-10-11-12
Dihedral 8-10-11-20
Dihedral 8-10-11-21
Dihedral 12-10-11-20
Dihedral 12-10-11-21
Dihedral 14-10-11-12
Dihedral 14-10-11-20
Dihedral 14-10-11-21
Dihedral 8-10-12-11
Dihedral 8-10-12-13
Dihedral 8-10-12-15
Dihedral 11-10-12-13
Dihedral 11-10-12-15
Dihedral 14-10-12-11
Dihedral 14-10-12-13
Dihedral 14-10-12-15
Dihedral 10-11-12-13
Dihedral 10-11-12-15
Dihedral 20-11-12-10
Dihedral 20-11-12-13
Dihedral 20-11-12-15
Dihedral 21-11-12-10
Dihedral 21-11-12-13
Dihedral 21-11-12-15
Dihedral 10-12-13-22
Dihedral 10-12-13-23
Dihedral 10-12-13-24
Dihedral 11-12-13-22
Dihedral 11-12-13-23
Dihedral 11-12-13-24
Dihedral 15-12-13-22
Dihedral 15-12-13-23
Dihedral 15-12-13-24
Translation-X 1-28
Translation-Y 1-28
Translation-Z 1-28
Rotation-A 1-28
Rotation-B 1-28
Rotation-C 1-28
<class 'geometric.internal.Dihedral'> : 73
<class 'geometric.internal.Distance'> : 29
<class 'geometric.internal.Angle'> : 42
<class 'geometric.internal.OutOfPlane'> : 10
<class 'geometric.internal.TranslationX'> : 1
<class 'geometric.internal.TranslationY'> : 1
<class 'geometric.internal.TranslationZ'> : 1
<class 'geometric.internal.RotationA'> : 1
<class 'geometric.internal.RotationB'> : 1
<class 'geometric.internal.RotationC'> : 1
Constraint                         Current      Target       Diff.
Dihedral 7-8-10-12              -111.08436  -111.08436     0.00000
> ===== Optimization Info: ====
> Job type: Energy minimization
> Maximum number of optimization cycles: 300
> Initial / maximum trust radius (Angstrom): 0.100 / 0.300
> Convergence Criteria:
> Will converge when all 5 criteria are reached:
>  |Delta-E| < 1.00e-06
>  RMS-Ortho-Grad < 3.00e-04
>  Max-Ortho-Grad < 4.50e-04
>  RMS-Disp  < 1.20e-03
>  Max-Disp  < 1.80e-03
> 
> Constraints are requested. The following criterion is added:
>  Max Constraint Violation (in Angstroms/degrees) < 1.00e-02 
> === End Optimization Info ===
Step    0 : Gradient = 9.456e-03/2.076e-02 (rms/max) Energy = -0.1787919693
Hessian Eigenvalues: 2.30000e-02 2.30000e-02 2.30000e-02 ... 5.73606e-01 5.82254e-01 9.43010e-01
Step    1 : Displace = [0m1.001e-01[0m/[0m1.572e-01[0m (rms/max) Trust = 1.000e-01 (=) Grad_T = [0m7.808e-03[0m/[0m1.903e-02[0m (rms/max) E (change) = -0.1808946517 ([0m-2.103e-03[0m) Quality = [0m0.294[0m
Hessian Eigenvalues: 2.29993e-02 2.30000e-02 2.30000e-02 ... 5.81341e-01 9.32735e-01 2.57493e+00
Step    2 : Displace = [0m1.029e-01[0m/[0m2.510e-01[0m (rms/max) Trust = 1.000e-01 (=) Grad_T = [0m5.833e-03[0m/[0m1.460e-02[0m (rms/max) E (change) = -0.1822079563 ([0m-1.313e-03[0m) Quality = [0m0.296[0m
Constraint                         Current      Target       Diff.
Dihedral 7-8-10-12              -111.01921  -111.08436     0.06514
Hessian Eigenvalues: 2.28588e-02 2.30000e-02 2.30000e-02 ... 5.80704e-01 9.30861e-01 2.46694e+00
Step    3 : Displace = [0m4.524e-02[0m/[0m9.744e-02[0m (rms/max) Trust = 1.000e-01 (=) Grad_T = [0m3.038e-03[0m/[0m8.247e-03[0m (rms/max) E (change) = -0.1838482547 ([0m-1.640e-03[0m) Quality = [0m0.795[0m
Constraint                         Current      Target       Diff.
Dihedral 7-8-10-12              -111.06705  -111.08436     0.01730
Hessian Eigenvalues: 2.25980e-02 2.29001e-02 2.30000e-02 ... 5.80451e-01 9.30466e-01 2.46544e+00
Step    4 : Displace = [0m4.693e-02[0m/[0m1.124e-01[0m (rms/max) Trust = 1.414e-01 ([92m+[0m) Grad_T = [0m2.223e-03[0m/[0m5.394e-03[0m (rms/max) E (change) = -0.1839804763 ([0m-1.322e-04[0m) Quality = [0m0.209[0m
Constraint                         Current      Target       Diff.
Dihedral 7-8-10-12              -111.10888  -111.08436    -0.02452
Hessian Eigenvalues: 2.25420e-02 2.27663e-02 2.29980e-02 ... 6.03240e-01 9.30469e-01 2.46628e+00
Step    5 : Displace = [0m2.381e-02[0m/[0m5.240e-02[0m (rms/max) Trust = 2.346e-02 ([91m-[0m) Grad_T = [0m1.058e-03[0m/[0m2.486e-03[0m (rms/max) E (change) = -0.1842541662 ([0m-2.737e-04[0m) Quality = [0m0.777[0m
Constraint                         Current      Target       Diff.
Dihedral 7-8-10-12              -111.07544  -111.08436     0.00891
Hessian Eigenvalues: 2.20810e-02 2.27211e-02 2.29987e-02 ... 6.13942e-01 9.30462e-01 2.46279e+00
Step    6 : Displace = [0m1.374e-02[0m/[0m2.254e-02[0m (rms/max) Trust = 3.318e-02 ([92m+[0m) Grad_T = [0m1.322e-03[0m/[0m3.695e-03[0m (rms/max) E (change) = -0.1842441539 ([91m+1.001e-05[0m) Quality = [91m-0.105[0m
Constraint                         Current      Target       Diff.
Dihedral 7-8-10-12              -111.07644  -111.08436     0.00792
Hessian Eigenvalues: 1.90934e-02 2.24703e-02 2.29970e-02 ... 6.26692e-01 9.30340e-01 2.46487e+00
Step    7 : Displace = [0m6.212e-03[0m/[0m1.126e-02[0m (rms/max) Trust = 6.869e-03 ([91m-[0m) Grad_T = [0m4.822e-04[0m/[0m1.509e-03[0m (rms/max) E (change) = -0.1843171782 ([0m-7.302e-05[0m) Quality = [0m0.891[0m
Constraint                         Current      Target       Diff.
Dihedral 7-8-10-12              -111.09101  -111.08436    -0.00666
Hessian Eigenvalues: 1.80356e-02 2.24924e-02 2.29963e-02 ... 6.53012e-01 9.30378e-01 2.46227e+00
