geometric-optimize called with the following command line:
/opt/software/geometric/bin/geometric-optimize --ase-class=ase.calculators.amber.Amber --ase-kwargs={"amber_exe":"sander -O ", "infile":"mdin", "outfile":"dh_6-7-9-11_024.out", "topologyfile":"prmtop", "incoordfile":"dh_6-7-9-11_024.rst7"} --engine ase dh_6-7-9-11_024.xyz constraints.txt

                                        [91m())))))))))))))))/[0m                     
                                    [91m())))))))))))))))))))))))),[0m                
                                [91m*)))))))))))))))))))))))))))))))))[0m             
                        [94m#,[0m    [91m()))))))))/[0m                [91m.)))))))))),[0m          
                      [94m#%%%%,[0m  [91m())))))[0m                        [91m.))))))))*[0m        
                      [94m*%%%%%%,[0m  [91m))[0m              [93m..[0m              [91m,))))))).[0m      
                        [94m*%%%%%%,[0m         [93m***************/.[0m        [91m.)))))))[0m     
                [94m#%%/[0m      [94m(%%%%%%,[0m    [93m/*********************.[0m       [91m)))))))[0m    
              [94m.%%%%%%#[0m      [94m*%%%%%%,[0m  [93m*******/,[0m     [93m**********,[0m      [91m.))))))[0m   
                [94m.%%%%%%/[0m      [94m*%%%%%%,[0m  [93m**[0m              [93m********[0m      [91m.))))))[0m  
          [94m##[0m      [94m.%%%%%%/[0m      [94m(%%%%%%,[0m                  [93m,******[0m      [91m/)))))[0m  
        [94m%%%%%%[0m      [94m.%%%%%%#[0m      [94m*%%%%%%,[0m    [92m,/////.[0m       [93m******[0m      [91m))))))[0m 
      [94m#%[0m      [94m%%[0m      [94m.%%%%%%/[0m      [94m*%%%%%%,[0m  [92m////////,[0m      [93m*****/[0m     [91m,)))))[0m 
    [94m#%%[0m  [94m%%%[0m  [94m%%%#[0m      [94m.%%%%%%/[0m      [94m(%%%%%%,[0m  [92m///////.[0m     [93m/*****[0m      [91m))))).[0m
  [94m#%%%%.[0m      [94m%%%%%#[0m      [94m/%%%%%%*[0m      [94m#%%%%%%[0m   [92m/////)[0m     [93m******[0m      [91m))))),[0m
    [94m#%%%%##%[0m  [94m%%%#[0m      [94m.%%%%%%/[0m      [94m(%%%%%%,[0m  [92m///////.[0m     [93m/*****[0m      [91m))))).[0m
      [94m##[0m     [94m%%%[0m      [94m.%%%%%%/[0m      [94m*%%%%%%,[0m  [92m////////.[0m      [93m*****/[0m     [91m,)))))[0m 
        [94m#%%%%#[0m      [94m/%%%%%%/[0m      [94m(%%%%%%[0m      [92m/)/)//[0m       [93m******[0m      [91m))))))[0m 
          [94m##[0m      [94m.%%%%%%/[0m      [94m(%%%%%%,[0m                  [93m*******[0m      [91m))))))[0m  
                [94m.%%%%%%/[0m      [94m*%%%%%%,[0m  [93m**.[0m             [93m/*******[0m      [91m.))))))[0m  
              [94m*%%%%%%/[0m      [94m(%%%%%%[0m   [93m********/*..,*/*********[0m       [91m*))))))[0m   
                [94m#%%/[0m      [94m(%%%%%%,[0m    [93m*********************/[0m        [91m)))))))[0m    
                        [94m*%%%%%%,[0m         [93m,**************/[0m         [91m,))))))/[0m     
                      [94m(%%%%%%[0m   [91m()[0m                              [91m))))))))[0m       
                      [94m#%%%%,[0m  [91m())))))[0m                        [91m,)))))))),[0m        
                        [94m#,[0m    [91m())))))))))[0m                [91m,)))))))))).[0m          
                                 [91m()))))))))))))))))))))))))))))))/[0m             
                                    [91m())))))))))))))))))))))))).[0m                
                                         [91m())))))))))))))),[0m                     

-=# [1;94m geomeTRIC started. Version: 1.0+41.ga67ca54 [0m #=-
Current date and time: 2024-02-21 09:23:33
ASE-Calculator engine selected. 
   ASE  calculator:ase.calculators.amber.Amber
   ASE calc kwargs:{"amber_exe":"sander -O ", "infile":"mdin", "outfile":"dh_6-7-9-11_024.out", "topologyfile":"prmtop", "incoordfile":"dh_6-7-9-11_024.rst7"}
$freeze
dihedral 7 8 10 12
Bonds will be generated from interatomic distances less than 1.20 times sum of covalent radii
84 internal coordinates being used (instead of 84 Cartesians)
Internal coordinate system (atoms numbered from 1):
Dihedral 7-8-10-12
Distance 1-2
Distance 1-6
Distance 1-25
Distance 2-3
Distance 2-16
Distance 3-4
Distance 3-17
Distance 4-5
Distance 5-6
Distance 5-7
Distance 6-18
Distance 7-8
Distance 7-19
Distance 8-9
Distance 8-10
Distance 10-11
Distance 10-12
Distance 10-14
Distance 11-12
Distance 11-20
Distance 11-21
Distance 12-13
Distance 12-15
Distance 13-22
Distance 13-23
Distance 13-24
Distance 25-26
Distance 25-27
Distance 25-28
Angle 2-1-25
Angle 6-1-25
Angle 1-2-16
Angle 3-2-16
Angle 2-3-17
Angle 4-3-17
Angle 3-4-5
Angle 4-5-7
Angle 6-5-7
Angle 1-6-18
Angle 5-6-18
Angle 5-7-19
Angle 8-7-19
Angle 7-8-10
Angle 9-8-10
Angle 8-10-11
Angle 8-10-14
Angle 11-10-12
Angle 11-10-14
Angle 12-10-14
Angle 10-11-12
Angle 10-11-20
Angle 10-11-21
Angle 12-11-20
Angle 12-11-21
Angle 20-11-21
Angle 10-12-11
Angle 10-12-13
Angle 10-12-15
Angle 11-12-13
Angle 11-12-15
Angle 13-12-15
Angle 12-13-22
Angle 12-13-23
Angle 12-13-24
Angle 22-13-23
Angle 22-13-24
Angle 23-13-24
Angle 1-25-26
Angle 1-25-27
Angle 1-25-28
Angle 26-25-27
Angle 26-25-28
Angle 27-25-28
Out-of-Plane 1-2-6-25
Out-of-Plane 2-1-3-16
Out-of-Plane 3-2-4-17
Out-of-Plane 5-4-6-7
Out-of-Plane 6-1-5-18
Out-of-Plane 7-5-8-19
Out-of-Plane 8-7-9-10
Out-of-Plane 10-8-12-14
Dihedral 6-1-2-3
Dihedral 6-1-2-16
Dihedral 25-1-2-3
Dihedral 25-1-2-16
Dihedral 2-1-6-5
Dihedral 2-1-6-18
Dihedral 25-1-6-5
Dihedral 25-1-6-18
Dihedral 2-1-25-26
Dihedral 2-1-25-27
Dihedral 2-1-25-28
Dihedral 6-1-25-26
Dihedral 6-1-25-27
Dihedral 6-1-25-28
Dihedral 1-2-3-4
Dihedral 1-2-3-17
Dihedral 16-2-3-4
Dihedral 16-2-3-17
Dihedral 2-3-4-5
Dihedral 17-3-4-5
Dihedral 3-4-5-6
Dihedral 3-4-5-7
Dihedral 4-5-6-1
Dihedral 4-5-6-18
Dihedral 7-5-6-1
Dihedral 7-5-6-18
Dihedral 4-5-7-8
Dihedral 4-5-7-19
Dihedral 6-5-7-8
Dihedral 6-5-7-19
Dihedral 5-7-8-9
Dihedral 5-7-8-10
Dihedral 19-7-8-9
Dihedral 19-7-8-10
Dihedral 7-8-10-11
Dihedral 7-8-10-14
Dihedral 9-8-10-11
Dihedral 9-8-10-12
Dihedral 9-8-10-14
Dihedral 8-10-11-12
Dihedral 8-10-11-20
Dihedral 8-10-11-21
Dihedral 12-10-11-20
Dihedral 12-10-11-21
Dihedral 14-10-11-12
Dihedral 14-10-11-20
Dihedral 14-10-11-21
Dihedral 8-10-12-11
Dihedral 8-10-12-13
Dihedral 8-10-12-15
Dihedral 11-10-12-13
Dihedral 11-10-12-15
Dihedral 14-10-12-11
Dihedral 14-10-12-13
Dihedral 14-10-12-15
Dihedral 10-11-12-13
Dihedral 10-11-12-15
Dihedral 20-11-12-10
Dihedral 20-11-12-13
Dihedral 20-11-12-15
Dihedral 21-11-12-10
Dihedral 21-11-12-13
Dihedral 21-11-12-15
Dihedral 10-12-13-22
Dihedral 10-12-13-23
Dihedral 10-12-13-24
Dihedral 11-12-13-22
Dihedral 11-12-13-23
Dihedral 11-12-13-24
Dihedral 15-12-13-22
Dihedral 15-12-13-23
Dihedral 15-12-13-24
Translation-X 1-28
Translation-Y 1-28
Translation-Z 1-28
Rotation-A 1-28
Rotation-B 1-28
Rotation-C 1-28
<class 'geometric.internal.Dihedral'> : 73
<class 'geometric.internal.Distance'> : 29
<class 'geometric.internal.Angle'> : 44
<class 'geometric.internal.OutOfPlane'> : 8
<class 'geometric.internal.TranslationX'> : 1
<class 'geometric.internal.TranslationY'> : 1
<class 'geometric.internal.TranslationZ'> : 1
<class 'geometric.internal.RotationA'> : 1
<class 'geometric.internal.RotationB'> : 1
<class 'geometric.internal.RotationC'> : 1
Constraint                         Current      Target       Diff.
Dihedral 7-8-10-12               -18.51341   -18.51341     0.00000
> ===== Optimization Info: ====
> Job type: Energy minimization
> Maximum number of optimization cycles: 300
> Initial / maximum trust radius (Angstrom): 0.100 / 0.300
> Convergence Criteria:
> Will converge when all 5 criteria are reached:
>  |Delta-E| < 1.00e-06
>  RMS-Ortho-Grad < 3.00e-04
>  Max-Ortho-Grad < 4.50e-04
>  RMS-Disp  < 1.20e-03
>  Max-Disp  < 1.80e-03
> 
> Constraints are requested. The following criterion is added:
>  Max Constraint Violation (in Angstroms/degrees) < 1.00e-02 
> === End Optimization Info ===
Step    0 : Gradient = 9.111e-03/2.018e-02 (rms/max) Energy = -0.1694470647
Hessian Eigenvalues: 2.30000e-02 2.30000e-02 2.30000e-02 ... 5.73134e-01 5.82181e-01 9.53112e-01
Step    1 : Displace = [0m1.036e-01[0m/[0m1.954e-01[0m (rms/max) Trust = 1.000e-01 (=) Grad_T = [0m7.300e-03[0m/[0m1.874e-02[0m (rms/max) E (change) = -0.1716699572 ([0m-2.223e-03[0m) Quality = [0m0.294[0m
Hessian Eigenvalues: 2.29965e-02 2.30000e-02 2.30000e-02 ... 5.81008e-01 9.42414e-01 2.58933e+00
Step    2 : Displace = [0m9.485e-02[0m/[0m2.246e-01[0m (rms/max) Trust = 1.000e-01 (=) Grad_T = [0m6.206e-03[0m/[0m1.313e-02[0m (rms/max) E (change) = -0.1717245111 ([0m-5.455e-05[0m) Quality = [0m0.014[0m
Constraint                         Current      Target       Diff.
Dihedral 7-8-10-12               -18.42271   -18.51341     0.09069
Hessian Eigenvalues: 2.23747e-02 2.30000e-02 2.30000e-02 ... 5.80019e-01 9.39599e-01 2.39420e+00
Step    3 : Displace = [0m4.836e-02[0m/[0m1.136e-01[0m (rms/max) Trust = 4.742e-02 ([91m-[0m) Grad_T = [0m3.974e-03[0m/[0m9.618e-03[0m (rms/max) E (change) = -0.1738114957 ([0m-2.087e-03[0m) Quality = [0m0.803[0m
Constraint                         Current      Target       Diff.
Dihedral 7-8-10-12               -18.47758   -18.51341     0.03583
Hessian Eigenvalues: 2.24230e-02 2.29942e-02 2.30000e-02 ... 8.70967e-01 9.39102e-01 2.40610e+00
Step    4 : Displace = [0m3.701e-02[0m/[0m7.000e-02[0m (rms/max) Trust = 6.707e-02 ([92m+[0m) Grad_T = [0m6.548e-03[0m/[0m2.059e-02[0m (rms/max) E (change) = -0.1733145341 ([91m+4.970e-04[0m) Quality = [91m-0.348[0m
Constraint                         Current      Target       Diff.
Dihedral 7-8-10-12               -18.53038   -18.51341    -0.01697
Hessian Eigenvalues: 2.19568e-02 2.29869e-02 2.29995e-02 ... 8.92471e-01 9.39726e-01 2.40810e+00
Step    5 : Displace = [0m1.829e-02[0m/[0m2.498e-02[0m (rms/max) Trust = 1.851e-02 ([91m-[0m) Grad_T = [0m1.730e-03[0m/[0m5.176e-03[0m (rms/max) E (change) = -0.1746573970 ([0m-1.343e-03[0m) Quality = [0m0.979[0m
Constraint                         Current      Target       Diff.
Dihedral 7-8-10-12               -18.51664   -18.51341    -0.00324
Hessian Eigenvalues: 2.19609e-02 2.29830e-02 2.29988e-02 ... 8.39584e-01 9.39219e-01 2.40733e+00
Step    6 : Displace = [0m9.842e-03[0m/[0m1.812e-02[0m (rms/max) Trust = 2.617e-02 ([92m+[0m) Grad_T = [0m1.128e-03[0m/[0m3.088e-03[0m (rms/max) E (change) = -0.1747569362 ([0m-9.954e-05[0m) Quality = [0m0.636[0m
Constraint                         Current      Target       Diff.
Dihedral 7-8-10-12               -18.50049   -18.51341     0.01292
Hessian Eigenvalues: 1.84045e-02 2.26544e-02 2.29978e-02 ... 8.65845e-01 9.39070e-01 2.41531e+00
Step    7 : Displace = [0m1.244e-02[0m/[0m2.842e-02[0m (rms/max) Trust = 2.617e-02 (=) Grad_T = [0m9.486e-04[0m/[0m3.141e-03[0m (rms/max) E (change) = -0.1747912406 ([0m-3.430e-05[0m) Quality = [0m0.409[0m
Constraint                         Current      Target       Diff.
Dihedral 7-8-10-12               -18.50581   -18.51341     0.00759
Hessian Eigenvalues: 1.68151e-02 2.25056e-02 2.29974e-02 ... 8.36464e-01 9.39003e-01 2.40373e+00
Step    8 : Displace = [0m8.557e-03[0m/[0m1.844e-02[0m (rms/max) Trust = 2.617e-02 (=) Grad_T = [0m5.449e-04[0m/[0m1.427e-03[0m (rms/max) E (change) = -0.1748236901 ([0m-3.245e-05[0m) Quality = [0m0.713[0m
Constraint                         Current      Target       Diff.
Dihedral 7-8-10-12               -18.51055   -18.51341     0.00286
Hessian Eigenvalues: 1.60497e-02 2.21157e-02 2.29625e-02 ... 8.31316e-01 9.38963e-01 2.40781e+00
Step    9 : Displace = [0m3.948e-03[0m/[0m9.224e-03[0m (rms/max) Trust = 2.617e-02 (=) Grad_T = [0m4.732e-04[0m/[0m1.340e-03[0m (rms/max) E (change) = -0.1748340541 ([0m-1.036e-05[0m) Quality = [0m0.502[0m
Constraint                         Current      Target       Diff.
Dihedral 7-8-10-12               -18.51031   -18.51341     0.00310
Hessian Eigenvalues: 1.31742e-02 2.20538e-02 2.28812e-02 ... 8.31590e-01 9.38996e-01 2.40500e+00
Step   10 : Displace = [0m4.263e-03[0m/[0m1.076e-02[0m (rms/max) Trust = 2.617e-02 (=) Grad_T = [0m3.293e-04[0m/[0m8.927e-04[0m (rms/max) E (change) = -0.1748436735 ([0m-9.619e-06[0m) Quality = [0m0.783[0m
Constraint                         Current      Target       Diff.
Dihedral 7-8-10-12               -18.51179   -18.51341     0.00162
Hessian Eigenvalues: 9.40807e-03 2.20931e-02 2.28387e-02 ... 8.51468e-01 9.39441e-01 2.41099e+00
Step   11 : Displace = [0m4.173e-03[0m/[0m9.833e-03[0m (rms/max) Trust = 3.701e-02 ([92m+[0m) Grad_T = [92m1.571e-04[0m/[92m4.241e-04[0m (rms/max) E (change) = -0.1748506384 ([0m-6.965e-06[0m) Quality = [0m1.098[0m
Constraint                         Current      Target       Diff.
Dihedral 7-8-10-12               -18.51149   -18.51341     0.00192
Hessian Eigenvalues: 6.05568e-03 2.19401e-02 2.25406e-02 ... 8.67925e-01 9.39486e-01 2.40796e+00
Step   12 : Displace = [0m6.090e-03[0m/[0m1.421e-02[0m (rms/max) Trust = 5.235e-02 ([92m+[0m) Grad_T = [92m1.235e-04[0m/[92m3.441e-04[0m (rms/max) E (change) = -0.1748556633 ([0m-5.025e-06[0m) Quality = [0m1.644[0m
Constraint                         Current      Target       Diff.
Dihedral 7-8-10-12               -18.51196   -18.51341     0.00144
Hessian Eigenvalues: 2.04555e-03 1.92849e-02 2.25012e-02 ... 8.62969e-01 9.39937e-01 2.43950e+00
Step   13 : Displace = [0m2.157e-02[0m/[0m4.761e-02[0m (rms/max) Trust = 7.403e-02 ([92m+[0m) Grad_T = [92m1.281e-04[0m/[92m2.559e-04[0m (rms/max) E (change) = -0.1748649158 ([0m-9.252e-06[0m) Quality = [0m1.341[0m
Constraint                         Current      Target       Diff.
Dihedral 7-8-10-12               -18.51126   -18.51341     0.00214
Hessian Eigenvalues: 1.24291e-03 1.74244e-02 2.22960e-02 ... 8.62921e-01 9.39933e-01 2.46366e+00
Step   14 : Displace = [0m2.345e-02[0m/[0m4.732e-02[0m (rms/max) Trust = 1.047e-01 ([92m+[0m) Grad_T = [92m1.610e-04[0m/[92m2.989e-04[0m (rms/max) E (change) = -0.1748726443 ([0m-7.728e-06[0m) Quality = [0m1.690[0m
Constraint                         Current      Target       Diff.
Dihedral 7-8-10-12               -18.51068   -18.51341     0.00273
Hessian Eigenvalues: 4.35384e-04 1.25915e-02 2.20483e-02 ... 8.63167e-01 9.39723e-01 2.49691e+00
Step   15 : Displace = [0m1.000e-01[0m/[0m1.926e-01[0m (rms/max) Trust = 1.481e-01 ([92m+[0m) Grad_T = [0m4.573e-04[0m/[0m1.210e-03[0m (rms/max) E (change) = -0.1748938621 ([0m-2.122e-05[0m) Quality = [0m1.123[0m
Constraint                         Current      Target       Diff.
Dihedral 7-8-10-12               -18.50774   -18.51341     0.00567
Hessian Eigenvalues: 4.84554e-04 1.07831e-02 2.19693e-02 ... 8.66136e-01 9.39704e-01 3.05038e+00
Step   16 : Displace = [0m2.602e-02[0m/[0m5.034e-02[0m (rms/max) Trust = 2.094e-01 ([92m+[0m) Grad_T = [0m4.766e-04[0m/[0m1.389e-03[0m (rms/max) E (change) = -0.1749224610 ([0m-2.860e-05[0m) Quality = [0m1.914[0m
Constraint                         Current      Target       Diff.
Dihedral 7-8-10-12               -18.50857   -18.51341     0.00483
Hessian Eigenvalues: 1.86692e-04 4.06422e-03 2.07690e-02 ... 8.63613e-01 9.40878e-01 2.28332e+00
Step   17 : Displace = [0m2.976e-01[0m/[0m5.807e-01[0m (rms/max) Trust = 2.961e-01 ([92m+[0m) Grad_T = [0m1.141e-03[0m/[0m2.800e-03[0m (rms/max) E (change) = -0.1748774965 ([91m+4.496e-05[0m) Quality = [91m-0.176[0m
Constraint                         Current      Target       Diff.
Dihedral 7-8-10-12               -18.50347   -18.51341     0.00994
Hessian Eigenvalues: 1.43684e-03 2.44780e-03 2.03048e-02 ... 8.64852e-01 9.40866e-01 2.25279e+00
Step   18 : Displace = [0m1.600e-01[0m/[0m3.530e-01[0m (rms/max) Trust = 1.481e-01 ([91m-[0m) Grad_T = [0m1.508e-03[0m/[0m5.054e-03[0m (rms/max) E (change) = -0.1747318783 ([91m+1.456e-04[0m) Quality = [91m-0.230[0m
Constraint                         Current      Target       Diff.
Dihedral 7-8-10-12               -18.50405   -18.51341     0.00936
Hessian Eigenvalues: 1.77490e-03 3.89008e-03 2.12320e-02 ... 8.68600e-01 9.40895e-01 2.99230e+00
Step   19 : Displace = [0m5.432e-02[0m/[0m1.527e-01[0m (rms/max) Trust = 7.403e-02 ([91m-[0m) Grad_T = [0m4.181e-04[0m/[0m1.164e-03[0m (rms/max) E (change) = -0.1751441143 ([0m-4.122e-04[0m) Quality = [0m0.722[0m
Hessian Eigenvalues: 2.12177e-03 4.14302e-03 2.15590e-02 ... 8.69388e-01 9.40838e-01 2.96666e+00
Step   20 : Displace = [0m7.273e-02[0m/[0m1.400e-01[0m (rms/max) Trust = 7.403e-02 (=) Grad_T = [0m3.733e-04[0m/[0m8.194e-04[0m (rms/max) E (change) = -0.1752274945 ([0m-8.338e-05[0m) Quality = [0m0.966[0m
Constraint                         Current      Target       Diff.
Dihedral 7-8-10-12               -18.51001   -18.51341     0.00339
Hessian Eigenvalues: 2.63049e-03 3.93186e-03 2.04067e-02 ... 8.67934e-01 9.40839e-01 2.96360e+00
Step   21 : Displace = [0m4.947e-03[0m/[0m1.213e-02[0m (rms/max) Trust = 1.047e-01 ([92m+[0m) Grad_T = [92m2.553e-04[0m/[0m5.331e-04[0m (rms/max) E (change) = -0.1752521369 ([0m-2.464e-05[0m) Quality = [0m1.614[0m
Hessian Eigenvalues: 2.33335e-03 3.65909e-03 1.16323e-02 ... 8.70987e-01 9.40505e-01 3.20957e+00
Step   22 : Displace = [0m1.096e-02[0m/[0m2.355e-02[0m (rms/max) Trust = 1.481e-01 ([92m+[0m) Grad_T = [92m9.627e-05[0m/[92m2.461e-04[0m (rms/max) E (change) = -0.1752767072 ([0m-2.457e-05[0m) Quality = [0m1.108[0m
Constraint                         Current      Target       Diff.
Dihedral 7-8-10-12               -18.51864   -18.51341    -0.00524
Hessian Eigenvalues: 2.44710e-03 3.54241e-03 1.03422e-02 ... 8.71890e-01 9.40549e-01 3.14008e+00
Step   23 : Displace = [0m3.878e-03[0m/[0m6.961e-03[0m (rms/max) Trust = 2.094e-01 ([92m+[0m) Grad_T = [92m6.785e-05[0m/[92m1.534e-04[0m (rms/max) E (change) = -0.1752787011 ([0m-1.994e-06[0m) Quality = [0m1.435[0m
Constraint                         Current      Target       Diff.
Dihedral 7-8-10-12               -18.51812   -18.51341    -0.00471
Hessian Eigenvalues: 2.47481e-03 3.36231e-03 1.04234e-02 ... 8.64901e-01 9.40562e-01 2.37830e+00
Step   24 : Displace = [0m1.520e-03[0m/[0m2.909e-03[0m (rms/max) Trust = 2.961e-01 ([92m+[0m) Grad_T = [92m3.734e-05[0m/[92m1.058e-04[0m (rms/max) E (change) = -0.1752795906 ([92m-8.895e-07[0m) Quality = [0m1.266[0m
Constraint                         Current      Target       Diff.
Dihedral 7-8-10-12               -18.51708   -18.51341    -0.00367
Hessian Eigenvalues: 2.50115e-03 3.10506e-03 1.05973e-02 ... 8.63533e-01 9.40425e-01 2.43717e+00
Step   25 : Displace = [0m1.350e-03[0m/[0m2.836e-03[0m (rms/max) Trust = 3.000e-01 ([92m+[0m) Grad_T = [92m2.338e-05[0m/[92m8.995e-05[0m (rms/max) E (change) = -0.1752797489 ([92m-1.582e-07[0m) Quality = [0m1.843[0m
Constraint                         Current      Target       Diff.
Dihedral 7-8-10-12               -18.51591   -18.51341    -0.00251
Hessian Eigenvalues: 2.47814e-03 3.23157e-03 9.76649e-03 ... 8.65814e-01 9.40539e-01 2.52778e+00
Step   26 : Displace = [92m7.693e-04[0m/[92m1.406e-03[0m (rms/max) Trust = 3.000e-01 (=) Grad_T = [92m1.221e-05[0m/[92m4.230e-05[0m (rms/max) E (change) = -0.1752798080 ([92m-5.912e-08[0m) Quality = [0m1.975[0m
Constraint                         Current      Target       Diff.
Dihedral 7-8-10-12               -18.51504   -18.51341    -0.00163
Hessian Eigenvalues: 2.47814e-03 3.23157e-03 9.76649e-03 ... 8.65814e-01 9.40539e-01 2.52778e+00
Converged! =D

    #==========================================================================#
    #| If this code has benefited your research, please support us by citing: |#
    #|                                                                        |#
    #| Wang, L.-P.; Song, C.C. (2016) "Geometry optimization made simple with |#
    #| translation and rotation coordinates", J. Chem, Phys. 144, 214108.     |#
    #| http://dx.doi.org/10.1063/1.4952956                                    |#
    #==========================================================================#
    Time elapsed since start of run_optimizer: 5.645 seconds
