geometric-optimize called with the following command line:
/opt/software/geometric/bin/geometric-optimize --ase-class=ase.calculators.amber.Amber --ase-kwargs={"amber_exe":"sander -O ", "infile":"mdin", "outfile":"dh_6-7-9-11_012.out", "topologyfile":"prmtop", "incoordfile":"dh_6-7-9-11_012.rst7"} --engine ase dh_6-7-9-11_012.xyz constraints.txt

                                        [91m())))))))))))))))/[0m                     
                                    [91m())))))))))))))))))))))))),[0m                
                                [91m*)))))))))))))))))))))))))))))))))[0m             
                        [94m#,[0m    [91m()))))))))/[0m                [91m.)))))))))),[0m          
                      [94m#%%%%,[0m  [91m())))))[0m                        [91m.))))))))*[0m        
                      [94m*%%%%%%,[0m  [91m))[0m              [93m..[0m              [91m,))))))).[0m      
                        [94m*%%%%%%,[0m         [93m***************/.[0m        [91m.)))))))[0m     
                [94m#%%/[0m      [94m(%%%%%%,[0m    [93m/*********************.[0m       [91m)))))))[0m    
              [94m.%%%%%%#[0m      [94m*%%%%%%,[0m  [93m*******/,[0m     [93m**********,[0m      [91m.))))))[0m   
                [94m.%%%%%%/[0m      [94m*%%%%%%,[0m  [93m**[0m              [93m********[0m      [91m.))))))[0m  
          [94m##[0m      [94m.%%%%%%/[0m      [94m(%%%%%%,[0m                  [93m,******[0m      [91m/)))))[0m  
        [94m%%%%%%[0m      [94m.%%%%%%#[0m      [94m*%%%%%%,[0m    [92m,/////.[0m       [93m******[0m      [91m))))))[0m 
      [94m#%[0m      [94m%%[0m      [94m.%%%%%%/[0m      [94m*%%%%%%,[0m  [92m////////,[0m      [93m*****/[0m     [91m,)))))[0m 
    [94m#%%[0m  [94m%%%[0m  [94m%%%#[0m      [94m.%%%%%%/[0m      [94m(%%%%%%,[0m  [92m///////.[0m     [93m/*****[0m      [91m))))).[0m
  [94m#%%%%.[0m      [94m%%%%%#[0m      [94m/%%%%%%*[0m      [94m#%%%%%%[0m   [92m/////)[0m     [93m******[0m      [91m))))),[0m
    [94m#%%%%##%[0m  [94m%%%#[0m      [94m.%%%%%%/[0m      [94m(%%%%%%,[0m  [92m///////.[0m     [93m/*****[0m      [91m))))).[0m
      [94m##[0m     [94m%%%[0m      [94m.%%%%%%/[0m      [94m*%%%%%%,[0m  [92m////////.[0m      [93m*****/[0m     [91m,)))))[0m 
        [94m#%%%%#[0m      [94m/%%%%%%/[0m      [94m(%%%%%%[0m      [92m/)/)//[0m       [93m******[0m      [91m))))))[0m 
          [94m##[0m      [94m.%%%%%%/[0m      [94m(%%%%%%,[0m                  [93m*******[0m      [91m))))))[0m  
                [94m.%%%%%%/[0m      [94m*%%%%%%,[0m  [93m**.[0m             [93m/*******[0m      [91m.))))))[0m  
              [94m*%%%%%%/[0m      [94m(%%%%%%[0m   [93m********/*..,*/*********[0m       [91m*))))))[0m   
                [94m#%%/[0m      [94m(%%%%%%,[0m    [93m*********************/[0m        [91m)))))))[0m    
                        [94m*%%%%%%,[0m         [93m,**************/[0m         [91m,))))))/[0m     
                      [94m(%%%%%%[0m   [91m()[0m                              [91m))))))))[0m       
                      [94m#%%%%,[0m  [91m())))))[0m                        [91m,)))))))),[0m        
                        [94m#,[0m    [91m())))))))))[0m                [91m,)))))))))).[0m          
                                 [91m()))))))))))))))))))))))))))))))/[0m             
                                    [91m())))))))))))))))))))))))).[0m                
                                         [91m())))))))))))))),[0m                     

-=# [1;94m geomeTRIC started. Version: 1.0+41.ga67ca54 [0m #=-
Current date and time: 2024-02-21 09:22:15
ASE-Calculator engine selected. 
   ASE  calculator:ase.calculators.amber.Amber
   ASE calc kwargs:{"amber_exe":"sander -O ", "infile":"mdin", "outfile":"dh_6-7-9-11_012.out", "topologyfile":"prmtop", "incoordfile":"dh_6-7-9-11_012.rst7"}
$freeze
dihedral 7 8 10 12
Bonds will be generated from interatomic distances less than 1.20 times sum of covalent radii
84 internal coordinates being used (instead of 84 Cartesians)
Internal coordinate system (atoms numbered from 1):
Dihedral 7-8-10-12
Distance 1-2
Distance 1-6
Distance 1-25
Distance 2-3
Distance 2-16
Distance 3-4
Distance 3-17
Distance 4-5
Distance 5-6
Distance 5-7
Distance 6-18
Distance 7-8
Distance 7-19
Distance 8-9
Distance 8-10
Distance 10-11
Distance 10-12
Distance 10-14
Distance 11-12
Distance 11-20
Distance 11-21
Distance 12-13
Distance 12-15
Distance 13-22
Distance 13-23
Distance 13-24
Distance 25-26
Distance 25-27
Distance 25-28
Angle 2-1-25
Angle 6-1-25
Angle 1-2-16
Angle 3-2-16
Angle 2-3-17
Angle 4-3-17
Angle 3-4-5
Angle 4-5-7
Angle 6-5-7
Angle 1-6-18
Angle 5-6-18
Angle 5-7-19
Angle 8-7-19
Angle 7-8-10
Angle 9-8-10
Angle 8-10-12
Angle 8-10-14
Angle 11-10-12
Angle 11-10-14
Angle 12-10-14
Angle 10-11-12
Angle 10-11-20
Angle 10-11-21
Angle 12-11-20
Angle 12-11-21
Angle 20-11-21
Angle 10-12-11
Angle 10-12-13
Angle 10-12-15
Angle 11-12-15
Angle 13-12-15
Angle 12-13-22
Angle 12-13-23
Angle 12-13-24
Angle 22-13-23
Angle 22-13-24
Angle 23-13-24
Angle 1-25-26
Angle 1-25-27
Angle 1-25-28
Angle 26-25-27
Angle 26-25-28
Angle 27-25-28
Out-of-Plane 1-2-6-25
Out-of-Plane 2-1-3-16
Out-of-Plane 3-2-4-17
Out-of-Plane 5-4-6-7
Out-of-Plane 6-1-5-18
Out-of-Plane 7-5-8-19
Out-of-Plane 8-7-9-10
Out-of-Plane 10-8-11-14
Out-of-Plane 12-11-13-15
Dihedral 6-1-2-3
Dihedral 6-1-2-16
Dihedral 25-1-2-3
Dihedral 25-1-2-16
Dihedral 2-1-6-5
Dihedral 2-1-6-18
Dihedral 25-1-6-5
Dihedral 25-1-6-18
Dihedral 2-1-25-26
Dihedral 2-1-25-27
Dihedral 2-1-25-28
Dihedral 6-1-25-26
Dihedral 6-1-25-27
Dihedral 6-1-25-28
Dihedral 1-2-3-4
Dihedral 1-2-3-17
Dihedral 16-2-3-4
Dihedral 16-2-3-17
Dihedral 2-3-4-5
Dihedral 17-3-4-5
Dihedral 3-4-5-6
Dihedral 3-4-5-7
Dihedral 4-5-6-1
Dihedral 4-5-6-18
Dihedral 7-5-6-1
Dihedral 7-5-6-18
Dihedral 4-5-7-8
Dihedral 4-5-7-19
Dihedral 6-5-7-8
Dihedral 6-5-7-19
Dihedral 5-7-8-9
Dihedral 5-7-8-10
Dihedral 19-7-8-9
Dihedral 19-7-8-10
Dihedral 7-8-10-11
Dihedral 7-8-10-14
Dihedral 9-8-10-11
Dihedral 9-8-10-12
Dihedral 9-8-10-14
Dihedral 8-10-11-12
Dihedral 8-10-11-20
Dihedral 8-10-11-21
Dihedral 12-10-11-20
Dihedral 12-10-11-21
Dihedral 14-10-11-12
Dihedral 14-10-11-20
Dihedral 14-10-11-21
Dihedral 8-10-12-11
Dihedral 8-10-12-13
Dihedral 8-10-12-15
Dihedral 11-10-12-13
Dihedral 11-10-12-15
Dihedral 14-10-12-11
Dihedral 14-10-12-13
Dihedral 14-10-12-15
Dihedral 10-11-12-13
Dihedral 10-11-12-15
Dihedral 20-11-12-10
Dihedral 20-11-12-13
Dihedral 20-11-12-15
Dihedral 21-11-12-10
Dihedral 21-11-12-13
Dihedral 21-11-12-15
Dihedral 10-12-13-22
Dihedral 10-12-13-23
Dihedral 10-12-13-24
Dihedral 11-12-13-22
Dihedral 11-12-13-23
Dihedral 11-12-13-24
Dihedral 15-12-13-22
Dihedral 15-12-13-23
Dihedral 15-12-13-24
Translation-X 1-28
Translation-Y 1-28
Translation-Z 1-28
Rotation-A 1-28
Rotation-B 1-28
Rotation-C 1-28
<class 'geometric.internal.Dihedral'> : 73
<class 'geometric.internal.Distance'> : 29
<class 'geometric.internal.Angle'> : 43
<class 'geometric.internal.OutOfPlane'> : 9
<class 'geometric.internal.TranslationX'> : 1
<class 'geometric.internal.TranslationY'> : 1
<class 'geometric.internal.TranslationZ'> : 1
<class 'geometric.internal.RotationA'> : 1
<class 'geometric.internal.RotationB'> : 1
<class 'geometric.internal.RotationC'> : 1
Constraint                         Current      Target       Diff.
Dihedral 7-8-10-12               104.91622   104.91622     0.00000
> ===== Optimization Info: ====
> Job type: Energy minimization
> Maximum number of optimization cycles: 300
> Initial / maximum trust radius (Angstrom): 0.100 / 0.300
> Convergence Criteria:
> Will converge when all 5 criteria are reached:
>  |Delta-E| < 1.00e-06
>  RMS-Ortho-Grad < 3.00e-04
>  Max-Ortho-Grad < 4.50e-04
>  RMS-Disp  < 1.20e-03
>  Max-Disp  < 1.80e-03
> 
> Constraints are requested. The following criterion is added:
>  Max Constraint Violation (in Angstroms/degrees) < 1.00e-02 
> === End Optimization Info ===
Step    0 : Gradient = 8.559e-03/1.900e-02 (rms/max) Energy = -0.1744083936
Hessian Eigenvalues: 2.30000e-02 2.30000e-02 2.30000e-02 ... 5.74059e-01 5.82551e-01 9.53292e-01
Step    1 : Displace = [0m1.075e-01[0m/[0m1.986e-01[0m (rms/max) Trust = 1.000e-01 (=) Grad_T = [0m6.645e-03[0m/[0m1.462e-02[0m (rms/max) E (change) = -0.1758295548 ([0m-1.421e-03[0m) Quality = [0m0.180[0m
Hessian Eigenvalues: 2.29983e-02 2.30000e-02 2.30000e-02 ... 5.81739e-01 9.43707e-01 2.34155e+00
Step    2 : Displace = [0m5.401e-02[0m/[0m1.214e-01[0m (rms/max) Trust = 5.000e-02 ([91m-[0m) Grad_T = [0m4.821e-03[0m/[0m1.374e-02[0m (rms/max) E (change) = -0.1778630579 ([0m-2.034e-03[0m) Quality = [0m0.736[0m
Constraint                         Current      Target       Diff.
Dihedral 7-8-10-12               104.90784   104.91622    -0.00838
Hessian Eigenvalues: 2.28131e-02 2.30000e-02 2.30000e-02 ... 5.80920e-01 9.40836e-01 1.97336e+00
Step    3 : Displace = [0m2.609e-02[0m/[0m4.005e-02[0m (rms/max) Trust = 5.000e-02 (=) Grad_T = [0m3.675e-03[0m/[0m1.215e-02[0m (rms/max) E (change) = -0.1781365563 ([0m-2.735e-04[0m) Quality = [0m0.240[0m
Constraint                         Current      Target       Diff.
Dihedral 7-8-10-12               104.89328   104.91622    -0.02294
Hessian Eigenvalues: 2.25986e-02 2.29997e-02 2.30000e-02 ... 6.11437e-01 9.40647e-01 2.00560e+00
Step    4 : Displace = [0m1.269e-02[0m/[0m2.196e-02[0m (rms/max) Trust = 1.305e-02 ([91m-[0m) Grad_T = [0m1.042e-03[0m/[0m2.236e-03[0m (rms/max) E (change) = -0.1785991612 ([0m-4.626e-04[0m) Quality = [0m0.876[0m
Constraint                         Current      Target       Diff.
Dihedral 7-8-10-12               104.90522   104.91622    -0.01101
Hessian Eigenvalues: 2.25998e-02 2.29982e-02 2.30000e-02 ... 6.24249e-01 9.40800e-01 1.97924e+00
Step    5 : Displace = [0m1.404e-02[0m/[0m3.041e-02[0m (rms/max) Trust = 1.845e-02 ([92m+[0m) Grad_T = [0m1.173e-03[0m/[0m3.623e-03[0m (rms/max) E (change) = -0.1786005007 ([0m-1.339e-06[0m) Quality = [0m0.016[0m
Constraint                         Current      Target       Diff.
Dihedral 7-8-10-12               104.91871   104.91622     0.00249
Hessian Eigenvalues: 2.25988e-02 2.27674e-02 2.30000e-02 ... 6.24913e-01 9.40779e-01 2.00103e+00
Step    6 : Displace = [0m6.039e-03[0m/[0m1.177e-02[0m (rms/max) Trust = 7.022e-03 ([91m-[0m) Grad_T = [0m6.170e-04[0m/[0m1.925e-03[0m (rms/max) E (change) = -0.1786408957 ([0m-4.040e-05[0m) Quality = [0m0.650[0m
Constraint                         Current      Target       Diff.
Dihedral 7-8-10-12               104.91748   104.91622     0.00126
Hessian Eigenvalues: 2.23012e-02 2.27573e-02 2.29954e-02 ... 6.57817e-01 9.40568e-01 1.97608e+00
Step    7 : Displace = [0m6.535e-03[0m/[0m1.348e-02[0m (rms/max) Trust = 7.022e-03 (=) Grad_T = [0m4.348e-04[0m/[0m1.208e-03[0m (rms/max) E (change) = -0.1786498387 ([0m-8.943e-06[0m) Quality = [0m0.358[0m
Constraint                         Current      Target       Diff.
Dihedral 7-8-10-12               104.91423   104.91622    -0.00199
Hessian Eigenvalues: 2.17740e-02 2.27232e-02 2.29677e-02 ... 6.39214e-01 9.40594e-01 2.00455e+00
Step    8 : Displace = [0m4.799e-03[0m/[0m1.117e-02[0m (rms/max) Trust = 7.022e-03 (=) Grad_T = [92m1.253e-04[0m/[92m3.064e-04[0m (rms/max) E (change) = -0.1786592776 ([0m-9.439e-06[0m) Quality = [0m1.006[0m
Hessian Eigenvalues: 2.00108e-02 2.21686e-02 2.29663e-02 ... 6.35332e-01 9.40568e-01 1.98185e+00
Step    9 : Displace = [0m3.190e-03[0m/[0m6.021e-03[0m (rms/max) Trust = 9.931e-03 ([92m+[0m) Grad_T = [92m1.680e-04[0m/[92m3.849e-04[0m (rms/max) E (change) = -0.1786602849 ([0m-1.007e-06[0m) Quality = [0m0.571[0m
Hessian Eigenvalues: 9.66098e-03 2.22217e-02 2.29574e-02 ... 6.37675e-01 9.40584e-01 2.03834e+00
Step   10 : Displace = [0m4.339e-03[0m/[0m8.039e-03[0m (rms/max) Trust = 9.931e-03 (=) Grad_T = [92m8.054e-05[0m/[92m2.291e-04[0m (rms/max) E (change) = -0.1786627502 ([0m-2.465e-06[0m) Quality = [0m1.546[0m
Hessian Eigenvalues: 2.98461e-03 2.15856e-02 2.29632e-02 ... 8.32458e-01 9.40682e-01 2.00363e+00
Step   11 : Displace = [0m1.411e-02[0m/[0m2.604e-02[0m (rms/max) Trust = 1.404e-02 ([92m+[0m) Grad_T = [92m1.531e-04[0m/[92m2.934e-04[0m (rms/max) E (change) = -0.1786676990 ([0m-4.949e-06[0m) Quality = [0m1.148[0m
Hessian Eigenvalues: 1.03424e-03 2.03352e-02 2.29643e-02 ... 8.97847e-01 9.42379e-01 2.02106e+00
Step   12 : Displace = [0m2.010e-02[0m/[0m3.767e-02[0m (rms/max) Trust = 1.986e-02 ([92m+[0m) Grad_T = [92m2.535e-04[0m/[0m5.191e-04[0m (rms/max) E (change) = -0.1786760807 ([0m-8.382e-06[0m) Quality = [0m1.422[0m
Constraint                         Current      Target       Diff.
Dihedral 7-8-10-12               104.91507   104.91622    -0.00115
Eigenvalues below 1.0000e-05 (-5.8032e-02) - returning guess
Hessian Eigenvalues: 2.30000e-02 2.30000e-02 2.30000e-02 ... 5.54060e-01 5.73776e-01 9.83771e-01
Step   13 : Displace = [0m6.767e-03[0m/[0m1.021e-02[0m (rms/max) Trust = 2.809e-02 ([92m+[0m) Grad_T = [0m4.127e-04[0m/[0m1.206e-03[0m (rms/max) E (change) = -0.1786739126 ([91m+2.168e-06[0m) Quality = [91m-0.285[0m
Constraint                         Current      Target       Diff.
Dihedral 7-8-10-12               104.91506   104.91622    -0.00116
Hessian Eigenvalues: 1.09447e-02 2.30000e-02 2.30000e-02 ... 5.73567e-01 9.83196e-01 1.14606e+00
Step   14 : Displace = [0m3.228e-03[0m/[0m5.599e-03[0m (rms/max) Trust = 3.384e-03 ([91m-[0m) Grad_T = [0m3.205e-04[0m/[0m8.416e-04[0m (rms/max) E (change) = -0.1786807449 ([0m-6.832e-06[0m) Quality = [0m0.794[0m
Hessian Eigenvalues: 1.10730e-02 2.29998e-02 2.30000e-02 ... 5.73518e-01 9.83388e-01 2.02680e+00
Step   15 : Displace = [0m4.743e-03[0m/[0m9.617e-03[0m (rms/max) Trust = 4.785e-03 ([92m+[0m) Grad_T = [0m5.958e-04[0m/[0m1.787e-03[0m (rms/max) E (change) = -0.1786731901 ([91m+7.555e-06[0m) Quality = [91m-0.681[0m
Hessian Eigenvalues: 9.68475e-03 2.28488e-02 2.30000e-02 ... 6.62137e-01 9.83328e-01 2.04694e+00
Step   16 : Displace = [0m2.523e-03[0m/[0m5.289e-03[0m (rms/max) Trust = 2.372e-03 ([91m-[0m) Grad_T = [92m1.589e-04[0m/[92m4.040e-04[0m (rms/max) E (change) = -0.1786866514 ([0m-1.346e-05[0m) Quality = [0m0.996[0m
Hessian Eigenvalues: 9.48695e-03 2.28570e-02 2.29998e-02 ... 6.74160e-01 9.83334e-01 2.07444e+00
Step   17 : Displace = [0m3.096e-03[0m/[0m5.862e-03[0m (rms/max) Trust = 3.354e-03 ([92m+[0m) Grad_T = [92m1.290e-04[0m/[92m3.566e-04[0m (rms/max) E (change) = -0.1786899360 ([0m-3.285e-06[0m) Quality = [0m0.959[0m
Hessian Eigenvalues: 4.59880e-03 2.28191e-02 2.29904e-02 ... 6.65133e-01 9.83366e-01 2.08490e+00
Step   18 : Displace = [0m4.784e-03[0m/[0m9.006e-03[0m (rms/max) Trust = 4.743e-03 ([92m+[0m) Grad_T = [92m1.330e-04[0m/[92m3.535e-04[0m (rms/max) E (change) = -0.1786941633 ([0m-4.227e-06[0m) Quality = [0m1.008[0m
Hessian Eigenvalues: 1.61281e-03 2.26872e-02 2.29870e-02 ... 9.22782e-01 9.83443e-01 2.05966e+00
Step   19 : Displace = [0m6.818e-03[0m/[0m1.263e-02[0m (rms/max) Trust = 6.708e-03 ([92m+[0m) Grad_T = [92m1.409e-04[0m/[92m4.231e-04[0m (rms/max) E (change) = -0.1787003630 ([0m-6.200e-06[0m) Quality = [0m1.057[0m
Hessian Eigenvalues: 2.30286e-04 2.25772e-02 2.29887e-02 ... 9.83131e-01 1.01987e+00 2.00472e+00
Step   20 : Displace = [0m9.655e-03[0m/[0m1.780e-02[0m (rms/max) Trust = 9.486e-03 ([92m+[0m) Grad_T = [92m1.565e-04[0m/[0m4.638e-04[0m (rms/max) E (change) = -0.1787093768 ([0m-9.014e-06[0m) Quality = [0m1.033[0m
Hessian Eigenvalues: 1.32272e-05 2.19298e-02 2.28952e-02 ... 9.83215e-01 1.77525e+00 3.05599e+00
Step   21 : Displace = [0m1.362e-02[0m/[0m2.521e-02[0m (rms/max) Trust = 1.342e-02 ([92m+[0m) Grad_T = [92m2.234e-04[0m/[0m5.274e-04[0m (rms/max) E (change) = -0.1787223399 ([0m-1.296e-05[0m) Quality = [0m1.014[0m
Eigenvalues below 1.0000e-05 (3.0774e-06) - returning guess
Hessian Eigenvalues: 2.30000e-02 2.30000e-02 2.30000e-02 ... 5.54120e-01 5.73802e-01 9.83411e-01
Step   22 : Displace = [0m9.156e-03[0m/[0m1.711e-02[0m (rms/max) Trust = 1.897e-02 ([92m+[0m) Grad_T = [0m3.157e-04[0m/[0m9.397e-04[0m (rms/max) E (change) = -0.1787286804 ([0m-6.340e-06[0m) Quality = [0m0.835[0m
Hessian Eigenvalues: 5.77944e-03 2.30000e-02 2.30000e-02 ... 5.72835e-01 9.27562e-01 9.85548e-01
Step   23 : Displace = [0m2.706e-02[0m/[0m4.995e-02[0m (rms/max) Trust = 2.683e-02 ([92m+[0m) Grad_T = [0m7.414e-04[0m/[0m2.140e-03[0m (rms/max) E (change) = -0.1787250342 ([91m+3.646e-06[0m) Quality = [91m-0.173[0m
Hessian Eigenvalues: 1.91071e-03 2.28772e-02 2.30000e-02 ... 5.75378e-01 9.83202e-01 2.15000e+00
Step   24 : Displace = [0m1.452e-02[0m/[0m2.565e-02[0m (rms/max) Trust = 1.342e-02 ([91m-[0m) Grad_T = [0m4.400e-04[0m/[0m1.488e-03[0m (rms/max) E (change) = -0.1787748920 ([0m-4.986e-05[0m) Quality = [0m1.057[0m
Hessian Eigenvalues: 1.73408e-03 2.28470e-02 2.30000e-02 ... 5.89525e-01 9.83042e-01 2.05984e+00
Step   25 : Displace = [0m1.940e-02[0m/[0m3.454e-02[0m (rms/max) Trust = 1.897e-02 ([92m+[0m) Grad_T = [0m4.312e-04[0m/[0m1.193e-03[0m (rms/max) E (change) = -0.1788026839 ([0m-2.779e-05[0m) Quality = [0m0.745[0m
Constraint                         Current      Target       Diff.
Dihedral 7-8-10-12               104.91780   104.91622     0.00158
Hessian Eigenvalues: 1.14864e-03 2.24261e-02 2.30000e-02 ... 6.51007e-01 9.83006e-01 2.18318e+00
Step   26 : Displace = [0m1.800e-02[0m/[0m3.448e-02[0m (rms/max) Trust = 1.897e-02 (=) Grad_T = [92m2.632e-04[0m/[0m7.795e-04[0m (rms/max) E (change) = -0.1788362275 ([0m-3.354e-05[0m) Quality = [0m1.110[0m
Hessian Eigenvalues: 5.13582e-04 2.23743e-02 2.29752e-02 ... 7.40439e-01 9.82987e-01 1.88578e+00
Step   27 : Displace = [0m2.605e-02[0m/[0m4.998e-02[0m (rms/max) Trust = 2.683e-02 ([92m+[0m) Grad_T = [92m2.894e-04[0m/[0m7.368e-04[0m (rms/max) E (change) = -0.1788774764 ([0m-4.125e-05[0m) Quality = [0m0.977[0m
Hessian Eigenvalues: 3.30955e-04 2.22007e-02 2.28021e-02 ... 8.80386e-01 9.82897e-01 1.49679e+00
Step   28 : Displace = [0m3.722e-02[0m/[0m7.165e-02[0m (rms/max) Trust = 3.794e-02 ([92m+[0m) Grad_T = [0m3.258e-04[0m/[0m1.024e-03[0m (rms/max) E (change) = -0.1789355055 ([0m-5.803e-05[0m) Quality = [0m1.007[0m
Hessian Eigenvalues: 4.98202e-04 2.10043e-02 2.26989e-02 ... 8.28578e-01 9.82882e-01 1.59588e+00
Step   29 : Displace = [0m5.243e-02[0m/[0m1.020e-01[0m (rms/max) Trust = 5.366e-02 ([92m+[0m) Grad_T = [92m2.977e-04[0m/[0m7.342e-04[0m (rms/max) E (change) = -0.1790108731 ([0m-7.537e-05[0m) Quality = [0m0.969[0m
Hessian Eigenvalues: 1.09975e-03 1.90917e-02 2.26703e-02 ... 7.59176e-01 9.82858e-01 1.47170e+00
Step   30 : Displace = [0m7.515e-02[0m/[0m1.490e-01[0m (rms/max) Trust = 7.589e-02 ([92m+[0m) Grad_T = [92m2.804e-04[0m/[0m6.671e-04[0m (rms/max) E (change) = -0.1790632549 ([0m-5.238e-05[0m) Quality = [0m0.712[0m
Hessian Eigenvalues: 2.18885e-03 1.92884e-02 2.28477e-02 ... 7.40635e-01 9.82860e-01 1.45057e+00
Step   31 : Displace = [0m1.982e-02[0m/[0m3.915e-02[0m (rms/max) Trust = 7.589e-02 (=) Grad_T = [0m4.032e-04[0m/[0m1.233e-03[0m (rms/max) E (change) = -0.1790574445 ([91m+5.810e-06[0m) Quality = [91m-0.313[0m
Hessian Eigenvalues: 2.41105e-03 2.11738e-02 2.28010e-02 ... 7.43026e-01 9.82857e-01 1.66524e+00
Step   32 : Displace = [0m1.089e-02[0m/[0m2.036e-02[0m (rms/max) Trust = 9.912e-03 ([91m-[0m) Grad_T = [92m6.667e-05[0m/[92m1.957e-04[0m (rms/max) E (change) = -0.1790724543 ([0m-1.501e-05[0m) Quality = [0m0.991[0m
Hessian Eigenvalues: 2.36308e-03 2.15125e-02 2.27938e-02 ... 7.47734e-01 9.82840e-01 1.69438e+00
Step   33 : Displace = [0m2.640e-03[0m/[0m4.307e-03[0m (rms/max) Trust = 1.402e-02 ([92m+[0m) Grad_T = [92m9.272e-05[0m/[92m2.727e-04[0m (rms/max) E (change) = -0.1790723974 ([92m+5.689e-08[0m) Quality = [91m-0.107[0m
Hessian Eigenvalues: 2.50817e-03 2.01229e-02 2.23740e-02 ... 7.64281e-01 9.82691e-01 1.70807e+00
Step   34 : Displace = [0m1.304e-03[0m/[0m2.446e-03[0m (rms/max) Trust = 1.320e-03 ([91m-[0m) Grad_T = [92m3.042e-05[0m/[92m6.581e-05[0m (rms/max) E (change) = -0.1790727560 ([92m-3.586e-07[0m) Quality = [0m0.932[0m
Hessian Eigenvalues: 2.45980e-03 1.99725e-02 2.24916e-02 ... 7.65111e-01 9.82749e-01 1.71403e+00
Step   35 : Displace = [92m6.052e-04[0m/[92m1.117e-03[0m (rms/max) Trust = 1.867e-03 ([92m+[0m) Grad_T = [92m3.388e-05[0m/[92m8.665e-05[0m (rms/max) E (change) = -0.1790727533 ([92m+2.709e-09[0m) Quality = [91m-0.037[0m
Hessian Eigenvalues: 2.45980e-03 1.99725e-02 2.24916e-02 ... 7.65111e-01 9.82749e-01 1.71403e+00
Converged! =D

    #==========================================================================#
    #| If this code has benefited your research, please support us by citing: |#
    #|                                                                        |#
    #| Wang, L.-P.; Song, C.C. (2016) "Geometry optimization made simple with |#
    #| translation and rotation coordinates", J. Chem, Phys. 144, 214108.     |#
    #| http://dx.doi.org/10.1063/1.4952956                                    |#
    #==========================================================================#
    Time elapsed since start of run_optimizer: 8.224 seconds
