geometric-optimize called with the following command line:
/opt/software/geometric/bin/geometric-optimize --ase-class=ase.calculators.amber.Amber --ase-kwargs={"amber_exe":"sander -O ", "infile":"mdin", "outfile":"dh_6-7-9-11_018.out", "topologyfile":"prmtop", "incoordfile":"dh_6-7-9-11_018.rst7"} --engine ase dh_6-7-9-11_018.xyz constraints.txt

                                        [91m())))))))))))))))/[0m                     
                                    [91m())))))))))))))))))))))))),[0m                
                                [91m*)))))))))))))))))))))))))))))))))[0m             
                        [94m#,[0m    [91m()))))))))/[0m                [91m.)))))))))),[0m          
                      [94m#%%%%,[0m  [91m())))))[0m                        [91m.))))))))*[0m        
                      [94m*%%%%%%,[0m  [91m))[0m              [93m..[0m              [91m,))))))).[0m      
                        [94m*%%%%%%,[0m         [93m***************/.[0m        [91m.)))))))[0m     
                [94m#%%/[0m      [94m(%%%%%%,[0m    [93m/*********************.[0m       [91m)))))))[0m    
              [94m.%%%%%%#[0m      [94m*%%%%%%,[0m  [93m*******/,[0m     [93m**********,[0m      [91m.))))))[0m   
                [94m.%%%%%%/[0m      [94m*%%%%%%,[0m  [93m**[0m              [93m********[0m      [91m.))))))[0m  
          [94m##[0m      [94m.%%%%%%/[0m      [94m(%%%%%%,[0m                  [93m,******[0m      [91m/)))))[0m  
        [94m%%%%%%[0m      [94m.%%%%%%#[0m      [94m*%%%%%%,[0m    [92m,/////.[0m       [93m******[0m      [91m))))))[0m 
      [94m#%[0m      [94m%%[0m      [94m.%%%%%%/[0m      [94m*%%%%%%,[0m  [92m////////,[0m      [93m*****/[0m     [91m,)))))[0m 
    [94m#%%[0m  [94m%%%[0m  [94m%%%#[0m      [94m.%%%%%%/[0m      [94m(%%%%%%,[0m  [92m///////.[0m     [93m/*****[0m      [91m))))).[0m
  [94m#%%%%.[0m      [94m%%%%%#[0m      [94m/%%%%%%*[0m      [94m#%%%%%%[0m   [92m/////)[0m     [93m******[0m      [91m))))),[0m
    [94m#%%%%##%[0m  [94m%%%#[0m      [94m.%%%%%%/[0m      [94m(%%%%%%,[0m  [92m///////.[0m     [93m/*****[0m      [91m))))).[0m
      [94m##[0m     [94m%%%[0m      [94m.%%%%%%/[0m      [94m*%%%%%%,[0m  [92m////////.[0m      [93m*****/[0m     [91m,)))))[0m 
        [94m#%%%%#[0m      [94m/%%%%%%/[0m      [94m(%%%%%%[0m      [92m/)/)//[0m       [93m******[0m      [91m))))))[0m 
          [94m##[0m      [94m.%%%%%%/[0m      [94m(%%%%%%,[0m                  [93m*******[0m      [91m))))))[0m  
                [94m.%%%%%%/[0m      [94m*%%%%%%,[0m  [93m**.[0m             [93m/*******[0m      [91m.))))))[0m  
              [94m*%%%%%%/[0m      [94m(%%%%%%[0m   [93m********/*..,*/*********[0m       [91m*))))))[0m   
                [94m#%%/[0m      [94m(%%%%%%,[0m    [93m*********************/[0m        [91m)))))))[0m    
                        [94m*%%%%%%,[0m         [93m,**************/[0m         [91m,))))))/[0m     
                      [94m(%%%%%%[0m   [91m()[0m                              [91m))))))))[0m       
                      [94m#%%%%,[0m  [91m())))))[0m                        [91m,)))))))),[0m        
                        [94m#,[0m    [91m())))))))))[0m                [91m,)))))))))).[0m          
                                 [91m()))))))))))))))))))))))))))))))/[0m             
                                    [91m())))))))))))))))))))))))).[0m                
                                         [91m())))))))))))))),[0m                     

-=# [1;94m geomeTRIC started. Version: 1.0+41.ga67ca54 [0m #=-
Current date and time: 2024-02-21 09:22:55
ASE-Calculator engine selected. 
   ASE  calculator:ase.calculators.amber.Amber
   ASE calc kwargs:{"amber_exe":"sander -O ", "infile":"mdin", "outfile":"dh_6-7-9-11_018.out", "topologyfile":"prmtop", "incoordfile":"dh_6-7-9-11_018.rst7"}
$freeze
dihedral 7 8 10 12
Bonds will be generated from interatomic distances less than 1.20 times sum of covalent radii
84 internal coordinates being used (instead of 84 Cartesians)
Internal coordinate system (atoms numbered from 1):
Dihedral 7-8-10-12
Distance 1-2
Distance 1-6
Distance 1-25
Distance 2-3
Distance 2-16
Distance 3-4
Distance 3-17
Distance 4-5
Distance 5-6
Distance 5-7
Distance 6-18
Distance 7-8
Distance 7-19
Distance 8-9
Distance 8-10
Distance 10-11
Distance 10-12
Distance 10-14
Distance 11-12
Distance 11-20
Distance 11-21
Distance 12-13
Distance 12-15
Distance 13-22
Distance 13-23
Distance 13-24
Distance 25-26
Distance 25-27
Distance 25-28
Angle 2-1-25
Angle 6-1-25
Angle 1-2-16
Angle 3-2-16
Angle 2-3-17
Angle 4-3-17
Angle 3-4-5
Angle 4-5-7
Angle 6-5-7
Angle 1-6-18
Angle 5-6-18
Angle 5-7-19
Angle 8-7-19
Angle 7-8-10
Angle 9-8-10
Angle 8-10-11
Angle 8-10-12
Angle 8-10-14
Angle 11-10-12
Angle 11-10-14
Angle 12-10-14
Angle 10-11-12
Angle 10-11-20
Angle 10-11-21
Angle 12-11-20
Angle 12-11-21
Angle 20-11-21
Angle 10-12-11
Angle 10-12-13
Angle 10-12-15
Angle 11-12-13
Angle 11-12-15
Angle 13-12-15
Angle 12-13-22
Angle 12-13-23
Angle 12-13-24
Angle 22-13-23
Angle 22-13-24
Angle 23-13-24
Angle 1-25-26
Angle 1-25-27
Angle 1-25-28
Angle 26-25-27
Angle 26-25-28
Angle 27-25-28
Out-of-Plane 1-2-6-25
Out-of-Plane 2-1-3-16
Out-of-Plane 3-2-4-17
Out-of-Plane 5-4-6-7
Out-of-Plane 6-1-5-18
Out-of-Plane 7-5-8-19
Out-of-Plane 8-7-9-10
Dihedral 6-1-2-3
Dihedral 6-1-2-16
Dihedral 25-1-2-3
Dihedral 25-1-2-16
Dihedral 2-1-6-5
Dihedral 2-1-6-18
Dihedral 25-1-6-5
Dihedral 25-1-6-18
Dihedral 2-1-25-26
Dihedral 2-1-25-27
Dihedral 2-1-25-28
Dihedral 6-1-25-26
Dihedral 6-1-25-27
Dihedral 6-1-25-28
Dihedral 1-2-3-4
Dihedral 1-2-3-17
Dihedral 16-2-3-4
Dihedral 16-2-3-17
Dihedral 2-3-4-5
Dihedral 17-3-4-5
Dihedral 3-4-5-6
Dihedral 3-4-5-7
Dihedral 4-5-6-1
Dihedral 4-5-6-18
Dihedral 7-5-6-1
Dihedral 7-5-6-18
Dihedral 4-5-7-8
Dihedral 4-5-7-19
Dihedral 6-5-7-8
Dihedral 6-5-7-19
Dihedral 5-7-8-9
Dihedral 5-7-8-10
Dihedral 19-7-8-9
Dihedral 19-7-8-10
Dihedral 7-8-10-11
Dihedral 7-8-10-14
Dihedral 9-8-10-11
Dihedral 9-8-10-12
Dihedral 9-8-10-14
Dihedral 8-10-11-12
Dihedral 8-10-11-20
Dihedral 8-10-11-21
Dihedral 12-10-11-20
Dihedral 12-10-11-21
Dihedral 14-10-11-12
Dihedral 14-10-11-20
Dihedral 14-10-11-21
Dihedral 8-10-12-11
Dihedral 8-10-12-13
Dihedral 8-10-12-15
Dihedral 11-10-12-13
Dihedral 11-10-12-15
Dihedral 14-10-12-11
Dihedral 14-10-12-13
Dihedral 14-10-12-15
Dihedral 10-11-12-13
Dihedral 10-11-12-15
Dihedral 20-11-12-10
Dihedral 20-11-12-13
Dihedral 20-11-12-15
Dihedral 21-11-12-10
Dihedral 21-11-12-13
Dihedral 21-11-12-15
Dihedral 10-12-13-22
Dihedral 10-12-13-23
Dihedral 10-12-13-24
Dihedral 11-12-13-22
Dihedral 11-12-13-23
Dihedral 11-12-13-24
Dihedral 15-12-13-22
Dihedral 15-12-13-23
Dihedral 15-12-13-24
Translation-X 1-28
Translation-Y 1-28
Translation-Z 1-28
Rotation-A 1-28
Rotation-B 1-28
Rotation-C 1-28
<class 'geometric.internal.Dihedral'> : 73
<class 'geometric.internal.Distance'> : 29
<class 'geometric.internal.Angle'> : 45
<class 'geometric.internal.OutOfPlane'> : 7
<class 'geometric.internal.TranslationX'> : 1
<class 'geometric.internal.TranslationY'> : 1
<class 'geometric.internal.TranslationZ'> : 1
<class 'geometric.internal.RotationA'> : 1
<class 'geometric.internal.RotationB'> : 1
<class 'geometric.internal.RotationC'> : 1
Constraint                         Current      Target       Diff.
Dihedral 7-8-10-12                43.19928    43.19928     0.00000
> ===== Optimization Info: ====
> Job type: Energy minimization
> Maximum number of optimization cycles: 300
> Initial / maximum trust radius (Angstrom): 0.100 / 0.300
> Convergence Criteria:
> Will converge when all 5 criteria are reached:
>  |Delta-E| < 1.00e-06
>  RMS-Ortho-Grad < 3.00e-04
>  Max-Ortho-Grad < 4.50e-04
>  RMS-Disp  < 1.20e-03
>  Max-Disp  < 1.80e-03
> 
> Constraints are requested. The following criterion is added:
>  Max Constraint Violation (in Angstroms/degrees) < 1.00e-02 
> === End Optimization Info ===
Step    0 : Gradient = 1.012e-02/2.085e-02 (rms/max) Energy = -0.1711262310
Hessian Eigenvalues: 2.30000e-02 2.30000e-02 2.30000e-02 ... 5.73197e-01 5.82357e-01 9.46248e-01
Step    1 : Displace = [0m1.037e-01[0m/[0m2.125e-01[0m (rms/max) Trust = 1.000e-01 (=) Grad_T = [0m8.257e-03[0m/[0m1.917e-02[0m (rms/max) E (change) = -0.1734256760 ([0m-2.299e-03[0m) Quality = [0m0.266[0m
Hessian Eigenvalues: 2.29957e-02 2.30000e-02 2.30000e-02 ... 5.81217e-01 9.33350e-01 2.60991e+00
Step    2 : Displace = [0m4.187e-02[0m/[0m1.021e-01[0m (rms/max) Trust = 1.000e-01 (=) Grad_T = [0m5.663e-03[0m/[0m1.420e-02[0m (rms/max) E (change) = -0.1760958891 ([0m-2.670e-03[0m) Quality = [0m0.780[0m
Constraint                         Current      Target       Diff.
Dihedral 7-8-10-12                43.24315    43.19928     0.04387
Hessian Eigenvalues: 2.14810e-02 2.30000e-02 2.30000e-02 ... 5.80226e-01 9.30538e-01 2.43797e+00
Step    3 : Displace = [0m3.160e-02[0m/[0m6.705e-02[0m (rms/max) Trust = 1.414e-01 ([92m+[0m) Grad_T = [0m3.927e-03[0m/[0m1.232e-02[0m (rms/max) E (change) = -0.1766858233 ([0m-5.899e-04[0m) Quality = [0m0.370[0m
Constraint                         Current      Target       Diff.
Dihedral 7-8-10-12                43.22462    43.19928     0.02534
Hessian Eigenvalues: 2.11198e-02 2.28720e-02 2.30000e-02 ... 5.82066e-01 9.30480e-01 2.45579e+00
Step    4 : Displace = [0m2.149e-02[0m/[0m4.062e-02[0m (rms/max) Trust = 1.414e-01 (=) Grad_T = [0m1.461e-03[0m/[0m4.088e-03[0m (rms/max) E (change) = -0.1771791108 ([0m-4.933e-04[0m) Quality = [0m0.763[0m
Hessian Eigenvalues: 2.09276e-02 2.24916e-02 2.29985e-02 ... 6.17435e-01 9.30491e-01 2.44225e+00
Step    5 : Displace = [0m2.235e-02[0m/[0m5.433e-02[0m (rms/max) Trust = 2.000e-01 ([92m+[0m) Grad_T = [0m9.093e-04[0m/[0m2.606e-03[0m (rms/max) E (change) = -0.1772772417 ([0m-9.813e-05[0m) Quality = [0m0.621[0m
Constraint                         Current      Target       Diff.
Dihedral 7-8-10-12                43.21180    43.19928     0.01252
Hessian Eigenvalues: 1.79834e-02 2.23254e-02 2.29427e-02 ... 5.93349e-01 9.30603e-01 2.45088e+00
Step    6 : Displace = [0m8.794e-03[0m/[0m2.570e-02[0m (rms/max) Trust = 2.000e-01 (=) Grad_T = [0m7.070e-04[0m/[0m2.152e-03[0m (rms/max) E (change) = -0.1773318975 ([0m-5.466e-05[0m) Quality = [0m0.894[0m
Constraint                         Current      Target       Diff.
Dihedral 7-8-10-12                43.20598    43.19928     0.00670
Hessian Eigenvalues: 9.96567e-03 2.23021e-02 2.27560e-02 ... 6.30839e-01 9.30802e-01 2.46636e+00
Step    7 : Displace = [0m1.009e-02[0m/[0m3.635e-02[0m (rms/max) Trust = 2.828e-01 ([92m+[0m) Grad_T = [0m7.538e-04[0m/[0m2.364e-03[0m (rms/max) E (change) = -0.1773770434 ([0m-4.515e-05[0m) Quality = [0m0.731[0m
Hessian Eigenvalues: 5.52519e-03 2.23211e-02 2.27926e-02 ... 6.73201e-01 9.31735e-01 2.50395e+00
Step    8 : Displace = [0m1.423e-02[0m/[0m5.146e-02[0m (rms/max) Trust = 2.828e-01 (=) Grad_T = [0m5.655e-04[0m/[0m1.381e-03[0m (rms/max) E (change) = -0.1774511454 ([0m-7.410e-05[0m) Quality = [0m1.523[0m
Constraint                         Current      Target       Diff.
Dihedral 7-8-10-12                43.20453    43.19928     0.00525
Hessian Eigenvalues: 2.12912e-03 2.18233e-02 2.27727e-02 ... 6.80870e-01 9.30125e-01 2.43956e+00
Step    9 : Displace = [0m4.390e-02[0m/[0m1.628e-01[0m (rms/max) Trust = 3.000e-01 ([92m+[0m) Grad_T = [0m6.209e-04[0m/[0m1.824e-03[0m (rms/max) E (change) = -0.1775705398 ([0m-1.194e-04[0m) Quality = [0m1.090[0m
Constraint                         Current      Target       Diff.
Dihedral 7-8-10-12                43.20737    43.19928     0.00809
Hessian Eigenvalues: 1.25277e-03 2.19046e-02 2.27490e-02 ... 6.95374e-01 9.30050e-01 2.53598e+00
Step   10 : Displace = [0m2.498e-02[0m/[0m7.904e-02[0m (rms/max) Trust = 3.000e-01 (=) Grad_T = [0m1.016e-03[0m/[0m3.481e-03[0m (rms/max) E (change) = -0.1775881258 ([0m-1.759e-05[0m) Quality = [0m0.332[0m
Constraint                         Current      Target       Diff.
Dihedral 7-8-10-12                43.20670    43.19928     0.00742
Hessian Eigenvalues: 1.04238e-03 2.18867e-02 2.25358e-02 ... 7.73071e-01 9.30084e-01 2.46040e+00
Step   11 : Displace = [0m9.827e-03[0m/[0m2.273e-02[0m (rms/max) Trust = 3.000e-01 (=) Grad_T = [0m3.580e-04[0m/[0m1.133e-03[0m (rms/max) E (change) = -0.1776409014 ([0m-5.278e-05[0m) Quality = [0m1.127[0m
Constraint                         Current      Target       Diff.
Dihedral 7-8-10-12                43.20948    43.19928     0.01020
Hessian Eigenvalues: 1.08700e-03 1.80916e-02 2.22965e-02 ... 7.89422e-01 9.30065e-01 2.43543e+00
Step   12 : Displace = [0m8.413e-03[0m/[0m2.001e-02[0m (rms/max) Trust = 3.000e-01 (=) Grad_T = [92m1.464e-04[0m/[92m4.269e-04[0m (rms/max) E (change) = -0.1776551337 ([0m-1.423e-05[0m) Quality = [0m1.242[0m
Constraint                         Current      Target       Diff.
Dihedral 7-8-10-12                43.20595    43.19928     0.00667
Hessian Eigenvalues: 1.16696e-03 1.14272e-02 2.22856e-02 ... 8.44551e-01 9.30345e-01 2.40322e+00
Step   13 : Displace = [0m5.902e-03[0m/[0m1.216e-02[0m (rms/max) Trust = 3.000e-01 (=) Grad_T = [92m6.576e-05[0m/[92m1.676e-04[0m (rms/max) E (change) = -0.1776590259 ([0m-3.892e-06[0m) Quality = [0m1.230[0m
Constraint                         Current      Target       Diff.
Dihedral 7-8-10-12                43.20500    43.19928     0.00572
Hessian Eigenvalues: 1.15709e-03 8.93055e-03 2.22697e-02 ... 7.98459e-01 9.29707e-01 2.39548e+00
Step   14 : Displace = [0m4.133e-03[0m/[0m7.984e-03[0m (rms/max) Trust = 3.000e-01 (=) Grad_T = [92m5.960e-05[0m/[92m1.624e-04[0m (rms/max) E (change) = -0.1776601474 ([0m-1.121e-06[0m) Quality = [0m1.799[0m
Constraint                         Current      Target       Diff.
Dihedral 7-8-10-12                43.20349    43.19928     0.00421
Hessian Eigenvalues: 1.02982e-03 3.37997e-03 2.11679e-02 ... 9.27623e-01 9.60807e-01 2.44619e+00
Step   15 : Displace = [0m1.594e-02[0m/[0m2.872e-02[0m (rms/max) Trust = 3.000e-01 (=) Grad_T = [92m1.651e-04[0m/[0m4.913e-04[0m (rms/max) E (change) = -0.1776639964 ([0m-3.849e-06[0m) Quality = [0m1.713[0m
Constraint                         Current      Target       Diff.
Dihedral 7-8-10-12                43.20301    43.19928     0.00373
Hessian Eigenvalues: 4.15854e-04 1.63279e-03 2.02192e-02 ... 9.27842e-01 1.29191e+00 2.49586e+00
Step   16 : Displace = [0m8.077e-02[0m/[0m1.437e-01[0m (rms/max) Trust = 3.000e-01 (=) Grad_T = [0m6.585e-04[0m/[0m1.924e-03[0m (rms/max) E (change) = -0.1776802014 ([0m-1.621e-05[0m) Quality = [0m1.512[0m
Constraint                         Current      Target       Diff.
Dihedral 7-8-10-12                43.20492    43.19928     0.00564
Hessian Eigenvalues: 2.33189e-04 1.50445e-03 2.00645e-02 ... 9.27919e-01 1.62592e+00 3.12934e+00
Step   17 : Displace = [0m1.006e-01[0m/[0m1.833e-01[0m (rms/max) Trust = 3.000e-01 (=) Grad_T = [0m1.173e-03[0m/[0m3.310e-03[0m (rms/max) E (change) = -0.1776695072 ([91m+1.069e-05[0m) Quality = [91m-0.692[0m
Constraint                         Current      Target       Diff.
Dihedral 7-8-10-12                43.20558    43.19928     0.00630
Hessian Eigenvalues: 9.94747e-04 1.74548e-03 1.88520e-02 ... 9.27887e-01 1.33364e+00 3.38845e+00
Step   18 : Displace = [0m3.484e-02[0m/[0m6.686e-02[0m (rms/max) Trust = 5.029e-02 ([91m-[0m) Grad_T = [0m8.032e-04[0m/[0m2.323e-03[0m (rms/max) E (change) = -0.1777424894 ([0m-7.298e-05[0m) Quality = [0m1.281[0m
Constraint                         Current      Target       Diff.
Dihedral 7-8-10-12                43.20272    43.19928     0.00344
Hessian Eigenvalues: 1.19220e-03 2.36280e-03 1.61227e-02 ... 9.26171e-01 9.54317e-01 3.07121e+00
Step   19 : Displace = [0m6.227e-02[0m/[0m1.228e-01[0m (rms/max) Trust = 7.113e-02 ([92m+[0m) Grad_T = [0m6.304e-04[0m/[0m1.576e-03[0m (rms/max) E (change) = -0.1778699612 ([0m-1.275e-04[0m) Quality = [0m1.846[0m
Constraint                         Current      Target       Diff.
Dihedral 7-8-10-12                43.20232    43.19928     0.00304
Hessian Eigenvalues: 3.22772e-04 1.24666e-03 1.61122e-02 ... 9.11210e-01 9.32454e-01 3.81049e+00
Step   20 : Displace = [0m9.762e-02[0m/[0m1.929e-01[0m (rms/max) Trust = 1.006e-01 ([92m+[0m) Grad_T = [0m3.210e-04[0m/[0m7.087e-04[0m (rms/max) E (change) = -0.1780434968 ([0m-1.735e-04[0m) Quality = [0m0.950[0m
Constraint                         Current      Target       Diff.
Dihedral 7-8-10-12                43.20139    43.19928     0.00211
Hessian Eigenvalues: 1.13653e-03 1.22920e-03 9.30488e-03 ... 8.83637e-01 9.35228e-01 3.82058e+00
Step   21 : Displace = [0m1.025e-01[0m/[0m2.054e-01[0m (rms/max) Trust = 1.423e-01 ([92m+[0m) Grad_T = [0m4.269e-04[0m/[0m1.260e-03[0m (rms/max) E (change) = -0.1780606994 ([0m-1.720e-05[0m) Quality = [0m0.257[0m
Constraint                         Current      Target       Diff.
Dihedral 7-8-10-12                43.20071    43.19928     0.00143
Hessian Eigenvalues: 1.16985e-03 3.18742e-03 6.69270e-03 ... 8.90084e-01 9.34416e-01 3.85984e+00
Step   22 : Displace = [0m6.436e-02[0m/[0m1.223e-01[0m (rms/max) Trust = 1.423e-01 (=) Grad_T = [0m4.486e-04[0m/[0m9.354e-04[0m (rms/max) E (change) = -0.1780803418 ([0m-1.964e-05[0m) Quality = [0m0.356[0m
Constraint                         Current      Target       Diff.
Dihedral 7-8-10-12                43.19727    43.19928    -0.00201
Hessian Eigenvalues: 1.20180e-03 3.06959e-03 1.02880e-02 ... 8.78284e-01 9.33190e-01 3.94579e+00
Step   23 : Displace = [0m1.129e-02[0m/[0m2.243e-02[0m (rms/max) Trust = 1.423e-01 (=) Grad_T = [92m1.201e-04[0m/[92m2.524e-04[0m (rms/max) E (change) = -0.1780999307 ([0m-1.959e-05[0m) Quality = [0m0.738[0m
Constraint                         Current      Target       Diff.
Dihedral 7-8-10-12                43.20077    43.19928     0.00149
Hessian Eigenvalues: 1.21507e-03 3.06124e-03 1.26267e-02 ... 8.93581e-01 9.38395e-01 3.95636e+00
Step   24 : Displace = [0m1.467e-02[0m/[0m2.932e-02[0m (rms/max) Trust = 1.423e-01 (=) Grad_T = [92m9.403e-05[0m/[92m2.357e-04[0m (rms/max) E (change) = -0.1781054959 ([0m-5.565e-06[0m) Quality = [0m1.138[0m
Hessian Eigenvalues: 1.21205e-03 3.28306e-03 1.13433e-02 ... 9.21900e-01 9.69887e-01 3.94175e+00
Step   25 : Displace = [0m1.659e-03[0m/[0m2.986e-03[0m (rms/max) Trust = 2.012e-01 ([92m+[0m) Grad_T = [92m6.452e-05[0m/[92m1.637e-04[0m (rms/max) E (change) = -0.1781067062 ([0m-1.210e-06[0m) Quality = [0m1.524[0m
Hessian Eigenvalues: 1.21668e-03 3.35583e-03 8.58558e-03 ... 8.90656e-01 9.42834e-01 3.76255e+00
Step   26 : Displace = [0m1.743e-03[0m/[0m3.676e-03[0m (rms/max) Trust = 2.845e-01 ([92m+[0m) Grad_T = [92m2.217e-05[0m/[92m5.897e-05[0m (rms/max) E (change) = -0.1781074184 ([92m-7.122e-07[0m) Quality = [0m1.108[0m
Hessian Eigenvalues: 1.21644e-03 3.34982e-03 8.29378e-03 ... 8.95638e-01 9.41016e-01 3.65913e+00
Step   27 : Displace = [92m5.798e-04[0m/[92m1.147e-03[0m (rms/max) Trust = 3.000e-01 ([92m+[0m) Grad_T = [92m1.686e-05[0m/[92m4.171e-05[0m (rms/max) E (change) = -0.1781075008 ([92m-8.239e-08[0m) Quality = [0m1.583[0m
Hessian Eigenvalues: 1.21644e-03 3.34982e-03 8.29378e-03 ... 8.95638e-01 9.41016e-01 3.65913e+00
Converged! =D

    #==========================================================================#
    #| If this code has benefited your research, please support us by citing: |#
    #|                                                                        |#
    #| Wang, L.-P.; Song, C.C. (2016) "Geometry optimization made simple with |#
    #| translation and rotation coordinates", J. Chem, Phys. 144, 214108.     |#
    #| http://dx.doi.org/10.1063/1.4952956                                    |#
    #==========================================================================#
    Time elapsed since start of run_optimizer: 5.637 seconds
